#
# There is insufficient memory for the Java Runtime Environment to continue.
# Native memory allocation (malloc) failed to allocate 400064 bytes for Chunk::new
# Possible reasons:
#   The system is out of physical RAM or swap space
#   The process is running with CompressedOops enabled, and the Java Heap may be blocking the growth of the native heap
# Possible solutions:
#   Reduce memory load on the system
#   Increase physical memory or swap space
#   Check if swap backing store is full
#   Decrease Java heap size (-Xmx/-Xms)
#   Decrease number of Java threads
#   Decrease Java thread stack sizes (-Xss)
#   Set larger code cache with -XX:ReservedCodeCacheSize=
#   JVM is running with Unscaled Compressed Oops mode in which the Java heap is
#     placed in the first 4GB address space. The Java Heap base address is the
#     maximum limit for the native heap growth. Please use -XX:HeapBaseMinAddress
#     to set the Java Heap base and to place the Java Heap above 4GB virtual address.
# This output file may be truncated or incomplete.
#
#  Out of Memory Error (arena.cpp:191), pid=18820, tid=19004
#
# JRE version: OpenJDK Runtime Environment Temurin-17.0.10+7 (17.0.10+7) (build 17.0.10+7)
# Java VM: OpenJDK 64-Bit Server VM Temurin-17.0.10+7 (17.0.10+7, mixed mode, tiered, compressed oops, compressed class ptrs, parallel gc, windows-amd64)
# No core dump will be written. Minidumps are not enabled by default on client versions of Windows
#

---------------  S U M M A R Y ------------

Command Line: --add-modules=ALL-SYSTEM --add-opens=java.base/java.util=ALL-UNNAMED --add-opens=java.base/java.lang=ALL-UNNAMED --add-opens=java.base/sun.nio.fs=ALL-UNNAMED -Declipse.application=org.eclipse.jdt.ls.core.id1 -Dosgi.bundles.defaultStartLevel=4 -Declipse.product=org.eclipse.jdt.ls.core.product -Djava.import.generatesMetadataFilesAtProjectRoot=false -DDetectVMInstallationsJob.disabled=true -Dfile.encoding=utf8 -XX:+UseParallelGC -XX:GCTimeRatio=4 -XX:AdaptiveSizePolicyWeight=90 -Dsun.zip.disableMemoryMapping=true -Xmx1G -Xms100m -Xlog:disable -javaagent:c:\Users\Lenovo\.vscode\extensions\redhat.java-1.30.0-win32-x64\lombok\lombok-1.18.32.jar -XX:+HeapDumpOnOutOfMemoryError -XX:HeapDumpPath=c:\Users\Lenovo\AppData\Roaming\Code\User\workspaceStorage\40173492d26ff47a8bd3915c97caa7cb\redhat.java -Daether.dependencyCollector.impl=bf c:\Users\Lenovo\.vscode\extensions\redhat.java-1.30.0-win32-x64\server\plugins\org.eclipse.equinox.launcher_1.6.800.v20240330-1250.jar -configuration c:\Users\Lenovo\AppData\Roaming\Code\User\globalStorage\redhat.java\1.30.0\config_win -data c:\Users\Lenovo\AppData\Roaming\Code\User\workspaceStorage\40173492d26ff47a8bd3915c97caa7cb\redhat.java\jdt_ws --pipe=\\.\pipe\lsp-072e53851aaee792837b73d6ac8e9004-sock

Host: Intel(R) Core(TM) i7-7600U CPU @ 2.80GHz, 4 cores, 15G,  Windows 10 , 64 bit Build 19041 (10.0.19041.3636)
Time: Sat May 18 18:50:38 2024 Pakistan Standard Time elapsed time: 317.004620 seconds (0d 0h 5m 17s)

---------------  T H R E A D  ---------------

Current thread (0x000001e6c40647d0):  JavaThread "C2 CompilerThread0" daemon [_thread_in_native, id=19004, stack(0x0000005c6c300000,0x0000005c6c400000)]


Current CompileTask:
C2: 317004 10471   !   4       com.sun.org.apache.xerces.internal.parsers.XML11Configuration::setFeature (143 bytes)

Stack: [0x0000005c6c300000,0x0000005c6c400000]
Native frames: (J=compiled Java code, j=interpreted, Vv=VM code, C=native code)
V  [jvm.dll+0x67d2c9]
V  [jvm.dll+0x834afa]
V  [jvm.dll+0x8365be]
V  [jvm.dll+0x836c23]
V  [jvm.dll+0x2477ff]
V  [jvm.dll+0xac514]
V  [jvm.dll+0xacb5c]
V  [jvm.dll+0x3667d7]
V  [jvm.dll+0x1bcf72]
V  [jvm.dll+0x21a049]
V  [jvm.dll+0x219311]
V  [jvm.dll+0x1a502d]
V  [jvm.dll+0x2290de]
V  [jvm.dll+0x2272ac]
V  [jvm.dll+0x7e9bb7]
V  [jvm.dll+0x7e3fba]
V  [jvm.dll+0x67c1b5]
C  [ucrtbase.dll+0x21bb2]
C  [KERNEL32.DLL+0x17344]
C  [ntdll.dll+0x526b1]


---------------  P R O C E S S  ---------------

Threads class SMR info:
_java_thread_list=0x000001e6ce491bd0, length=32, elements={
0x000001e6ae2a08c0, 0x000001e6c4032750, 0x000001e6c4033f00, 0x000001e6c405e560,
0x000001e6c405f2f0, 0x000001e6c4060080, 0x000001e6c4063bd0, 0x000001e6c40647d0,
0x000001e6c9258520, 0x000001e6c925aa50, 0x000001e6c3f6c0e0, 0x000001e6c947d570,
0x000001e6c9fe6a20, 0x000001e6c998c040, 0x000001e6c998c520, 0x000001e6c9fb6470,
0x000001e6ca2f88f0, 0x000001e6ca613310, 0x000001e6ca6119c0, 0x000001e6ca610580,
0x000001e6ca6128f0, 0x000001e6ccc25080, 0x000001e6ccc264c0, 0x000001e6ccc24b70,
0x000001e6ccc28320, 0x000001e6ccc2b5c0, 0x000001e6ccc24660, 0x000001e6ccc2a690,
0x000001e6ccc25fb0, 0x000001e6ccc2bad0, 0x000001e6ccc28d40, 0x000001e6ccc273f0
}

Java Threads: ( => current thread )
  0x000001e6ae2a08c0 JavaThread "main" [_thread_blocked, id=19240, stack(0x0000005c6b900000,0x0000005c6ba00000)]
  0x000001e6c4032750 JavaThread "Reference Handler" daemon [_thread_blocked, id=13828, stack(0x0000005c6bd00000,0x0000005c6be00000)]
  0x000001e6c4033f00 JavaThread "Finalizer" daemon [_thread_blocked, id=10364, stack(0x0000005c6be00000,0x0000005c6bf00000)]
  0x000001e6c405e560 JavaThread "Signal Dispatcher" daemon [_thread_blocked, id=16392, stack(0x0000005c6bf00000,0x0000005c6c000000)]
  0x000001e6c405f2f0 JavaThread "Attach Listener" daemon [_thread_blocked, id=5700, stack(0x0000005c6c000000,0x0000005c6c100000)]
  0x000001e6c4060080 JavaThread "Service Thread" daemon [_thread_blocked, id=20424, stack(0x0000005c6c100000,0x0000005c6c200000)]
  0x000001e6c4063bd0 JavaThread "Monitor Deflation Thread" daemon [_thread_blocked, id=13812, stack(0x0000005c6c200000,0x0000005c6c300000)]
=>0x000001e6c40647d0 JavaThread "C2 CompilerThread0" daemon [_thread_in_native, id=19004, stack(0x0000005c6c300000,0x0000005c6c400000)]
  0x000001e6c9258520 JavaThread "C1 CompilerThread0" daemon [_thread_blocked, id=19964, stack(0x0000005c6c400000,0x0000005c6c500000)]
  0x000001e6c925aa50 JavaThread "Sweeper thread" daemon [_thread_blocked, id=5908, stack(0x0000005c6c500000,0x0000005c6c600000)]
  0x000001e6c3f6c0e0 JavaThread "Common-Cleaner" daemon [_thread_blocked, id=4808, stack(0x0000005c6c600000,0x0000005c6c700000)]
  0x000001e6c947d570 JavaThread "Notification Thread" daemon [_thread_blocked, id=7968, stack(0x0000005c6c700000,0x0000005c6c800000)]
  0x000001e6c9fe6a20 JavaThread "Active Thread: Equinox Container: d9299cd5-9f90-4fc6-88e0-3a0f9cc0c0fd" [_thread_blocked, id=8212, stack(0x0000005c6cd00000,0x0000005c6ce00000)]
  0x000001e6c998c040 JavaThread "Framework Event Dispatcher: Equinox Container: d9299cd5-9f90-4fc6-88e0-3a0f9cc0c0fd" daemon [_thread_blocked, id=18900, stack(0x0000005c6ce00000,0x0000005c6cf00000)]
  0x000001e6c998c520 JavaThread "Start Level: Equinox Container: d9299cd5-9f90-4fc6-88e0-3a0f9cc0c0fd" daemon [_thread_blocked, id=18136, stack(0x0000005c6cf00000,0x0000005c6d000000)]
  0x000001e6c9fb6470 JavaThread "Bundle File Closer" daemon [_thread_blocked, id=12140, stack(0x0000005c6d000000,0x0000005c6d100000)]
  0x000001e6ca2f88f0 JavaThread "SCR Component Actor" daemon [_thread_blocked, id=18496, stack(0x0000005c6cc00000,0x0000005c6cd00000)]
  0x000001e6ca613310 JavaThread "Worker-JM" [_thread_blocked, id=16888, stack(0x0000005c6d200000,0x0000005c6d300000)]
  0x000001e6ca6119c0 JavaThread "Worker-0" [_thread_blocked, id=10640, stack(0x0000005c6d300000,0x0000005c6d400000)]
  0x000001e6ca610580 JavaThread "Java indexing" daemon [_thread_blocked, id=17252, stack(0x0000005c6d600000,0x0000005c6d700000)]
  0x000001e6ca6128f0 JavaThread "JNA Cleaner" daemon [_thread_blocked, id=11804, stack(0x0000005c6d900000,0x0000005c6da00000)]
  0x000001e6ccc25080 JavaThread "Thread-2" daemon [_thread_in_native, id=8876, stack(0x0000005c6dc00000,0x0000005c6dd00000)]
  0x000001e6ccc264c0 JavaThread "Thread-3" daemon [_thread_in_native, id=17100, stack(0x0000005c6dd00000,0x0000005c6de00000)]
  0x000001e6ccc24b70 JavaThread "Thread-4" daemon [_thread_in_native, id=4296, stack(0x0000005c6de00000,0x0000005c6df00000)]
  0x000001e6ccc28320 JavaThread "Thread-5" daemon [_thread_in_native, id=11080, stack(0x0000005c6df00000,0x0000005c6e000000)]
  0x000001e6ccc2b5c0 JavaThread "Thread-6" daemon [_thread_in_native, id=17812, stack(0x0000005c6e000000,0x0000005c6e100000)]
  0x000001e6ccc24660 JavaThread "pool-2-thread-1" [_thread_blocked, id=5672, stack(0x0000005c6e100000,0x0000005c6e200000)]
  0x000001e6ccc2a690 JavaThread "WorkspaceEventsHandler" [_thread_blocked, id=13480, stack(0x0000005c6e200000,0x0000005c6e300000)]
  0x000001e6ccc25fb0 JavaThread "pool-1-thread-1" [_thread_blocked, id=7904, stack(0x0000005c6e300000,0x0000005c6e400000)]
  0x000001e6ccc2bad0 JavaThread "Timer-0" [_thread_blocked, id=17520, stack(0x0000005c6d100000,0x0000005c6d200000)]
  0x000001e6ccc28d40 JavaThread "Timer-1" [_thread_blocked, id=19024, stack(0x0000005c6e700000,0x0000005c6e800000)]
  0x000001e6ccc273f0 JavaThread "Worker-8: Periodic workspace save." [_thread_in_vm, id=14988, stack(0x0000005c6d700000,0x0000005c6d800000)]

Other Threads:
  0x000001e6ae35c4c0 VMThread "VM Thread" [stack: 0x0000005c6bc00000,0x0000005c6bd00000] [id=15376]
  0x000001e6c95c1270 WatcherThread [stack: 0x0000005c6c800000,0x0000005c6c900000] [id=3152]
  0x000001e6ae2b6970 GCTaskThread "GC Thread#0" [stack: 0x0000005c6bb00000,0x0000005c6bc00000] [id=18120]
  0x000001e6c997d840 GCTaskThread "GC Thread#1" [stack: 0x0000005c6c900000,0x0000005c6ca00000] [id=12428]
  0x000001e6c9976580 GCTaskThread "GC Thread#2" [stack: 0x0000005c6ca00000,0x0000005c6cb00000] [id=16116]
  0x000001e6c9976840 GCTaskThread "GC Thread#3" [stack: 0x0000005c6cb00000,0x0000005c6cc00000] [id=13564]

Threads with active compile tasks:
C2 CompilerThread0   317058 10471   !   4       com.sun.org.apache.xerces.internal.parsers.XML11Configuration::setFeature (143 bytes)

VM state: not at safepoint (normal execution)

VM Mutex/Monitor currently owned by a thread: None

Heap address: 0x00000000c0000000, size: 1024 MB, Compressed Oops mode: 32-bit

CDS archive(s) not mapped
Compressed class space mapped at: 0x0000000100000000-0x0000000140000000, reserved size: 1073741824
Narrow klass base: 0x0000000000000000, Narrow klass shift: 3, Narrow klass range: 0x140000000

GC Precious Log:
 CPUs: 4 total, 4 available
 Memory: 16222M
 Large Page Support: Disabled
 NUMA Support: Disabled
 Compressed Oops: Enabled (32-bit)
 Alignments: Space 512K, Generation 512K, Heap 2M
 Heap Min Capacity: 100M
 Heap Initial Capacity: 100M
 Heap Max Capacity: 1G
 Pre-touch: Disabled
 Parallel Workers: 4

Heap:
 PSYoungGen      total 7680K, used 3257K [0x00000000eab00000, 0x00000000eb480000, 0x0000000100000000)
  eden space 6144K, 35% used [0x00000000eab00000,0x00000000ead20cd0,0x00000000eb100000)
  from space 1536K, 70% used [0x00000000eb300000,0x00000000eb40d818,0x00000000eb480000)
  to   space 1536K, 0% used [0x00000000eb180000,0x00000000eb180000,0x00000000eb300000)
 ParOldGen       total 301056K, used 244948K [0x00000000c0000000, 0x00000000d2600000, 0x00000000eab00000)
  object space 301056K, 81% used [0x00000000c0000000,0x00000000cef35060,0x00000000d2600000)
 Metaspace       used 70159K, committed 71360K, reserved 1114112K
  class space    used 7995K, committed 8512K, reserved 1048576K

Card table byte_map: [0x000001e6c1920000,0x000001e6c1b30000] _byte_map_base: 0x000001e6c1320000

Marking Bits: (ParMarkBitMap*) 0x00007fff3ab4d7d0
 Begin Bits: [0x000001e6c1c90000, 0x000001e6c2c90000)
 End Bits:   [0x000001e6c2c90000, 0x000001e6c3c90000)

Polling page: 0x000001e6ae360000

Metaspace:

Usage:
  Non-class:     60.71 MB used.
      Class:      7.81 MB used.
       Both:     68.51 MB used.

Virtual space:
  Non-class space:       64.00 MB reserved,      61.38 MB ( 96%) committed,  1 nodes.
      Class space:        1.00 GB reserved,       8.31 MB ( <1%) committed,  1 nodes.
             Both:        1.06 GB reserved,      69.69 MB (  6%) committed. 

Chunk freelists:
   Non-Class:  2.45 MB
       Class:  7.52 MB
        Both:  9.97 MB

MaxMetaspaceSize: unlimited
CompressedClassSpaceSize: 1.00 GB
Initial GC threshold: 21.00 MB
Current GC threshold: 115.75 MB
CDS: off
MetaspaceReclaimPolicy: balanced
 - commit_granule_bytes: 65536.
 - commit_granule_words: 8192.
 - virtual_space_node_default_size: 8388608.
 - enlarge_chunks_in_place: 1.
 - new_chunks_are_fully_committed: 0.
 - uncommit_free_chunks: 1.
 - use_allocation_guard: 0.
 - handle_deallocations: 1.


Internal statistics:

num_allocs_failed_limit: 6.
num_arena_births: 772.
num_arena_deaths: 26.
num_vsnodes_births: 2.
num_vsnodes_deaths: 0.
num_space_committed: 1115.
num_space_uncommitted: 0.
num_chunks_returned_to_freelist: 33.
num_chunks_taken_from_freelist: 3518.
num_chunk_merges: 9.
num_chunk_splits: 2237.
num_chunks_enlarged: 1404.
num_inconsistent_stats: 0.

CodeHeap 'non-profiled nmethods': size=120000Kb used=7903Kb max_used=7903Kb free=112096Kb
 bounds [0x000001e6ba210000, 0x000001e6ba9d0000, 0x000001e6c1740000]
CodeHeap 'profiled nmethods': size=120000Kb used=16179Kb max_used=16814Kb free=103820Kb
 bounds [0x000001e6b2740000, 0x000001e6b3820000, 0x000001e6b9c70000]
CodeHeap 'non-nmethods': size=5760Kb used=1350Kb max_used=1451Kb free=4409Kb
 bounds [0x000001e6b9c70000, 0x000001e6b9ee0000, 0x000001e6ba210000]
 total_blobs=8845 nmethods=8148 adapters=611
 compilation: enabled
              stopped_count=0, restarted_count=0
 full_count=0

Compilation events (20 events):
Event: 307.630 Thread 0x000001e6c9258520 nmethod 10463 0x000001e6b3548d10 code [0x000001e6b3548ee0, 0x000001e6b35493a8]
Event: 307.630 Thread 0x000001e6c9258520 10464       3       org.eclipse.core.internal.dtree.AbstractDataTreeNode::storeStrings (42 bytes)
Event: 307.631 Thread 0x000001e6c9258520 nmethod 10464 0x000001e6b35f2190 code [0x000001e6b35f2360, 0x000001e6b35f26d8]
Event: 307.631 Thread 0x000001e6c9258520 10465       3       org.eclipse.core.internal.dtree.DataTreeNode::storeStrings (28 bytes)
Event: 307.631 Thread 0x000001e6c9258520 nmethod 10465 0x000001e6b348bd90 code [0x000001e6b348bf60, 0x000001e6b348c3b8]
Event: 307.631 Thread 0x000001e6c9258520 10466       3       org.eclipse.core.internal.resources.ResourceInfo::shareStrings (43 bytes)
Event: 307.632 Thread 0x000001e6c9258520 nmethod 10466 0x000001e6b32b4b10 code [0x000001e6b32b4ce0, 0x000001e6b32b4fa8]
Event: 307.632 Thread 0x000001e6c40647d0 10467       4       java.util.HashMap::putIfAbsent (13 bytes)
Event: 307.647 Thread 0x000001e6c40647d0 nmethod 10467 0x000001e6ba9c1f90 code [0x000001e6ba9c2180, 0x000001e6ba9c2a48]
Event: 316.755 Thread 0x000001e6c40647d0 10468   !   4       org.eclipse.osgi.storage.bundlefile.CloseableBundleFile::lockOpen (113 bytes)
Event: 316.769 Thread 0x000001e6c9258520 10470       3       java.lang.invoke.InvokerBytecodeGenerator::emitIconstInsn (75 bytes)
Event: 316.770 Thread 0x000001e6c9258520 nmethod 10470 0x000001e6b371b090 code [0x000001e6b371b2c0, 0x000001e6b371bb58]
Event: 316.770 Thread 0x000001e6c40647d0 nmethod 10468 0x000001e6ba9c3110 code [0x000001e6ba9c3340, 0x000001e6ba9c3cc0]
Event: 316.770 Thread 0x000001e6c40647d0 10469       4       jdk.internal.org.objectweb.asm.SymbolTable::addConstantMemberReference (147 bytes)
Event: 316.775 Thread 0x000001e6c9258520 10473       3       jdk.xml.internal.XMLSecurityManager$NameMap::getOldName (18 bytes)
Event: 316.775 Thread 0x000001e6c9258520 nmethod 10473 0x000001e6b3374110 code [0x000001e6b33742c0, 0x000001e6b3374488]
Event: 316.780 Thread 0x000001e6c9258520 10474       3       java.util.concurrent.ThreadLocalRandom::getProbe (13 bytes)
Event: 316.780 Thread 0x000001e6c9258520 nmethod 10474 0x000001e6b316f810 code [0x000001e6b316f9a0, 0x000001e6b316fab8]
Event: 316.868 Thread 0x000001e6c40647d0 nmethod 10469 0x000001e6ba9c4590 code [0x000001e6ba9c4800, 0x000001e6ba9c6e10]
Event: 316.868 Thread 0x000001e6c40647d0 10471   !   4       com.sun.org.apache.xerces.internal.parsers.XML11Configuration::setFeature (143 bytes)

GC Heap History (20 events):
Event: 172.628 GC heap before
{Heap before GC invocations=1344 (full 36):
 PSYoungGen      total 5120K, used 4323K [0x00000000eab00000, 0x00000000eb500000, 0x0000000100000000)
  eden space 2560K, 87% used [0x00000000eab00000,0x00000000ead30c70,0x00000000ead80000)
  from space 2560K, 81% used [0x00000000eb280000,0x00000000eb488000,0x00000000eb500000)
  to   space 2560K, 0% used [0x00000000eb000000,0x00000000eb000000,0x00000000eb280000)
 ParOldGen       total 301056K, used 225771K [0x00000000c0000000, 0x00000000d2600000, 0x00000000eab00000)
  object space 301056K, 74% used [0x00000000c0000000,0x00000000cdc7ade8,0x00000000d2600000)
 Metaspace       used 69912K, committed 71168K, reserved 1114112K
  class space    used 7965K, committed 8512K, reserved 1048576K
}
Event: 172.632 GC heap after
{Heap after GC invocations=1344 (full 36):
 PSYoungGen      total 5632K, used 2313K [0x00000000eab00000, 0x00000000eb300000, 0x0000000100000000)
  eden space 3072K, 0% used [0x00000000eab00000,0x00000000eab00000,0x00000000eae00000)
  from space 2560K, 90% used [0x00000000eb000000,0x00000000eb2427b8,0x00000000eb280000)
  to   space 512K, 0% used [0x00000000eb280000,0x00000000eb280000,0x00000000eb300000)
 ParOldGen       total 301056K, used 227827K [0x00000000c0000000, 0x00000000d2600000, 0x00000000eab00000)
  object space 301056K, 75% used [0x00000000c0000000,0x00000000cde7cde8,0x00000000d2600000)
 Metaspace       used 69912K, committed 71168K, reserved 1114112K
  class space    used 7965K, committed 8512K, reserved 1048576K
}
Event: 172.639 GC heap before
{Heap before GC invocations=1345 (full 36):
 PSYoungGen      total 5632K, used 5324K [0x00000000eab00000, 0x00000000eb300000, 0x0000000100000000)
  eden space 3072K, 97% used [0x00000000eab00000,0x00000000eadf0960,0x00000000eae00000)
  from space 2560K, 90% used [0x00000000eb000000,0x00000000eb2427b8,0x00000000eb280000)
  to   space 512K, 0% used [0x00000000eb280000,0x00000000eb280000,0x00000000eb300000)
 ParOldGen       total 301056K, used 227827K [0x00000000c0000000, 0x00000000d2600000, 0x00000000eab00000)
  object space 301056K, 75% used [0x00000000c0000000,0x00000000cde7cde8,0x00000000d2600000)
 Metaspace       used 69912K, committed 71168K, reserved 1114112K
  class space    used 7965K, committed 8512K, reserved 1048576K
}
Event: 172.643 GC heap after
{Heap after GC invocations=1345 (full 36):
 PSYoungGen      total 2048K, used 491K [0x00000000eab00000, 0x00000000ebb00000, 0x0000000100000000)
  eden space 1536K, 0% used [0x00000000eab00000,0x00000000eab00000,0x00000000eac80000)
  from space 512K, 95% used [0x00000000eb280000,0x00000000eb2fac48,0x00000000eb300000)
  to   space 6144K, 0% used [0x00000000eac80000,0x00000000eac80000,0x00000000eb280000)
 ParOldGen       total 301056K, used 232551K [0x00000000c0000000, 0x00000000d2600000, 0x00000000eab00000)
  object space 301056K, 77% used [0x00000000c0000000,0x00000000ce319cd0,0x00000000d2600000)
 Metaspace       used 69912K, committed 71168K, reserved 1114112K
  class space    used 7965K, committed 8512K, reserved 1048576K
}
Event: 172.644 GC heap before
{Heap before GC invocations=1346 (full 36):
 PSYoungGen      total 2048K, used 2027K [0x00000000eab00000, 0x00000000ebb00000, 0x0000000100000000)
  eden space 1536K, 100% used [0x00000000eab00000,0x00000000eac80000,0x00000000eac80000)
  from space 512K, 95% used [0x00000000eb280000,0x00000000eb2fac48,0x00000000eb300000)
  to   space 6144K, 0% used [0x00000000eac80000,0x00000000eac80000,0x00000000eb280000)
 ParOldGen       total 301056K, used 232551K [0x00000000c0000000, 0x00000000d2600000, 0x00000000eab00000)
  object space 301056K, 77% used [0x00000000c0000000,0x00000000ce319cd0,0x00000000d2600000)
 Metaspace       used 69912K, committed 71168K, reserved 1114112K
  class space    used 7965K, committed 8512K, reserved 1048576K
}
Event: 172.646 GC heap after
{Heap after GC invocations=1346 (full 36):
 PSYoungGen      total 3584K, used 1626K [0x00000000eab00000, 0x00000000eb300000, 0x0000000100000000)
  eden space 1536K, 0% used [0x00000000eab00000,0x00000000eab00000,0x00000000eac80000)
  from space 2048K, 79% used [0x00000000eac80000,0x00000000eae16990,0x00000000eae80000)
  to   space 3072K, 0% used [0x00000000eb000000,0x00000000eb000000,0x00000000eb300000)
 ParOldGen       total 301056K, used 233058K [0x00000000c0000000, 0x00000000d2600000, 0x00000000eab00000)
  object space 301056K, 77% used [0x00000000c0000000,0x00000000ce398918,0x00000000d2600000)
 Metaspace       used 69912K, committed 71168K, reserved 1114112K
  class space    used 7965K, committed 8512K, reserved 1048576K
}
Event: 172.649 GC heap before
{Heap before GC invocations=1347 (full 36):
 PSYoungGen      total 3584K, used 3162K [0x00000000eab00000, 0x00000000eb300000, 0x0000000100000000)
  eden space 1536K, 100% used [0x00000000eab00000,0x00000000eac80000,0x00000000eac80000)
  from space 2048K, 79% used [0x00000000eac80000,0x00000000eae16990,0x00000000eae80000)
  to   space 3072K, 0% used [0x00000000eb000000,0x00000000eb000000,0x00000000eb300000)
 ParOldGen       total 301056K, used 233058K [0x00000000c0000000, 0x00000000d2600000, 0x00000000eab00000)
  object space 301056K, 77% used [0x00000000c0000000,0x00000000ce398918,0x00000000d2600000)
 Metaspace       used 69912K, committed 71168K, reserved 1114112K
  class space    used 7965K, committed 8512K, reserved 1048576K
}
Event: 172.651 GC heap after
{Heap after GC invocations=1347 (full 36):
 PSYoungGen      total 4096K, used 1588K [0x00000000eab00000, 0x00000000eb200000, 0x0000000100000000)
  eden space 2048K, 0% used [0x00000000eab00000,0x00000000eab00000,0x00000000ead00000)
  from space 2048K, 77% used [0x00000000eb000000,0x00000000eb18d330,0x00000000eb200000)
  to   space 2048K, 0% used [0x00000000eae00000,0x00000000eae00000,0x00000000eb000000)
 ParOldGen       total 301056K, used 234210K [0x00000000c0000000, 0x00000000d2600000, 0x00000000eab00000)
  object space 301056K, 77% used [0x00000000c0000000,0x00000000ce4b8918,0x00000000d2600000)
 Metaspace       used 69912K, committed 71168K, reserved 1114112K
  class space    used 7965K, committed 8512K, reserved 1048576K
}
Event: 172.656 GC heap before
{Heap before GC invocations=1348 (full 36):
 PSYoungGen      total 4096K, used 3636K [0x00000000eab00000, 0x00000000eb200000, 0x0000000100000000)
  eden space 2048K, 100% used [0x00000000eab00000,0x00000000ead00000,0x00000000ead00000)
  from space 2048K, 77% used [0x00000000eb000000,0x00000000eb18d330,0x00000000eb200000)
  to   space 2048K, 0% used [0x00000000eae00000,0x00000000eae00000,0x00000000eb000000)
 ParOldGen       total 301056K, used 234210K [0x00000000c0000000, 0x00000000d2600000, 0x00000000eab00000)
  object space 301056K, 77% used [0x00000000c0000000,0x00000000ce4b8918,0x00000000d2600000)
 Metaspace       used 69912K, committed 71168K, reserved 1114112K
  class space    used 7965K, committed 8512K, reserved 1048576K
}
Event: 172.659 GC heap after
{Heap after GC invocations=1348 (full 36):
 PSYoungGen      total 4608K, used 2048K [0x00000000eab00000, 0x00000000eb580000, 0x0000000100000000)
  eden space 2560K, 0% used [0x00000000eab00000,0x00000000eab00000,0x00000000ead80000)
  from space 2048K, 100% used [0x00000000eae00000,0x00000000eb000000,0x00000000eb000000)
  to   space 4096K, 0% used [0x00000000eb180000,0x00000000eb180000,0x00000000eb580000)
 ParOldGen       total 301056K, used 235767K [0x00000000c0000000, 0x00000000d2600000, 0x00000000eab00000)
  object space 301056K, 78% used [0x00000000c0000000,0x00000000ce63dc48,0x00000000d2600000)
 Metaspace       used 69912K, committed 71168K, reserved 1114112K
  class space    used 7965K, committed 8512K, reserved 1048576K
}
Event: 172.665 GC heap before
{Heap before GC invocations=1349 (full 36):
 PSYoungGen      total 4608K, used 4608K [0x00000000eab00000, 0x00000000eb580000, 0x0000000100000000)
  eden space 2560K, 100% used [0x00000000eab00000,0x00000000ead80000,0x00000000ead80000)
  from space 2048K, 100% used [0x00000000eae00000,0x00000000eb000000,0x00000000eb000000)
  to   space 4096K, 0% used [0x00000000eb180000,0x00000000eb180000,0x00000000eb580000)
 ParOldGen       total 301056K, used 235767K [0x00000000c0000000, 0x00000000d2600000, 0x00000000eab00000)
  object space 301056K, 78% used [0x00000000c0000000,0x00000000ce63dc48,0x00000000d2600000)
 Metaspace       used 69912K, committed 71168K, reserved 1114112K
  class space    used 7965K, committed 8512K, reserved 1048576K
}
Event: 172.669 GC heap after
{Heap after GC invocations=1349 (full 36):
 PSYoungGen      total 6144K, used 2624K [0x00000000eab00000, 0x00000000eb480000, 0x0000000100000000)
  eden space 3072K, 0% used [0x00000000eab00000,0x00000000eab00000,0x00000000eae00000)
  from space 3072K, 85% used [0x00000000eb180000,0x00000000eb410000,0x00000000eb480000)
  to   space 3072K, 0% used [0x00000000eae80000,0x00000000eae80000,0x00000000eb180000)
 ParOldGen       total 301056K, used 237823K [0x00000000c0000000, 0x00000000d2600000, 0x00000000eab00000)
  object space 301056K, 78% used [0x00000000c0000000,0x00000000ce83fc48,0x00000000d2600000)
 Metaspace       used 69912K, committed 71168K, reserved 1114112K
  class space    used 7965K, committed 8512K, reserved 1048576K
}
Event: 172.677 GC heap before
{Heap before GC invocations=1350 (full 36):
 PSYoungGen      total 6144K, used 5627K [0x00000000eab00000, 0x00000000eb480000, 0x0000000100000000)
  eden space 3072K, 97% used [0x00000000eab00000,0x00000000eadeeec8,0x00000000eae00000)
  from space 3072K, 85% used [0x00000000eb180000,0x00000000eb410000,0x00000000eb480000)
  to   space 3072K, 0% used [0x00000000eae80000,0x00000000eae80000,0x00000000eb180000)
 ParOldGen       total 301056K, used 237823K [0x00000000c0000000, 0x00000000d2600000, 0x00000000eab00000)
  object space 301056K, 78% used [0x00000000c0000000,0x00000000ce83fc48,0x00000000d2600000)
 Metaspace       used 69912K, committed 71168K, reserved 1114112K
  class space    used 7965K, committed 8512K, reserved 1048576K
}
Event: 172.682 GC heap after
{Heap after GC invocations=1350 (full 36):
 PSYoungGen      total 6656K, used 3003K [0x00000000eab00000, 0x00000000eb600000, 0x0000000100000000)
  eden space 3584K, 0% used [0x00000000eab00000,0x00000000eab00000,0x00000000eae80000)
  from space 3072K, 97% used [0x00000000eae80000,0x00000000eb16ec70,0x00000000eb180000)
  to   space 3584K, 0% used [0x00000000eb280000,0x00000000eb280000,0x00000000eb600000)
 ParOldGen       total 301056K, used 240391K [0x00000000c0000000, 0x00000000d2600000, 0x00000000eab00000)
  object space 301056K, 79% used [0x00000000c0000000,0x00000000ceac1c48,0x00000000d2600000)
 Metaspace       used 69912K, committed 71168K, reserved 1114112K
  class space    used 7965K, committed 8512K, reserved 1048576K
}
Event: 172.775 GC heap before
{Heap before GC invocations=1351 (full 36):
 PSYoungGen      total 6656K, used 6587K [0x00000000eab00000, 0x00000000eb600000, 0x0000000100000000)
  eden space 3584K, 100% used [0x00000000eab00000,0x00000000eae80000,0x00000000eae80000)
  from space 3072K, 97% used [0x00000000eae80000,0x00000000eb16ec70,0x00000000eb180000)
  to   space 3584K, 0% used [0x00000000eb280000,0x00000000eb280000,0x00000000eb600000)
 ParOldGen       total 301056K, used 240391K [0x00000000c0000000, 0x00000000d2600000, 0x00000000eab00000)
  object space 301056K, 79% used [0x00000000c0000000,0x00000000ceac1c48,0x00000000d2600000)
 Metaspace       used 69912K, committed 71168K, reserved 1114112K
  class space    used 7965K, committed 8512K, reserved 1048576K
}
Event: 172.778 GC heap after
{Heap after GC invocations=1351 (full 36):
 PSYoungGen      total 7168K, used 2185K [0x00000000eab00000, 0x00000000eb500000, 0x0000000100000000)
  eden space 4608K, 0% used [0x00000000eab00000,0x00000000eab00000,0x00000000eaf80000)
  from space 2560K, 85% used [0x00000000eb280000,0x00000000eb4a26b0,0x00000000eb500000)
  to   space 2560K, 0% used [0x00000000eb000000,0x00000000eb000000,0x00000000eb280000)
 ParOldGen       total 301056K, used 241413K [0x00000000c0000000, 0x00000000d2600000, 0x00000000eab00000)
  object space 301056K, 80% used [0x00000000c0000000,0x00000000cebc14e8,0x00000000d2600000)
 Metaspace       used 69912K, committed 71168K, reserved 1114112K
  class space    used 7965K, committed 8512K, reserved 1048576K
}
Event: 172.800 GC heap before
{Heap before GC invocations=1352 (full 36):
 PSYoungGen      total 7168K, used 6793K [0x00000000eab00000, 0x00000000eb500000, 0x0000000100000000)
  eden space 4608K, 100% used [0x00000000eab00000,0x00000000eaf80000,0x00000000eaf80000)
  from space 2560K, 85% used [0x00000000eb280000,0x00000000eb4a26b0,0x00000000eb500000)
  to   space 2560K, 0% used [0x00000000eb000000,0x00000000eb000000,0x00000000eb280000)
 ParOldGen       total 301056K, used 241413K [0x00000000c0000000, 0x00000000d2600000, 0x00000000eab00000)
  object space 301056K, 80% used [0x00000000c0000000,0x00000000cebc14e8,0x00000000d2600000)
 Metaspace       used 69912K, committed 71168K, reserved 1114112K
  class space    used 7965K, committed 8512K, reserved 1048576K
}
Event: 172.804 GC heap after
{Heap after GC invocations=1352 (full 36):
 PSYoungGen      total 7680K, used 2081K [0x00000000eab00000, 0x00000000eb580000, 0x0000000100000000)
  eden space 5120K, 0% used [0x00000000eab00000,0x00000000eab00000,0x00000000eb000000)
  from space 2560K, 81% used [0x00000000eb000000,0x00000000eb208418,0x00000000eb280000)
  to   space 2560K, 0% used [0x00000000eb300000,0x00000000eb300000,0x00000000eb580000)
 ParOldGen       total 301056K, used 243190K [0x00000000c0000000, 0x00000000d2600000, 0x00000000eab00000)
  object space 301056K, 80% used [0x00000000c0000000,0x00000000ced7db98,0x00000000d2600000)
 Metaspace       used 69912K, committed 71168K, reserved 1114112K
  class space    used 7965K, committed 8512K, reserved 1048576K
}
Event: 300.476 GC heap before
{Heap before GC invocations=1353 (full 36):
 PSYoungGen      total 7680K, used 7200K [0x00000000eab00000, 0x00000000eb580000, 0x0000000100000000)
  eden space 5120K, 99% used [0x00000000eab00000,0x00000000eaffffb8,0x00000000eb000000)
  from space 2560K, 81% used [0x00000000eb000000,0x00000000eb208418,0x00000000eb280000)
  to   space 2560K, 0% used [0x00000000eb300000,0x00000000eb300000,0x00000000eb580000)
 ParOldGen       total 301056K, used 243190K [0x00000000c0000000, 0x00000000d2600000, 0x00000000eab00000)
  object space 301056K, 80% used [0x00000000c0000000,0x00000000ced7db98,0x00000000d2600000)
 Metaspace       used 69926K, committed 71232K, reserved 1114112K
  class space    used 7968K, committed 8512K, reserved 1048576K
}
Event: 300.481 GC heap after
{Heap after GC invocations=1353 (full 36):
 PSYoungGen      total 7680K, used 1078K [0x00000000eab00000, 0x00000000eb480000, 0x0000000100000000)
  eden space 6144K, 0% used [0x00000000eab00000,0x00000000eab00000,0x00000000eb100000)
  from space 1536K, 70% used [0x00000000eb300000,0x00000000eb40d818,0x00000000eb480000)
  to   space 1536K, 0% used [0x00000000eb180000,0x00000000eb180000,0x00000000eb300000)
 ParOldGen       total 301056K, used 244948K [0x00000000c0000000, 0x00000000d2600000, 0x00000000eab00000)
  object space 301056K, 81% used [0x00000000c0000000,0x00000000cef35060,0x00000000d2600000)
 Metaspace       used 69926K, committed 71232K, reserved 1114112K
  class space    used 7968K, committed 8512K, reserved 1048576K
}

Dll operation events (15 events):
Event: 0.013 Loaded shared library c:\Users\Lenovo\.vscode\extensions\redhat.java-1.30.0-win32-x64\jre\17.0.10-win32-x86_64\bin\java.dll
Event: 1.027 Loaded shared library c:\Users\Lenovo\.vscode\extensions\redhat.java-1.30.0-win32-x64\jre\17.0.10-win32-x86_64\bin\zip.dll
Event: 1.049 Loaded shared library C:\Users\Lenovo\.vscode\extensions\redhat.java-1.30.0-win32-x64\jre\17.0.10-win32-x86_64\bin\instrument.dll
Event: 1.104 Loaded shared library C:\Users\Lenovo\.vscode\extensions\redhat.java-1.30.0-win32-x64\jre\17.0.10-win32-x86_64\bin\net.dll
Event: 1.107 Loaded shared library C:\Users\Lenovo\.vscode\extensions\redhat.java-1.30.0-win32-x64\jre\17.0.10-win32-x86_64\bin\nio.dll
Event: 1.136 Loaded shared library C:\Users\Lenovo\.vscode\extensions\redhat.java-1.30.0-win32-x64\jre\17.0.10-win32-x86_64\bin\zip.dll
Event: 1.210 Loaded shared library C:\Users\Lenovo\.vscode\extensions\redhat.java-1.30.0-win32-x64\jre\17.0.10-win32-x86_64\bin\jimage.dll
Event: 1.431 Loaded shared library c:\Users\Lenovo\.vscode\extensions\redhat.java-1.30.0-win32-x64\jre\17.0.10-win32-x86_64\bin\verify.dll
Event: 4.088 Loaded shared library C:\Users\Lenovo\AppData\Roaming\Code\User\globalStorage\redhat.java\1.30.0\config_win\org.eclipse.equinox.launcher\org.eclipse.equinox.launcher.win32.win32.x86_64_1.2.900.v20240213-1244\eclipse_11900.dll
Event: 10.087 Loaded shared library C:\Users\Lenovo\AppData\Local\Temp\jna--2022488749\jna14054308964074418986.dll
Event: 17.723 Loaded shared library C:\Users\Lenovo\.gradle\native\c067742578af261105cb4f569cf0c3c89f3d7b1fecec35dd04571415982c5e48\windows-amd64\native-platform.dll
Event: 20.140 Loaded shared library C:\Users\Lenovo\.vscode\extensions\redhat.java-1.30.0-win32-x64\jre\17.0.10-win32-x86_64\bin\management.dll
Event: 20.147 Loaded shared library C:\Users\Lenovo\.vscode\extensions\redhat.java-1.30.0-win32-x64\jre\17.0.10-win32-x86_64\bin\management_ext.dll
Event: 22.051 Loaded shared library C:\Users\Lenovo\.vscode\extensions\redhat.java-1.30.0-win32-x64\jre\17.0.10-win32-x86_64\bin\extnet.dll
Event: 26.924 Loaded shared library C:\Users\Lenovo\.vscode\extensions\redhat.java-1.30.0-win32-x64\jre\17.0.10-win32-x86_64\bin\sunmscapi.dll

Deoptimization events (20 events):
Event: 172.840 Thread 0x000001e6ccc273f0 Uncommon trap: trap_request=0xffffff45 fr.pc=0x000001e6ba4d33a8 relative=0x0000000000000088
Event: 172.840 Thread 0x000001e6ccc273f0 Uncommon trap: reason=unstable_if action=reinterpret pc=0x000001e6ba4d33a8 method=org.eclipse.jdt.ls.core.internal.CancellableProgressMonitor.isCanceled()Z @ 4 c2
Event: 172.840 Thread 0x000001e6ccc273f0 DEOPT PACKING pc=0x000001e6ba4d33a8 sp=0x0000005c6d7ff030
Event: 172.840 Thread 0x000001e6ccc273f0 DEOPT UNPACKING pc=0x000001e6b9cc66a3 sp=0x0000005c6d7fefc8 mode 2
Event: 300.510 Thread 0x000001e6ccc2a690 Uncommon trap: trap_request=0xffffffc6 fr.pc=0x000001e6ba348a0c relative=0x00000000000001ec
Event: 300.510 Thread 0x000001e6ccc2a690 Uncommon trap: reason=bimorphic_or_optimized_type_check action=maybe_recompile pc=0x000001e6ba348a0c method=java.util.Collections.eq(Ljava/lang/Object;Ljava/lang/Object;)Z @ 18 c2
Event: 300.510 Thread 0x000001e6ccc2a690 DEOPT PACKING pc=0x000001e6ba348a0c sp=0x0000005c6e2fe4f0
Event: 300.510 Thread 0x000001e6ccc2a690 DEOPT UNPACKING pc=0x000001e6b9cc66a3 sp=0x0000005c6e2fe430 mode 2
Event: 300.511 Thread 0x000001e6ccc2a690 Uncommon trap: trap_request=0xffffffc6 fr.pc=0x000001e6ba348a0c relative=0x00000000000001ec
Event: 300.511 Thread 0x000001e6ccc2a690 Uncommon trap: reason=bimorphic_or_optimized_type_check action=maybe_recompile pc=0x000001e6ba348a0c method=java.util.Collections.eq(Ljava/lang/Object;Ljava/lang/Object;)Z @ 18 c2
Event: 300.511 Thread 0x000001e6ccc2a690 DEOPT PACKING pc=0x000001e6ba348a0c sp=0x0000005c6e2fe650
Event: 300.511 Thread 0x000001e6ccc2a690 DEOPT UNPACKING pc=0x000001e6b9cc66a3 sp=0x0000005c6e2fe590 mode 2
Event: 316.776 Thread 0x000001e6ccc273f0 Uncommon trap: trap_request=0xffffff76 fr.pc=0x000001e6ba812378 relative=0x0000000000000c18
Event: 316.776 Thread 0x000001e6ccc273f0 Uncommon trap: reason=predicate action=maybe_recompile pc=0x000001e6ba812378 method=com.sun.org.apache.xml.internal.serializer.ToStream.writeAttrString(Ljava/io/Writer;Ljava/lang/String;Ljava/lang/String;)V @ 53 c2
Event: 316.776 Thread 0x000001e6ccc273f0 DEOPT PACKING pc=0x000001e6ba812378 sp=0x0000005c6d7fe190
Event: 316.776 Thread 0x000001e6ccc273f0 DEOPT UNPACKING pc=0x000001e6b9cc66a3 sp=0x0000005c6d7fe168 mode 2
Event: 316.901 Thread 0x000001e6ccc26ee0 Uncommon trap: trap_request=0xffffff45 fr.pc=0x000001e6ba6f9ebc relative=0x00000000000000bc
Event: 316.901 Thread 0x000001e6ccc26ee0 Uncommon trap: reason=unstable_if action=reinterpret pc=0x000001e6ba6f9ebc method=java.util.stream.AbstractPipeline.sourceSpliterator(I)Ljava/util/Spliterator; @ 82 c2
Event: 316.901 Thread 0x000001e6ccc26ee0 DEOPT PACKING pc=0x000001e6ba6f9ebc sp=0x0000005c6bafef90
Event: 316.901 Thread 0x000001e6ccc26ee0 DEOPT UNPACKING pc=0x000001e6b9cc66a3 sp=0x0000005c6bafeef0 mode 2

Classes unloaded (13 events):
Event: 7.058 Thread 0x000001e6ae35c4c0 Unloading class 0x0000000100248400 'java/lang/invoke/LambdaForm$MH+0x0000000100248400'
Event: 7.058 Thread 0x000001e6ae35c4c0 Unloading class 0x0000000100248000 'java/lang/invoke/LambdaForm$MH+0x0000000100248000'
Event: 7.058 Thread 0x000001e6ae35c4c0 Unloading class 0x0000000100247c00 'java/lang/invoke/LambdaForm$MH+0x0000000100247c00'
Event: 7.058 Thread 0x000001e6ae35c4c0 Unloading class 0x0000000100247800 'java/lang/invoke/LambdaForm$MH+0x0000000100247800'
Event: 7.058 Thread 0x000001e6ae35c4c0 Unloading class 0x0000000100247400 'java/lang/invoke/LambdaForm$BMH+0x0000000100247400'
Event: 7.058 Thread 0x000001e6ae35c4c0 Unloading class 0x0000000100247000 'java/lang/invoke/LambdaForm$DMH+0x0000000100247000'
Event: 7.058 Thread 0x000001e6ae35c4c0 Unloading class 0x0000000100244400 'java/lang/invoke/LambdaForm$DMH+0x0000000100244400'
Event: 9.771 Thread 0x000001e6ae35c4c0 Unloading class 0x0000000100399400 'java/lang/invoke/LambdaForm$MH+0x0000000100399400'
Event: 9.771 Thread 0x000001e6ae35c4c0 Unloading class 0x0000000100398800 'java/lang/invoke/LambdaForm$MH+0x0000000100398800'
Event: 9.771 Thread 0x000001e6ae35c4c0 Unloading class 0x0000000100398000 'java/lang/invoke/LambdaForm$MH+0x0000000100398000'
Event: 9.771 Thread 0x000001e6ae35c4c0 Unloading class 0x0000000100393800 'java/lang/invoke/LambdaForm$MH+0x0000000100393800'
Event: 9.771 Thread 0x000001e6ae35c4c0 Unloading class 0x0000000100392c00 'java/lang/invoke/LambdaForm$MH+0x0000000100392c00'
Event: 9.771 Thread 0x000001e6ae35c4c0 Unloading class 0x0000000100392800 'java/lang/invoke/LambdaForm$MH+0x0000000100392800'

Classes redefined (0 events):
No events

Internal exceptions (20 events):
Event: 168.187 Thread 0x000001e6ca610580 Exception <a 'sun/nio/fs/WindowsException'{0x00000000eae49930}> (0x00000000eae49930) 
thrown [s\src\hotspot\share\prims\jni.cpp, line 516]
Event: 169.467 Thread 0x000001e6ca610580 Exception <a 'sun/nio/fs/WindowsException'{0x00000000eae1add0}> (0x00000000eae1add0) 
thrown [s\src\hotspot\share\prims\jni.cpp, line 516]
Event: 169.491 Thread 0x000001e6ca610580 Exception <a 'sun/nio/fs/WindowsException'{0x00000000eb0262f8}> (0x00000000eb0262f8) 
thrown [s\src\hotspot\share\prims\jni.cpp, line 516]
Event: 169.513 Thread 0x000001e6ca610580 Exception <a 'sun/nio/fs/WindowsException'{0x00000000eb04d9c8}> (0x00000000eb04d9c8) 
thrown [s\src\hotspot\share\prims\jni.cpp, line 516]
Event: 169.691 Thread 0x000001e6ca610580 Exception <a 'sun/nio/fs/WindowsException'{0x00000000eb5b63d0}> (0x00000000eb5b63d0) 
thrown [s\src\hotspot\share\prims\jni.cpp, line 516]
Event: 169.710 Thread 0x000001e6ca610580 Exception <a 'sun/nio/fs/WindowsException'{0x00000000eb65f8d8}> (0x00000000eb65f8d8) 
thrown [s\src\hotspot\share\prims\jni.cpp, line 516]
Event: 169.728 Thread 0x000001e6ca610580 Exception <a 'sun/nio/fs/WindowsException'{0x00000000eb697e80}> (0x00000000eb697e80) 
thrown [s\src\hotspot\share\prims\jni.cpp, line 516]
Event: 169.765 Thread 0x000001e6ca610580 Exception <a 'sun/nio/fs/WindowsException'{0x00000000eba32e00}> (0x00000000eba32e00) 
thrown [s\src\hotspot\share\prims\jni.cpp, line 516]
Event: 169.804 Thread 0x000001e6ca610580 Exception <a 'sun/nio/fs/WindowsException'{0x00000000eab86f48}> (0x00000000eab86f48) 
thrown [s\src\hotspot\share\prims\jni.cpp, line 516]
Event: 169.826 Thread 0x000001e6ca610580 Exception <a 'sun/nio/fs/WindowsException'{0x00000000eacae278}> (0x00000000eacae278) 
thrown [s\src\hotspot\share\prims\jni.cpp, line 516]
Event: 169.852 Thread 0x000001e6ca610580 Exception <a 'sun/nio/fs/WindowsException'{0x00000000eaf3d960}> (0x00000000eaf3d960) 
thrown [s\src\hotspot\share\prims\jni.cpp, line 516]
Event: 169.879 Thread 0x000001e6ca610580 Exception <a 'sun/nio/fs/WindowsException'{0x00000000eb1eab30}> (0x00000000eb1eab30) 
thrown [s\src\hotspot\share\prims\jni.cpp, line 516]
Event: 169.908 Thread 0x000001e6ca610580 Exception <a 'sun/nio/fs/WindowsException'{0x00000000eb509340}> (0x00000000eb509340) 
thrown [s\src\hotspot\share\prims\jni.cpp, line 516]
Event: 169.957 Thread 0x000001e6ca610580 Exception <a 'sun/nio/fs/WindowsException'{0x00000000eab3e9c8}> (0x00000000eab3e9c8) 
thrown [s\src\hotspot\share\prims\jni.cpp, line 516]
Event: 170.123 Thread 0x000001e6ca610580 Exception <a 'sun/nio/fs/WindowsException'{0x00000000eb1bcf98}> (0x00000000eb1bcf98) 
thrown [s\src\hotspot\share\prims\jni.cpp, line 516]
Event: 170.347 Thread 0x000001e6ca610580 Exception <a 'sun/nio/fs/WindowsException'{0x00000000ead9eb58}> (0x00000000ead9eb58) 
thrown [s\src\hotspot\share\prims\jni.cpp, line 516]
Event: 170.722 Thread 0x000001e6ca610580 Exception <a 'sun/nio/fs/WindowsException'{0x00000000eb1da878}> (0x00000000eb1da878) 
thrown [s\src\hotspot\share\prims\jni.cpp, line 516]
Event: 170.733 Thread 0x000001e6ca610580 Exception <a 'sun/nio/fs/WindowsException'{0x00000000eb1ed558}> (0x00000000eb1ed558) 
thrown [s\src\hotspot\share\prims\jni.cpp, line 516]
Event: 170.755 Thread 0x000001e6ca610580 Exception <a 'sun/nio/fs/WindowsException'{0x00000000eb363dc8}> (0x00000000eb363dc8) 
thrown [s\src\hotspot\share\prims\jni.cpp, line 516]
Event: 170.836 Thread 0x000001e6ca610580 Exception <a 'sun/nio/fs/WindowsException'{0x00000000eb6d28a0}> (0x00000000eb6d28a0) 
thrown [s\src\hotspot\share\prims\jni.cpp, line 516]

VM Operations (20 events):
Event: 172.656 Executing VM operation: ParallelGCFailedAllocation
Event: 172.659 Executing VM operation: ParallelGCFailedAllocation done
Event: 172.665 Executing VM operation: ParallelGCFailedAllocation
Event: 172.669 Executing VM operation: ParallelGCFailedAllocation done
Event: 172.677 Executing VM operation: ParallelGCFailedAllocation
Event: 172.682 Executing VM operation: ParallelGCFailedAllocation done
Event: 172.775 Executing VM operation: ParallelGCFailedAllocation
Event: 172.778 Executing VM operation: ParallelGCFailedAllocation done
Event: 172.800 Executing VM operation: ParallelGCFailedAllocation
Event: 172.804 Executing VM operation: ParallelGCFailedAllocation done
Event: 173.804 Executing VM operation: Cleanup
Event: 173.804 Executing VM operation: Cleanup done
Event: 180.358 Executing VM operation: HandshakeAllThreads
Event: 180.358 Executing VM operation: HandshakeAllThreads done
Event: 300.476 Executing VM operation: ParallelGCFailedAllocation
Event: 300.481 Executing VM operation: ParallelGCFailedAllocation done
Event: 302.481 Executing VM operation: Cleanup
Event: 302.481 Executing VM operation: Cleanup done
Event: 308.497 Executing VM operation: Cleanup
Event: 308.497 Executing VM operation: Cleanup done

Events (20 events):
Event: 239.385 Thread 0x000001e6ccc28830 Thread exited: 0x000001e6ccc28830
Event: 299.423 Thread 0x000001e6ccc2bfe0 Thread exited: 0x000001e6ccc2bfe0
Event: 316.780 loading class java/util/concurrent/ForkJoinTask$AdaptedCallable
Event: 316.780 loading class java/util/concurrent/ForkJoinTask$AdaptedCallable done
Event: 316.781 Thread 0x000001e6ccc26ee0 Thread added: 0x000001e6ccc26ee0
Event: 316.781 loading class java/util/concurrent/CountedCompleter
Event: 316.781 loading class java/util/concurrent/CountedCompleter done
Event: 316.901 loading class java/util/stream/Nodes$CollectorTask$OfRef
Event: 316.902 loading class java/util/stream/Nodes$CollectorTask
Event: 316.902 loading class java/util/stream/AbstractTask
Event: 316.902 loading class java/util/stream/AbstractTask done
Event: 316.903 loading class java/util/stream/Nodes$CollectorTask done
Event: 316.903 loading class java/util/stream/Nodes$CollectorTask$OfRef done
Event: 316.903 loading class java/util/function/LongFunction
Event: 316.903 loading class java/util/function/LongFunction done
Event: 316.903 loading class java/util/stream/Nodes$ConcNode
Event: 316.904 loading class java/util/stream/Nodes$AbstractConcNode
Event: 316.904 loading class java/util/stream/Nodes$AbstractConcNode done
Event: 316.904 loading class java/util/stream/Nodes$ConcNode done
Event: 316.905 Thread 0x000001e6ccc26ee0 Thread exited: 0x000001e6ccc26ee0


Dynamic libraries:
0x00007ff73dae0000 - 0x00007ff73daee000 	c:\Users\Lenovo\.vscode\extensions\redhat.java-1.30.0-win32-x64\jre\17.0.10-win32-x86_64\bin\java.exe
0x00007fff8b630000 - 0x00007fff8b828000 	C:\Windows\SYSTEM32\ntdll.dll
0x00007fff8ade0000 - 0x00007fff8ae9d000 	C:\Windows\System32\KERNEL32.DLL
0x00007fff88d30000 - 0x00007fff89026000 	C:\Windows\System32\KERNELBASE.dll
0x00007fff89030000 - 0x00007fff89130000 	C:\Windows\System32\ucrtbase.dll
0x00007fff7e020000 - 0x00007fff7e037000 	c:\Users\Lenovo\.vscode\extensions\redhat.java-1.30.0-win32-x64\jre\17.0.10-win32-x86_64\bin\jli.dll
0x00007fff89890000 - 0x00007fff89a2f000 	C:\Windows\System32\USER32.dll
0x00007fff89130000 - 0x00007fff89152000 	C:\Windows\System32\win32u.dll
0x00007fff8adb0000 - 0x00007fff8addb000 	C:\Windows\System32\GDI32.dll
0x00007fff89160000 - 0x00007fff89277000 	C:\Windows\System32\gdi32full.dll
0x00007fff89310000 - 0x00007fff893ad000 	C:\Windows\System32\msvcp_win.dll
0x00007fff7daa0000 - 0x00007fff7dabb000 	c:\Users\Lenovo\.vscode\extensions\redhat.java-1.30.0-win32-x64\jre\17.0.10-win32-x86_64\bin\VCRUNTIME140.dll
0x00007fff701e0000 - 0x00007fff7047a000 	C:\Windows\WinSxS\amd64_microsoft.windows.common-controls_6595b64144ccf1df_6.0.19041.4355_none_60b8b9eb71f62e16\COMCTL32.dll
0x00007fff8b070000 - 0x00007fff8b10e000 	C:\Windows\System32\msvcrt.dll
0x00007fff8af00000 - 0x00007fff8af32000 	C:\Windows\System32\IMM32.DLL
0x00007fff81f10000 - 0x00007fff81f1c000 	c:\Users\Lenovo\.vscode\extensions\redhat.java-1.30.0-win32-x64\jre\17.0.10-win32-x86_64\bin\vcruntime140_1.dll
0x00007fff64540000 - 0x00007fff645cd000 	c:\Users\Lenovo\.vscode\extensions\redhat.java-1.30.0-win32-x64\jre\17.0.10-win32-x86_64\bin\msvcp140.dll
0x00007fff39fb0000 - 0x00007fff3ac12000 	c:\Users\Lenovo\.vscode\extensions\redhat.java-1.30.0-win32-x64\jre\17.0.10-win32-x86_64\bin\server\jvm.dll
0x00007fff897e0000 - 0x00007fff89890000 	C:\Windows\System32\ADVAPI32.dll
0x00007fff89660000 - 0x00007fff89700000 	C:\Windows\System32\sechost.dll
0x00007fff8af40000 - 0x00007fff8b063000 	C:\Windows\System32\RPCRT4.dll
0x00007fff895c0000 - 0x00007fff895e7000 	C:\Windows\System32\bcrypt.dll
0x00007fff881d0000 - 0x00007fff8821b000 	C:\Windows\SYSTEM32\POWRPROF.dll
0x00007fff7c050000 - 0x00007fff7c059000 	C:\Windows\SYSTEM32\WSOCK32.dll
0x00007fff8a0a0000 - 0x00007fff8a10b000 	C:\Windows\System32\WS2_32.dll
0x00007fff70640000 - 0x00007fff70667000 	C:\Windows\SYSTEM32\WINMM.dll
0x00007fff815e0000 - 0x00007fff815ea000 	C:\Windows\SYSTEM32\VERSION.dll
0x00007fff88090000 - 0x00007fff880a2000 	C:\Windows\SYSTEM32\UMPDC.dll
0x00007fff87720000 - 0x00007fff87732000 	C:\Windows\SYSTEM32\kernel.appcore.dll
0x00007fff81e00000 - 0x00007fff81e0a000 	c:\Users\Lenovo\.vscode\extensions\redhat.java-1.30.0-win32-x64\jre\17.0.10-win32-x86_64\bin\jimage.dll
0x00007fff7ebf0000 - 0x00007fff7edd4000 	C:\Windows\SYSTEM32\DBGHELP.DLL
0x00007fff7ebb0000 - 0x00007fff7ebe4000 	C:\Windows\SYSTEM32\dbgcore.DLL
0x00007fff89280000 - 0x00007fff89302000 	C:\Windows\System32\bcryptPrimitives.dll
0x00007fff81b60000 - 0x00007fff81b6e000 	c:\Users\Lenovo\.vscode\extensions\redhat.java-1.30.0-win32-x64\jre\17.0.10-win32-x86_64\bin\instrument.dll
0x00007fff7d850000 - 0x00007fff7d875000 	c:\Users\Lenovo\.vscode\extensions\redhat.java-1.30.0-win32-x64\jre\17.0.10-win32-x86_64\bin\java.dll
0x00007fff7d9a0000 - 0x00007fff7d9b8000 	c:\Users\Lenovo\.vscode\extensions\redhat.java-1.30.0-win32-x64\jre\17.0.10-win32-x86_64\bin\zip.dll
0x00007fff8a250000 - 0x00007fff8a9bb000 	C:\Windows\System32\SHELL32.dll
0x00007fff86cd0000 - 0x00007fff8746d000 	C:\Windows\SYSTEM32\windows.storage.dll
0x00007fff8a9c0000 - 0x00007fff8ad13000 	C:\Windows\System32\combase.dll
0x00007fff88620000 - 0x00007fff8864e000 	C:\Windows\SYSTEM32\Wldp.dll
0x00007fff89ae0000 - 0x00007fff89bad000 	C:\Windows\System32\OLEAUT32.dll
0x00007fff8a110000 - 0x00007fff8a1bd000 	C:\Windows\System32\SHCORE.dll
0x00007fff8b580000 - 0x00007fff8b5d5000 	C:\Windows\System32\shlwapi.dll
0x00007fff88c10000 - 0x00007fff88c34000 	C:\Windows\SYSTEM32\profapi.dll
0x00007fff7d950000 - 0x00007fff7d969000 	C:\Users\Lenovo\.vscode\extensions\redhat.java-1.30.0-win32-x64\jre\17.0.10-win32-x86_64\bin\net.dll
0x00007fff86b70000 - 0x00007fff86c7a000 	C:\Windows\SYSTEM32\WINHTTP.dll
0x00007fff88400000 - 0x00007fff8846a000 	C:\Windows\system32\mswsock.dll
0x00007fff7c6f0000 - 0x00007fff7c706000 	C:\Users\Lenovo\.vscode\extensions\redhat.java-1.30.0-win32-x64\jre\17.0.10-win32-x86_64\bin\nio.dll
0x00007fff81110000 - 0x00007fff81120000 	c:\Users\Lenovo\.vscode\extensions\redhat.java-1.30.0-win32-x64\jre\17.0.10-win32-x86_64\bin\verify.dll
0x00007fff6bfe0000 - 0x00007fff6c01e000 	C:\Users\Lenovo\AppData\Roaming\Code\User\globalStorage\redhat.java\1.30.0\config_win\org.eclipse.equinox.launcher\org.eclipse.equinox.launcher.win32.win32.x86_64_1.2.900.v20240213-1244\eclipse_11900.dll
0x00007fff89f10000 - 0x00007fff8a03b000 	C:\Windows\System32\ole32.dll
0x00007fff88660000 - 0x00007fff88678000 	C:\Windows\SYSTEM32\CRYPTSP.dll
0x00007fff87cd0000 - 0x00007fff87d04000 	C:\Windows\system32\rsaenh.dll
0x00007fff88b80000 - 0x00007fff88bae000 	C:\Windows\SYSTEM32\USERENV.dll
0x00007fff88590000 - 0x00007fff8859c000 	C:\Windows\SYSTEM32\CRYPTBASE.dll
0x00007fff880b0000 - 0x00007fff880eb000 	C:\Windows\SYSTEM32\IPHLPAPI.DLL
0x00007fff89f00000 - 0x00007fff89f08000 	C:\Windows\System32\NSI.dll
0x00007fff80d40000 - 0x00007fff80d57000 	C:\Windows\SYSTEM32\dhcpcsvc6.DLL
0x00007fff80d10000 - 0x00007fff80d2d000 	C:\Windows\SYSTEM32\dhcpcsvc.DLL
0x00007fff880f0000 - 0x00007fff881bb000 	C:\Windows\SYSTEM32\DNSAPI.dll
0x00007fff4da40000 - 0x00007fff4da85000 	C:\Users\Lenovo\AppData\Local\Temp\jna--2022488749\jna14054308964074418986.dll
0x00007fff8b5e0000 - 0x00007fff8b5e8000 	C:\Windows\System32\PSAPI.DLL
0x00007fff7d970000 - 0x00007fff7d997000 	C:\Users\Lenovo\.gradle\native\c067742578af261105cb4f569cf0c3c89f3d7b1fecec35dd04571415982c5e48\windows-amd64\native-platform.dll
0x00007fff82d00000 - 0x00007fff82d09000 	C:\Users\Lenovo\.vscode\extensions\redhat.java-1.30.0-win32-x64\jre\17.0.10-win32-x86_64\bin\management.dll
0x00007fff81790000 - 0x00007fff8179b000 	C:\Users\Lenovo\.vscode\extensions\redhat.java-1.30.0-win32-x64\jre\17.0.10-win32-x86_64\bin\management_ext.dll
0x00007fff7dfd0000 - 0x00007fff7dfd9000 	C:\Users\Lenovo\.vscode\extensions\redhat.java-1.30.0-win32-x64\jre\17.0.10-win32-x86_64\bin\extnet.dll
0x00007fff7dc50000 - 0x00007fff7dc5e000 	C:\Users\Lenovo\.vscode\extensions\redhat.java-1.30.0-win32-x64\jre\17.0.10-win32-x86_64\bin\sunmscapi.dll
0x00007fff89460000 - 0x00007fff895be000 	C:\Windows\System32\CRYPT32.dll
0x00007fff88770000 - 0x00007fff88799000 	C:\Windows\SYSTEM32\ncrypt.dll
0x00007fff88730000 - 0x00007fff8876b000 	C:\Windows\SYSTEM32\NTASN1.dll
0x00007fff82a30000 - 0x00007fff82a37000 	C:\Windows\system32\wshunix.dll

dbghelp: loaded successfully - version: 4.0.5 - missing functions: none
symbol engine: initialized successfully - sym options: 0x614 - pdb path: .;c:\Users\Lenovo\.vscode\extensions\redhat.java-1.30.0-win32-x64\jre\17.0.10-win32-x86_64\bin;C:\Windows\SYSTEM32;C:\Windows\WinSxS\amd64_microsoft.windows.common-controls_6595b64144ccf1df_6.0.19041.4355_none_60b8b9eb71f62e16;c:\Users\Lenovo\.vscode\extensions\redhat.java-1.30.0-win32-x64\jre\17.0.10-win32-x86_64\bin\server;C:\Users\Lenovo\AppData\Roaming\Code\User\globalStorage\redhat.java\1.30.0\config_win\org.eclipse.equinox.launcher\org.eclipse.equinox.launcher.win32.win32.x86_64_1.2.900.v20240213-1244;C:\Users\Lenovo\AppData\Local\Temp\jna--2022488749;C:\Users\Lenovo\.gradle\native\c067742578af261105cb4f569cf0c3c89f3d7b1fecec35dd04571415982c5e48\windows-amd64

VM Arguments:
jvm_args: --add-modules=ALL-SYSTEM --add-opens=java.base/java.util=ALL-UNNAMED --add-opens=java.base/java.lang=ALL-UNNAMED --add-opens=java.base/sun.nio.fs=ALL-UNNAMED -Declipse.application=org.eclipse.jdt.ls.core.id1 -Dosgi.bundles.defaultStartLevel=4 -Declipse.product=org.eclipse.jdt.ls.core.product -Djava.import.generatesMetadataFilesAtProjectRoot=false -DDetectVMInstallationsJob.disabled=true -Dfile.encoding=utf8 -XX:+UseParallelGC -XX:GCTimeRatio=4 -XX:AdaptiveSizePolicyWeight=90 -Dsun.zip.disableMemoryMapping=true -Xmx1G -Xms100m -Xlog:disable -javaagent:c:\Users\Lenovo\.vscode\extensions\redhat.java-1.30.0-win32-x64\lombok\lombok-1.18.32.jar -XX:+HeapDumpOnOutOfMemoryError -XX:HeapDumpPath=c:\Users\Lenovo\AppData\Roaming\Code\User\workspaceStorage\40173492d26ff47a8bd3915c97caa7cb\redhat.java -Daether.dependencyCollector.impl=bf 
java_command: c:\Users\Lenovo\.vscode\extensions\redhat.java-1.30.0-win32-x64\server\plugins\org.eclipse.equinox.launcher_1.6.800.v20240330-1250.jar -configuration c:\Users\Lenovo\AppData\Roaming\Code\User\globalStorage\redhat.java\1.30.0\config_win -data c:\Users\Lenovo\AppData\Roaming\Code\User\workspaceStorage\40173492d26ff47a8bd3915c97caa7cb\redhat.java\jdt_ws --pipe=\\.\pipe\lsp-072e53851aaee792837b73d6ac8e9004-sock
java_class_path (initial): c:\Users\Lenovo\.vscode\extensions\redhat.java-1.30.0-win32-x64\server\plugins\org.eclipse.equinox.launcher_1.6.800.v20240330-1250.jar
Launcher Type: SUN_STANDARD

[Global flags]
    uintx AdaptiveSizePolicyWeight                 = 90                                        {product} {command line}
     intx CICompilerCount                          = 3                                         {product} {ergonomic}
    uintx GCTimeRatio                              = 4                                         {product} {command line}
     bool HeapDumpOnOutOfMemoryError               = true                                   {manageable} {command line}
    ccstr HeapDumpPath                             = c:\Users\Lenovo\AppData\Roaming\Code\User\workspaceStorage\40173492d26ff47a8bd3915c97caa7cb\redhat.java         {manageable} {command line}
   size_t InitialHeapSize                          = 104857600                                 {product} {command line}
   size_t MaxHeapSize                              = 1073741824                                {product} {command line}
   size_t MaxNewSize                               = 357564416                                 {product} {ergonomic}
   size_t MinHeapDeltaBytes                        = 524288                                    {product} {ergonomic}
   size_t MinHeapSize                              = 104857600                                 {product} {command line}
   size_t NewSize                                  = 34603008                                  {product} {ergonomic}
    uintx NonNMethodCodeHeapSize                   = 5832780                                {pd product} {ergonomic}
    uintx NonProfiledCodeHeapSize                  = 122912730                              {pd product} {ergonomic}
   size_t OldSize                                  = 70254592                                  {product} {ergonomic}
    uintx ProfiledCodeHeapSize                     = 122912730                              {pd product} {ergonomic}
    uintx ReservedCodeCacheSize                    = 251658240                              {pd product} {ergonomic}
     bool SegmentedCodeCache                       = true                                      {product} {ergonomic}
   size_t SoftMaxHeapSize                          = 1073741824                             {manageable} {ergonomic}
     bool UseCompressedClassPointers               = true                           {product lp64_product} {ergonomic}
     bool UseCompressedOops                        = true                           {product lp64_product} {ergonomic}
     bool UseLargePagesIndividualAllocation        = false                                  {pd product} {ergonomic}
     bool UseParallelGC                            = true                                      {product} {command line}

Logging:
Log output configuration:
 #0: stdout all=off uptime,level,tags
 #1: stderr all=off uptime,level,tags

Environment Variables:
JAVA_HOME=C:\Program Files\Microsoft\jdk-17.0.8.7-hotspot\
PATH=C:\Python312\Scripts\;C:\Python312\;C:\Program Files\Microsoft\jdk-17.0.8.7-hotspot\bin;C:\Program Files (x86)\Common Files\Oracle\Java\javapath;C:\Windows\system32;C:\Windows;C:\Windows\System32\Wbem;C:\Windows\System32\WindowsPowerShell\v1.0\;C:\Windows\System32\OpenSSH\;C:\Program Files\Microsoft SQL Server\150\Tools\Binn\;C:\Program Files\Microsoft SQL Server\Client SDK\ODBC\170\Tools\Binn\;C:\Program Files\dotnet\;C:\Program Files (x86)\Microsoft SQL Server\160\Tools\Binn\;C:\Program Files\Microsoft SQL Server\160\Tools\Binn\;C:\Program Files\Microsoft SQL Server\160\DTS\Binn\;C:\Program Files\Azure Data Studio\bin;C:\Program Files\Git\cmd;C:\ProgramData\chocolatey\bin;C:\Users\Lenovo\AppData\Local\Android\Sdk\platform-tools;C:\Program Files (x86)\Microsoft SQL Server\150\DTS\Binn\;C:\Program Files (x86)\Microsoft SQL Server\160\DTS\Binn\;C:\Program Files\nodejs\;C:\Program Files\Java\jdk-17\bin;C:\Users\Lenovo\AppData\Local\Android\Sdk;C:\Users\Lenovo\gradle-8.6\bin;C:\Users\Lenovo\AppData\Local\Microsoft\WindowsApps;C:\Users\Lenovo\AppData\Local\Programs\Microsoft VS Code\bin;C:\Users\Lenovo\.dotnet\tools;C:\Program Files\Azure Data Studio\bin;C:\Users\Lenovo\AppData\Local\GitHubDesktop\bin;C:\Users\Lenovo\AppData\Roaming\npm;C:\Program Files\Java\jdk-17\bin;C:\Users\Lenovo\AppData\Local\Android\Sdk;C:\Users\Lenovo\AppData\Local\Android\Sdk\platform-tools;
USERNAME=Lenovo
OS=Windows_NT
PROCESSOR_IDENTIFIER=Intel64 Family 6 Model 142 Stepping 9, GenuineIntel
TMP=C:\Users\Lenovo\AppData\Local\Temp
TEMP=C:\Users\Lenovo\AppData\Local\Temp



Periodic native trim disabled


---------------  S Y S T E M  ---------------

OS:
 Windows 10 , 64 bit Build 19041 (10.0.19041.3636)
OS uptime: 1 days 7:55 hours
Hyper-V role detected

CPU: total 4 (initial active 4) (2 cores per cpu, 2 threads per core) family 6 model 142 stepping 9 microcode 0xb4, cx8, cmov, fxsr, ht, mmx, 3dnowpref, sse, sse2, sse3, ssse3, sse4.1, sse4.2, popcnt, lzcnt, tsc, tscinvbit, avx, avx2, aes, erms, clmul, bmi1, bmi2, rtm, adx, fma, vzeroupper, clflush, clflushopt, hv
Processor Information for all 4 processors :
  Max Mhz: 2904, Current Mhz: 2803, Mhz Limit: 2787

Memory: 4k page, system-wide physical 16222M (1010M free)
TotalPageFile size 16222M (AvailPageFile size 3M)
current process WorkingSet (physical memory assigned to process): 617M, peak: 807M
current process commit charge ("private bytes"): 527M, peak: 744M

vm_info: OpenJDK 64-Bit Server VM (17.0.10+7) for windows-amd64 JRE (17.0.10+7), built on Jan 16 2024 23:25:11 by "admin" with MS VC++ 16.10 / 16.11 (VS2019)

END.
