#
# There is insufficient memory for the Java Runtime Environment to continue.
# Native memory allocation (malloc) failed to allocate 2370736 bytes for Chunk::new
# Possible reasons:
#   The system is out of physical RAM or swap space
#   The process is running with CompressedOops enabled, and the Java Heap may be blocking the growth of the native heap
# Possible solutions:
#   Reduce memory load on the system
#   Increase physical memory or swap space
#   Check if swap backing store is full
#   Decrease Java heap size (-Xmx/-Xms)
#   Decrease number of Java threads
#   Decrease Java thread stack sizes (-Xss)
#   Set larger code cache with -XX:ReservedCodeCacheSize=
#   JVM is running with Unscaled Compressed Oops mode in which the Java heap is
#     placed in the first 4GB address space. The Java Heap base address is the
#     maximum limit for the native heap growth. Please use -XX:HeapBaseMinAddress
#     to set the Java Heap base and to place the Java Heap above 4GB virtual address.
# This output file may be truncated or incomplete.
#
#  Out of Memory Error (arena.cpp:189), pid=13920, tid=16020
#
# JRE version: OpenJDK Runtime Environment Microsoft-8035246 (17.0.8+7) (build 17.0.8+7-LTS)
# Java VM: OpenJDK 64-Bit Server VM Microsoft-8035246 (17.0.8+7-LTS, mixed mode, sharing, tiered, compressed oops, compressed class ptrs, g1 gc, windows-amd64)
# No core dump will be written. Minidumps are not enabled by default on client versions of Windows
#

---------------  S U M M A R Y ------------

Command Line: -XX:MaxMetaspaceSize=512m --add-opens=java.base/java.util=ALL-UNNAMED --add-opens=java.base/java.lang=ALL-UNNAMED --add-opens=java.base/java.lang.invoke=ALL-UNNAMED --add-opens=java.prefs/java.util.prefs=ALL-UNNAMED --add-opens=java.base/java.nio.charset=ALL-UNNAMED --add-opens=java.base/java.net=ALL-UNNAMED --add-opens=java.base/java.util.concurrent.atomic=ALL-UNNAMED -Xmx2048m -Dfile.encoding=windows-1252 -Duser.country=US -Duser.language=en -Duser.variant -javaagent:C:\Users\Lenovo\.gradle\wrapper\dists\gradle-8.6-all\3mbtmo166bl6vumsh5k2lkq5h\gradle-8.6\lib\agents\gradle-instrumentation-agent-8.6.jar org.gradle.launcher.daemon.bootstrap.GradleDaemon 8.6

Host: Intel(R) Core(TM) i7-7600U CPU @ 2.80GHz, 4 cores, 15G,  Windows 10 , 64 bit Build 19041 (10.0.19041.3636)
Time: Sat Jun  1 13:16:45 2024 Pakistan Standard Time elapsed time: 46.929596 seconds (0d 0h 0m 46s)

---------------  T H R E A D  ---------------

Current thread (0x0000024d3e0d3210):  JavaThread "C2 CompilerThread0" daemon [_thread_in_native, id=16020, stack(0x000000d6a6f00000,0x000000d6a7000000)]


Current CompileTask:
C2:  46929 12796       4       org.gradle.internal.instantiation.generator.AbstractClassGenerator::inspectType (560 bytes)

Stack: [0x000000d6a6f00000,0x000000d6a7000000]
Native frames: (J=compiled Java code, j=interpreted, Vv=VM code, C=native code)
V  [jvm.dll+0x67bf3a]
V  [jvm.dll+0x83a024]
V  [jvm.dll+0x83b7ce]
V  [jvm.dll+0x83be33]
V  [jvm.dll+0x24785f]
V  [jvm.dll+0xac3bc]
V  [jvm.dll+0xac98c]
V  [jvm.dll+0x3680b2]
V  [jvm.dll+0x332451]
V  [jvm.dll+0x3318fa]
V  [jvm.dll+0x21a131]
V  [jvm.dll+0x219551]
V  [jvm.dll+0x1a56b6]
V  [jvm.dll+0x2291ea]
V  [jvm.dll+0x22724c]
V  [jvm.dll+0x7efd0c]
V  [jvm.dll+0x7ea13a]
V  [jvm.dll+0x67ad85]
C  [ucrtbase.dll+0x21bb2]
C  [KERNEL32.DLL+0x17344]
C  [ntdll.dll+0x526b1]


---------------  P R O C E S S  ---------------

Threads class SMR info:
_java_thread_list=0x0000024d5e35a280, length=74, elements={
0x0000024d204b8820, 0x0000024d3e0ba4e0, 0x0000024d3e0bae80, 0x0000024d3e0ce7d0,
0x0000024d3e0d0f80, 0x0000024d3e0d2470, 0x0000024d3e0d2950, 0x0000024d3e0d3210,
0x0000024d3e0d57f0, 0x0000024d3e252f10, 0x0000024d3e0a1510, 0x0000024d3e3cd8e0,
0x0000024d5f2d7050, 0x0000024d5eb460c0, 0x0000024d5fea3fe0, 0x0000024d5e8481e0,
0x0000024d5ebc6ac0, 0x0000024d5f645b40, 0x0000024d5f645120, 0x0000024d5f642390,
0x0000024d5f644700, 0x0000024d5f6428a0, 0x0000024d5f6441f0, 0x0000024d5f643ce0,
0x0000024d5f642db0, 0x0000024d5f644c10, 0x0000024d5f6432c0, 0x0000024d5f6437d0,
0x0000024d5ff090b0, 0x0000024d5ff0c350, 0x0000024d5ff0aa00, 0x0000024d5ff0af10,
0x0000024d5ff0a4f0, 0x0000024d5ff08ba0, 0x0000024d5ff09fe0, 0x0000024d5ff10010,
0x0000024d5ff0c860, 0x0000024d5ff0f5f0, 0x0000024d5ff10520, 0x0000024d5ff0cd70,
0x0000024d5ff0ebd0, 0x0000024d5ff0e6c0, 0x0000024d5ff0be40, 0x0000024d5ff0d790,
0x0000024d5ff095c0, 0x0000024d5ff09ad0, 0x0000024d5ff0d280, 0x0000024d5ff0e1b0,
0x0000024d625b25a0, 0x0000024d625b5840, 0x0000024d625b3ef0, 0x0000024d625b34d0,
0x0000024d625b4e20, 0x0000024d625b2ab0, 0x0000024d625b5330, 0x0000024d625b2090,
0x0000024d625b2fc0, 0x0000024d625b39e0, 0x0000024d625b4400, 0x0000024d625b4910,
0x0000024d601c5c00, 0x0000024d601c4cd0, 0x0000024d601c8990, 0x0000024d601c6110,
0x0000024d601c6620, 0x0000024d601c6b30, 0x0000024d601c7f70, 0x0000024d601c3380,
0x0000024d601c8ea0, 0x0000024d601c3da0, 0x0000024d601c1f40, 0x0000024d5f645630,
0x0000024d6280d1d0, 0x0000024d6280d6e0
}

Java Threads: ( => current thread )
  0x0000024d204b8820 JavaThread "main" [_thread_blocked, id=264, stack(0x000000d6a6200000,0x000000d6a6300000)]
  0x0000024d3e0ba4e0 JavaThread "Reference Handler" daemon [_thread_blocked, id=16756, stack(0x000000d6a6900000,0x000000d6a6a00000)]
  0x0000024d3e0bae80 JavaThread "Finalizer" daemon [_thread_blocked, id=6688, stack(0x000000d6a6a00000,0x000000d6a6b00000)]
  0x0000024d3e0ce7d0 JavaThread "Signal Dispatcher" daemon [_thread_blocked, id=18160, stack(0x000000d6a6b00000,0x000000d6a6c00000)]
  0x0000024d3e0d0f80 JavaThread "Attach Listener" daemon [_thread_blocked, id=8624, stack(0x000000d6a6c00000,0x000000d6a6d00000)]
  0x0000024d3e0d2470 JavaThread "Service Thread" daemon [_thread_blocked, id=224, stack(0x000000d6a6d00000,0x000000d6a6e00000)]
  0x0000024d3e0d2950 JavaThread "Monitor Deflation Thread" daemon [_thread_blocked, id=16092, stack(0x000000d6a6e00000,0x000000d6a6f00000)]
=>0x0000024d3e0d3210 JavaThread "C2 CompilerThread0" daemon [_thread_in_native, id=16020, stack(0x000000d6a6f00000,0x000000d6a7000000)]
  0x0000024d3e0d57f0 JavaThread "C1 CompilerThread0" daemon [_thread_blocked, id=16352, stack(0x000000d6a7000000,0x000000d6a7100000)]
  0x0000024d3e252f10 JavaThread "Sweeper thread" daemon [_thread_blocked, id=5436, stack(0x000000d6a7100000,0x000000d6a7200000)]
  0x0000024d3e0a1510 JavaThread "Common-Cleaner" daemon [_thread_blocked, id=11128, stack(0x000000d6a7200000,0x000000d6a7300000)]
  0x0000024d3e3cd8e0 JavaThread "Notification Thread" daemon [_thread_blocked, id=8076, stack(0x000000d6a7300000,0x000000d6a7400000)]
  0x0000024d5f2d7050 JavaThread "Daemon health stats" [_thread_blocked, id=16740, stack(0x000000d6a7900000,0x000000d6a7a00000)]
  0x0000024d5eb460c0 JavaThread "Incoming local TCP Connector on port 54555" [_thread_in_native, id=7564, stack(0x000000d6a7a00000,0x000000d6a7b00000)]
  0x0000024d5fea3fe0 JavaThread "Daemon periodic checks" [_thread_blocked, id=5488, stack(0x000000d6a7b00000,0x000000d6a7c00000)]
  0x0000024d5e8481e0 JavaThread "Daemon" [_thread_blocked, id=10400, stack(0x000000d6a7c00000,0x000000d6a7d00000)]
  0x0000024d5ebc6ac0 JavaThread "Handler for socket connection from /127.0.0.1:54555 to /127.0.0.1:54558" [_thread_in_native, id=3560, stack(0x000000d6a7d00000,0x000000d6a7e00000)]
  0x0000024d5f645b40 JavaThread "Cancel handler" [_thread_blocked, id=17388, stack(0x000000d6a7500000,0x000000d6a7600000)]
  0x0000024d5f645120 JavaThread "Daemon worker" [_thread_in_Java, id=2960, stack(0x000000d6a7e00000,0x000000d6a7f00000)]
  0x0000024d5f642390 JavaThread "Asynchronous log dispatcher for DefaultDaemonConnection: socket connection from /127.0.0.1:54555 to /127.0.0.1:54558" [_thread_blocked, id=17928, stack(0x000000d6a7f00000,0x000000d6a8000000)]
  0x0000024d5f644700 JavaThread "Stdin handler" [_thread_blocked, id=9116, stack(0x000000d6a8000000,0x000000d6a8100000)]
  0x0000024d5f6428a0 JavaThread "Daemon client event forwarder" [_thread_blocked, id=2336, stack(0x000000d6a8100000,0x000000d6a8200000)]
  0x0000024d5f6441f0 JavaThread "Cache worker for journal cache (C:\Users\Lenovo\.gradle\caches\journal-1)" [_thread_blocked, id=1584, stack(0x000000d6a8200000,0x000000d6a8300000)]
  0x0000024d5f643ce0 JavaThread "File lock request listener" [_thread_in_native, id=5096, stack(0x000000d6a8300000,0x000000d6a8400000)]
  0x0000024d5f642db0 JavaThread "Cache worker for file hash cache (C:\Users\Lenovo\.gradle\caches\8.6\fileHashes)" [_thread_blocked, id=17716, stack(0x000000d6a8400000,0x000000d6a8500000)]
  0x0000024d5f644c10 JavaThread "File watcher server" daemon [_thread_in_native, id=4424, stack(0x000000d6a8600000,0x000000d6a8700000)]
  0x0000024d5f6432c0 JavaThread "File watcher consumer" daemon [_thread_blocked, id=11632, stack(0x000000d6a8700000,0x000000d6a8800000)]
  0x0000024d5f6437d0 JavaThread "Cache worker for checksums cache (C:\Users\Lenovo\ReactApp\ReactApp\android\.gradle\8.6\checksums)" [_thread_blocked, id=14196, stack(0x000000d6a8800000,0x000000d6a8900000)]
  0x0000024d5ff090b0 JavaThread "Cache worker for file hash cache (C:\Users\Lenovo\ReactApp\ReactApp\android\.gradle\8.6\fileHashes)" [_thread_blocked, id=18164, stack(0x000000d6a8500000,0x000000d6a8600000)]
  0x0000024d5ff0c350 JavaThread "Cache worker for cache directory md-supplier (C:\Users\Lenovo\.gradle\caches\8.6\md-supplier)" [_thread_blocked, id=10216, stack(0x000000d6a8900000,0x000000d6a8a00000)]
  0x0000024d5ff0aa00 JavaThread "Cache worker for cache directory md-rule (C:\Users\Lenovo\.gradle\caches\8.6\md-rule)" [_thread_blocked, id=17488, stack(0x000000d6a8a00000,0x000000d6a8b00000)]
  0x0000024d5ff0af10 JavaThread "Cache worker for file content cache (C:\Users\Lenovo\.gradle\caches\8.6\fileContent)" [_thread_blocked, id=8896, stack(0x000000d6a8c00000,0x000000d6a8d00000)]
  0x0000024d5ff0a4f0 JavaThread "jar transforms" [_thread_blocked, id=12976, stack(0x000000d6a8e00000,0x000000d6a8f00000)]
  0x0000024d5ff08ba0 JavaThread "jar transforms Thread 2" [_thread_blocked, id=2936, stack(0x000000d6a8f00000,0x000000d6a9000000)]
  0x0000024d5ff09fe0 JavaThread "jar transforms Thread 3" [_thread_blocked, id=9696, stack(0x000000d6a9000000,0x000000d6a9100000)]
  0x0000024d5ff10010 JavaThread "jar transforms Thread 4" [_thread_blocked, id=9404, stack(0x000000d6a9100000,0x000000d6a9200000)]
  0x0000024d5ff0c860 JavaThread "Exec process" [_thread_blocked, id=18400, stack(0x000000d6a9200000,0x000000d6a9300000)]
  0x0000024d5ff0f5f0 JavaThread "Exec process Thread 2" [_thread_blocked, id=6340, stack(0x000000d6a9300000,0x000000d6a9400000)]
  0x0000024d5ff10520 JavaThread "Exec process Thread 3" [_thread_blocked, id=4768, stack(0x000000d6a9400000,0x000000d6a9500000)]
  0x0000024d5ff0cd70 JavaThread "Unconstrained build operations" [_thread_blocked, id=10580, stack(0x000000d6a8b00000,0x000000d6a8c00000)]
  0x0000024d5ff0ebd0 JavaThread "Unconstrained build operations Thread 2" [_thread_blocked, id=10384, stack(0x000000d6a9500000,0x000000d6a9600000)]
  0x0000024d5ff0e6c0 JavaThread "Cache worker for Build Output Cleanup Cache (C:\Users\Lenovo\ReactApp\ReactApp\node_modules\@react-native\gradle-plugin\.gradle\buildOutputCleanup)" [_thread_blocked, id=17012, stack(0x000000d6a9700000,0x000000d6a9800000)]
  0x0000024d5ff0be40 JavaThread "Unconstrained build operations Thread 3" [_thread_blocked, id=12020, stack(0x000000d6a9800000,0x000000d6a9900000)]
  0x0000024d5ff0d790 JavaThread "Unconstrained build operations Thread 4" [_thread_blocked, id=15192, stack(0x000000d6a9900000,0x000000d6a9a00000)]
  0x0000024d5ff095c0 JavaThread "Unconstrained build operations Thread 5" [_thread_blocked, id=7216, stack(0x000000d6a9a00000,0x000000d6a9b00000)]
  0x0000024d5ff09ad0 JavaThread "build event listener" [_thread_blocked, id=12276, stack(0x000000d6a9b00000,0x000000d6a9c00000)]
  0x0000024d5ff0d280 JavaThread "Memory manager" [_thread_blocked, id=11876, stack(0x000000d6a9c00000,0x000000d6a9d00000)]
  0x0000024d5ff0e1b0 JavaThread "Cache worker for Build Output Cleanup Cache (C:\Users\Lenovo\ReactApp\ReactApp\android\.gradle\buildOutputCleanup)" [_thread_blocked, id=5032, stack(0x000000d6a9d00000,0x000000d6a9e00000)]
  0x0000024d625b25a0 JavaThread "ForkJoinPool.commonPool-worker-1" daemon [_thread_blocked, id=12236, stack(0x000000d6a9e00000,0x000000d6a9f00000)]
  0x0000024d625b5840 JavaThread "ForkJoinPool.commonPool-worker-2" daemon [_thread_blocked, id=16832, stack(0x000000d6a9f00000,0x000000d6aa000000)]
  0x0000024d625b3ef0 JavaThread "ForkJoinPool.commonPool-worker-3" daemon [_thread_blocked, id=16684, stack(0x000000d6aa000000,0x000000d6aa100000)]
  0x0000024d625b34d0 JavaThread "included builds" [_thread_blocked, id=2188, stack(0x000000d6a9600000,0x000000d6a9700000)]
  0x0000024d625b4e20 JavaThread "Execution worker" [_thread_blocked, id=1628, stack(0x000000d6aa100000,0x000000d6aa200000)]
  0x0000024d625b2ab0 JavaThread "Execution worker Thread 2" [_thread_blocked, id=9896, stack(0x000000d6aa200000,0x000000d6aa300000)]
  0x0000024d625b5330 JavaThread "Execution worker Thread 3" [_thread_blocked, id=18248, stack(0x000000d6aa300000,0x000000d6aa400000)]
  0x0000024d625b2090 JavaThread "Cache worker for execution history cache (C:\Users\Lenovo\ReactApp\ReactApp\node_modules\@react-native\gradle-plugin\.gradle\8.6\executionHistory)" [_thread_blocked, id=6988, stack(0x000000d6aa400000,0x000000d6aa500000)]
  0x0000024d625b2fc0 JavaThread "Unconstrained build operations Thread 6" [_thread_blocked, id=17372, stack(0x000000d6aa600000,0x000000d6aa700000)]
  0x0000024d625b39e0 JavaThread "Unconstrained build operations Thread 7" [_thread_blocked, id=1488, stack(0x000000d6aa700000,0x000000d6aa800000)]
  0x0000024d625b4400 JavaThread "Unconstrained build operations Thread 8" [_thread_blocked, id=7920, stack(0x000000d6aa800000,0x000000d6aa900000)]
  0x0000024d625b4910 JavaThread "Unconstrained build operations Thread 9" [_thread_blocked, id=16008, stack(0x000000d6aa900000,0x000000d6aaa00000)]
  0x0000024d601c5c00 JavaThread "Unconstrained build operations Thread 10" [_thread_blocked, id=16044, stack(0x000000d6aaa00000,0x000000d6aab00000)]
  0x0000024d601c4cd0 JavaThread "Unconstrained build operations Thread 11" [_thread_blocked, id=17612, stack(0x000000d6aab00000,0x000000d6aac00000)]
  0x0000024d601c8990 JavaThread "Unconstrained build operations Thread 12" [_thread_blocked, id=9680, stack(0x000000d6aac00000,0x000000d6aad00000)]
  0x0000024d601c6110 JavaThread "Unconstrained build operations Thread 13" [_thread_blocked, id=14060, stack(0x000000d6aad00000,0x000000d6aae00000)]
  0x0000024d601c6620 JavaThread "Unconstrained build operations Thread 14" [_thread_blocked, id=14500, stack(0x000000d6aae00000,0x000000d6aaf00000)]
  0x0000024d601c6b30 JavaThread "Unconstrained build operations Thread 15" [_thread_blocked, id=11516, stack(0x000000d6aaf00000,0x000000d6ab000000)]
  0x0000024d601c7f70 JavaThread "Unconstrained build operations Thread 16" [_thread_blocked, id=18412, stack(0x000000d6ab000000,0x000000d6ab100000)]
  0x0000024d601c3380 JavaThread "build event listener" [_thread_blocked, id=4524, stack(0x000000d6ab100000,0x000000d6ab200000)]
  0x0000024d601c8ea0 JavaThread "Unconstrained build operations Thread 17" [_thread_blocked, id=460, stack(0x000000d6ab300000,0x000000d6ab400000)]
  0x0000024d601c3da0 JavaThread "Unconstrained build operations Thread 18" [_thread_blocked, id=18396, stack(0x000000d6ab400000,0x000000d6ab500000)]
  0x0000024d601c1f40 JavaThread "Unconstrained build operations Thread 19" [_thread_blocked, id=9084, stack(0x000000d6ab500000,0x000000d6ab600000)]
  0x0000024d5f645630 JavaThread "Unconstrained build operations Thread 20" [_thread_blocked, id=11556, stack(0x000000d6ab600000,0x000000d6ab700000)]
  0x0000024d6280d1d0 JavaThread "Unconstrained build operations Thread 21" [_thread_blocked, id=10772, stack(0x000000d6ab700000,0x000000d6ab800000)]
  0x0000024d6280d6e0 JavaThread "Unconstrained build operations Thread 22" [_thread_blocked, id=128, stack(0x000000d6ab800000,0x000000d6ab900000)]

Other Threads:
  0x0000024d3e0b3540 VMThread "VM Thread" [stack: 0x000000d6a6800000,0x000000d6a6900000] [id=10536]
  0x0000024d3e3c5cb0 WatcherThread [stack: 0x000000d6a7400000,0x000000d6a7500000] [id=17348]
  0x0000024d20515a40 GCTaskThread "GC Thread#0" [stack: 0x000000d6a6300000,0x000000d6a6400000] [id=7752]
  0x0000024d3e566530 GCTaskThread "GC Thread#1" [stack: 0x000000d6a7600000,0x000000d6a7700000] [id=14256]
  0x0000024d3e5667f0 GCTaskThread "GC Thread#2" [stack: 0x000000d6a7700000,0x000000d6a7800000] [id=15324]
  0x0000024d3e566ab0 GCTaskThread "GC Thread#3" [stack: 0x000000d6a7800000,0x000000d6a7900000] [id=9520]
  0x0000024d1e3fe6b0 ConcurrentGCThread "G1 Main Marker" [stack: 0x000000d6a6400000,0x000000d6a6500000] [id=5020]
  0x0000024d205221c0 ConcurrentGCThread "G1 Conc#0" [stack: 0x000000d6a6500000,0x000000d6a6600000] [id=17940]
  0x0000024d2056db80 ConcurrentGCThread "G1 Refine#0" [stack: 0x000000d6a6600000,0x000000d6a6700000] [id=5344]
  0x0000024d5fb72c40 ConcurrentGCThread "G1 Refine#1" [stack: 0x000000d6a8d00000,0x000000d6a8e00000] [id=16356]
  0x0000024d2056e4c0 ConcurrentGCThread "G1 Service" [stack: 0x000000d6a6700000,0x000000d6a6800000] [id=8112]

Threads with active compile tasks:
C2 CompilerThread0    46980 12796       4       org.gradle.internal.instantiation.generator.AbstractClassGenerator::inspectType (560 bytes)

VM state: not at safepoint (normal execution)

VM Mutex/Monitor currently owned by a thread: None

Heap address: 0x0000000080000000, size: 2048 MB, Compressed Oops mode: 32-bit

CDS archive(s) mapped at: [0x0000024d3f000000-0x0000024d3fbd0000-0x0000024d3fbd0000), size 12386304, SharedBaseAddress: 0x0000024d3f000000, ArchiveRelocationMode: 1.
Compressed class space mapped at: 0x0000024d40000000-0x0000024d5a000000, reserved size: 436207616
Narrow klass base: 0x0000024d3f000000, Narrow klass shift: 0, Narrow klass range: 0x100000000

GC Precious Log:
 CPUs: 4 total, 4 available
 Memory: 16222M
 Large Page Support: Disabled
 NUMA Support: Disabled
 Compressed Oops: Enabled (32-bit)
 Heap Region Size: 1M
 Heap Min Capacity: 8M
 Heap Initial Capacity: 254M
 Heap Max Capacity: 2G
 Pre-touch: Disabled
 Parallel Workers: 4
 Concurrent Workers: 1
 Concurrent Refinement Workers: 4
 Periodic GC: Disabled

Heap:
 garbage-first heap   total 299008K, used 169472K [0x0000000080000000, 0x0000000100000000)
  region size 1024K, 30 young (30720K), 2 survivors (2048K)
 Metaspace       used 100474K, committed 101376K, reserved 557056K
  class space    used 14137K, committed 14592K, reserved 425984K

Heap Regions: E=young(eden), S=young(survivor), O=old, HS=humongous(starts), HC=humongous(continues), CS=collection set, F=free, OA=open archive, CA=closed archive, TAMS=top-at-mark-start (previous, next)
|   0|0x0000000080000000, 0x0000000080100000, 0x0000000080100000|100%| O|  |TAMS 0x0000000080100000, 0x0000000080000000| Untracked 
|   1|0x0000000080100000, 0x0000000080200000, 0x0000000080200000|100%| O|  |TAMS 0x0000000080200000, 0x0000000080100000| Untracked 
|   2|0x0000000080200000, 0x0000000080300000, 0x0000000080300000|100%|HS|  |TAMS 0x0000000080300000, 0x0000000080200000| Complete 
|   3|0x0000000080300000, 0x0000000080400000, 0x0000000080400000|100%|HC|  |TAMS 0x0000000080400000, 0x0000000080300000| Complete 
|   4|0x0000000080400000, 0x0000000080500000, 0x0000000080500000|100%|HC|  |TAMS 0x0000000080500000, 0x0000000080400000| Complete 
|   5|0x0000000080500000, 0x0000000080600000, 0x0000000080600000|100%|HC|  |TAMS 0x0000000080600000, 0x0000000080500000| Complete 
|   6|0x0000000080600000, 0x0000000080700000, 0x0000000080700000|100%| O|  |TAMS 0x0000000080700000, 0x0000000080600000| Untracked 
|   7|0x0000000080700000, 0x0000000080800000, 0x0000000080800000|100%| O|  |TAMS 0x0000000080800000, 0x0000000080700000| Untracked 
|   8|0x0000000080800000, 0x0000000080900000, 0x0000000080900000|100%| O|  |TAMS 0x0000000080900000, 0x0000000080800000| Untracked 
|   9|0x0000000080900000, 0x0000000080a00000, 0x0000000080a00000|100%| O|  |TAMS 0x0000000080a00000, 0x0000000080900000| Untracked 
|  10|0x0000000080a00000, 0x0000000080b00000, 0x0000000080b00000|100%| O|  |TAMS 0x0000000080b00000, 0x0000000080a00000| Untracked 
|  11|0x0000000080b00000, 0x0000000080c00000, 0x0000000080c00000|100%| O|  |TAMS 0x0000000080c00000, 0x0000000080b00000| Untracked 
|  12|0x0000000080c00000, 0x0000000080d00000, 0x0000000080d00000|100%| O|  |TAMS 0x0000000080d00000, 0x0000000080c00000| Untracked 
|  13|0x0000000080d00000, 0x0000000080e00000, 0x0000000080e00000|100%| O|  |TAMS 0x0000000080e00000, 0x0000000080d00000| Untracked 
|  14|0x0000000080e00000, 0x0000000080f00000, 0x0000000080f00000|100%| O|  |TAMS 0x0000000080f00000, 0x0000000080e00000| Untracked 
|  15|0x0000000080f00000, 0x0000000081000000, 0x0000000081000000|100%| O|  |TAMS 0x0000000081000000, 0x0000000080f00000| Untracked 
|  16|0x0000000081000000, 0x0000000081100000, 0x0000000081100000|100%| O|  |TAMS 0x0000000081100000, 0x0000000081000000| Untracked 
|  17|0x0000000081100000, 0x0000000081200000, 0x0000000081200000|100%| O|  |TAMS 0x0000000081200000, 0x0000000081100000| Untracked 
|  18|0x0000000081200000, 0x0000000081300000, 0x0000000081300000|100%| O|  |TAMS 0x0000000081300000, 0x0000000081200000| Untracked 
|  19|0x0000000081300000, 0x0000000081400000, 0x0000000081400000|100%| O|  |TAMS 0x0000000081400000, 0x0000000081300000| Untracked 
|  20|0x0000000081400000, 0x0000000081500000, 0x0000000081500000|100%| O|  |TAMS 0x0000000081500000, 0x0000000081400000| Untracked 
|  21|0x0000000081500000, 0x0000000081600000, 0x0000000081600000|100%| O|  |TAMS 0x0000000081600000, 0x0000000081500000| Untracked 
|  22|0x0000000081600000, 0x0000000081700000, 0x0000000081700000|100%| O|  |TAMS 0x0000000081700000, 0x0000000081600000| Untracked 
|  23|0x0000000081700000, 0x0000000081800000, 0x0000000081800000|100%| O|  |TAMS 0x0000000081800000, 0x0000000081700000| Untracked 
|  24|0x0000000081800000, 0x0000000081900000, 0x0000000081900000|100%| O|  |TAMS 0x0000000081900000, 0x0000000081800000| Untracked 
|  25|0x0000000081900000, 0x0000000081a00000, 0x0000000081a00000|100%| O|  |TAMS 0x0000000081a00000, 0x0000000081900000| Untracked 
|  26|0x0000000081a00000, 0x0000000081b00000, 0x0000000081b00000|100%|HS|  |TAMS 0x0000000081b00000, 0x0000000081a00000| Complete 
|  27|0x0000000081b00000, 0x0000000081c00000, 0x0000000081c00000|100%| O|  |TAMS 0x0000000081c00000, 0x0000000081b00000| Untracked 
|  28|0x0000000081c00000, 0x0000000081d00000, 0x0000000081d00000|100%| O|  |TAMS 0x0000000081d00000, 0x0000000081c00000| Untracked 
|  29|0x0000000081d00000, 0x0000000081e00000, 0x0000000081e00000|100%| O|  |TAMS 0x0000000081e00000, 0x0000000081d00000| Untracked 
|  30|0x0000000081e00000, 0x0000000081f00000, 0x0000000081f00000|100%| O|  |TAMS 0x0000000081f00000, 0x0000000081e00000| Untracked 
|  31|0x0000000081f00000, 0x0000000082000000, 0x0000000082000000|100%| O|  |TAMS 0x0000000082000000, 0x0000000081f00000| Untracked 
|  32|0x0000000082000000, 0x0000000082100000, 0x0000000082100000|100%| O|  |TAMS 0x0000000082100000, 0x0000000082000000| Untracked 
|  33|0x0000000082100000, 0x0000000082200000, 0x0000000082200000|100%| O|  |TAMS 0x0000000082200000, 0x0000000082100000| Untracked 
|  34|0x0000000082200000, 0x0000000082300000, 0x0000000082300000|100%| O|  |TAMS 0x0000000082300000, 0x0000000082200000| Untracked 
|  35|0x0000000082300000, 0x0000000082400000, 0x0000000082400000|100%| O|  |TAMS 0x0000000082400000, 0x0000000082300000| Untracked 
|  36|0x0000000082400000, 0x0000000082500000, 0x0000000082500000|100%|HS|  |TAMS 0x0000000082500000, 0x0000000082400000| Complete 
|  37|0x0000000082500000, 0x0000000082600000, 0x0000000082600000|100%|HC|  |TAMS 0x0000000082600000, 0x0000000082500000| Complete 
|  38|0x0000000082600000, 0x0000000082700000, 0x0000000082700000|100%|HS|  |TAMS 0x0000000082700000, 0x0000000082600000| Complete 
|  39|0x0000000082700000, 0x0000000082800000, 0x0000000082800000|100%|HC|  |TAMS 0x0000000082800000, 0x0000000082700000| Complete 
|  40|0x0000000082800000, 0x0000000082900000, 0x0000000082900000|100%|HS|  |TAMS 0x0000000082900000, 0x0000000082800000| Complete 
|  41|0x0000000082900000, 0x0000000082a00000, 0x0000000082a00000|100%|HC|  |TAMS 0x0000000082a00000, 0x0000000082900000| Complete 
|  42|0x0000000082a00000, 0x0000000082b00000, 0x0000000082b00000|100%|HC|  |TAMS 0x0000000082b00000, 0x0000000082a00000| Complete 
|  43|0x0000000082b00000, 0x0000000082c00000, 0x0000000082c00000|100%|HC|  |TAMS 0x0000000082c00000, 0x0000000082b00000| Complete 
|  44|0x0000000082c00000, 0x0000000082d00000, 0x0000000082d00000|100%|HS|  |TAMS 0x0000000082d00000, 0x0000000082c00000| Complete 
|  45|0x0000000082d00000, 0x0000000082e00000, 0x0000000082e00000|100%|HC|  |TAMS 0x0000000082e00000, 0x0000000082d00000| Complete 
|  46|0x0000000082e00000, 0x0000000082f00000, 0x0000000082f00000|100%|HC|  |TAMS 0x0000000082f00000, 0x0000000082e00000| Complete 
|  47|0x0000000082f00000, 0x0000000083000000, 0x0000000083000000|100%|HC|  |TAMS 0x0000000083000000, 0x0000000082f00000| Complete 
|  48|0x0000000083000000, 0x0000000083100000, 0x0000000083100000|100%| O|  |TAMS 0x0000000083100000, 0x0000000083000000| Untracked 
|  49|0x0000000083100000, 0x0000000083200000, 0x0000000083200000|100%| O|  |TAMS 0x0000000083200000, 0x0000000083100000| Untracked 
|  50|0x0000000083200000, 0x0000000083300000, 0x0000000083300000|100%| O|  |TAMS 0x0000000083300000, 0x0000000083200000| Untracked 
|  51|0x0000000083300000, 0x0000000083400000, 0x0000000083400000|100%| O|  |TAMS 0x0000000083400000, 0x0000000083300000| Untracked 
|  52|0x0000000083400000, 0x0000000083500000, 0x0000000083500000|100%| O|  |TAMS 0x0000000083500000, 0x0000000083400000| Untracked 
|  53|0x0000000083500000, 0x0000000083600000, 0x0000000083600000|100%| O|  |TAMS 0x0000000083600000, 0x0000000083500000| Untracked 
|  54|0x0000000083600000, 0x0000000083700000, 0x0000000083700000|100%| O|  |TAMS 0x0000000083700000, 0x0000000083600000| Untracked 
|  55|0x0000000083700000, 0x0000000083800000, 0x0000000083800000|100%| O|  |TAMS 0x0000000083800000, 0x0000000083700000| Untracked 
|  56|0x0000000083800000, 0x0000000083900000, 0x0000000083900000|100%| O|  |TAMS 0x0000000083900000, 0x0000000083800000| Untracked 
|  57|0x0000000083900000, 0x0000000083a00000, 0x0000000083a00000|100%| O|  |TAMS 0x0000000083a00000, 0x0000000083900000| Untracked 
|  58|0x0000000083a00000, 0x0000000083b00000, 0x0000000083b00000|100%| O|  |TAMS 0x0000000083b00000, 0x0000000083a00000| Untracked 
|  59|0x0000000083b00000, 0x0000000083c00000, 0x0000000083c00000|100%| O|  |TAMS 0x0000000083c00000, 0x0000000083b00000| Untracked 
|  60|0x0000000083c00000, 0x0000000083d00000, 0x0000000083d00000|100%| O|  |TAMS 0x0000000083d00000, 0x0000000083c00000| Untracked 
|  61|0x0000000083d00000, 0x0000000083e00000, 0x0000000083e00000|100%| O|  |TAMS 0x0000000083e00000, 0x0000000083d00000| Complete 
|  62|0x0000000083e00000, 0x0000000083f00000, 0x0000000083f00000|100%| O|  |TAMS 0x0000000083f00000, 0x0000000083e00000| Untracked 
|  63|0x0000000083f00000, 0x0000000084000000, 0x0000000084000000|100%| O|  |TAMS 0x0000000084000000, 0x0000000083f00000| Untracked 
|  64|0x0000000084000000, 0x0000000084100000, 0x0000000084100000|100%| O|  |TAMS 0x0000000084100000, 0x0000000084000000| Untracked 
|  65|0x0000000084100000, 0x0000000084200000, 0x0000000084200000|100%|HS|  |TAMS 0x0000000084200000, 0x0000000084100000| Complete 
|  66|0x0000000084200000, 0x0000000084300000, 0x0000000084300000|100%|HS|  |TAMS 0x0000000084300000, 0x0000000084200000| Complete 
|  67|0x0000000084300000, 0x0000000084400000, 0x0000000084400000|100%|HS|  |TAMS 0x0000000084400000, 0x0000000084300000| Complete 
|  68|0x0000000084400000, 0x0000000084500000, 0x0000000084500000|100%|HS|  |TAMS 0x0000000084500000, 0x0000000084400000| Complete 
|  69|0x0000000084500000, 0x0000000084600000, 0x0000000084600000|100%| O|  |TAMS 0x0000000084600000, 0x0000000084500000| Untracked 
|  70|0x0000000084600000, 0x0000000084700000, 0x0000000084700000|100%| O|  |TAMS 0x0000000084700000, 0x0000000084600000| Untracked 
|  71|0x0000000084700000, 0x0000000084800000, 0x0000000084800000|100%| O|  |TAMS 0x0000000084800000, 0x0000000084700000| Untracked 
|  72|0x0000000084800000, 0x0000000084900000, 0x0000000084900000|100%| O|  |TAMS 0x0000000084900000, 0x0000000084800000| Untracked 
|  73|0x0000000084900000, 0x0000000084a00000, 0x0000000084a00000|100%| O|  |TAMS 0x0000000084a00000, 0x0000000084900000| Untracked 
|  74|0x0000000084a00000, 0x0000000084b00000, 0x0000000084b00000|100%| O|  |TAMS 0x0000000084b00000, 0x0000000084a00000| Untracked 
|  75|0x0000000084b00000, 0x0000000084c00000, 0x0000000084c00000|100%| O|  |TAMS 0x0000000084c00000, 0x0000000084b00000| Untracked 
|  76|0x0000000084c00000, 0x0000000084d00000, 0x0000000084d00000|100%| O|  |TAMS 0x0000000084d00000, 0x0000000084c00000| Untracked 
|  77|0x0000000084d00000, 0x0000000084e00000, 0x0000000084e00000|100%| O|  |TAMS 0x0000000084e00000, 0x0000000084d00000| Untracked 
|  78|0x0000000084e00000, 0x0000000084f00000, 0x0000000084f00000|100%| O|  |TAMS 0x0000000084f00000, 0x0000000084e00000| Untracked 
|  79|0x0000000084f00000, 0x0000000085000000, 0x0000000085000000|100%| O|  |TAMS 0x0000000085000000, 0x0000000084f00000| Untracked 
|  80|0x0000000085000000, 0x0000000085100000, 0x0000000085100000|100%| O|  |TAMS 0x0000000085100000, 0x0000000085000000| Untracked 
|  81|0x0000000085100000, 0x0000000085200000, 0x0000000085200000|100%| O|  |TAMS 0x0000000085200000, 0x0000000085100000| Complete 
|  82|0x0000000085200000, 0x0000000085300000, 0x0000000085300000|100%| O|  |TAMS 0x0000000085300000, 0x0000000085200000| Untracked 
|  83|0x0000000085300000, 0x0000000085400000, 0x0000000085400000|100%| O|  |TAMS 0x0000000085400000, 0x0000000085300000| Untracked 
|  84|0x0000000085400000, 0x0000000085500000, 0x0000000085500000|100%| O|  |TAMS 0x0000000085500000, 0x0000000085400000| Untracked 
|  85|0x0000000085500000, 0x0000000085600000, 0x0000000085600000|100%| O|  |TAMS 0x0000000085600000, 0x0000000085500000| Untracked 
|  86|0x0000000085600000, 0x0000000085700000, 0x0000000085700000|100%| O|  |TAMS 0x0000000085700000, 0x0000000085600000| Untracked 
|  87|0x0000000085700000, 0x0000000085800000, 0x0000000085800000|100%| O|  |TAMS 0x0000000085800000, 0x0000000085700000| Untracked 
|  88|0x0000000085800000, 0x0000000085900000, 0x0000000085900000|100%| O|  |TAMS 0x0000000085900000, 0x0000000085800000| Untracked 
|  89|0x0000000085900000, 0x0000000085a00000, 0x0000000085a00000|100%|HS|  |TAMS 0x0000000085a00000, 0x0000000085900000| Complete 
|  90|0x0000000085a00000, 0x0000000085b00000, 0x0000000085b00000|100%|HC|  |TAMS 0x0000000085b00000, 0x0000000085a00000| Complete 
|  91|0x0000000085b00000, 0x0000000085c00000, 0x0000000085c00000|100%|HC|  |TAMS 0x0000000085c00000, 0x0000000085b00000| Complete 
|  92|0x0000000085c00000, 0x0000000085d00000, 0x0000000085d00000|100%|HS|  |TAMS 0x0000000085d00000, 0x0000000085c00000| Complete 
|  93|0x0000000085d00000, 0x0000000085e00000, 0x0000000085e00000|100%|HC|  |TAMS 0x0000000085e00000, 0x0000000085d00000| Complete 
|  94|0x0000000085e00000, 0x0000000085f00000, 0x0000000085f00000|100%| O|  |TAMS 0x0000000085f00000, 0x0000000085e00000| Untracked 
|  95|0x0000000085f00000, 0x0000000086000000, 0x0000000086000000|100%| O|  |TAMS 0x0000000086000000, 0x0000000085f00000| Untracked 
|  96|0x0000000086000000, 0x0000000086100000, 0x0000000086100000|100%| O|  |TAMS 0x0000000086100000, 0x0000000086000000| Untracked 
|  97|0x0000000086100000, 0x0000000086200000, 0x0000000086200000|100%| O|  |TAMS 0x0000000086200000, 0x0000000086100000| Untracked 
|  98|0x0000000086200000, 0x0000000086300000, 0x0000000086300000|100%| O|  |TAMS 0x0000000086300000, 0x0000000086200000| Untracked 
|  99|0x0000000086300000, 0x0000000086400000, 0x0000000086400000|100%| O|  |TAMS 0x0000000086400000, 0x0000000086300000| Untracked 
| 100|0x0000000086400000, 0x0000000086500000, 0x0000000086500000|100%|HS|  |TAMS 0x0000000086500000, 0x0000000086400000| Complete 
| 101|0x0000000086500000, 0x0000000086600000, 0x0000000086600000|100%|HS|  |TAMS 0x0000000086600000, 0x0000000086500000| Complete 
| 102|0x0000000086600000, 0x0000000086700000, 0x0000000086700000|100%|HS|  |TAMS 0x0000000086700000, 0x0000000086600000| Complete 
| 103|0x0000000086700000, 0x0000000086800000, 0x0000000086800000|100%|HC|  |TAMS 0x0000000086800000, 0x0000000086700000| Complete 
| 104|0x0000000086800000, 0x0000000086900000, 0x0000000086900000|100%| O|  |TAMS 0x0000000086900000, 0x0000000086800000| Untracked 
| 105|0x0000000086900000, 0x0000000086a00000, 0x0000000086a00000|100%| O|  |TAMS 0x0000000086a00000, 0x0000000086900000| Untracked 
| 106|0x0000000086a00000, 0x0000000086b00000, 0x0000000086b00000|100%| O|  |TAMS 0x0000000086b00000, 0x0000000086a00000| Untracked 
| 107|0x0000000086b00000, 0x0000000086c00000, 0x0000000086c00000|100%| O|  |TAMS 0x0000000086c00000, 0x0000000086b00000| Untracked 
| 108|0x0000000086c00000, 0x0000000086d00000, 0x0000000086d00000|100%| O|  |TAMS 0x0000000086d00000, 0x0000000086c00000| Untracked 
| 109|0x0000000086d00000, 0x0000000086e00000, 0x0000000086e00000|100%| O|  |TAMS 0x0000000086e00000, 0x0000000086d00000| Untracked 
| 110|0x0000000086e00000, 0x0000000086f00000, 0x0000000086f00000|100%| O|  |TAMS 0x0000000086f00000, 0x0000000086e00000| Untracked 
| 111|0x0000000086f00000, 0x0000000087000000, 0x0000000087000000|100%| O|  |TAMS 0x0000000087000000, 0x0000000086f00000| Untracked 
| 112|0x0000000087000000, 0x0000000087100000, 0x0000000087100000|100%| O|  |TAMS 0x0000000087100000, 0x0000000087000000| Untracked 
| 113|0x0000000087100000, 0x0000000087200000, 0x0000000087200000|100%| O|  |TAMS 0x0000000087200000, 0x0000000087100000| Untracked 
| 114|0x0000000087200000, 0x0000000087300000, 0x0000000087300000|100%| O|  |TAMS 0x0000000087300000, 0x0000000087200000| Untracked 
| 115|0x0000000087300000, 0x0000000087400000, 0x0000000087400000|100%| O|  |TAMS 0x0000000087400000, 0x0000000087300000| Untracked 
| 116|0x0000000087400000, 0x0000000087500000, 0x0000000087500000|100%| O|  |TAMS 0x0000000087500000, 0x0000000087400000| Untracked 
| 117|0x0000000087500000, 0x0000000087600000, 0x0000000087600000|100%| O|  |TAMS 0x0000000087600000, 0x0000000087500000| Untracked 
| 118|0x0000000087600000, 0x0000000087700000, 0x0000000087700000|100%| O|  |TAMS 0x0000000087700000, 0x0000000087600000| Untracked 
| 119|0x0000000087700000, 0x0000000087800000, 0x0000000087800000|100%| O|  |TAMS 0x0000000087800000, 0x0000000087700000| Untracked 
| 120|0x0000000087800000, 0x0000000087900000, 0x0000000087900000|100%| O|  |TAMS 0x0000000087900000, 0x0000000087800000| Untracked 
| 121|0x0000000087900000, 0x0000000087a00000, 0x0000000087a00000|100%| O|  |TAMS 0x0000000087935800, 0x0000000087900000| Untracked 
| 122|0x0000000087a00000, 0x0000000087b00000, 0x0000000087b00000|100%| O|  |TAMS 0x0000000087a00000, 0x0000000087a00000| Untracked 
| 123|0x0000000087b00000, 0x0000000087c00000, 0x0000000087c00000|100%| O|  |TAMS 0x0000000087b00000, 0x0000000087b00000| Untracked 
| 124|0x0000000087c00000, 0x0000000087d00000, 0x0000000087d00000|100%| O|  |TAMS 0x0000000087c00000, 0x0000000087c00000| Untracked 
| 125|0x0000000087d00000, 0x0000000087e00000, 0x0000000087e00000|100%| O|  |TAMS 0x0000000087d00000, 0x0000000087d00000| Untracked 
| 126|0x0000000087e00000, 0x0000000087f00000, 0x0000000087f00000|100%| O|  |TAMS 0x0000000087e00000, 0x0000000087e00000| Untracked 
| 127|0x0000000087f00000, 0x0000000088000000, 0x0000000088000000|100%| O|  |TAMS 0x0000000087f00000, 0x0000000087f00000| Untracked 
| 128|0x0000000088000000, 0x0000000088100000, 0x0000000088100000|100%| O|  |TAMS 0x0000000088000000, 0x0000000088000000| Untracked 
| 129|0x0000000088100000, 0x0000000088200000, 0x0000000088200000|100%| O|  |TAMS 0x0000000088100000, 0x0000000088100000| Untracked 
| 130|0x0000000088200000, 0x0000000088300000, 0x0000000088300000|100%| O|  |TAMS 0x0000000088200000, 0x0000000088200000| Untracked 
| 131|0x0000000088300000, 0x0000000088400000, 0x0000000088400000|100%| O|  |TAMS 0x0000000088300000, 0x0000000088300000| Untracked 
| 132|0x0000000088400000, 0x0000000088500000, 0x0000000088500000|100%| O|  |TAMS 0x0000000088400000, 0x0000000088400000| Untracked 
| 133|0x0000000088500000, 0x0000000088600000, 0x0000000088600000|100%| O|  |TAMS 0x0000000088500000, 0x0000000088500000| Untracked 
| 134|0x0000000088600000, 0x0000000088700000, 0x0000000088700000|100%| O|  |TAMS 0x0000000088600000, 0x0000000088600000| Untracked 
| 135|0x0000000088700000, 0x0000000088800000, 0x0000000088800000|100%| O|  |TAMS 0x0000000088700000, 0x0000000088700000| Untracked 
| 136|0x0000000088800000, 0x0000000088880000, 0x0000000088900000| 50%| O|  |TAMS 0x0000000088800000, 0x0000000088800000| Untracked 
| 137|0x0000000088900000, 0x0000000088900000, 0x0000000088a00000|  0%| F|  |TAMS 0x0000000088900000, 0x0000000088900000| Untracked 
| 138|0x0000000088a00000, 0x0000000088a00000, 0x0000000088b00000|  0%| F|  |TAMS 0x0000000088a00000, 0x0000000088a00000| Untracked 
| 139|0x0000000088b00000, 0x0000000088b00000, 0x0000000088c00000|  0%| F|  |TAMS 0x0000000088b00000, 0x0000000088b00000| Untracked 
| 140|0x0000000088c00000, 0x0000000088c00000, 0x0000000088d00000|  0%| F|  |TAMS 0x0000000088c00000, 0x0000000088c00000| Untracked 
| 141|0x0000000088d00000, 0x0000000088d00000, 0x0000000088e00000|  0%| F|  |TAMS 0x0000000088d00000, 0x0000000088d00000| Untracked 
| 142|0x0000000088e00000, 0x0000000088e00000, 0x0000000088f00000|  0%| F|  |TAMS 0x0000000088e00000, 0x0000000088e00000| Untracked 
| 143|0x0000000088f00000, 0x0000000088f00000, 0x0000000089000000|  0%| F|  |TAMS 0x0000000088f00000, 0x0000000088f00000| Untracked 
| 144|0x0000000089000000, 0x0000000089000000, 0x0000000089100000|  0%| F|  |TAMS 0x0000000089000000, 0x0000000089000000| Untracked 
| 145|0x0000000089100000, 0x0000000089100000, 0x0000000089200000|  0%| F|  |TAMS 0x0000000089100000, 0x0000000089100000| Untracked 
| 146|0x0000000089200000, 0x0000000089200000, 0x0000000089300000|  0%| F|  |TAMS 0x0000000089200000, 0x0000000089200000| Untracked 
| 147|0x0000000089300000, 0x0000000089300000, 0x0000000089400000|  0%| F|  |TAMS 0x0000000089300000, 0x0000000089300000| Untracked 
| 148|0x0000000089400000, 0x0000000089400000, 0x0000000089500000|  0%| F|  |TAMS 0x0000000089400000, 0x0000000089400000| Untracked 
| 149|0x0000000089500000, 0x0000000089500000, 0x0000000089600000|  0%| F|  |TAMS 0x0000000089500000, 0x0000000089500000| Untracked 
| 150|0x0000000089600000, 0x0000000089600000, 0x0000000089700000|  0%| F|  |TAMS 0x0000000089600000, 0x0000000089600000| Untracked 
| 151|0x0000000089700000, 0x0000000089700000, 0x0000000089800000|  0%| F|  |TAMS 0x0000000089700000, 0x0000000089700000| Untracked 
| 152|0x0000000089800000, 0x0000000089800000, 0x0000000089900000|  0%| F|  |TAMS 0x0000000089800000, 0x0000000089800000| Untracked 
| 153|0x0000000089900000, 0x0000000089900000, 0x0000000089a00000|  0%| F|  |TAMS 0x0000000089900000, 0x0000000089900000| Untracked 
| 154|0x0000000089a00000, 0x0000000089a00000, 0x0000000089b00000|  0%| F|  |TAMS 0x0000000089a00000, 0x0000000089a00000| Untracked 
| 155|0x0000000089b00000, 0x0000000089b00000, 0x0000000089c00000|  0%| F|  |TAMS 0x0000000089b00000, 0x0000000089b00000| Untracked 
| 156|0x0000000089c00000, 0x0000000089c00000, 0x0000000089d00000|  0%| F|  |TAMS 0x0000000089c00000, 0x0000000089c00000| Untracked 
| 157|0x0000000089d00000, 0x0000000089d00000, 0x0000000089e00000|  0%| F|  |TAMS 0x0000000089d00000, 0x0000000089d00000| Untracked 
| 158|0x0000000089e00000, 0x0000000089e00000, 0x0000000089f00000|  0%| F|  |TAMS 0x0000000089e00000, 0x0000000089e00000| Untracked 
| 159|0x0000000089f00000, 0x0000000089f00000, 0x000000008a000000|  0%| F|  |TAMS 0x0000000089f00000, 0x0000000089f00000| Untracked 
| 160|0x000000008a000000, 0x000000008a000000, 0x000000008a100000|  0%| F|  |TAMS 0x000000008a000000, 0x000000008a000000| Untracked 
| 161|0x000000008a100000, 0x000000008a100000, 0x000000008a200000|  0%| F|  |TAMS 0x000000008a100000, 0x000000008a100000| Untracked 
| 162|0x000000008a200000, 0x000000008a200000, 0x000000008a300000|  0%| F|  |TAMS 0x000000008a200000, 0x000000008a200000| Untracked 
| 163|0x000000008a300000, 0x000000008a300000, 0x000000008a400000|  0%| F|  |TAMS 0x000000008a300000, 0x000000008a300000| Untracked 
| 164|0x000000008a400000, 0x000000008a400000, 0x000000008a500000|  0%| F|  |TAMS 0x000000008a400000, 0x000000008a400000| Untracked 
| 165|0x000000008a500000, 0x000000008a500000, 0x000000008a600000|  0%| F|  |TAMS 0x000000008a500000, 0x000000008a500000| Untracked 
| 166|0x000000008a600000, 0x000000008a600000, 0x000000008a700000|  0%| F|  |TAMS 0x000000008a600000, 0x000000008a600000| Untracked 
| 167|0x000000008a700000, 0x000000008a700000, 0x000000008a800000|  0%| F|  |TAMS 0x000000008a700000, 0x000000008a700000| Untracked 
| 168|0x000000008a800000, 0x000000008a800000, 0x000000008a900000|  0%| F|  |TAMS 0x000000008a800000, 0x000000008a800000| Untracked 
| 169|0x000000008a900000, 0x000000008a900000, 0x000000008aa00000|  0%| F|  |TAMS 0x000000008a900000, 0x000000008a900000| Untracked 
| 170|0x000000008aa00000, 0x000000008aa00000, 0x000000008ab00000|  0%| F|  |TAMS 0x000000008aa00000, 0x000000008aa00000| Untracked 
| 171|0x000000008ab00000, 0x000000008ab00000, 0x000000008ac00000|  0%| F|  |TAMS 0x000000008ab00000, 0x000000008ab00000| Untracked 
| 172|0x000000008ac00000, 0x000000008ac00000, 0x000000008ad00000|  0%| F|  |TAMS 0x000000008ac00000, 0x000000008ac00000| Untracked 
| 173|0x000000008ad00000, 0x000000008ad00000, 0x000000008ae00000|  0%| F|  |TAMS 0x000000008ad00000, 0x000000008ad00000| Untracked 
| 174|0x000000008ae00000, 0x000000008ae00000, 0x000000008af00000|  0%| F|  |TAMS 0x000000008ae00000, 0x000000008ae00000| Untracked 
| 175|0x000000008af00000, 0x000000008af00000, 0x000000008b000000|  0%| F|  |TAMS 0x000000008af00000, 0x000000008af00000| Untracked 
| 176|0x000000008b000000, 0x000000008b000000, 0x000000008b100000|  0%| F|  |TAMS 0x000000008b000000, 0x000000008b000000| Untracked 
| 177|0x000000008b100000, 0x000000008b100000, 0x000000008b200000|  0%| F|  |TAMS 0x000000008b100000, 0x000000008b100000| Untracked 
| 178|0x000000008b200000, 0x000000008b200000, 0x000000008b300000|  0%| F|  |TAMS 0x000000008b200000, 0x000000008b200000| Untracked 
| 179|0x000000008b300000, 0x000000008b300000, 0x000000008b400000|  0%| F|  |TAMS 0x000000008b300000, 0x000000008b300000| Untracked 
| 180|0x000000008b400000, 0x000000008b400000, 0x000000008b500000|  0%| F|  |TAMS 0x000000008b400000, 0x000000008b400000| Untracked 
| 181|0x000000008b500000, 0x000000008b500000, 0x000000008b600000|  0%| F|  |TAMS 0x000000008b500000, 0x000000008b500000| Untracked 
| 182|0x000000008b600000, 0x000000008b600000, 0x000000008b700000|  0%| F|  |TAMS 0x000000008b600000, 0x000000008b600000| Untracked 
| 183|0x000000008b700000, 0x000000008b700000, 0x000000008b800000|  0%| F|  |TAMS 0x000000008b700000, 0x000000008b700000| Untracked 
| 184|0x000000008b800000, 0x000000008b800000, 0x000000008b900000|  0%| F|  |TAMS 0x000000008b800000, 0x000000008b800000| Untracked 
| 185|0x000000008b900000, 0x000000008b900000, 0x000000008ba00000|  0%| F|  |TAMS 0x000000008b900000, 0x000000008b900000| Untracked 
| 186|0x000000008ba00000, 0x000000008ba00000, 0x000000008bb00000|  0%| F|  |TAMS 0x000000008ba00000, 0x000000008ba00000| Untracked 
| 187|0x000000008bb00000, 0x000000008bb00000, 0x000000008bc00000|  0%| F|  |TAMS 0x000000008bb00000, 0x000000008bb00000| Untracked 
| 188|0x000000008bc00000, 0x000000008bc00000, 0x000000008bd00000|  0%| F|  |TAMS 0x000000008bc00000, 0x000000008bc00000| Untracked 
| 189|0x000000008bd00000, 0x000000008bd00000, 0x000000008be00000|  0%| F|  |TAMS 0x000000008bd00000, 0x000000008bd00000| Untracked 
| 190|0x000000008be00000, 0x000000008be00000, 0x000000008bf00000|  0%| F|  |TAMS 0x000000008be00000, 0x000000008be00000| Untracked 
| 191|0x000000008bf00000, 0x000000008bf00000, 0x000000008c000000|  0%| F|  |TAMS 0x000000008bf00000, 0x000000008bf00000| Untracked 
| 192|0x000000008c000000, 0x000000008c000000, 0x000000008c100000|  0%| F|  |TAMS 0x000000008c000000, 0x000000008c000000| Untracked 
| 193|0x000000008c100000, 0x000000008c100000, 0x000000008c200000|  0%| F|  |TAMS 0x000000008c100000, 0x000000008c100000| Untracked 
| 194|0x000000008c200000, 0x000000008c200000, 0x000000008c300000|  0%| F|  |TAMS 0x000000008c200000, 0x000000008c200000| Untracked 
| 195|0x000000008c300000, 0x000000008c300000, 0x000000008c400000|  0%| F|  |TAMS 0x000000008c300000, 0x000000008c300000| Untracked 
| 196|0x000000008c400000, 0x000000008c400000, 0x000000008c500000|  0%| F|  |TAMS 0x000000008c400000, 0x000000008c400000| Untracked 
| 197|0x000000008c500000, 0x000000008c500000, 0x000000008c600000|  0%| F|  |TAMS 0x000000008c500000, 0x000000008c500000| Untracked 
| 198|0x000000008c600000, 0x000000008c600000, 0x000000008c700000|  0%| F|  |TAMS 0x000000008c600000, 0x000000008c600000| Untracked 
| 199|0x000000008c700000, 0x000000008c700000, 0x000000008c800000|  0%| F|  |TAMS 0x000000008c700000, 0x000000008c700000| Untracked 
| 200|0x000000008c800000, 0x000000008c800000, 0x000000008c900000|  0%| F|  |TAMS 0x000000008c800000, 0x000000008c800000| Untracked 
| 201|0x000000008c900000, 0x000000008c900000, 0x000000008ca00000|  0%| F|  |TAMS 0x000000008c900000, 0x000000008c900000| Untracked 
| 202|0x000000008ca00000, 0x000000008ca00000, 0x000000008cb00000|  0%| F|  |TAMS 0x000000008ca00000, 0x000000008ca00000| Untracked 
| 203|0x000000008cb00000, 0x000000008cb00000, 0x000000008cc00000|  0%| F|  |TAMS 0x000000008cb00000, 0x000000008cb00000| Untracked 
| 204|0x000000008cc00000, 0x000000008cc00000, 0x000000008cd00000|  0%| F|  |TAMS 0x000000008cc00000, 0x000000008cc00000| Untracked 
| 205|0x000000008cd00000, 0x000000008cd00000, 0x000000008ce00000|  0%| F|  |TAMS 0x000000008cd00000, 0x000000008cd00000| Untracked 
| 206|0x000000008ce00000, 0x000000008ce00000, 0x000000008cf00000|  0%| F|  |TAMS 0x000000008ce00000, 0x000000008ce00000| Untracked 
| 207|0x000000008cf00000, 0x000000008cf00000, 0x000000008d000000|  0%| F|  |TAMS 0x000000008cf00000, 0x000000008cf00000| Untracked 
| 208|0x000000008d000000, 0x000000008d000000, 0x000000008d100000|  0%| F|  |TAMS 0x000000008d000000, 0x000000008d000000| Untracked 
| 209|0x000000008d100000, 0x000000008d100000, 0x000000008d200000|  0%| F|  |TAMS 0x000000008d100000, 0x000000008d100000| Untracked 
| 210|0x000000008d200000, 0x000000008d200000, 0x000000008d300000|  0%| F|  |TAMS 0x000000008d200000, 0x000000008d200000| Untracked 
| 211|0x000000008d300000, 0x000000008d300000, 0x000000008d400000|  0%| F|  |TAMS 0x000000008d300000, 0x000000008d300000| Untracked 
| 212|0x000000008d400000, 0x000000008d400000, 0x000000008d500000|  0%| F|  |TAMS 0x000000008d400000, 0x000000008d400000| Untracked 
| 213|0x000000008d500000, 0x000000008d500000, 0x000000008d600000|  0%| F|  |TAMS 0x000000008d500000, 0x000000008d500000| Untracked 
| 214|0x000000008d600000, 0x000000008d600000, 0x000000008d700000|  0%| F|  |TAMS 0x000000008d600000, 0x000000008d600000| Untracked 
| 215|0x000000008d700000, 0x000000008d700000, 0x000000008d800000|  0%| F|  |TAMS 0x000000008d700000, 0x000000008d700000| Untracked 
| 216|0x000000008d800000, 0x000000008d800000, 0x000000008d900000|  0%| F|  |TAMS 0x000000008d800000, 0x000000008d800000| Untracked 
| 217|0x000000008d900000, 0x000000008d900000, 0x000000008da00000|  0%| F|  |TAMS 0x000000008d900000, 0x000000008d900000| Untracked 
| 218|0x000000008da00000, 0x000000008da00000, 0x000000008db00000|  0%| F|  |TAMS 0x000000008da00000, 0x000000008da00000| Untracked 
| 219|0x000000008db00000, 0x000000008db00000, 0x000000008dc00000|  0%| F|  |TAMS 0x000000008db00000, 0x000000008db00000| Untracked 
| 220|0x000000008dc00000, 0x000000008dc00000, 0x000000008dd00000|  0%| F|  |TAMS 0x000000008dc00000, 0x000000008dc00000| Untracked 
| 221|0x000000008dd00000, 0x000000008dd00000, 0x000000008de00000|  0%| F|  |TAMS 0x000000008dd00000, 0x000000008dd00000| Untracked 
| 222|0x000000008de00000, 0x000000008de00000, 0x000000008df00000|  0%| F|  |TAMS 0x000000008de00000, 0x000000008de00000| Untracked 
| 223|0x000000008df00000, 0x000000008df00000, 0x000000008e000000|  0%| F|  |TAMS 0x000000008df00000, 0x000000008df00000| Untracked 
| 224|0x000000008e000000, 0x000000008e000000, 0x000000008e100000|  0%| F|  |TAMS 0x000000008e000000, 0x000000008e000000| Untracked 
| 225|0x000000008e100000, 0x000000008e100000, 0x000000008e200000|  0%| F|  |TAMS 0x000000008e100000, 0x000000008e100000| Untracked 
| 226|0x000000008e200000, 0x000000008e200000, 0x000000008e300000|  0%| F|  |TAMS 0x000000008e200000, 0x000000008e200000| Untracked 
| 227|0x000000008e300000, 0x000000008e300000, 0x000000008e400000|  0%| F|  |TAMS 0x000000008e300000, 0x000000008e300000| Untracked 
| 228|0x000000008e400000, 0x000000008e400000, 0x000000008e500000|  0%| F|  |TAMS 0x000000008e400000, 0x000000008e400000| Untracked 
| 229|0x000000008e500000, 0x000000008e500000, 0x000000008e600000|  0%| F|  |TAMS 0x000000008e500000, 0x000000008e500000| Untracked 
| 230|0x000000008e600000, 0x000000008e600000, 0x000000008e700000|  0%| F|  |TAMS 0x000000008e600000, 0x000000008e600000| Untracked 
| 231|0x000000008e700000, 0x000000008e700000, 0x000000008e800000|  0%| F|  |TAMS 0x000000008e700000, 0x000000008e700000| Untracked 
| 232|0x000000008e800000, 0x000000008e800000, 0x000000008e900000|  0%| F|  |TAMS 0x000000008e800000, 0x000000008e800000| Untracked 
| 233|0x000000008e900000, 0x000000008e900000, 0x000000008ea00000|  0%| F|  |TAMS 0x000000008e900000, 0x000000008e900000| Untracked 
| 234|0x000000008ea00000, 0x000000008ea00000, 0x000000008eb00000|  0%| F|  |TAMS 0x000000008ea00000, 0x000000008ea00000| Untracked 
| 235|0x000000008eb00000, 0x000000008eb00000, 0x000000008ec00000|  0%| F|  |TAMS 0x000000008eb00000, 0x000000008eb00000| Untracked 
| 236|0x000000008ec00000, 0x000000008ec00000, 0x000000008ed00000|  0%| F|  |TAMS 0x000000008ec00000, 0x000000008ec00000| Untracked 
| 237|0x000000008ed00000, 0x000000008ed00000, 0x000000008ee00000|  0%| F|  |TAMS 0x000000008ed00000, 0x000000008ed00000| Untracked 
| 238|0x000000008ee00000, 0x000000008ee00000, 0x000000008ef00000|  0%| F|  |TAMS 0x000000008ee00000, 0x000000008ee00000| Untracked 
| 239|0x000000008ef00000, 0x000000008ef00000, 0x000000008f000000|  0%| F|  |TAMS 0x000000008ef00000, 0x000000008ef00000| Untracked 
| 240|0x000000008f000000, 0x000000008f000000, 0x000000008f100000|  0%| F|  |TAMS 0x000000008f000000, 0x000000008f000000| Untracked 
| 241|0x000000008f100000, 0x000000008f100000, 0x000000008f200000|  0%| F|  |TAMS 0x000000008f100000, 0x000000008f100000| Untracked 
| 242|0x000000008f200000, 0x000000008f200000, 0x000000008f300000|  0%| F|  |TAMS 0x000000008f200000, 0x000000008f200000| Untracked 
| 243|0x000000008f300000, 0x000000008f300000, 0x000000008f400000|  0%| F|  |TAMS 0x000000008f300000, 0x000000008f300000| Untracked 
| 244|0x000000008f400000, 0x000000008f400000, 0x000000008f500000|  0%| F|  |TAMS 0x000000008f400000, 0x000000008f400000| Untracked 
| 245|0x000000008f500000, 0x000000008f500000, 0x000000008f600000|  0%| F|  |TAMS 0x000000008f500000, 0x000000008f500000| Untracked 
| 246|0x000000008f600000, 0x000000008f600000, 0x000000008f700000|  0%| F|  |TAMS 0x000000008f600000, 0x000000008f600000| Untracked 
| 247|0x000000008f700000, 0x000000008f700000, 0x000000008f800000|  0%| F|  |TAMS 0x000000008f700000, 0x000000008f700000| Untracked 
| 248|0x000000008f800000, 0x000000008f800000, 0x000000008f900000|  0%| F|  |TAMS 0x000000008f800000, 0x000000008f800000| Untracked 
| 249|0x000000008f900000, 0x000000008f900000, 0x000000008fa00000|  0%| F|  |TAMS 0x000000008f900000, 0x000000008f900000| Untracked 
| 250|0x000000008fa00000, 0x000000008fa00000, 0x000000008fb00000|  0%| F|  |TAMS 0x000000008fa00000, 0x000000008fa00000| Untracked 
| 251|0x000000008fb00000, 0x000000008fb00000, 0x000000008fc00000|  0%| F|  |TAMS 0x000000008fb00000, 0x000000008fb00000| Untracked 
| 252|0x000000008fc00000, 0x000000008fc00000, 0x000000008fd00000|  0%| F|  |TAMS 0x000000008fc00000, 0x000000008fc00000| Untracked 
| 253|0x000000008fd00000, 0x000000008fd00000, 0x000000008fe00000|  0%| F|  |TAMS 0x000000008fd00000, 0x000000008fd00000| Untracked 
| 254|0x000000008fe00000, 0x000000008fe00000, 0x000000008ff00000|  0%| F|  |TAMS 0x000000008fe00000, 0x000000008fe00000| Untracked 
| 255|0x000000008ff00000, 0x000000008ff00000, 0x0000000090000000|  0%| F|  |TAMS 0x000000008ff00000, 0x000000008ff00000| Untracked 
| 256|0x0000000090000000, 0x0000000090000000, 0x0000000090100000|  0%| F|  |TAMS 0x0000000090000000, 0x0000000090000000| Untracked 
| 257|0x0000000090100000, 0x0000000090100000, 0x0000000090200000|  0%| F|  |TAMS 0x0000000090100000, 0x0000000090100000| Untracked 
| 258|0x0000000090200000, 0x0000000090200000, 0x0000000090300000|  0%| F|  |TAMS 0x0000000090200000, 0x0000000090200000| Untracked 
| 259|0x0000000090300000, 0x0000000090300000, 0x0000000090400000|  0%| F|  |TAMS 0x0000000090300000, 0x0000000090300000| Untracked 
| 260|0x0000000090400000, 0x0000000090400000, 0x0000000090500000|  0%| F|  |TAMS 0x0000000090400000, 0x0000000090400000| Untracked 
| 261|0x0000000090500000, 0x0000000090516d20, 0x0000000090600000|  8%| E|  |TAMS 0x0000000090500000, 0x0000000090500000| Complete 
| 262|0x0000000090600000, 0x0000000090700000, 0x0000000090700000|100%| E|CS|TAMS 0x0000000090600000, 0x0000000090600000| Complete 
| 263|0x0000000090700000, 0x0000000090800000, 0x0000000090800000|100%| E|CS|TAMS 0x0000000090700000, 0x0000000090700000| Complete 
| 264|0x0000000090800000, 0x0000000090900000, 0x0000000090900000|100%| E|CS|TAMS 0x0000000090800000, 0x0000000090800000| Complete 
| 265|0x0000000090900000, 0x0000000090a00000, 0x0000000090a00000|100%| E|CS|TAMS 0x0000000090900000, 0x0000000090900000| Complete 
| 266|0x0000000090a00000, 0x0000000090b00000, 0x0000000090b00000|100%| E|CS|TAMS 0x0000000090a00000, 0x0000000090a00000| Complete 
| 267|0x0000000090b00000, 0x0000000090c00000, 0x0000000090c00000|100%| E|CS|TAMS 0x0000000090b00000, 0x0000000090b00000| Complete 
| 268|0x0000000090c00000, 0x0000000090d00000, 0x0000000090d00000|100%| E|CS|TAMS 0x0000000090c00000, 0x0000000090c00000| Complete 
| 269|0x0000000090d00000, 0x0000000090e00000, 0x0000000090e00000|100%| E|CS|TAMS 0x0000000090d00000, 0x0000000090d00000| Complete 
| 270|0x0000000090e00000, 0x0000000090f00000, 0x0000000090f00000|100%| E|CS|TAMS 0x0000000090e00000, 0x0000000090e00000| Complete 
| 271|0x0000000090f00000, 0x0000000091000000, 0x0000000091000000|100%| E|CS|TAMS 0x0000000090f00000, 0x0000000090f00000| Complete 
| 272|0x0000000091000000, 0x0000000091100000, 0x0000000091100000|100%| E|CS|TAMS 0x0000000091000000, 0x0000000091000000| Complete 
| 273|0x0000000091100000, 0x0000000091200000, 0x0000000091200000|100%| E|CS|TAMS 0x0000000091100000, 0x0000000091100000| Complete 
| 274|0x0000000091200000, 0x0000000091300000, 0x0000000091300000|100%| E|CS|TAMS 0x0000000091200000, 0x0000000091200000| Complete 
| 275|0x0000000091300000, 0x0000000091400000, 0x0000000091400000|100%| E|CS|TAMS 0x0000000091300000, 0x0000000091300000| Complete 
| 276|0x0000000091400000, 0x0000000091500000, 0x0000000091500000|100%| S|CS|TAMS 0x0000000091400000, 0x0000000091400000| Complete 
| 277|0x0000000091500000, 0x0000000091600000, 0x0000000091600000|100%| S|CS|TAMS 0x0000000091500000, 0x0000000091500000| Complete 
| 278|0x0000000091600000, 0x0000000091700000, 0x0000000091700000|100%| E|CS|TAMS 0x0000000091600000, 0x0000000091600000| Complete 
| 279|0x0000000091700000, 0x0000000091800000, 0x0000000091800000|100%| E|CS|TAMS 0x0000000091700000, 0x0000000091700000| Complete 
| 280|0x0000000091800000, 0x0000000091900000, 0x0000000091900000|100%| E|CS|TAMS 0x0000000091800000, 0x0000000091800000| Complete 
| 281|0x0000000091900000, 0x0000000091a00000, 0x0000000091a00000|100%| E|CS|TAMS 0x0000000091900000, 0x0000000091900000| Complete 
| 282|0x0000000091a00000, 0x0000000091b00000, 0x0000000091b00000|100%| E|CS|TAMS 0x0000000091a00000, 0x0000000091a00000| Complete 
| 283|0x0000000091b00000, 0x0000000091c00000, 0x0000000091c00000|100%| E|CS|TAMS 0x0000000091b00000, 0x0000000091b00000| Complete 
| 284|0x0000000091c00000, 0x0000000091d00000, 0x0000000091d00000|100%| E|CS|TAMS 0x0000000091c00000, 0x0000000091c00000| Complete 
| 285|0x0000000091d00000, 0x0000000091e00000, 0x0000000091e00000|100%| E|CS|TAMS 0x0000000091d00000, 0x0000000091d00000| Complete 
| 286|0x0000000091e00000, 0x0000000091f00000, 0x0000000091f00000|100%| E|CS|TAMS 0x0000000091e00000, 0x0000000091e00000| Complete 
| 287|0x0000000091f00000, 0x0000000092000000, 0x0000000092000000|100%| E|CS|TAMS 0x0000000091f00000, 0x0000000091f00000| Complete 
| 288|0x0000000092000000, 0x0000000092100000, 0x0000000092100000|100%| E|CS|TAMS 0x0000000092000000, 0x0000000092000000| Complete 
| 289|0x0000000092100000, 0x0000000092200000, 0x0000000092200000|100%| E|CS|TAMS 0x0000000092100000, 0x0000000092100000| Complete 
| 290|0x0000000092200000, 0x0000000092300000, 0x0000000092300000|100%| E|CS|TAMS 0x0000000092200000, 0x0000000092200000| Complete 
| 291|0x0000000092300000, 0x0000000092400000, 0x0000000092400000|100%| E|CS|TAMS 0x0000000092300000, 0x0000000092300000| Complete 

Card table byte_map: [0x0000024d373b0000,0x0000024d377b0000] _byte_map_base: 0x0000024d36fb0000

Marking Bits (Prev, Next): (CMBitMap*) 0x0000024d1e3f9fe0, (CMBitMap*) 0x0000024d1e3fa020
 Prev Bits: [0x0000024d37bb0000, 0x0000024d39bb0000)
 Next Bits: [0x0000024d39bb0000, 0x0000024d3bbb0000)

Polling page: 0x0000024d1fc70000

Metaspace:

Usage:
  Non-class:     84.33 MB used.
      Class:     13.81 MB used.
       Both:     98.14 MB used.

Virtual space:
  Non-class space:      128.00 MB reserved,      84.81 MB ( 66%) committed,  2 nodes.
      Class space:      416.00 MB reserved,      14.25 MB (  3%) committed,  1 nodes.
             Both:      544.00 MB reserved,      99.06 MB ( 18%) committed. 

Chunk freelists:
   Non-Class:  11.11 MB
       Class:  1.66 MB
        Both:  12.77 MB

MaxMetaspaceSize: 512.00 MB
CompressedClassSpaceSize: 416.00 MB
Initial GC threshold: 21.00 MB
Current GC threshold: 164.00 MB
CDS: on
MetaspaceReclaimPolicy: balanced
 - commit_granule_bytes: 65536.
 - commit_granule_words: 8192.
 - virtual_space_node_default_size: 8388608.
 - enlarge_chunks_in_place: 1.
 - new_chunks_are_fully_committed: 0.
 - uncommit_free_chunks: 1.
 - use_allocation_guard: 0.
 - handle_deallocations: 1.


Internal statistics:

num_allocs_failed_limit: 12.
num_arena_births: 1210.
num_arena_deaths: 0.
num_vsnodes_births: 3.
num_vsnodes_deaths: 0.
num_space_committed: 1585.
num_space_uncommitted: 0.
num_chunks_returned_to_freelist: 12.
num_chunks_taken_from_freelist: 5537.
num_chunk_merges: 12.
num_chunk_splits: 3652.
num_chunks_enlarged: 2388.
num_inconsistent_stats: 0.

CodeHeap 'non-profiled nmethods': size=120000Kb used=6563Kb max_used=6563Kb free=113436Kb
 bounds [0x0000024d2fa80000, 0x0000024d300f0000, 0x0000024d36fb0000]
CodeHeap 'profiled nmethods': size=120000Kb used=23550Kb max_used=23550Kb free=96449Kb
 bounds [0x0000024d27fb0000, 0x0000024d296b0000, 0x0000024d2f4e0000]
CodeHeap 'non-nmethods': size=5760Kb used=2405Kb max_used=2474Kb free=3354Kb
 bounds [0x0000024d2f4e0000, 0x0000024d2f760000, 0x0000024d2fa80000]
 total_blobs=12376 nmethods=11437 adapters=849
 compilation: enabled
              stopped_count=0, restarted_count=0
 full_count=0

Compilation events (20 events):
Event: 46.875 Thread 0x0000024d3e0d57f0 12953       3       kotlin.jvm.internal.PropertyReference1::invoke (6 bytes)
Event: 46.875 Thread 0x0000024d3e0d57f0 nmethod 12953 0x0000024d2969c490 code [0x0000024d2969c640, 0x0000024d2969c808]
Event: 46.882 Thread 0x0000024d3e0d57f0 12954       1       org.gradle.internal.execution.model.annotations.InputPropertyAnnotationHandler::isPropertyRelevant (2 bytes)
Event: 46.882 Thread 0x0000024d3e0d57f0 nmethod 12954 0x0000024d300e7710 code [0x0000024d300e78a0, 0x0000024d300e7978]
Event: 46.889 Thread 0x0000024d3e0d57f0 12955       3       org.gradle.api.internal.project.DefaultProject::getTaskDependencyFactory (30 bytes)
Event: 46.890 Thread 0x0000024d3e0d57f0 nmethod 12955 0x0000024d2969c890 code [0x0000024d2969ca80, 0x0000024d2969d1a8]
Event: 46.900 Thread 0x0000024d3e0d57f0 12956       3       org.gradle.util.Path::compareTo (110 bytes)
Event: 46.901 Thread 0x0000024d3e0d57f0 nmethod 12956 0x0000024d2969d390 code [0x0000024d2969d5c0, 0x0000024d2969ddd8]
Event: 46.901 Thread 0x0000024d3e0d57f0 12957       3       org.gradle.internal.reflect.annotations.impl.DefaultTypeAnnotationMetadataStore$$Lambda$1473/0x0000024d40946a30::test (12 bytes)
Event: 46.901 Thread 0x0000024d3e0d57f0 nmethod 12957 0x0000024d2969e110 code [0x0000024d2969e2c0, 0x0000024d2969e568]
Event: 46.901 Thread 0x0000024d3e0d57f0 12960       3       com.google.common.collect.RegularImmutableMap::forEach (55 bytes)
Event: 46.901 Thread 0x0000024d3e0d57f0 nmethod 12960 0x0000024d2969e690 code [0x0000024d2969e880, 0x0000024d2969ee38]
Event: 46.901 Thread 0x0000024d3e0d57f0 12958       3       org.gradle.internal.reflect.annotations.impl.DefaultTypeAnnotationMetadataStore::lambda$isSetterProhibitedForType$10 (6 bytes)
Event: 46.901 Thread 0x0000024d3e0d57f0 nmethod 12958 0x0000024d2969f090 code [0x0000024d2969f220, 0x0000024d2969f348]
Event: 46.904 Thread 0x0000024d3e0d57f0 12961       3       com.google.common.collect.Iterators$6::transform (11 bytes)
Event: 46.904 Thread 0x0000024d3e0d57f0 nmethod 12961 0x0000024d2969f410 code [0x0000024d2969f5c0, 0x0000024d2969f788]
Event: 46.916 Thread 0x0000024d3e0d57f0 12962       3       org.gradle.internal.extensibility.ExtensionsStorage::hasExtension (11 bytes)
Event: 46.916 Thread 0x0000024d3e0d57f0 nmethod 12962 0x0000024d2969f890 code [0x0000024d2969fa40, 0x0000024d2969fc08]
Event: 46.918 Thread 0x0000024d3e0d57f0 12963       3       java.io.BufferedReader::ensureOpen (18 bytes)
Event: 46.919 Thread 0x0000024d3e0d57f0 nmethod 12963 0x0000024d2969fd10 code [0x0000024d2969fec0, 0x0000024d296a00c8]

GC Heap History (20 events):
Event: 26.959 GC heap before
{Heap before GC invocations=20 (full 0):
 garbage-first heap   total 158720K, used 127212K [0x0000000080000000, 0x0000000100000000)
  region size 1024K, 61 young (62464K), 1 survivors (1024K)
 Metaspace       used 67066K, committed 67776K, reserved 491520K
  class space    used 9583K, committed 9920K, reserved 425984K
}
Event: 26.970 GC heap after
{Heap after GC invocations=21 (full 0):
 garbage-first heap   total 158720K, used 70624K [0x0000000080000000, 0x0000000100000000)
  region size 1024K, 6 young (6144K), 6 survivors (6144K)
 Metaspace       used 67066K, committed 67776K, reserved 491520K
  class space    used 9583K, committed 9920K, reserved 425984K
}
Event: 28.128 GC heap before
{Heap before GC invocations=21 (full 0):
 garbage-first heap   total 158720K, used 131040K [0x0000000080000000, 0x0000000100000000)
  region size 1024K, 61 young (62464K), 6 survivors (6144K)
 Metaspace       used 68566K, committed 69312K, reserved 491520K
  class space    used 9779K, committed 10112K, reserved 425984K
}
Event: 28.143 GC heap after
{Heap after GC invocations=22 (full 0):
 garbage-first heap   total 158720K, used 83332K [0x0000000080000000, 0x0000000100000000)
  region size 1024K, 8 young (8192K), 8 survivors (8192K)
 Metaspace       used 68566K, committed 69312K, reserved 491520K
  class space    used 9779K, committed 10112K, reserved 425984K
}
Event: 28.725 GC heap before
{Heap before GC invocations=22 (full 0):
 garbage-first heap   total 158720K, used 126340K [0x0000000080000000, 0x0000000100000000)
  region size 1024K, 49 young (50176K), 8 survivors (8192K)
 Metaspace       used 71987K, committed 72704K, reserved 491520K
  class space    used 10164K, committed 10496K, reserved 425984K
}
Event: 28.731 GC heap after
{Heap after GC invocations=23 (full 0):
 garbage-first heap   total 158720K, used 86860K [0x0000000080000000, 0x0000000100000000)
  region size 1024K, 2 young (2048K), 2 survivors (2048K)
 Metaspace       used 71987K, committed 72704K, reserved 491520K
  class space    used 10164K, committed 10496K, reserved 425984K
}
Event: 29.450 GC heap before
{Heap before GC invocations=23 (full 0):
 garbage-first heap   total 158720K, used 133964K [0x0000000080000000, 0x0000000100000000)
  region size 1024K, 42 young (43008K), 2 survivors (2048K)
 Metaspace       used 74972K, committed 75648K, reserved 557056K
  class space    used 10528K, committed 10816K, reserved 425984K
}
Event: 29.456 GC heap after
{Heap after GC invocations=24 (full 0):
 garbage-first heap   total 158720K, used 91101K [0x0000000080000000, 0x0000000100000000)
  region size 1024K, 6 young (6144K), 6 survivors (6144K)
 Metaspace       used 74972K, committed 75648K, reserved 557056K
  class space    used 10528K, committed 10816K, reserved 425984K
}
Event: 30.009 GC heap before
{Heap before GC invocations=24 (full 0):
 garbage-first heap   total 158720K, used 128989K [0x0000000080000000, 0x0000000100000000)
  region size 1024K, 43 young (44032K), 6 survivors (6144K)
 Metaspace       used 77524K, committed 78208K, reserved 557056K
  class space    used 10863K, committed 11200K, reserved 425984K
}
Event: 30.016 GC heap after
{Heap after GC invocations=25 (full 0):
 garbage-first heap   total 158720K, used 93265K [0x0000000080000000, 0x0000000100000000)
  region size 1024K, 3 young (3072K), 3 survivors (3072K)
 Metaspace       used 77524K, committed 78208K, reserved 557056K
  class space    used 10863K, committed 11200K, reserved 425984K
}
Event: 30.776 GC heap before
{Heap before GC invocations=25 (full 0):
 garbage-first heap   total 158720K, used 130129K [0x0000000080000000, 0x0000000100000000)
  region size 1024K, 39 young (39936K), 3 survivors (3072K)
 Metaspace       used 80243K, committed 80960K, reserved 557056K
  class space    used 11245K, committed 11584K, reserved 425984K
}
Event: 30.783 GC heap after
{Heap after GC invocations=26 (full 0):
 garbage-first heap   total 299008K, used 94445K [0x0000000080000000, 0x0000000100000000)
  region size 1024K, 4 young (4096K), 4 survivors (4096K)
 Metaspace       used 80243K, committed 80960K, reserved 557056K
  class space    used 11245K, committed 11584K, reserved 425984K
}
Event: 38.977 GC heap before
{Heap before GC invocations=26 (full 0):
 garbage-first heap   total 299008K, used 228589K [0x0000000080000000, 0x0000000100000000)
  region size 1024K, 134 young (137216K), 4 survivors (4096K)
 Metaspace       used 86511K, committed 87296K, reserved 557056K
  class space    used 12220K, committed 12608K, reserved 425984K
}
Event: 38.993 GC heap after
{Heap after GC invocations=27 (full 0):
 garbage-first heap   total 299008K, used 101124K [0x0000000080000000, 0x0000000100000000)
  region size 1024K, 10 young (10240K), 10 survivors (10240K)
 Metaspace       used 86511K, committed 87296K, reserved 557056K
  class space    used 12220K, committed 12608K, reserved 425984K
}
Event: 42.157 GC heap before
{Heap before GC invocations=27 (full 0):
 garbage-first heap   total 299008K, used 238340K [0x0000000080000000, 0x0000000100000000)
  region size 1024K, 140 young (143360K), 10 survivors (10240K)
 Metaspace       used 93592K, committed 94400K, reserved 557056K
  class space    used 13193K, committed 13568K, reserved 425984K
}
Event: 42.187 GC heap after
{Heap after GC invocations=28 (full 0):
 garbage-first heap   total 299008K, used 120327K [0x0000000080000000, 0x0000000100000000)
  region size 1024K, 18 young (18432K), 18 survivors (18432K)
 Metaspace       used 93592K, committed 94400K, reserved 557056K
  class space    used 13193K, committed 13568K, reserved 425984K
}
Event: 45.672 GC heap before
{Heap before GC invocations=28 (full 0):
 garbage-first heap   total 299008K, used 237063K [0x0000000080000000, 0x0000000100000000)
  region size 1024K, 129 young (132096K), 18 survivors (18432K)
 Metaspace       used 98507K, committed 99392K, reserved 557056K
  class space    used 13898K, committed 14336K, reserved 425984K
}
Event: 45.718 GC heap after
{Heap after GC invocations=29 (full 0):
 garbage-first heap   total 299008K, used 139990K [0x0000000080000000, 0x0000000100000000)
  region size 1024K, 16 young (16384K), 16 survivors (16384K)
 Metaspace       used 98507K, committed 99392K, reserved 557056K
  class space    used 13898K, committed 14336K, reserved 425984K
}
Event: 46.065 GC heap before
{Heap before GC invocations=29 (full 0):
 garbage-first heap   total 299008K, used 153302K [0x0000000080000000, 0x0000000100000000)
  region size 1024K, 30 young (30720K), 16 survivors (16384K)
 Metaspace       used 99715K, committed 100608K, reserved 557056K
  class space    used 14022K, committed 14464K, reserved 425984K
}
Event: 46.086 GC heap after
{Heap after GC invocations=30 (full 0):
 garbage-first heap   total 299008K, used 141824K [0x0000000080000000, 0x0000000100000000)
  region size 1024K, 2 young (2048K), 2 survivors (2048K)
 Metaspace       used 99715K, committed 100608K, reserved 557056K
  class space    used 14022K, committed 14464K, reserved 425984K
}

Dll operation events (14 events):
Event: 0.077 Loaded shared library C:\Program Files\Microsoft\jdk-17.0.8.7-hotspot\bin\java.dll
Event: 0.155 Loaded shared library C:\Program Files\Microsoft\jdk-17.0.8.7-hotspot\bin\jsvml.dll
Event: 0.359 Loaded shared library C:\Program Files\Microsoft\jdk-17.0.8.7-hotspot\bin\zip.dll
Event: 0.377 Loaded shared library C:\Program Files\Microsoft\jdk-17.0.8.7-hotspot\bin\instrument.dll
Event: 0.394 Loaded shared library C:\Program Files\Microsoft\jdk-17.0.8.7-hotspot\bin\net.dll
Event: 0.396 Loaded shared library C:\Program Files\Microsoft\jdk-17.0.8.7-hotspot\bin\nio.dll
Event: 0.419 Loaded shared library C:\Program Files\Microsoft\jdk-17.0.8.7-hotspot\bin\zip.dll
Event: 1.354 Loaded shared library C:\Program Files\Microsoft\jdk-17.0.8.7-hotspot\bin\jimage.dll
Event: 1.671 Loaded shared library C:\Program Files\Microsoft\jdk-17.0.8.7-hotspot\bin\verify.dll
Event: 2.071 Loaded shared library C:\Users\Lenovo\.gradle\native\c067742578af261105cb4f569cf0c3c89f3d7b1fecec35dd04571415982c5e48\windows-amd64\native-platform.dll
Event: 2.096 Loaded shared library C:\Users\Lenovo\.gradle\native\38dada09dfb8b06ba9b0570ebf7e218e3eb74d4ef43ca46872605cf95ebc2f47\windows-amd64\native-platform-file-events.dll
Event: 4.207 Loaded shared library C:\Program Files\Microsoft\jdk-17.0.8.7-hotspot\bin\management.dll
Event: 4.215 Loaded shared library C:\Program Files\Microsoft\jdk-17.0.8.7-hotspot\bin\management_ext.dll
Event: 5.736 Loaded shared library C:\Program Files\Microsoft\jdk-17.0.8.7-hotspot\bin\sunmscapi.dll

Deoptimization events (20 events):
Event: 45.976 Thread 0x0000024d5f645120 DEOPT PACKING pc=0x0000024d300a0280 sp=0x000000d6a7ef7e20
Event: 45.976 Thread 0x0000024d5f645120 DEOPT UNPACKING pc=0x0000024d2f5369a3 sp=0x000000d6a7ef7b78 mode 2
Event: 45.976 Thread 0x0000024d5f645120 Uncommon trap: trap_request=0xffffffbe fr.pc=0x0000024d300a0280 relative=0x00000000000020a0
Event: 45.976 Thread 0x0000024d5f645120 Uncommon trap: reason=profile_predicate action=maybe_recompile pc=0x0000024d300a0280 method=jdk.internal.jimage.ImageStringsReader.stringFromByteBufferMatches(Ljava/nio/ByteBuffer;ILjava/lang/String;I)I @ 19 c2
Event: 45.977 Thread 0x0000024d5f645120 DEOPT PACKING pc=0x0000024d300a0280 sp=0x000000d6a7ef7e20
Event: 45.977 Thread 0x0000024d5f645120 DEOPT UNPACKING pc=0x0000024d2f5369a3 sp=0x000000d6a7ef7b78 mode 2
Event: 45.977 Thread 0x0000024d5f645120 Uncommon trap: trap_request=0xffffffbe fr.pc=0x0000024d300a0280 relative=0x00000000000020a0
Event: 45.977 Thread 0x0000024d5f645120 Uncommon trap: reason=profile_predicate action=maybe_recompile pc=0x0000024d300a0280 method=jdk.internal.jimage.ImageStringsReader.stringFromByteBufferMatches(Ljava/nio/ByteBuffer;ILjava/lang/String;I)I @ 19 c2
Event: 45.977 Thread 0x0000024d5f645120 DEOPT PACKING pc=0x0000024d300a0280 sp=0x000000d6a7ef7e20
Event: 45.977 Thread 0x0000024d5f645120 DEOPT UNPACKING pc=0x0000024d2f5369a3 sp=0x000000d6a7ef7b78 mode 2
Event: 45.977 Thread 0x0000024d5f645120 Uncommon trap: trap_request=0xffffffbe fr.pc=0x0000024d300a0280 relative=0x00000000000020a0
Event: 45.977 Thread 0x0000024d5f645120 Uncommon trap: reason=profile_predicate action=maybe_recompile pc=0x0000024d300a0280 method=jdk.internal.jimage.ImageStringsReader.stringFromByteBufferMatches(Ljava/nio/ByteBuffer;ILjava/lang/String;I)I @ 19 c2
Event: 45.977 Thread 0x0000024d5f645120 DEOPT PACKING pc=0x0000024d300a0280 sp=0x000000d6a7ef7e20
Event: 45.977 Thread 0x0000024d5f645120 DEOPT UNPACKING pc=0x0000024d2f5369a3 sp=0x000000d6a7ef7b78 mode 2
Event: 46.087 Thread 0x0000024d3e0bae80 Uncommon trap: trap_request=0xffffff45 fr.pc=0x0000024d2fd7ee20 relative=0x00000000000006e0
Event: 46.087 Thread 0x0000024d3e0bae80 Uncommon trap: reason=unstable_if action=reinterpret pc=0x0000024d2fd7ee20 method=java.lang.ThreadLocal.remove()V @ 9 c2
Event: 46.087 Thread 0x0000024d3e0bae80 DEOPT PACKING pc=0x0000024d2fd7ee20 sp=0x000000d6a6aff580
Event: 46.087 Thread 0x0000024d3e0bae80 DEOPT UNPACKING pc=0x0000024d2f5369a3 sp=0x000000d6a6aff548 mode 2
Event: 46.562 Thread 0x0000024d5f645120 DEOPT PACKING pc=0x0000024d2913599e sp=0x000000d6a7ef7c00
Event: 46.562 Thread 0x0000024d5f645120 DEOPT UNPACKING pc=0x0000024d2f537143 sp=0x000000d6a7ef71c8 mode 0

Classes unloaded (0 events):
No events

Classes redefined (0 events):
No events

Internal exceptions (20 events):
Event: 42.568 Thread 0x0000024d5f645120 Exception <a 'java/lang/ClassNotFoundException'{0x00000000917afaf8}: org/gradle/api/internal/artifacts/repositories/AbstractArtifactRepositoryBeanInfo> (0x00000000917afaf8) 
thrown [s\src\hotspot\share\classfile\systemDictionary.cpp, line 256]
Event: 42.570 Thread 0x0000024d5f645120 Exception <a 'java/lang/ClassNotFoundException'{0x00000000917ca1e0}: org/gradle/api/internal/artifacts/repositories/AbstractArtifactRepositoryCustomizer> (0x00000000917ca1e0) 
thrown [s\src\hotspot\share\classfile\systemDictionary.cpp, line 256]
Event: 42.574 Thread 0x0000024d5f645120 Exception <a 'java/lang/ClassNotFoundException'{0x00000000917ff798}: org/gradle/api/internal/artifacts/repositories/AbstractResolutionAwareArtifactRepositoryCustomizer> (0x00000000917ff798) 
thrown [s\src\hotspot\share\classfile\systemDictionary.cpp, line 256]
Event: 42.576 Thread 0x0000024d5f645120 Exception <a 'java/lang/ClassNotFoundException'{0x0000000091622de8}: org/gradle/api/internal/artifacts/repositories/AbstractAuthenticationSupportedRepositoryCustomizer> (0x0000000091622de8) 
thrown [s\src\hotspot\share\classfile\systemDictionary.cpp, line 256]
Event: 42.579 Thread 0x0000024d5f645120 Exception <a 'java/lang/ClassNotFoundException'{0x000000009164f688}: org/gradle/api/internal/artifacts/repositories/DefaultMavenArtifactRepositoryCustomizer> (0x000000009164f688) 
thrown [s\src\hotspot\share\classfile\systemDictionary.cpp, line 256]
Event: 42.581 Thread 0x0000024d5f645120 Exception <a 'java/lang/ClassNotFoundException'{0x0000000091682070}: org/gradle/api/internal/artifacts/repositories/DefaultMavenArtifactRepository_DecoratedCustomizer> (0x0000000091682070) 
thrown [s\src\hotspot\share\classfile\systemDictionary.cpp, line 256]
Event: 42.671 Thread 0x0000024d5f645120 Exception <a 'java/lang/ClassNotFoundException'{0x000000009120a730}: build_bwzjb3fluvdfxzbi2ymg81mmBeanInfo> (0x000000009120a730) 
thrown [s\src\hotspot\share\classfile\systemDictionary.cpp, line 256]
Event: 42.674 Thread 0x0000024d5f645120 Exception <a 'java/lang/ClassNotFoundException'{0x0000000091211070}: build_bwzjb3fluvdfxzbi2ymg81mmCustomizer> (0x0000000091211070) 
thrown [s\src\hotspot\share\classfile\systemDictionary.cpp, line 256]
Event: 43.448 Thread 0x0000024d5f645120 Exception <a 'java/lang/ClassNotFoundException'{0x000000008f8a42b0}: build_bwzjb3fluvdfxzbi2ymg81mmBeanInfo> (0x000000008f8a42b0) 
thrown [s\src\hotspot\share\classfile\systemDictionary.cpp, line 256]
Event: 43.448 Thread 0x0000024d5f645120 Exception <a 'java/lang/ClassNotFoundException'{0x000000008f8aab90}: build_bwzjb3fluvdfxzbi2ymg81mmCustomizer> (0x000000008f8aab90) 
thrown [s\src\hotspot\share\classfile\systemDictionary.cpp, line 256]
Event: 43.881 Thread 0x0000024d5f645120 Exception <a 'java/lang/ClassNotFoundException'{0x000000008f1f13a8}: build_bwzjb3fluvdfxzbi2ymg81mm$_run_closure1BeanInfo> (0x000000008f1f13a8) 
thrown [s\src\hotspot\share\classfile\systemDictionary.cpp, line 256]
Event: 43.882 Thread 0x0000024d5f645120 Exception <a 'java/lang/ClassNotFoundException'{0x000000008f1fce60}: build_bwzjb3fluvdfxzbi2ymg81mm$_run_closure1Customizer> (0x000000008f1fce60) 
thrown [s\src\hotspot\share\classfile\systemDictionary.cpp, line 256]
Event: 44.780 Thread 0x0000024d5f645120 Exception <a 'sun/nio/fs/WindowsException'{0x000000008d4c9a30}> (0x000000008d4c9a30) 
thrown [s\src\hotspot\share\prims\jni.cpp, line 516]
Event: 45.151 Thread 0x0000024d5f645120 Exception <a 'java/lang/NullPointerException'{0x000000008c787498}> (0x000000008c787498) 
thrown [s\src\hotspot\share\interpreter\linkResolver.cpp, line 1433]
Event: 45.366 Thread 0x0000024d5f645120 Implicit null exception at 0x0000024d2fcdd720 to 0x0000024d2fce40e4
Event: 45.783 Thread 0x0000024d5f645120 Exception <a 'sun/nio/fs/WindowsException'{0x00000000922fb208}> (0x00000000922fb208) 
thrown [s\src\hotspot\share\prims\jni.cpp, line 516]
Event: 45.784 Thread 0x0000024d5f645120 Exception <a 'sun/nio/fs/WindowsException'{0x00000000922fc858}> (0x00000000922fc858) 
thrown [s\src\hotspot\share\prims\jni.cpp, line 516]
Event: 45.784 Thread 0x0000024d5f645120 Exception <a 'sun/nio/fs/WindowsException'{0x00000000922fdef8}> (0x00000000922fdef8) 
thrown [s\src\hotspot\share\prims\jni.cpp, line 516]
Event: 45.784 Thread 0x0000024d5f645120 Exception <a 'sun/nio/fs/WindowsException'{0x00000000922ff598}> (0x00000000922ff598) 
thrown [s\src\hotspot\share\prims\jni.cpp, line 516]
Event: 46.087 Thread 0x0000024d3e0bae80 Implicit null exception at 0x0000024d2fd7e780 to 0x0000024d2fd7ee10

VM Operations (20 events):
Event: 44.018 Executing VM operation: Cleanup
Event: 44.018 Executing VM operation: Cleanup done
Event: 44.395 Executing VM operation: ICBufferFull
Event: 44.395 Executing VM operation: ICBufferFull done
Event: 45.046 Executing VM operation: HandshakeAllThreads
Event: 45.047 Executing VM operation: HandshakeAllThreads done
Event: 45.047 Executing VM operation: HandshakeAllThreads
Event: 45.047 Executing VM operation: HandshakeAllThreads done
Event: 45.269 Executing VM operation: ICBufferFull
Event: 45.269 Executing VM operation: ICBufferFull done
Event: 45.672 Executing VM operation: G1CollectForAllocation
Event: 45.718 Executing VM operation: G1CollectForAllocation done
Event: 45.821 Executing VM operation: HandshakeAllThreads
Event: 45.821 Executing VM operation: HandshakeAllThreads done
Event: 46.064 Executing VM operation: CollectForMetadataAllocation
Event: 46.086 Executing VM operation: CollectForMetadataAllocation done
Event: 46.400 Executing VM operation: G1PauseRemark
Event: 46.411 Executing VM operation: G1PauseRemark done
Event: 46.559 Executing VM operation: G1PauseCleanup
Event: 46.560 Executing VM operation: G1PauseCleanup done

Events (20 events):
Event: 45.745 loading class java/util/regex/Pattern$Neg
Event: 45.745 loading class java/util/regex/Pattern$Neg done
Event: 45.766 loading class javax/xml/datatype/DatatypeConfigurationException
Event: 45.766 loading class javax/xml/datatype/DatatypeConfigurationException done
Event: 45.768 loading class jdk/internal/reflect/UnsafeIntegerFieldAccessorImpl
Event: 45.768 loading class jdk/internal/reflect/UnsafeIntegerFieldAccessorImpl done
Event: 45.785 loading class java/util/EnumMap$EntrySet
Event: 45.785 loading class java/util/EnumMap$EntrySet done
Event: 45.785 loading class java/util/EnumMap$EntryIterator
Event: 45.786 loading class java/util/EnumMap$EnumMapIterator
Event: 45.786 loading class java/util/EnumMap$EnumMapIterator done
Event: 45.786 loading class java/util/EnumMap$EntryIterator done
Event: 45.786 loading class java/util/EnumMap$EntryIterator$Entry
Event: 45.786 loading class java/util/EnumMap$EntryIterator$Entry done
Event: 45.814 loading class jdk/internal/reflect/UnsafeBooleanFieldAccessorImpl
Event: 45.815 loading class jdk/internal/reflect/UnsafeBooleanFieldAccessorImpl done
Event: 46.087 loading class java/io/CharArrayWriter
Event: 46.087 loading class java/io/CharArrayWriter done
Event: 46.094 loading class java/io/SequenceInputStream
Event: 46.094 loading class java/io/SequenceInputStream done


Dynamic libraries:
0x00007ff6c93e0000 - 0x00007ff6c93ee000 	C:\Program Files\Microsoft\jdk-17.0.8.7-hotspot\bin\java.exe
0x00007ff8dfd30000 - 0x00007ff8dff28000 	C:\Windows\SYSTEM32\ntdll.dll
0x00007ff8deb40000 - 0x00007ff8debfd000 	C:\Windows\System32\KERNEL32.DLL
0x00007ff8dd840000 - 0x00007ff8ddb36000 	C:\Windows\System32\KERNELBASE.dll
0x00007ff8dd740000 - 0x00007ff8dd840000 	C:\Windows\System32\ucrtbase.dll
0x00007ff8c8ea0000 - 0x00007ff8c8eb7000 	C:\Program Files\Microsoft\jdk-17.0.8.7-hotspot\bin\jli.dll
0x00007ff8df730000 - 0x00007ff8df8cf000 	C:\Windows\System32\USER32.dll
0x00007ff8dd5f0000 - 0x00007ff8dd612000 	C:\Windows\System32\win32u.dll
0x00007ff8df980000 - 0x00007ff8df9ab000 	C:\Windows\System32\GDI32.dll
0x00007ff8dd620000 - 0x00007ff8dd737000 	C:\Windows\System32\gdi32full.dll
0x00007ff8ddcc0000 - 0x00007ff8ddd5d000 	C:\Windows\System32\msvcp_win.dll
0x00007ff8d7510000 - 0x00007ff8d752b000 	C:\Program Files\Microsoft\jdk-17.0.8.7-hotspot\bin\VCRUNTIME140.dll
0x00007ff8c9420000 - 0x00007ff8c96ba000 	C:\Windows\WinSxS\amd64_microsoft.windows.common-controls_6595b64144ccf1df_6.0.19041.4355_none_60b8b9eb71f62e16\COMCTL32.dll
0x00007ff8de700000 - 0x00007ff8de79e000 	C:\Windows\System32\msvcrt.dll
0x00007ff8df6e0000 - 0x00007ff8df712000 	C:\Windows\System32\IMM32.DLL
0x00007ff8d7500000 - 0x00007ff8d750c000 	C:\Program Files\Microsoft\jdk-17.0.8.7-hotspot\bin\vcruntime140_1.dll
0x00007ff8bd570000 - 0x00007ff8bd5fd000 	C:\Program Files\Microsoft\jdk-17.0.8.7-hotspot\bin\msvcp140.dll
0x00007ff897b70000 - 0x00007ff8987d5000 	C:\Program Files\Microsoft\jdk-17.0.8.7-hotspot\bin\server\jvm.dll
0x00007ff8df8d0000 - 0x00007ff8df980000 	C:\Windows\System32\ADVAPI32.dll
0x00007ff8deaa0000 - 0x00007ff8deb40000 	C:\Windows\System32\sechost.dll
0x00007ff8dfbc0000 - 0x00007ff8dfce3000 	C:\Windows\System32\RPCRT4.dll
0x00007ff8ddc90000 - 0x00007ff8ddcb7000 	C:\Windows\System32\bcrypt.dll
0x00007ff8dc920000 - 0x00007ff8dc96b000 	C:\Windows\SYSTEM32\POWRPROF.dll
0x00007ff8c9f00000 - 0x00007ff8c9f09000 	C:\Windows\SYSTEM32\WSOCK32.dll
0x00007ff8df1a0000 - 0x00007ff8df20b000 	C:\Windows\System32\WS2_32.dll
0x00007ff8c2ca0000 - 0x00007ff8c2cc7000 	C:\Windows\SYSTEM32\WINMM.dll
0x00007ff8d59d0000 - 0x00007ff8d59da000 	C:\Windows\SYSTEM32\VERSION.dll
0x00007ff8dc790000 - 0x00007ff8dc7a2000 	C:\Windows\SYSTEM32\UMPDC.dll
0x00007ff8dbbb0000 - 0x00007ff8dbbc2000 	C:\Windows\SYSTEM32\kernel.appcore.dll
0x00007ff8c9720000 - 0x00007ff8c972a000 	C:\Program Files\Microsoft\jdk-17.0.8.7-hotspot\bin\jimage.dll
0x00007ff8c2ef0000 - 0x00007ff8c30d4000 	C:\Windows\SYSTEM32\DBGHELP.DLL
0x00007ff8c2840000 - 0x00007ff8c2874000 	C:\Windows\SYSTEM32\dbgcore.DLL
0x00007ff8ddc00000 - 0x00007ff8ddc82000 	C:\Windows\System32\bcryptPrimitives.dll
0x00007ff8c6a90000 - 0x00007ff8c6a9e000 	C:\Program Files\Microsoft\jdk-17.0.8.7-hotspot\bin\instrument.dll
0x00007ff8c8e70000 - 0x00007ff8c8e95000 	C:\Program Files\Microsoft\jdk-17.0.8.7-hotspot\bin\java.dll
0x00007ff8baaa0000 - 0x00007ff8bab77000 	C:\Program Files\Microsoft\jdk-17.0.8.7-hotspot\bin\jsvml.dll
0x00007ff8dde70000 - 0x00007ff8de5db000 	C:\Windows\System32\SHELL32.dll
0x00007ff8db400000 - 0x00007ff8dbb9d000 	C:\Windows\SYSTEM32\windows.storage.dll
0x00007ff8decf0000 - 0x00007ff8df043000 	C:\Windows\System32\combase.dll
0x00007ff8dcd20000 - 0x00007ff8dcd4e000 	C:\Windows\SYSTEM32\Wldp.dll
0x00007ff8de7a0000 - 0x00007ff8de86d000 	C:\Windows\System32\OLEAUT32.dll
0x00007ff8dddc0000 - 0x00007ff8dde6d000 	C:\Windows\System32\SHCORE.dll
0x00007ff8dec60000 - 0x00007ff8decb5000 	C:\Windows\System32\shlwapi.dll
0x00007ff8dd310000 - 0x00007ff8dd334000 	C:\Windows\SYSTEM32\profapi.dll
0x00007ff8c7820000 - 0x00007ff8c7838000 	C:\Program Files\Microsoft\jdk-17.0.8.7-hotspot\bin\zip.dll
0x00007ff8c8e50000 - 0x00007ff8c8e69000 	C:\Program Files\Microsoft\jdk-17.0.8.7-hotspot\bin\net.dll
0x00007ff8daca0000 - 0x00007ff8dadaa000 	C:\Windows\SYSTEM32\WINHTTP.dll
0x00007ff8dcb00000 - 0x00007ff8dcb6a000 	C:\Windows\system32\mswsock.dll
0x00007ff8c8e30000 - 0x00007ff8c8e46000 	C:\Program Files\Microsoft\jdk-17.0.8.7-hotspot\bin\nio.dll
0x00007ff8c8e20000 - 0x00007ff8c8e30000 	C:\Program Files\Microsoft\jdk-17.0.8.7-hotspot\bin\verify.dll
0x00007ff8b0930000 - 0x00007ff8b0957000 	C:\Users\Lenovo\.gradle\native\c067742578af261105cb4f569cf0c3c89f3d7b1fecec35dd04571415982c5e48\windows-amd64\native-platform.dll
0x00007ff8ba950000 - 0x00007ff8baa94000 	C:\Users\Lenovo\.gradle\native\38dada09dfb8b06ba9b0570ebf7e218e3eb74d4ef43ca46872605cf95ebc2f47\windows-amd64\native-platform-file-events.dll
0x00007ff8c8ac0000 - 0x00007ff8c8ac9000 	C:\Program Files\Microsoft\jdk-17.0.8.7-hotspot\bin\management.dll
0x00007ff8c73e0000 - 0x00007ff8c73eb000 	C:\Program Files\Microsoft\jdk-17.0.8.7-hotspot\bin\management_ext.dll
0x00007ff8df720000 - 0x00007ff8df728000 	C:\Windows\System32\PSAPI.DLL
0x00007ff8dcd60000 - 0x00007ff8dcd78000 	C:\Windows\SYSTEM32\CRYPTSP.dll
0x00007ff8dc3d0000 - 0x00007ff8dc404000 	C:\Windows\system32\rsaenh.dll
0x00007ff8dd2c0000 - 0x00007ff8dd2ee000 	C:\Windows\SYSTEM32\USERENV.dll
0x00007ff8dcc90000 - 0x00007ff8dcc9c000 	C:\Windows\SYSTEM32\CRYPTBASE.dll
0x00007ff8dc7b0000 - 0x00007ff8dc7eb000 	C:\Windows\SYSTEM32\IPHLPAPI.DLL
0x00007ff8df050000 - 0x00007ff8df058000 	C:\Windows\System32\NSI.dll
0x00007ff8d28e0000 - 0x00007ff8d28f7000 	C:\Windows\SYSTEM32\dhcpcsvc6.DLL
0x00007ff8d2830000 - 0x00007ff8d284d000 	C:\Windows\SYSTEM32\dhcpcsvc.DLL
0x00007ff8dc800000 - 0x00007ff8dc8cb000 	C:\Windows\SYSTEM32\DNSAPI.dll
0x00007ff8c6a80000 - 0x00007ff8c6a8e000 	C:\Program Files\Microsoft\jdk-17.0.8.7-hotspot\bin\sunmscapi.dll
0x00007ff8dd3e0000 - 0x00007ff8dd53e000 	C:\Windows\System32\CRYPT32.dll
0x00007ff8dce70000 - 0x00007ff8dce99000 	C:\Windows\SYSTEM32\ncrypt.dll
0x00007ff8dce30000 - 0x00007ff8dce6b000 	C:\Windows\SYSTEM32\NTASN1.dll
0x00007ff8c87c0000 - 0x00007ff8c87c7000 	C:\Windows\system32\wshunix.dll
0x00007ff8c18d0000 - 0x00007ff8c18e7000 	C:\Windows\system32\napinsp.dll
0x00007ff8c18b0000 - 0x00007ff8c18cb000 	C:\Windows\system32\pnrpnsp.dll
0x00007ff8d78c0000 - 0x00007ff8d78d5000 	C:\Windows\system32\wshbth.dll
0x00007ff8d8830000 - 0x00007ff8d884d000 	C:\Windows\system32\NLAapi.dll
0x00007ff8c1890000 - 0x00007ff8c18a2000 	C:\Windows\System32\winrnr.dll
0x00007ff8c9e50000 - 0x00007ff8c9e5a000 	C:\Windows\System32\rasadhlp.dll
0x00007ff8d15c0000 - 0x00007ff8d1640000 	C:\Windows\System32\fwpuclnt.dll

dbghelp: loaded successfully - version: 4.0.5 - missing functions: none
symbol engine: initialized successfully - sym options: 0x614 - pdb path: .;C:\Program Files\Microsoft\jdk-17.0.8.7-hotspot\bin;C:\Windows\SYSTEM32;C:\Windows\WinSxS\amd64_microsoft.windows.common-controls_6595b64144ccf1df_6.0.19041.4355_none_60b8b9eb71f62e16;C:\Program Files\Microsoft\jdk-17.0.8.7-hotspot\bin\server;C:\Users\Lenovo\.gradle\native\c067742578af261105cb4f569cf0c3c89f3d7b1fecec35dd04571415982c5e48\windows-amd64;C:\Users\Lenovo\.gradle\native\38dada09dfb8b06ba9b0570ebf7e218e3eb74d4ef43ca46872605cf95ebc2f47\windows-amd64

VM Arguments:
jvm_args: -XX:MaxMetaspaceSize=512m --add-opens=java.base/java.util=ALL-UNNAMED --add-opens=java.base/java.lang=ALL-UNNAMED --add-opens=java.base/java.lang.invoke=ALL-UNNAMED --add-opens=java.prefs/java.util.prefs=ALL-UNNAMED --add-opens=java.base/java.nio.charset=ALL-UNNAMED --add-opens=java.base/java.net=ALL-UNNAMED --add-opens=java.base/java.util.concurrent.atomic=ALL-UNNAMED -Xmx2048m -Dfile.encoding=windows-1252 -Duser.country=US -Duser.language=en -Duser.variant -javaagent:C:\Users\Lenovo\.gradle\wrapper\dists\gradle-8.6-all\3mbtmo166bl6vumsh5k2lkq5h\gradle-8.6\lib\agents\gradle-instrumentation-agent-8.6.jar 
java_command: org.gradle.launcher.daemon.bootstrap.GradleDaemon 8.6
java_class_path (initial): C:\Users\Lenovo\.gradle\wrapper\dists\gradle-8.6-all\3mbtmo166bl6vumsh5k2lkq5h\gradle-8.6\lib\gradle-launcher-8.6.jar
Launcher Type: SUN_STANDARD

[Global flags]
     intx CICompilerCount                          = 3                                         {product} {ergonomic}
   size_t CompressedClassSpaceSize                 = 436207616                                 {product} {ergonomic}
     uint ConcGCThreads                            = 1                                         {product} {ergonomic}
     uint G1ConcRefinementThreads                  = 4                                         {product} {ergonomic}
   size_t G1HeapRegionSize                         = 1048576                                   {product} {ergonomic}
    uintx GCDrainStackTargetSize                   = 64                                        {product} {ergonomic}
   size_t InitialHeapSize                          = 266338304                                 {product} {ergonomic}
   size_t MarkStackSize                            = 4194304                                   {product} {ergonomic}
   size_t MaxHeapSize                              = 2147483648                                {product} {command line}
   size_t MaxMetaspaceSize                         = 536870912                                 {product} {command line}
   size_t MaxNewSize                               = 1287651328                                {product} {ergonomic}
   size_t MinHeapDeltaBytes                        = 1048576                                   {product} {ergonomic}
   size_t MinHeapSize                              = 8388608                                   {product} {ergonomic}
    uintx NonNMethodCodeHeapSize                   = 5832780                                {pd product} {ergonomic}
    uintx NonProfiledCodeHeapSize                  = 122912730                              {pd product} {ergonomic}
    uintx ProfiledCodeHeapSize                     = 122912730                              {pd product} {ergonomic}
    uintx ReservedCodeCacheSize                    = 251658240                              {pd product} {ergonomic}
     bool SegmentedCodeCache                       = true                                      {product} {ergonomic}
   size_t SoftMaxHeapSize                          = 2147483648                             {manageable} {ergonomic}
     bool UseCompressedClassPointers               = true                           {product lp64_product} {ergonomic}
     bool UseCompressedOops                        = true                           {product lp64_product} {ergonomic}
     bool UseG1GC                                  = true                                      {product} {ergonomic}
     bool UseLargePagesIndividualAllocation        = false                                  {pd product} {ergonomic}

Logging:
Log output configuration:
 #0: stdout all=warning uptime,level,tags
 #1: stderr all=off uptime,level,tags

Environment Variables:
JAVA_HOME=C:\Program Files\Microsoft\jdk-17.0.8.7-hotspot\
CLASSPATH=C:\Users\Lenovo\ReactApp\ReactApp\android\\gradle\wrapper\gradle-wrapper.jar
PATH=C:\Users\Lenovo\ReactApp\ReactApp\node_modules\.bin;C:\Users\Lenovo\ReactApp\node_modules\.bin;C:\Users\Lenovo\node_modules\.bin;C:\Users\node_modules\.bin;C:\node_modules\.bin;C:\Users\Lenovo\AppData\Roaming\npm\node_modules\npm\node_modules\@npmcli\run-script\lib\node-gyp-bin;C:\Python312\Scripts\;C:\Python312\;C:\Program Files\Microsoft\jdk-17.0.8.7-hotspot\bin;C:\Program Files (x86)\Common Files\Oracle\Java\javapath;C:\Windows\system32;C:\Windows;C:\Windows\System32\Wbem;C:\Windows\System32\WindowsPowerShell\v1.0\;C:\Windows\System32\OpenSSH\;C:\Program Files\Microsoft SQL Server\150\Tools\Binn\;C:\Program Files\Microsoft SQL Server\Client SDK\ODBC\170\Tools\Binn\;C:\Program Files\dotnet\;C:\Program Files (x86)\Microsoft SQL Server\160\Tools\Binn\;C:\Program Files\Microsoft SQL Server\160\Tools\Binn\;C:\Program Files\Microsoft SQL Server\160\DTS\Binn\;C:\Program Files\Azure Data Studio\bin;C:\Program Files\Git\cmd;C:\ProgramData\chocolatey\bin;C:\Users\Lenovo\AppData\Local\Android\Sdk\platform-tools;C:\Program Files (x86)\Microsoft SQL Server\150\DTS\Binn\;C:\Program Files (x86)\Microsoft SQL Server\160\DTS\Binn\;C:\Program Files\nodejs\;C:\Program Files\Java\jdk-17\bin;C:\Users\Lenovo\AppData\Local\Android\Sdk;C:\Users\Lenovo\gradle-8.6\bin;C:\Users\Lenovo\AppData\Local\Microsoft\WindowsApps;C:\Users\Lenovo\AppData\Local\Programs\Microsoft VS Code\bin;C:\Users\Lenovo\.dotnet\tools;C:\Program Files\Azure Data Studio\bin;C:\Users\Lenovo\AppData\Local\GitHubDesktop\bin;C:\Users\Lenovo\AppData\Roaming\npm;C:\Program Files\Java\jdk-17\bin;C:\Users\Lenovo\AppData\Local\Android\Sdk;C:\Users\Lenovo\AppData\Local\Android\Sdk\platform-tools;
USERNAME=Lenovo
LANG=en_US.UTF-8
OS=Windows_NT
PROCESSOR_IDENTIFIER=Intel64 Family 6 Model 142 Stepping 9, GenuineIntel
TMP=C:\Users\Lenovo\AppData\Local\Temp
TEMP=C:\Users\Lenovo\AppData\Local\Temp



---------------  S Y S T E M  ---------------

OS:
 Windows 10 , 64 bit Build 19041 (10.0.19041.3636)
OS uptime: 2 days 10:49 hours
Hyper-V role detected

CPU: total 4 (initial active 4) (2 cores per cpu, 2 threads per core) family 6 model 142 stepping 9 microcode 0xb4, cx8, cmov, fxsr, ht, mmx, 3dnowpref, sse, sse2, sse3, ssse3, sse4.1, sse4.2, popcnt, lzcnt, tsc, tscinvbit, avx, avx2, aes, erms, clmul, bmi1, bmi2, rtm, adx, fma, vzeroupper, clflush, clflushopt, hv
Processor Information for all 4 processors :
  Max Mhz: 2904, Current Mhz: 2803, Mhz Limit: 2787

Memory: 4k page, system-wide physical 16222M (219M free)
TotalPageFile size 16222M (AvailPageFile size 3M)
current process WorkingSet (physical memory assigned to process): 559M, peak: 559M
current process commit charge ("private bytes"): 599M, peak: 601M

vm_info: OpenJDK 64-Bit Server VM (17.0.8+7-LTS) for windows-amd64 JRE (17.0.8+7-LTS), built on Jul  7 2023 17:21:55 by "MicrosoftCorporation" with MS VC++ 16.10 / 16.11 (VS2019)

END.
