#
# There is insufficient memory for the Java Runtime Environment to continue.
# Native memory allocation (mmap) failed to map 253755392 bytes for G1 virtual space
# Possible reasons:
#   The system is out of physical RAM or swap space
#   The process is running with CompressedOops enabled, and the Java Heap may be blocking the growth of the native heap
# Possible solutions:
#   Reduce memory load on the system
#   Increase physical memory or swap space
#   Check if swap backing store is full
#   Decrease Java heap size (-Xmx/-Xms)
#   Decrease number of Java threads
#   Decrease Java thread stack sizes (-Xss)
#   Set larger code cache with -XX:ReservedCodeCacheSize=
#   JVM is running with Unscaled Compressed Oops mode in which the Java heap is
#     placed in the first 4GB address space. The Java Heap base address is the
#     maximum limit for the native heap growth. Please use -XX:HeapBaseMinAddress
#     to set the Java Heap base and to place the Java Heap above 4GB virtual address.
# This output file may be truncated or incomplete.
#
#  Out of Memory Error (os_windows.cpp:3617), pid=19880, tid=14168
#
# JRE version: OpenJDK Runtime Environment Microsoft-8035246 (17.0.8+7) (build 17.0.8+7-LTS)
# Java VM: OpenJDK 64-Bit Server VM Microsoft-8035246 (17.0.8+7-LTS, mixed mode, sharing, tiered, compressed oops, compressed class ptrs, g1 gc, windows-amd64)
# No core dump will be written. Minidumps are not enabled by default on client versions of Windows
#

---------------  S U M M A R Y ------------

Command Line: -XX:MaxMetaspaceSize=512m --add-opens=java.base/java.util=ALL-UNNAMED --add-opens=java.base/java.lang=ALL-UNNAMED --add-opens=java.base/java.lang.invoke=ALL-UNNAMED --add-opens=java.prefs/java.util.prefs=ALL-UNNAMED --add-opens=java.base/java.nio.charset=ALL-UNNAMED --add-opens=java.base/java.net=ALL-UNNAMED --add-opens=java.base/java.util.concurrent.atomic=ALL-UNNAMED -Xmx2048m -Dfile.encoding=windows-1252 -Duser.country=US -Duser.language=en -Duser.variant -javaagent:C:\Users\Lenovo\.gradle\wrapper\dists\gradle-8.6-all\3mbtmo166bl6vumsh5k2lkq5h\gradle-8.6\lib\agents\gradle-instrumentation-agent-8.6.jar org.gradle.launcher.daemon.bootstrap.GradleDaemon 8.6

Host: Intel(R) Core(TM) i7-7600U CPU @ 2.80GHz, 4 cores, 15G,  Windows 10 , 64 bit Build 19041 (10.0.19041.3636)
Time: Sat May 18 18:49:06 2024 Pakistan Standard Time elapsed time: 40.667564 seconds (0d 0h 0m 40s)

---------------  T H R E A D  ---------------

Current thread (0x00000163cb1a8360):  VMThread "VM Thread" [stack: 0x0000000637900000,0x0000000637a00000] [id=14168]

Stack: [0x0000000637900000,0x0000000637a00000]
Native frames: (J=compiled Java code, j=interpreted, Vv=VM code, C=native code)
V  [jvm.dll+0x67bf3a]
V  [jvm.dll+0x83a024]
V  [jvm.dll+0x83b7ce]
V  [jvm.dll+0x83be33]
V  [jvm.dll+0x24785f]
V  [jvm.dll+0x678cb9]
V  [jvm.dll+0x66d54a]
V  [jvm.dll+0x308feb]
V  [jvm.dll+0x310496]
V  [jvm.dll+0x36019e]
V  [jvm.dll+0x3603cf]
V  [jvm.dll+0x2dff38]
V  [jvm.dll+0x2de114]
V  [jvm.dll+0x2dd71c]
V  [jvm.dll+0x321761]
V  [jvm.dll+0x84032b]
V  [jvm.dll+0x841064]
V  [jvm.dll+0x84157d]
V  [jvm.dll+0x841954]
V  [jvm.dll+0x841a20]
V  [jvm.dll+0x7ea13a]
V  [jvm.dll+0x67ad85]
C  [ucrtbase.dll+0x21bb2]
C  [KERNEL32.DLL+0x17344]
C  [ntdll.dll+0x526b1]

VM_Operation (0x0000000638ff3a30): G1TryInitiateConcMark, mode: safepoint, requested by thread 0x00000163eb324830


---------------  P R O C E S S  ---------------

Threads class SMR info:
_java_thread_list=0x00000163f695ecf0, length=75, elements={
0x00000163ab652660, 0x00000163cb1ae660, 0x00000163cb1af1f0, 0x00000163cb1c1ca0,
0x00000163cb1c2830, 0x00000163cb1c4270, 0x00000163cb1c4b40, 0x00000163cb1c57f0,
0x00000163cb1c61b0, 0x00000163cb3327d0, 0x00000163cb19a9d0, 0x00000163cb490020,
0x00000163ec1b5d40, 0x00000163eba6d990, 0x00000163eb1773d0, 0x00000163ec0ed000,
0x00000163eb7de460, 0x00000163eb549340, 0x00000163eb324830, 0x00000163ebd6c650,
0x00000163ebd693b0, 0x00000163ebd6cb60, 0x00000163ebd698c0, 0x00000163ebd69dd0,
0x00000163ebd6a7f0, 0x00000163ebd6ad00, 0x00000163ebd6c140, 0x00000163ebd6b210,
0x00000163ebd6b720, 0x00000163ebd6bc30, 0x00000163ed6911d0, 0x00000163ed68fd90,
0x00000163ed694e90, 0x00000163ed693540, 0x00000163ed697710, 0x00000163ed6902a0,
0x00000163ed690cc0, 0x00000163ed6916e0, 0x00000163ed6958b0, 0x00000163ed692100,
0x00000163ed693f60, 0x00000163ed692610, 0x00000163ed693030, 0x00000163ed694470,
0x00000163ed6953a0, 0x00000163ed695dc0, 0x00000163ed6962d0, 0x00000163ed696cf0,
0x00000163ed697200, 0x00000163ef1e3c20, 0x00000163ef1e13a0, 0x00000163ef1e4130,
0x00000163ef1e2cf0, 0x00000163ef1e27e0, 0x00000163ef1e4640, 0x00000163ef1e3710,
0x00000163ef1e18b0, 0x00000163ef1e4b50, 0x00000163ef1e1dc0, 0x00000163ef1e22d0,
0x00000163ef1e3200, 0x00000163ee9459e0, 0x00000163ee947d50, 0x00000163ee944090,
0x00000163ee946400, 0x00000163ee947330, 0x00000163ee948c80, 0x00000163ee9445a0,
0x00000163ee137360, 0x00000163ee94aae0, 0x00000163ee944ab0, 0x00000163ee94a0c0,
0x00000163ee948770, 0x00000163ee94a5d0, 0x00000163ee943670
}

Java Threads: ( => current thread )
  0x00000163ab652660 JavaThread "main" [_thread_blocked, id=15392, stack(0x0000000637300000,0x0000000637400000)]
  0x00000163cb1ae660 JavaThread "Reference Handler" daemon [_thread_blocked, id=9312, stack(0x0000000637a00000,0x0000000637b00000)]
  0x00000163cb1af1f0 JavaThread "Finalizer" daemon [_thread_blocked, id=7516, stack(0x0000000637b00000,0x0000000637c00000)]
  0x00000163cb1c1ca0 JavaThread "Signal Dispatcher" daemon [_thread_blocked, id=3024, stack(0x0000000637c00000,0x0000000637d00000)]
  0x00000163cb1c2830 JavaThread "Attach Listener" daemon [_thread_blocked, id=17628, stack(0x0000000637d00000,0x0000000637e00000)]
  0x00000163cb1c4270 JavaThread "Service Thread" daemon [_thread_blocked, id=19344, stack(0x0000000637e00000,0x0000000637f00000)]
  0x00000163cb1c4b40 JavaThread "Monitor Deflation Thread" daemon [_thread_blocked, id=5388, stack(0x0000000637f00000,0x0000000638000000)]
  0x00000163cb1c57f0 JavaThread "C2 CompilerThread0" daemon [_thread_blocked, id=5280, stack(0x0000000638000000,0x0000000638100000)]
  0x00000163cb1c61b0 JavaThread "C1 CompilerThread0" daemon [_thread_blocked, id=11272, stack(0x0000000638100000,0x0000000638200000)]
  0x00000163cb3327d0 JavaThread "Sweeper thread" daemon [_thread_blocked, id=18700, stack(0x0000000638200000,0x0000000638300000)]
  0x00000163cb19a9d0 JavaThread "Common-Cleaner" daemon [_thread_blocked, id=16620, stack(0x0000000638300000,0x0000000638400000)]
  0x00000163cb490020 JavaThread "Notification Thread" daemon [_thread_blocked, id=17900, stack(0x0000000638400000,0x0000000638500000)]
  0x00000163ec1b5d40 JavaThread "Daemon health stats" [_thread_blocked, id=6724, stack(0x0000000638a00000,0x0000000638b00000)]
  0x00000163eba6d990 JavaThread "Incoming local TCP Connector on port 51809" [_thread_in_native, id=9892, stack(0x0000000638600000,0x0000000638700000)]
  0x00000163eb1773d0 JavaThread "Daemon periodic checks" [_thread_blocked, id=1356, stack(0x0000000638b00000,0x0000000638c00000)]
  0x00000163ec0ed000 JavaThread "Daemon" [_thread_blocked, id=15160, stack(0x0000000638c00000,0x0000000638d00000)]
  0x00000163eb7de460 JavaThread "Handler for socket connection from /127.0.0.1:51809 to /127.0.0.1:51810" [_thread_in_native, id=15688, stack(0x0000000638d00000,0x0000000638e00000)]
  0x00000163eb549340 JavaThread "Cancel handler" [_thread_blocked, id=6008, stack(0x0000000638e00000,0x0000000638f00000)]
  0x00000163eb324830 JavaThread "Daemon worker" [_thread_blocked, id=13656, stack(0x0000000638f00000,0x0000000639000000)]
  0x00000163ebd6c650 JavaThread "Asynchronous log dispatcher for DefaultDaemonConnection: socket connection from /127.0.0.1:51809 to /127.0.0.1:51810" [_thread_blocked, id=10284, stack(0x0000000639000000,0x0000000639100000)]
  0x00000163ebd693b0 JavaThread "Stdin handler" [_thread_blocked, id=11896, stack(0x0000000639100000,0x0000000639200000)]
  0x00000163ebd6cb60 JavaThread "Daemon client event forwarder" [_thread_blocked, id=16092, stack(0x0000000639200000,0x0000000639300000)]
  0x00000163ebd698c0 JavaThread "Cache worker for journal cache (C:\Users\Lenovo\.gradle\caches\journal-1)" [_thread_blocked, id=13836, stack(0x0000000639300000,0x0000000639400000)]
  0x00000163ebd69dd0 JavaThread "File lock request listener" [_thread_in_native, id=12336, stack(0x0000000639400000,0x0000000639500000)]
  0x00000163ebd6a7f0 JavaThread "Cache worker for file hash cache (C:\Users\Lenovo\.gradle\caches\8.6\fileHashes)" [_thread_blocked, id=10352, stack(0x0000000639500000,0x0000000639600000)]
  0x00000163ebd6ad00 JavaThread "File watcher server" daemon [_thread_blocked, id=15164, stack(0x0000000639700000,0x0000000639800000)]
  0x00000163ebd6c140 JavaThread "File watcher consumer" daemon [_thread_blocked, id=20464, stack(0x0000000639800000,0x0000000639900000)]
  0x00000163ebd6b210 JavaThread "Cache worker for checksums cache (C:\Users\Lenovo\ReactApp\ReactApp\android\.gradle\8.6\checksums)" [_thread_blocked, id=5264, stack(0x0000000639900000,0x0000000639a00000)]
  0x00000163ebd6b720 JavaThread "Cache worker for file hash cache (C:\Users\Lenovo\ReactApp\ReactApp\android\.gradle\8.6\fileHashes)" [_thread_blocked, id=3228, stack(0x0000000639a00000,0x0000000639b00000)]
  0x00000163ebd6bc30 JavaThread "Cache worker for cache directory md-supplier (C:\Users\Lenovo\.gradle\caches\8.6\md-supplier)" [_thread_blocked, id=20384, stack(0x0000000639b00000,0x0000000639c00000)]
  0x00000163ed6911d0 JavaThread "Cache worker for cache directory md-rule (C:\Users\Lenovo\.gradle\caches\8.6\md-rule)" [_thread_blocked, id=14188, stack(0x0000000639c00000,0x0000000639d00000)]
  0x00000163ed68fd90 JavaThread "Cache worker for file content cache (C:\Users\Lenovo\.gradle\caches\8.6\fileContent)" [_thread_blocked, id=15736, stack(0x0000000639d00000,0x0000000639e00000)]
  0x00000163ed694e90 JavaThread "jar transforms" [_thread_blocked, id=9604, stack(0x0000000639e00000,0x0000000639f00000)]
  0x00000163ed693540 JavaThread "jar transforms Thread 2" [_thread_blocked, id=11900, stack(0x0000000639f00000,0x000000063a000000)]
  0x00000163ed697710 JavaThread "jar transforms Thread 3" [_thread_blocked, id=17764, stack(0x0000000639600000,0x0000000639700000)]
  0x00000163ed6902a0 JavaThread "jar transforms Thread 4" [_thread_blocked, id=19692, stack(0x000000063a100000,0x000000063a200000)]
  0x00000163ed690cc0 JavaThread "Exec process" [_thread_blocked, id=14784, stack(0x000000063a200000,0x000000063a300000)]
  0x00000163ed6916e0 JavaThread "Exec process Thread 2" [_thread_blocked, id=12924, stack(0x000000063a300000,0x000000063a400000)]
  0x00000163ed6958b0 JavaThread "Exec process Thread 3" [_thread_blocked, id=11024, stack(0x000000063a400000,0x000000063a500000)]
  0x00000163ed692100 JavaThread "Unconstrained build operations" [_thread_blocked, id=19328, stack(0x000000063a500000,0x000000063a600000)]
  0x00000163ed693f60 JavaThread "Unconstrained build operations Thread 2" [_thread_blocked, id=12708, stack(0x000000063a600000,0x000000063a700000)]
  0x00000163ed692610 JavaThread "Cache worker for Build Output Cleanup Cache (C:\Users\Lenovo\ReactApp\ReactApp\node_modules\@react-native\gradle-plugin\.gradle\buildOutputCleanup)" [_thread_blocked, id=1992, stack(0x000000063a700000,0x000000063a800000)]
  0x00000163ed693030 JavaThread "Unconstrained build operations Thread 3" [_thread_blocked, id=19084, stack(0x000000063a800000,0x000000063a900000)]
  0x00000163ed694470 JavaThread "Unconstrained build operations Thread 4" [_thread_blocked, id=2408, stack(0x000000063a900000,0x000000063aa00000)]
  0x00000163ed6953a0 JavaThread "Unconstrained build operations Thread 5" [_thread_blocked, id=18152, stack(0x000000063aa00000,0x000000063ab00000)]
  0x00000163ed695dc0 JavaThread "build event listener" [_thread_blocked, id=7484, stack(0x000000063a000000,0x000000063a100000)]
  0x00000163ed6962d0 JavaThread "Memory manager" [_thread_blocked, id=10996, stack(0x000000063ac00000,0x000000063ad00000)]
  0x00000163ed696cf0 JavaThread "Cache worker for Build Output Cleanup Cache (C:\Users\Lenovo\ReactApp\ReactApp\android\.gradle\buildOutputCleanup)" [_thread_blocked, id=9660, stack(0x000000063ad00000,0x000000063ae00000)]
  0x00000163ed697200 JavaThread "ForkJoinPool.commonPool-worker-1" daemon [_thread_blocked, id=7148, stack(0x000000063ae00000,0x000000063af00000)]
  0x00000163ef1e3c20 JavaThread "ForkJoinPool.commonPool-worker-2" daemon [_thread_blocked, id=10740, stack(0x000000063af00000,0x000000063b000000)]
  0x00000163ef1e13a0 JavaThread "ForkJoinPool.commonPool-worker-3" daemon [_thread_blocked, id=18020, stack(0x000000063b000000,0x000000063b100000)]
  0x00000163ef1e4130 JavaThread "included builds" [_thread_blocked, id=19484, stack(0x000000063b100000,0x000000063b200000)]
  0x00000163ef1e2cf0 JavaThread "Execution worker" [_thread_blocked, id=11492, stack(0x000000063b200000,0x000000063b300000)]
  0x00000163ef1e27e0 JavaThread "Execution worker Thread 2" [_thread_blocked, id=8440, stack(0x000000063b300000,0x000000063b400000)]
  0x00000163ef1e4640 JavaThread "Execution worker Thread 3" [_thread_blocked, id=6920, stack(0x000000063b400000,0x000000063b500000)]
  0x00000163ef1e3710 JavaThread "Cache worker for execution history cache (C:\Users\Lenovo\ReactApp\ReactApp\node_modules\@react-native\gradle-plugin\.gradle\8.6\executionHistory)" [_thread_blocked, id=17160, stack(0x000000063b500000,0x000000063b600000)]
  0x00000163ef1e18b0 JavaThread "Unconstrained build operations Thread 6" [_thread_blocked, id=7080, stack(0x000000063b600000,0x000000063b700000)]
  0x00000163ef1e4b50 JavaThread "Unconstrained build operations Thread 7" [_thread_blocked, id=12680, stack(0x000000063b700000,0x000000063b800000)]
  0x00000163ef1e1dc0 JavaThread "Unconstrained build operations Thread 8" [_thread_blocked, id=16836, stack(0x000000063b800000,0x000000063b900000)]
  0x00000163ef1e22d0 JavaThread "Unconstrained build operations Thread 9" [_thread_blocked, id=6032, stack(0x000000063b900000,0x000000063ba00000)]
  0x00000163ef1e3200 JavaThread "Unconstrained build operations Thread 10" [_thread_blocked, id=6576, stack(0x000000063ba00000,0x000000063bb00000)]
  0x00000163ee9459e0 JavaThread "Unconstrained build operations Thread 11" [_thread_blocked, id=16992, stack(0x000000063bb00000,0x000000063bc00000)]
  0x00000163ee947d50 JavaThread "Unconstrained build operations Thread 12" [_thread_blocked, id=19628, stack(0x000000063bc00000,0x000000063bd00000)]
  0x00000163ee944090 JavaThread "Unconstrained build operations Thread 13" [_thread_blocked, id=17468, stack(0x000000063bd00000,0x000000063be00000)]
  0x00000163ee946400 JavaThread "Unconstrained build operations Thread 14" [_thread_blocked, id=15636, stack(0x000000063be00000,0x000000063bf00000)]
  0x00000163ee947330 JavaThread "Unconstrained build operations Thread 15" [_thread_blocked, id=3088, stack(0x000000063bf00000,0x000000063c000000)]
  0x00000163ee948c80 JavaThread "Unconstrained build operations Thread 16" [_thread_blocked, id=20004, stack(0x000000063c000000,0x000000063c100000)]
  0x00000163ee9445a0 JavaThread "build event listener" [_thread_blocked, id=19728, stack(0x0000000637000000,0x0000000637100000)]
  0x00000163ee137360 JavaThread "C2 CompilerThread1" daemon [_thread_blocked, id=15124, stack(0x000000063c200000,0x000000063c300000)]
  0x00000163ee94aae0 JavaThread "Unconstrained build operations Thread 17" [_thread_blocked, id=8280, stack(0x000000063c300000,0x000000063c400000)]
  0x00000163ee944ab0 JavaThread "Unconstrained build operations Thread 18" [_thread_blocked, id=5400, stack(0x000000063c400000,0x000000063c500000)]
  0x00000163ee94a0c0 JavaThread "Unconstrained build operations Thread 19" [_thread_blocked, id=11372, stack(0x000000063c500000,0x000000063c600000)]
  0x00000163ee948770 JavaThread "Unconstrained build operations Thread 20" [_thread_blocked, id=14836, stack(0x000000063c600000,0x000000063c700000)]
  0x00000163ee94a5d0 JavaThread "Unconstrained build operations Thread 21" [_thread_blocked, id=20312, stack(0x000000063c700000,0x000000063c800000)]
  0x00000163ee943670 JavaThread "Unconstrained build operations Thread 22" [_thread_blocked, id=15372, stack(0x000000063c800000,0x000000063c900000)]

Other Threads:
=>0x00000163cb1a8360 VMThread "VM Thread" [stack: 0x0000000637900000,0x0000000637a00000] [id=14168]
  0x00000163ab6d0f40 WatcherThread [stack: 0x0000000638500000,0x0000000638600000] [id=7032]
  0x00000163ab6af7b0 GCTaskThread "GC Thread#0" [stack: 0x0000000637400000,0x0000000637500000] [id=12316]
  0x00000163cb611c40 GCTaskThread "GC Thread#1" [stack: 0x0000000638700000,0x0000000638800000] [id=16072]
  0x00000163cb611f00 GCTaskThread "GC Thread#2" [stack: 0x0000000638800000,0x0000000638900000] [id=7436]
  0x00000163cb6121c0 GCTaskThread "GC Thread#3" [stack: 0x0000000638900000,0x0000000638a00000] [id=5308]
  0x00000163ab6c0610 ConcurrentGCThread "G1 Main Marker" [stack: 0x0000000637500000,0x0000000637600000] [id=2788]
  0x00000163ab6c36e0 ConcurrentGCThread "G1 Conc#0" [stack: 0x0000000637600000,0x0000000637700000] [id=14364]
  0x00000163ab70d680 ConcurrentGCThread "G1 Refine#0" [stack: 0x0000000637700000,0x0000000637800000] [id=16900]
  0x00000163ab70dec0 ConcurrentGCThread "G1 Service" [stack: 0x0000000637800000,0x0000000637900000] [id=6588]

Threads with active compile tasks:
C2 CompilerThread0    40730 11885   !   4       org.gradle.cache.internal.DefaultCrossBuildInMemoryCacheFactory$AbstractCrossBuildInMemoryCache::getIfPresent (20 bytes)
C2 CompilerThread1    40730 11887       4       org.gradle.internal.instantiation.generator.AbstractClassGenerator::generate (58 bytes)

VM state: at safepoint (normal execution)

VM Mutex/Monitor currently owned by a thread:  ([mutex/lock_event])
[0x00000163ab64f590] Threads_lock - owner thread: 0x00000163cb1a8360
[0x00000163ab64e300] Heap_lock - owner thread: 0x00000163eb324830

Heap address: 0x0000000080000000, size: 2048 MB, Compressed Oops mode: 32-bit

CDS archive(s) mapped at: [0x00000163cc000000-0x00000163ccbd0000-0x00000163ccbd0000), size 12386304, SharedBaseAddress: 0x00000163cc000000, ArchiveRelocationMode: 1.
Compressed class space mapped at: 0x00000163cd000000-0x00000163e7000000, reserved size: 436207616
Narrow klass base: 0x00000163cc000000, Narrow klass shift: 0, Narrow klass range: 0x100000000

GC Precious Log:
 CPUs: 4 total, 4 available
 Memory: 16222M
 Large Page Support: Disabled
 NUMA Support: Disabled
 Compressed Oops: Enabled (32-bit)
 Heap Region Size: 1M
 Heap Min Capacity: 8M
 Heap Initial Capacity: 254M
 Heap Max Capacity: 2G
 Pre-touch: Disabled
 Parallel Workers: 4
 Concurrent Workers: 1
 Concurrent Refinement Workers: 4
 Periodic GC: Disabled

Heap:
 garbage-first heap   total 260096K, used 125548K [0x0000000080000000, 0x0000000100000000)
  region size 1024K, 3 young (3072K), 3 survivors (3072K)
 Metaspace       used 95022K, committed 95936K, reserved 557056K
  class space    used 13391K, committed 13824K, reserved 425984K

Heap Regions: E=young(eden), S=young(survivor), O=old, HS=humongous(starts), HC=humongous(continues), CS=collection set, F=free, OA=open archive, CA=closed archive, TAMS=top-at-mark-start (previous, next)
|   0|0x0000000080000000, 0x0000000080100000, 0x0000000080100000|100%| O|  |TAMS 0x0000000080100000, 0x0000000080100000| Untracked 
|   1|0x0000000080100000, 0x0000000080200000, 0x0000000080200000|100%| O|  |TAMS 0x0000000080200000, 0x0000000080200000| Untracked 
|   2|0x0000000080200000, 0x0000000080300000, 0x0000000080300000|100%|HS|  |TAMS 0x0000000080300000, 0x0000000080300000| Complete 
|   3|0x0000000080300000, 0x0000000080400000, 0x0000000080400000|100%|HC|  |TAMS 0x0000000080400000, 0x0000000080400000| Complete 
|   4|0x0000000080400000, 0x0000000080500000, 0x0000000080500000|100%|HC|  |TAMS 0x0000000080500000, 0x0000000080500000| Complete 
|   5|0x0000000080500000, 0x0000000080600000, 0x0000000080600000|100%|HC|  |TAMS 0x0000000080600000, 0x0000000080600000| Complete 
|   6|0x0000000080600000, 0x0000000080700000, 0x0000000080700000|100%| O|  |TAMS 0x0000000080700000, 0x0000000080700000| Untracked 
|   7|0x0000000080700000, 0x0000000080800000, 0x0000000080800000|100%| O|  |TAMS 0x0000000080800000, 0x0000000080800000| Untracked 
|   8|0x0000000080800000, 0x0000000080900000, 0x0000000080900000|100%| O|  |TAMS 0x0000000080900000, 0x0000000080900000| Untracked 
|   9|0x0000000080900000, 0x0000000080a00000, 0x0000000080a00000|100%| O|  |TAMS 0x0000000080a00000, 0x0000000080a00000| Untracked 
|  10|0x0000000080a00000, 0x0000000080aa7000, 0x0000000080b00000| 65%| O|  |TAMS 0x0000000080aa7000, 0x0000000080aa7000| Untracked 
|  11|0x0000000080b00000, 0x0000000080c00000, 0x0000000080c00000|100%| O|  |TAMS 0x0000000080c00000, 0x0000000080c00000| Untracked 
|  12|0x0000000080c00000, 0x0000000080d00000, 0x0000000080d00000|100%| O|  |TAMS 0x0000000080d00000, 0x0000000080d00000| Untracked 
|  13|0x0000000080d00000, 0x0000000080e00000, 0x0000000080e00000|100%| O|  |TAMS 0x0000000080e00000, 0x0000000080e00000| Untracked 
|  14|0x0000000080e00000, 0x0000000080f00000, 0x0000000080f00000|100%| O|  |TAMS 0x0000000080f00000, 0x0000000080f00000| Untracked 
|  15|0x0000000080f00000, 0x0000000081000000, 0x0000000081000000|100%| O|  |TAMS 0x0000000081000000, 0x0000000081000000| Untracked 
|  16|0x0000000081000000, 0x0000000081100000, 0x0000000081100000|100%| O|  |TAMS 0x0000000081100000, 0x0000000081100000| Untracked 
|  17|0x0000000081100000, 0x0000000081200000, 0x0000000081200000|100%| O|  |TAMS 0x0000000081200000, 0x0000000081200000| Untracked 
|  18|0x0000000081200000, 0x0000000081300000, 0x0000000081300000|100%| O|  |TAMS 0x0000000081300000, 0x0000000081300000| Untracked 
|  19|0x0000000081300000, 0x0000000081400000, 0x0000000081400000|100%| O|  |TAMS 0x0000000081400000, 0x0000000081400000| Untracked 
|  20|0x0000000081400000, 0x0000000081500000, 0x0000000081500000|100%| O|  |TAMS 0x0000000081500000, 0x0000000081500000| Untracked 
|  21|0x0000000081500000, 0x0000000081600000, 0x0000000081600000|100%| O|  |TAMS 0x0000000081600000, 0x0000000081600000| Untracked 
|  22|0x0000000081600000, 0x0000000081700000, 0x0000000081700000|100%| O|  |TAMS 0x0000000081700000, 0x0000000081700000| Untracked 
|  23|0x0000000081700000, 0x0000000081800000, 0x0000000081800000|100%| O|  |TAMS 0x0000000081800000, 0x0000000081800000| Untracked 
|  24|0x0000000081800000, 0x0000000081900000, 0x0000000081900000|100%| O|  |TAMS 0x0000000081900000, 0x0000000081900000| Untracked 
|  25|0x0000000081900000, 0x0000000081a00000, 0x0000000081a00000|100%|HS|  |TAMS 0x0000000081900000, 0x0000000081a00000| Complete 
|  26|0x0000000081a00000, 0x0000000081b00000, 0x0000000081b00000|100%|HC|  |TAMS 0x0000000081a00000, 0x0000000081b00000| Complete 
|  27|0x0000000081b00000, 0x0000000081c00000, 0x0000000081c00000|100%| O|  |TAMS 0x0000000081c00000, 0x0000000081c00000| Untracked 
|  28|0x0000000081c00000, 0x0000000081d00000, 0x0000000081d00000|100%| O|  |TAMS 0x0000000081d00000, 0x0000000081d00000| Untracked 
|  29|0x0000000081d00000, 0x0000000081e00000, 0x0000000081e00000|100%| O|  |TAMS 0x0000000081e00000, 0x0000000081e00000| Untracked 
|  30|0x0000000081e00000, 0x0000000081f00000, 0x0000000081f00000|100%| O|  |TAMS 0x0000000081f00000, 0x0000000081f00000| Untracked 
|  31|0x0000000081f00000, 0x0000000082000000, 0x0000000082000000|100%| O|  |TAMS 0x0000000082000000, 0x0000000082000000| Untracked 
|  32|0x0000000082000000, 0x0000000082100000, 0x0000000082100000|100%| O|  |TAMS 0x0000000082100000, 0x0000000082100000| Untracked 
|  33|0x0000000082100000, 0x0000000082200000, 0x0000000082200000|100%| O|  |TAMS 0x0000000082200000, 0x0000000082200000| Untracked 
|  34|0x0000000082200000, 0x0000000082300000, 0x0000000082300000|100%| O|  |TAMS 0x0000000082300000, 0x0000000082300000| Untracked 
|  35|0x0000000082300000, 0x0000000082400000, 0x0000000082400000|100%| O|  |TAMS 0x0000000082400000, 0x0000000082400000| Untracked 
|  36|0x0000000082400000, 0x0000000082500000, 0x0000000082500000|100%|HS|  |TAMS 0x0000000082500000, 0x0000000082500000| Complete 
|  37|0x0000000082500000, 0x0000000082600000, 0x0000000082600000|100%|HC|  |TAMS 0x0000000082600000, 0x0000000082600000| Complete 
|  38|0x0000000082600000, 0x0000000082700000, 0x0000000082700000|100%|HS|  |TAMS 0x0000000082700000, 0x0000000082700000| Complete 
|  39|0x0000000082700000, 0x0000000082800000, 0x0000000082800000|100%|HC|  |TAMS 0x0000000082800000, 0x0000000082800000| Complete 
|  40|0x0000000082800000, 0x0000000082900000, 0x0000000082900000|100%| O|  |TAMS 0x0000000082900000, 0x0000000082900000| Untracked 
|  41|0x0000000082900000, 0x0000000082a00000, 0x0000000082a00000|100%| O|  |TAMS 0x0000000082a00000, 0x0000000082a00000| Untracked 
|  42|0x0000000082a00000, 0x0000000082b00000, 0x0000000082b00000|100%|HS|  |TAMS 0x0000000082b00000, 0x0000000082b00000| Complete 
|  43|0x0000000082b00000, 0x0000000082c00000, 0x0000000082c00000|100%|HC|  |TAMS 0x0000000082c00000, 0x0000000082c00000| Complete 
|  44|0x0000000082c00000, 0x0000000082d00000, 0x0000000082d00000|100%|HC|  |TAMS 0x0000000082d00000, 0x0000000082d00000| Complete 
|  45|0x0000000082d00000, 0x0000000082e00000, 0x0000000082e00000|100%|HC|  |TAMS 0x0000000082e00000, 0x0000000082e00000| Complete 
|  46|0x0000000082e00000, 0x0000000082f00000, 0x0000000082f00000|100%| O|  |TAMS 0x0000000082f00000, 0x0000000082f00000| Untracked 
|  47|0x0000000082f00000, 0x0000000083000000, 0x0000000083000000|100%| O|  |TAMS 0x0000000083000000, 0x0000000083000000| Untracked 
|  48|0x0000000083000000, 0x0000000083100000, 0x0000000083100000|100%| O|  |TAMS 0x0000000083100000, 0x0000000083100000| Untracked 
|  49|0x0000000083100000, 0x0000000083200000, 0x0000000083200000|100%|HS|  |TAMS 0x0000000083200000, 0x0000000083200000| Complete 
|  50|0x0000000083200000, 0x0000000083300000, 0x0000000083300000|100%| O|  |TAMS 0x0000000083300000, 0x0000000083300000| Untracked 
|  51|0x0000000083300000, 0x0000000083400000, 0x0000000083400000|100%| O|  |TAMS 0x0000000083400000, 0x0000000083400000| Untracked 
|  52|0x0000000083400000, 0x0000000083500000, 0x0000000083500000|100%|HS|  |TAMS 0x0000000083500000, 0x0000000083500000| Complete 
|  53|0x0000000083500000, 0x0000000083600000, 0x0000000083600000|100%|HC|  |TAMS 0x0000000083600000, 0x0000000083600000| Complete 
|  54|0x0000000083600000, 0x0000000083700000, 0x0000000083700000|100%|HC|  |TAMS 0x0000000083700000, 0x0000000083700000| Complete 
|  55|0x0000000083700000, 0x0000000083800000, 0x0000000083800000|100%|HC|  |TAMS 0x0000000083800000, 0x0000000083800000| Complete 
|  56|0x0000000083800000, 0x0000000083900000, 0x0000000083900000|100%| O|  |TAMS 0x0000000083900000, 0x0000000083900000| Untracked 
|  57|0x0000000083900000, 0x0000000083a00000, 0x0000000083a00000|100%| O|  |TAMS 0x0000000083a00000, 0x0000000083a00000| Untracked 
|  58|0x0000000083a00000, 0x0000000083b00000, 0x0000000083b00000|100%| O|  |TAMS 0x0000000083b00000, 0x0000000083b00000| Untracked 
|  59|0x0000000083b00000, 0x0000000083c00000, 0x0000000083c00000|100%| O|  |TAMS 0x0000000083c00000, 0x0000000083c00000| Untracked 
|  60|0x0000000083c00000, 0x0000000083d00000, 0x0000000083d00000|100%| O|  |TAMS 0x0000000083d00000, 0x0000000083d00000| Untracked 
|  61|0x0000000083d00000, 0x0000000083e00000, 0x0000000083e00000|100%| O|  |TAMS 0x0000000083e00000, 0x0000000083e00000| Untracked 
|  62|0x0000000083e00000, 0x0000000083f00000, 0x0000000083f00000|100%| O|  |TAMS 0x0000000083f00000, 0x0000000083f00000| Untracked 
|  63|0x0000000083f00000, 0x0000000084000000, 0x0000000084000000|100%| O|  |TAMS 0x0000000084000000, 0x0000000084000000| Untracked 
|  64|0x0000000084000000, 0x0000000084000000, 0x0000000084100000|  0%| F|  |TAMS 0x0000000084000000, 0x0000000084000000| Untracked 
|  65|0x0000000084100000, 0x0000000084200000, 0x0000000084200000|100%| O|  |TAMS 0x0000000084200000, 0x0000000084200000| Untracked 
|  66|0x0000000084200000, 0x0000000084300000, 0x0000000084300000|100%| O|  |TAMS 0x0000000084300000, 0x0000000084300000| Untracked 
|  67|0x0000000084300000, 0x0000000084400000, 0x0000000084400000|100%| O|  |TAMS 0x0000000084400000, 0x0000000084400000| Untracked 
|  68|0x0000000084400000, 0x0000000084500000, 0x0000000084500000|100%| O|  |TAMS 0x0000000084500000, 0x0000000084500000| Untracked 
|  69|0x0000000084500000, 0x0000000084500000, 0x0000000084600000|  0%| F|  |TAMS 0x0000000084500000, 0x0000000084500000| Untracked 
|  70|0x0000000084600000, 0x0000000084700000, 0x0000000084700000|100%| O|  |TAMS 0x0000000084700000, 0x0000000084700000| Untracked 
|  71|0x0000000084700000, 0x0000000084800000, 0x0000000084800000|100%| O|  |TAMS 0x0000000084800000, 0x0000000084800000| Untracked 
|  72|0x0000000084800000, 0x0000000084900000, 0x0000000084900000|100%| O|  |TAMS 0x0000000084900000, 0x0000000084900000| Untracked 
|  73|0x0000000084900000, 0x0000000084a00000, 0x0000000084a00000|100%| O|  |TAMS 0x0000000084a00000, 0x0000000084a00000| Untracked 
|  74|0x0000000084a00000, 0x0000000084b00000, 0x0000000084b00000|100%|HS|  |TAMS 0x0000000084b00000, 0x0000000084b00000| Complete 
|  75|0x0000000084b00000, 0x0000000084c00000, 0x0000000084c00000|100%|HS|  |TAMS 0x0000000084c00000, 0x0000000084c00000| Complete 
|  76|0x0000000084c00000, 0x0000000084d00000, 0x0000000084d00000|100%| O|  |TAMS 0x0000000084d00000, 0x0000000084d00000| Untracked 
|  77|0x0000000084d00000, 0x0000000084e00000, 0x0000000084e00000|100%|HS|  |TAMS 0x0000000084e00000, 0x0000000084e00000| Complete 
|  78|0x0000000084e00000, 0x0000000084f00000, 0x0000000084f00000|100%|HS|  |TAMS 0x0000000084f00000, 0x0000000084f00000| Complete 
|  79|0x0000000084f00000, 0x0000000085000000, 0x0000000085000000|100%| O|  |TAMS 0x0000000085000000, 0x0000000085000000| Untracked 
|  80|0x0000000085000000, 0x0000000085100000, 0x0000000085100000|100%| O|  |TAMS 0x0000000085100000, 0x0000000085100000| Untracked 
|  81|0x0000000085100000, 0x0000000085200000, 0x0000000085200000|100%| O|  |TAMS 0x0000000085200000, 0x0000000085200000| Untracked 
|  82|0x0000000085200000, 0x0000000085300000, 0x0000000085300000|100%| O|  |TAMS 0x0000000085300000, 0x0000000085300000| Untracked 
|  83|0x0000000085300000, 0x0000000085400000, 0x0000000085400000|100%| O|  |TAMS 0x0000000085400000, 0x0000000085400000| Untracked 
|  84|0x0000000085400000, 0x0000000085500000, 0x0000000085500000|100%| O|  |TAMS 0x0000000085500000, 0x0000000085500000| Untracked 
|  85|0x0000000085500000, 0x0000000085600000, 0x0000000085600000|100%| O|  |TAMS 0x0000000085600000, 0x0000000085600000| Untracked 
|  86|0x0000000085600000, 0x0000000085700000, 0x0000000085700000|100%| O|  |TAMS 0x0000000085700000, 0x0000000085700000| Untracked 
|  87|0x0000000085700000, 0x0000000085800000, 0x0000000085800000|100%| O|  |TAMS 0x0000000085800000, 0x0000000085800000| Untracked 
|  88|0x0000000085800000, 0x0000000085900000, 0x0000000085900000|100%| O|  |TAMS 0x0000000085900000, 0x0000000085900000| Untracked 
|  89|0x0000000085900000, 0x0000000085a00000, 0x0000000085a00000|100%| O|  |TAMS 0x0000000085a00000, 0x0000000085a00000| Untracked 
|  90|0x0000000085a00000, 0x0000000085b00000, 0x0000000085b00000|100%| O|  |TAMS 0x0000000085b00000, 0x0000000085b00000| Untracked 
|  91|0x0000000085b00000, 0x0000000085c00000, 0x0000000085c00000|100%| O|  |TAMS 0x0000000085c00000, 0x0000000085c00000| Untracked 
|  92|0x0000000085c00000, 0x0000000085d00000, 0x0000000085d00000|100%| O|  |TAMS 0x0000000085d00000, 0x0000000085d00000| Untracked 
|  93|0x0000000085d00000, 0x0000000085e00000, 0x0000000085e00000|100%| O|  |TAMS 0x0000000085e00000, 0x0000000085e00000| Untracked 
|  94|0x0000000085e00000, 0x0000000085f00000, 0x0000000085f00000|100%| O|  |TAMS 0x0000000085f00000, 0x0000000085f00000| Untracked 
|  95|0x0000000085f00000, 0x0000000086000000, 0x0000000086000000|100%| O|  |TAMS 0x0000000086000000, 0x0000000086000000| Untracked 
|  96|0x0000000086000000, 0x0000000086100000, 0x0000000086100000|100%| O|  |TAMS 0x0000000086100000, 0x0000000086100000| Untracked 
|  97|0x0000000086100000, 0x0000000086200000, 0x0000000086200000|100%| O|  |TAMS 0x0000000086200000, 0x0000000086200000| Untracked 
|  98|0x0000000086200000, 0x0000000086300000, 0x0000000086300000|100%| O|  |TAMS 0x0000000086300000, 0x0000000086300000| Untracked 
|  99|0x0000000086300000, 0x0000000086400000, 0x0000000086400000|100%| O|  |TAMS 0x0000000086400000, 0x0000000086400000| Untracked 
| 100|0x0000000086400000, 0x0000000086500000, 0x0000000086500000|100%| O|  |TAMS 0x0000000086500000, 0x0000000086500000| Untracked 
| 101|0x0000000086500000, 0x0000000086600000, 0x0000000086600000|100%| O|  |TAMS 0x0000000086600000, 0x0000000086600000| Untracked 
| 102|0x0000000086600000, 0x0000000086700000, 0x0000000086700000|100%| O|  |TAMS 0x00000000866ac200, 0x0000000086700000| Untracked 
| 103|0x0000000086700000, 0x0000000086800000, 0x0000000086800000|100%|HS|  |TAMS 0x0000000086700000, 0x0000000086800000| Complete 
| 104|0x0000000086800000, 0x0000000086900000, 0x0000000086900000|100%|HC|  |TAMS 0x0000000086800000, 0x0000000086900000| Complete 
| 105|0x0000000086900000, 0x0000000086a00000, 0x0000000086a00000|100%|HC|  |TAMS 0x0000000086900000, 0x0000000086a00000| Complete 
| 106|0x0000000086a00000, 0x0000000086b00000, 0x0000000086b00000|100%| O|  |TAMS 0x0000000086a00000, 0x0000000086b00000| Untracked 
| 107|0x0000000086b00000, 0x0000000086c00000, 0x0000000086c00000|100%| O|  |TAMS 0x0000000086b00000, 0x0000000086c00000| Untracked 
| 108|0x0000000086c00000, 0x0000000086d00000, 0x0000000086d00000|100%| O|  |TAMS 0x0000000086c00000, 0x0000000086d00000| Untracked 
| 109|0x0000000086d00000, 0x0000000086e00000, 0x0000000086e00000|100%| O|  |TAMS 0x0000000086d00000, 0x0000000086e00000| Untracked 
| 110|0x0000000086e00000, 0x0000000086f00000, 0x0000000086f00000|100%| O|  |TAMS 0x0000000086e00000, 0x0000000086f00000| Untracked 
| 111|0x0000000086f00000, 0x0000000087000000, 0x0000000087000000|100%| O|  |TAMS 0x0000000086f00000, 0x0000000087000000| Untracked 
| 112|0x0000000087000000, 0x0000000087100000, 0x0000000087100000|100%| O|  |TAMS 0x0000000087000000, 0x0000000087100000| Untracked 
| 113|0x0000000087100000, 0x0000000087200000, 0x0000000087200000|100%| O|  |TAMS 0x0000000087100000, 0x0000000087200000| Untracked 
| 114|0x0000000087200000, 0x0000000087300000, 0x0000000087300000|100%| O|  |TAMS 0x0000000087200000, 0x0000000087300000| Untracked 
| 115|0x0000000087300000, 0x0000000087400000, 0x0000000087400000|100%| O|  |TAMS 0x0000000087300000, 0x0000000087400000| Untracked 
| 116|0x0000000087400000, 0x0000000087500000, 0x0000000087500000|100%| O|  |TAMS 0x0000000087400000, 0x0000000087500000| Untracked 
| 117|0x0000000087500000, 0x0000000087600000, 0x0000000087600000|100%| O|  |TAMS 0x0000000087500000, 0x0000000087600000| Untracked 
| 118|0x0000000087600000, 0x0000000087700000, 0x0000000087700000|100%| O|  |TAMS 0x0000000087600000, 0x0000000087700000| Untracked 
| 119|0x0000000087700000, 0x0000000087800000, 0x0000000087800000|100%| O|  |TAMS 0x0000000087700000, 0x0000000087800000| Untracked 
| 120|0x0000000087800000, 0x0000000087900000, 0x0000000087900000|100%| O|  |TAMS 0x0000000087800000, 0x0000000087900000| Untracked 
| 121|0x0000000087900000, 0x0000000087a00000, 0x0000000087a00000|100%| O|  |TAMS 0x0000000087900000, 0x0000000087a00000| Untracked 
| 122|0x0000000087a00000, 0x0000000087ae1c00, 0x0000000087b00000| 88%| O|  |TAMS 0x0000000087a00000, 0x0000000087ae1c00| Untracked 
| 123|0x0000000087b00000, 0x0000000087b00000, 0x0000000087c00000|  0%| F|  |TAMS 0x0000000087b00000, 0x0000000087b00000| Untracked 
| 124|0x0000000087c00000, 0x0000000087c00000, 0x0000000087d00000|  0%| F|  |TAMS 0x0000000087c00000, 0x0000000087c00000| Untracked 
| 125|0x0000000087d00000, 0x0000000087d00000, 0x0000000087e00000|  0%| F|  |TAMS 0x0000000087d00000, 0x0000000087d00000| Untracked 
| 126|0x0000000087e00000, 0x0000000087e00000, 0x0000000087f00000|  0%| F|  |TAMS 0x0000000087e00000, 0x0000000087e00000| Untracked 
| 127|0x0000000087f00000, 0x0000000087f00000, 0x0000000088000000|  0%| F|  |TAMS 0x0000000087f00000, 0x0000000087f00000| Untracked 
| 128|0x0000000088000000, 0x0000000088000000, 0x0000000088100000|  0%| F|  |TAMS 0x0000000088000000, 0x0000000088000000| Untracked 
| 129|0x0000000088100000, 0x0000000088100000, 0x0000000088200000|  0%| F|  |TAMS 0x0000000088100000, 0x0000000088100000| Untracked 
| 130|0x0000000088200000, 0x0000000088200000, 0x0000000088300000|  0%| F|  |TAMS 0x0000000088200000, 0x0000000088200000| Untracked 
| 131|0x0000000088300000, 0x0000000088300000, 0x0000000088400000|  0%| F|  |TAMS 0x0000000088300000, 0x0000000088300000| Untracked 
| 132|0x0000000088400000, 0x0000000088400000, 0x0000000088500000|  0%| F|  |TAMS 0x0000000088400000, 0x0000000088400000| Untracked 
| 133|0x0000000088500000, 0x0000000088500000, 0x0000000088600000|  0%| F|  |TAMS 0x0000000088500000, 0x0000000088500000| Untracked 
| 134|0x0000000088600000, 0x0000000088600000, 0x0000000088700000|  0%| F|  |TAMS 0x0000000088600000, 0x0000000088600000| Untracked 
| 135|0x0000000088700000, 0x0000000088700000, 0x0000000088800000|  0%| F|  |TAMS 0x0000000088700000, 0x0000000088700000| Untracked 
| 136|0x0000000088800000, 0x0000000088800000, 0x0000000088900000|  0%| F|  |TAMS 0x0000000088800000, 0x0000000088800000| Untracked 
| 137|0x0000000088900000, 0x0000000088900000, 0x0000000088a00000|  0%| F|  |TAMS 0x0000000088900000, 0x0000000088900000| Untracked 
| 138|0x0000000088a00000, 0x0000000088a00000, 0x0000000088b00000|  0%| F|  |TAMS 0x0000000088a00000, 0x0000000088a00000| Untracked 
| 139|0x0000000088b00000, 0x0000000088b00000, 0x0000000088c00000|  0%| F|  |TAMS 0x0000000088b00000, 0x0000000088b00000| Untracked 
| 140|0x0000000088c00000, 0x0000000088c00000, 0x0000000088d00000|  0%| F|  |TAMS 0x0000000088c00000, 0x0000000088c00000| Untracked 
| 141|0x0000000088d00000, 0x0000000088d00000, 0x0000000088e00000|  0%| F|  |TAMS 0x0000000088d00000, 0x0000000088d00000| Untracked 
| 142|0x0000000088e00000, 0x0000000088e00000, 0x0000000088f00000|  0%| F|  |TAMS 0x0000000088e00000, 0x0000000088e00000| Untracked 
| 143|0x0000000088f00000, 0x0000000088f00000, 0x0000000089000000|  0%| F|  |TAMS 0x0000000088f00000, 0x0000000088f00000| Untracked 
| 144|0x0000000089000000, 0x0000000089000000, 0x0000000089100000|  0%| F|  |TAMS 0x0000000089000000, 0x0000000089000000| Untracked 
| 145|0x0000000089100000, 0x0000000089100000, 0x0000000089200000|  0%| F|  |TAMS 0x0000000089100000, 0x0000000089100000| Untracked 
| 146|0x0000000089200000, 0x0000000089200000, 0x0000000089300000|  0%| F|  |TAMS 0x0000000089200000, 0x0000000089200000| Untracked 
| 147|0x0000000089300000, 0x0000000089300000, 0x0000000089400000|  0%| F|  |TAMS 0x0000000089300000, 0x0000000089300000| Untracked 
| 148|0x0000000089400000, 0x0000000089400000, 0x0000000089500000|  0%| F|  |TAMS 0x0000000089400000, 0x0000000089400000| Untracked 
| 149|0x0000000089500000, 0x0000000089500000, 0x0000000089600000|  0%| F|  |TAMS 0x0000000089500000, 0x0000000089500000| Untracked 
| 150|0x0000000089600000, 0x0000000089600000, 0x0000000089700000|  0%| F|  |TAMS 0x0000000089600000, 0x0000000089600000| Untracked 
| 151|0x0000000089700000, 0x0000000089700000, 0x0000000089800000|  0%| F|  |TAMS 0x0000000089700000, 0x0000000089700000| Untracked 
| 152|0x0000000089800000, 0x0000000089800000, 0x0000000089900000|  0%| F|  |TAMS 0x0000000089800000, 0x0000000089800000| Untracked 
| 153|0x0000000089900000, 0x0000000089900000, 0x0000000089a00000|  0%| F|  |TAMS 0x0000000089900000, 0x0000000089900000| Untracked 
| 154|0x0000000089a00000, 0x0000000089a00000, 0x0000000089b00000|  0%| F|  |TAMS 0x0000000089a00000, 0x0000000089a00000| Untracked 
| 155|0x0000000089b00000, 0x0000000089b00000, 0x0000000089c00000|  0%| F|  |TAMS 0x0000000089b00000, 0x0000000089b00000| Untracked 
| 156|0x0000000089c00000, 0x0000000089c00000, 0x0000000089d00000|  0%| F|  |TAMS 0x0000000089c00000, 0x0000000089c00000| Untracked 
| 157|0x0000000089d00000, 0x0000000089d00000, 0x0000000089e00000|  0%| F|  |TAMS 0x0000000089d00000, 0x0000000089d00000| Untracked 
| 158|0x0000000089e00000, 0x0000000089e00000, 0x0000000089f00000|  0%| F|  |TAMS 0x0000000089e00000, 0x0000000089e00000| Untracked 
| 159|0x0000000089f00000, 0x0000000089f00000, 0x000000008a000000|  0%| F|  |TAMS 0x0000000089f00000, 0x0000000089f00000| Untracked 
| 160|0x000000008a000000, 0x000000008a000000, 0x000000008a100000|  0%| F|  |TAMS 0x000000008a000000, 0x000000008a000000| Untracked 
| 161|0x000000008a100000, 0x000000008a100000, 0x000000008a200000|  0%| F|  |TAMS 0x000000008a100000, 0x000000008a100000| Untracked 
| 162|0x000000008a200000, 0x000000008a200000, 0x000000008a300000|  0%| F|  |TAMS 0x000000008a200000, 0x000000008a200000| Untracked 
| 163|0x000000008a300000, 0x000000008a300000, 0x000000008a400000|  0%| F|  |TAMS 0x000000008a300000, 0x000000008a300000| Untracked 
| 164|0x000000008a400000, 0x000000008a400000, 0x000000008a500000|  0%| F|  |TAMS 0x000000008a400000, 0x000000008a400000| Untracked 
| 165|0x000000008a500000, 0x000000008a500000, 0x000000008a600000|  0%| F|  |TAMS 0x000000008a500000, 0x000000008a500000| Untracked 
| 166|0x000000008a600000, 0x000000008a600000, 0x000000008a700000|  0%| F|  |TAMS 0x000000008a600000, 0x000000008a600000| Untracked 
| 167|0x000000008a700000, 0x000000008a700000, 0x000000008a800000|  0%| F|  |TAMS 0x000000008a700000, 0x000000008a700000| Untracked 
| 168|0x000000008a800000, 0x000000008a800000, 0x000000008a900000|  0%| F|  |TAMS 0x000000008a800000, 0x000000008a800000| Untracked 
| 169|0x000000008a900000, 0x000000008a900000, 0x000000008aa00000|  0%| F|  |TAMS 0x000000008a900000, 0x000000008a900000| Untracked 
| 170|0x000000008aa00000, 0x000000008aa00000, 0x000000008ab00000|  0%| F|  |TAMS 0x000000008aa00000, 0x000000008aa00000| Untracked 
| 171|0x000000008ab00000, 0x000000008ab00000, 0x000000008ac00000|  0%| F|  |TAMS 0x000000008ab00000, 0x000000008ab00000| Untracked 
| 172|0x000000008ac00000, 0x000000008ac00000, 0x000000008ad00000|  0%| F|  |TAMS 0x000000008ac00000, 0x000000008ac00000| Untracked 
| 173|0x000000008ad00000, 0x000000008ad00000, 0x000000008ae00000|  0%| F|  |TAMS 0x000000008ad00000, 0x000000008ad00000| Untracked 
| 174|0x000000008ae00000, 0x000000008ae00000, 0x000000008af00000|  0%| F|  |TAMS 0x000000008ae00000, 0x000000008ae00000| Untracked 
| 175|0x000000008af00000, 0x000000008af00000, 0x000000008b000000|  0%| F|  |TAMS 0x000000008af00000, 0x000000008af00000| Untracked 
| 176|0x000000008b000000, 0x000000008b000000, 0x000000008b100000|  0%| F|  |TAMS 0x000000008b000000, 0x000000008b000000| Untracked 
| 177|0x000000008b100000, 0x000000008b100000, 0x000000008b200000|  0%| F|  |TAMS 0x000000008b100000, 0x000000008b100000| Untracked 
| 178|0x000000008b200000, 0x000000008b200000, 0x000000008b300000|  0%| F|  |TAMS 0x000000008b200000, 0x000000008b200000| Untracked 
| 179|0x000000008b300000, 0x000000008b300000, 0x000000008b400000|  0%| F|  |TAMS 0x000000008b300000, 0x000000008b300000| Untracked 
| 180|0x000000008b400000, 0x000000008b400000, 0x000000008b500000|  0%| F|  |TAMS 0x000000008b400000, 0x000000008b400000| Untracked 
| 181|0x000000008b500000, 0x000000008b500000, 0x000000008b600000|  0%| F|  |TAMS 0x000000008b500000, 0x000000008b500000| Untracked 
| 182|0x000000008b600000, 0x000000008b6127e0, 0x000000008b700000|  7%| S|CS|TAMS 0x000000008b600000, 0x000000008b600000| Complete 
| 183|0x000000008b700000, 0x000000008b800000, 0x000000008b800000|100%| S|CS|TAMS 0x000000008b700000, 0x000000008b700000| Complete 
| 184|0x000000008b800000, 0x000000008b900000, 0x000000008b900000|100%| S|CS|TAMS 0x000000008b800000, 0x000000008b800000| Complete 
| 185|0x000000008b900000, 0x000000008b900000, 0x000000008ba00000|  0%| F|  |TAMS 0x000000008b900000, 0x000000008b900000| Untracked 
| 186|0x000000008ba00000, 0x000000008ba00000, 0x000000008bb00000|  0%| F|  |TAMS 0x000000008ba00000, 0x000000008ba00000| Untracked 
| 187|0x000000008bb00000, 0x000000008bb00000, 0x000000008bc00000|  0%| F|  |TAMS 0x000000008bb00000, 0x000000008bb00000| Untracked 
| 188|0x000000008bc00000, 0x000000008bc00000, 0x000000008bd00000|  0%| F|  |TAMS 0x000000008bc00000, 0x000000008bc00000| Untracked 
| 189|0x000000008bd00000, 0x000000008bd00000, 0x000000008be00000|  0%| F|  |TAMS 0x000000008bd00000, 0x000000008bd00000| Untracked 
| 190|0x000000008be00000, 0x000000008be00000, 0x000000008bf00000|  0%| F|  |TAMS 0x000000008be00000, 0x000000008be00000| Untracked 
| 191|0x000000008bf00000, 0x000000008bf00000, 0x000000008c000000|  0%| F|  |TAMS 0x000000008bf00000, 0x000000008bf00000| Untracked 
| 192|0x000000008c000000, 0x000000008c000000, 0x000000008c100000|  0%| F|  |TAMS 0x000000008c000000, 0x000000008c000000| Untracked 
| 193|0x000000008c100000, 0x000000008c100000, 0x000000008c200000|  0%| F|  |TAMS 0x000000008c100000, 0x000000008c100000| Untracked 
| 194|0x000000008c200000, 0x000000008c200000, 0x000000008c300000|  0%| F|  |TAMS 0x000000008c200000, 0x000000008c200000| Untracked 
| 195|0x000000008c300000, 0x000000008c300000, 0x000000008c400000|  0%| F|  |TAMS 0x000000008c300000, 0x000000008c300000| Untracked 
| 196|0x000000008c400000, 0x000000008c400000, 0x000000008c500000|  0%| F|  |TAMS 0x000000008c400000, 0x000000008c400000| Untracked 
| 197|0x000000008c500000, 0x000000008c500000, 0x000000008c600000|  0%| F|  |TAMS 0x000000008c500000, 0x000000008c500000| Untracked 
| 198|0x000000008c600000, 0x000000008c600000, 0x000000008c700000|  0%| F|  |TAMS 0x000000008c600000, 0x000000008c600000| Untracked 
| 199|0x000000008c700000, 0x000000008c700000, 0x000000008c800000|  0%| F|  |TAMS 0x000000008c700000, 0x000000008c700000| Untracked 
| 200|0x000000008c800000, 0x000000008c800000, 0x000000008c900000|  0%| F|  |TAMS 0x000000008c800000, 0x000000008c800000| Untracked 
| 201|0x000000008c900000, 0x000000008c900000, 0x000000008ca00000|  0%| F|  |TAMS 0x000000008c900000, 0x000000008c900000| Untracked 
| 202|0x000000008ca00000, 0x000000008ca00000, 0x000000008cb00000|  0%| F|  |TAMS 0x000000008ca00000, 0x000000008ca00000| Untracked 
| 203|0x000000008cb00000, 0x000000008cb00000, 0x000000008cc00000|  0%| F|  |TAMS 0x000000008cb00000, 0x000000008cb00000| Untracked 
| 204|0x000000008cc00000, 0x000000008cc00000, 0x000000008cd00000|  0%| F|  |TAMS 0x000000008cc00000, 0x000000008cc00000| Untracked 
| 205|0x000000008cd00000, 0x000000008cd00000, 0x000000008ce00000|  0%| F|  |TAMS 0x000000008cd00000, 0x000000008cd00000| Untracked 
| 206|0x000000008ce00000, 0x000000008ce00000, 0x000000008cf00000|  0%| F|  |TAMS 0x000000008ce00000, 0x000000008ce00000| Untracked 
| 207|0x000000008cf00000, 0x000000008cf00000, 0x000000008d000000|  0%| F|  |TAMS 0x000000008cf00000, 0x000000008cf00000| Untracked 
| 208|0x000000008d000000, 0x000000008d000000, 0x000000008d100000|  0%| F|  |TAMS 0x000000008d000000, 0x000000008d000000| Untracked 
| 209|0x000000008d100000, 0x000000008d100000, 0x000000008d200000|  0%| F|  |TAMS 0x000000008d100000, 0x000000008d100000| Untracked 
| 210|0x000000008d200000, 0x000000008d200000, 0x000000008d300000|  0%| F|  |TAMS 0x000000008d200000, 0x000000008d200000| Untracked 
| 211|0x000000008d300000, 0x000000008d300000, 0x000000008d400000|  0%| F|  |TAMS 0x000000008d300000, 0x000000008d300000| Untracked 
| 212|0x000000008d400000, 0x000000008d400000, 0x000000008d500000|  0%| F|  |TAMS 0x000000008d400000, 0x000000008d400000| Untracked 
| 213|0x000000008d500000, 0x000000008d500000, 0x000000008d600000|  0%| F|  |TAMS 0x000000008d500000, 0x000000008d500000| Untracked 
| 214|0x000000008d600000, 0x000000008d600000, 0x000000008d700000|  0%| F|  |TAMS 0x000000008d600000, 0x000000008d600000| Untracked 
| 215|0x000000008d700000, 0x000000008d700000, 0x000000008d800000|  0%| F|  |TAMS 0x000000008d700000, 0x000000008d700000| Untracked 
| 216|0x000000008d800000, 0x000000008d800000, 0x000000008d900000|  0%| F|  |TAMS 0x000000008d800000, 0x000000008d800000| Untracked 
| 217|0x000000008d900000, 0x000000008d900000, 0x000000008da00000|  0%| F|  |TAMS 0x000000008d900000, 0x000000008d900000| Untracked 
| 218|0x000000008da00000, 0x000000008da00000, 0x000000008db00000|  0%| F|  |TAMS 0x000000008da00000, 0x000000008da00000| Untracked 
| 219|0x000000008db00000, 0x000000008db00000, 0x000000008dc00000|  0%| F|  |TAMS 0x000000008db00000, 0x000000008db00000| Untracked 
| 220|0x000000008dc00000, 0x000000008dc00000, 0x000000008dd00000|  0%| F|  |TAMS 0x000000008dc00000, 0x000000008dc00000| Untracked 
| 221|0x000000008dd00000, 0x000000008dd00000, 0x000000008de00000|  0%| F|  |TAMS 0x000000008dd00000, 0x000000008dd00000| Untracked 
| 222|0x000000008de00000, 0x000000008de00000, 0x000000008df00000|  0%| F|  |TAMS 0x000000008de00000, 0x000000008de00000| Untracked 
| 223|0x000000008df00000, 0x000000008df00000, 0x000000008e000000|  0%| F|  |TAMS 0x000000008df00000, 0x000000008df00000| Untracked 
| 224|0x000000008e000000, 0x000000008e000000, 0x000000008e100000|  0%| F|  |TAMS 0x000000008e000000, 0x000000008e000000| Untracked 
| 225|0x000000008e100000, 0x000000008e100000, 0x000000008e200000|  0%| F|  |TAMS 0x000000008e100000, 0x000000008e100000| Untracked 
| 226|0x000000008e200000, 0x000000008e200000, 0x000000008e300000|  0%| F|  |TAMS 0x000000008e200000, 0x000000008e200000| Untracked 
| 227|0x000000008e300000, 0x000000008e300000, 0x000000008e400000|  0%| F|  |TAMS 0x000000008e300000, 0x000000008e300000| Untracked 
| 228|0x000000008e400000, 0x000000008e400000, 0x000000008e500000|  0%| F|  |TAMS 0x000000008e400000, 0x000000008e400000| Untracked 
| 229|0x000000008e500000, 0x000000008e500000, 0x000000008e600000|  0%| F|  |TAMS 0x000000008e500000, 0x000000008e500000| Untracked 
| 230|0x000000008e600000, 0x000000008e600000, 0x000000008e700000|  0%| F|  |TAMS 0x000000008e600000, 0x000000008e600000| Untracked 
| 231|0x000000008e700000, 0x000000008e700000, 0x000000008e800000|  0%| F|  |TAMS 0x000000008e700000, 0x000000008e700000| Untracked 
| 232|0x000000008e800000, 0x000000008e800000, 0x000000008e900000|  0%| F|  |TAMS 0x000000008e800000, 0x000000008e800000| Untracked 
| 233|0x000000008e900000, 0x000000008e900000, 0x000000008ea00000|  0%| F|  |TAMS 0x000000008e900000, 0x000000008e900000| Untracked 
| 234|0x000000008ea00000, 0x000000008ea00000, 0x000000008eb00000|  0%| F|  |TAMS 0x000000008ea00000, 0x000000008ea00000| Untracked 
| 235|0x000000008eb00000, 0x000000008eb00000, 0x000000008ec00000|  0%| F|  |TAMS 0x000000008eb00000, 0x000000008eb00000| Untracked 
| 236|0x000000008ec00000, 0x000000008ec00000, 0x000000008ed00000|  0%| F|  |TAMS 0x000000008ec00000, 0x000000008ec00000| Untracked 
| 237|0x000000008ed00000, 0x000000008ed00000, 0x000000008ee00000|  0%| F|  |TAMS 0x000000008ed00000, 0x000000008ed00000| Untracked 
| 238|0x000000008ee00000, 0x000000008ee00000, 0x000000008ef00000|  0%| F|  |TAMS 0x000000008ee00000, 0x000000008ee00000| Untracked 
| 239|0x000000008ef00000, 0x000000008ef00000, 0x000000008f000000|  0%| F|  |TAMS 0x000000008ef00000, 0x000000008ef00000| Untracked 
| 240|0x000000008f000000, 0x000000008f000000, 0x000000008f100000|  0%| F|  |TAMS 0x000000008f000000, 0x000000008f000000| Untracked 
| 241|0x000000008f100000, 0x000000008f100000, 0x000000008f200000|  0%| F|  |TAMS 0x000000008f100000, 0x000000008f100000| Untracked 
| 242|0x000000008f200000, 0x000000008f200000, 0x000000008f300000|  0%| F|  |TAMS 0x000000008f200000, 0x000000008f200000| Untracked 
| 243|0x000000008f300000, 0x000000008f300000, 0x000000008f400000|  0%| F|  |TAMS 0x000000008f300000, 0x000000008f300000| Untracked 
| 244|0x000000008f400000, 0x000000008f400000, 0x000000008f500000|  0%| F|  |TAMS 0x000000008f400000, 0x000000008f400000| Untracked 
| 245|0x000000008f500000, 0x000000008f500000, 0x000000008f600000|  0%| F|  |TAMS 0x000000008f500000, 0x000000008f500000| Untracked 
| 246|0x000000008f600000, 0x000000008f600000, 0x000000008f700000|  0%| F|  |TAMS 0x000000008f600000, 0x000000008f600000| Untracked 
| 247|0x000000008f700000, 0x000000008f700000, 0x000000008f800000|  0%| F|  |TAMS 0x000000008f700000, 0x000000008f700000| Untracked 
| 248|0x000000008f800000, 0x000000008f800000, 0x000000008f900000|  0%| F|  |TAMS 0x000000008f800000, 0x000000008f800000| Untracked 
| 249|0x000000008f900000, 0x000000008f900000, 0x000000008fa00000|  0%| F|  |TAMS 0x000000008f900000, 0x000000008f900000| Untracked 
| 250|0x000000008fa00000, 0x000000008fa00000, 0x000000008fb00000|  0%| F|  |TAMS 0x000000008fa00000, 0x000000008fa00000| Untracked 
| 251|0x000000008fb00000, 0x000000008fb00000, 0x000000008fc00000|  0%| F|  |TAMS 0x000000008fb00000, 0x000000008fb00000| Untracked 
| 252|0x000000008fc00000, 0x000000008fc00000, 0x000000008fd00000|  0%| F|  |TAMS 0x000000008fc00000, 0x000000008fc00000| Untracked 
| 253|0x000000008fd00000, 0x000000008fd00000, 0x000000008fe00000|  0%| F|  |TAMS 0x000000008fd00000, 0x000000008fd00000| Untracked 

Card table byte_map: [0x00000163c43a0000,0x00000163c47a0000] _byte_map_base: 0x00000163c3fa0000

Marking Bits (Prev, Next): (CMBitMap*) 0x00000163ab6afd20, (CMBitMap*) 0x00000163ab6afce0
 Prev Bits: [0x00000163c6ba0000, 0x00000163c8ba0000)
 Next Bits: [0x00000163c4ba0000, 0x00000163c6ba0000)

Polling page: 0x00000163ab430000

Metaspace:

Usage:
  Non-class:     79.72 MB used.
      Class:     13.08 MB used.
       Both:     92.79 MB used.

Virtual space:
  Non-class space:      128.00 MB reserved,      80.19 MB ( 63%) committed,  2 nodes.
      Class space:      416.00 MB reserved,      13.50 MB (  3%) committed,  1 nodes.
             Both:      544.00 MB reserved,      93.69 MB ( 17%) committed. 

Chunk freelists:
   Non-Class:  15.47 MB
       Class:  2.47 MB
        Both:  17.94 MB

MaxMetaspaceSize: 512.00 MB
CompressedClassSpaceSize: 416.00 MB
Initial GC threshold: 21.00 MB
Current GC threshold: 151.88 MB
CDS: on
MetaspaceReclaimPolicy: balanced
 - commit_granule_bytes: 65536.
 - commit_granule_words: 8192.
 - virtual_space_node_default_size: 8388608.
 - enlarge_chunks_in_place: 1.
 - new_chunks_are_fully_committed: 0.
 - uncommit_free_chunks: 1.
 - use_allocation_guard: 0.
 - handle_deallocations: 1.


Internal statistics:

num_allocs_failed_limit: 6.
num_arena_births: 1098.
num_arena_deaths: 0.
num_vsnodes_births: 3.
num_vsnodes_deaths: 0.
num_space_committed: 1499.
num_space_uncommitted: 0.
num_chunks_returned_to_freelist: 6.
num_chunks_taken_from_freelist: 5135.
num_chunk_merges: 6.
num_chunk_splits: 3359.
num_chunks_enlarged: 2223.
num_inconsistent_stats: 0.

CodeHeap 'non-profiled nmethods': size=120000Kb used=6380Kb max_used=6380Kb free=113619Kb
 bounds [0x00000163bc450000, 0x00000163bca90000, 0x00000163c3980000]
CodeHeap 'profiled nmethods': size=120000Kb used=20906Kb max_used=20906Kb free=99093Kb
 bounds [0x00000163b4980000, 0x00000163b5df0000, 0x00000163bbeb0000]
CodeHeap 'non-nmethods': size=5760Kb used=2400Kb max_used=2514Kb free=3360Kb
 bounds [0x00000163bbeb0000, 0x00000163bc140000, 0x00000163bc450000]
 total_blobs=11339 nmethods=10400 adapters=851
 compilation: enabled
              stopped_count=0, restarted_count=0
 full_count=0

Compilation events (20 events):
Event: 40.649 Thread 0x00000163ee137360 11902       4       java.util.LinkedHashMap::<init> (11 bytes)
Event: 40.650 Thread 0x00000163cb1c61b0 nmethod 11922 0x00000163b5de5e10 code [0x00000163b5de6160, 0x00000163b5de7778]
Event: 40.650 Thread 0x00000163cb1c61b0 11923       3       org.gradle.api.internal.artifacts.ivyservice.resolutionstrategy.DefaultCapabilitiesResolution::<init> (34 bytes)
Event: 40.650 Thread 0x00000163cb1c61b0 nmethod 11923 0x00000163b5de7e10 code [0x00000163b5de8000, 0x00000163b5de8658]
Event: 40.650 Thread 0x00000163cb1c61b0 11924       3       org.gradle.api.internal.artifacts.ivyservice.resolveengine.graph.conflicts.UpgradeCapabilityResolver::<init> (5 bytes)
Event: 40.650 Thread 0x00000163ee137360 nmethod 11902 0x00000163bca8a910 code [0x00000163bca8aa80, 0x00000163bca8ab58]
Event: 40.650 Thread 0x00000163ee137360 11894       4       java.lang.Long::hashCode (8 bytes)
Event: 40.650 Thread 0x00000163cb1c61b0 nmethod 11924 0x00000163b5de8890 code [0x00000163b5de8a20, 0x00000163b5de8b78]
Event: 40.650 Thread 0x00000163cb1c61b0 11925       3       org.gradle.api.internal.artifacts.ivyservice.resolutionstrategy.DefaultCapabilitiesResolution_Decorated::$gradleInit (10 bytes)
Event: 40.651 Thread 0x00000163ee137360 nmethod 11894 0x00000163bca8ac90 code [0x00000163bca8ae00, 0x00000163bca8ae98]
Event: 40.651 Thread 0x00000163ee137360 11887       4       org.gradle.internal.instantiation.generator.AbstractClassGenerator::generate (58 bytes)
Event: 40.651 Thread 0x00000163cb1c61b0 nmethod 11925 0x00000163b5de8c10 code [0x00000163b5de8ee0, 0x00000163b5de9ee8]
Event: 40.651 Thread 0x00000163cb1c61b0 11926       3       org.gradle.api.internal.artifacts.ivyservice.resolutionstrategy.DefaultCapabilitiesResolution_Decorated$$Lambda$732/0x00000163cd59c8a8::<init> (10 bytes)
Event: 40.652 Thread 0x00000163cb1c61b0 nmethod 11926 0x00000163b5dea390 code [0x00000163b5dea520, 0x00000163b5dea6d8]
Event: 40.652 Thread 0x00000163cb1c61b0 11927       3       org.gradle.api.internal.plugins.BuildConfigurationRule::apply (105 bytes)
Event: 40.653 Thread 0x00000163cb1c61b0 nmethod 11927 0x00000163b5dea790 code [0x00000163b5deaac0, 0x00000163b5debef8]
Event: 40.653 Thread 0x00000163cb1c61b0 11929       3       org.gradle.internal.metaobject.DynamicInvokeResult::getValue (22 bytes)
Event: 40.654 Thread 0x00000163cb1c61b0 nmethod 11929 0x00000163b5dec590 code [0x00000163b5dec740, 0x00000163b5deca48]
Event: 40.654 Thread 0x00000163cb1c61b0 11928       1       org.gradle.api.internal.project.BuildOperationCrossProjectConfigurator::getMutationGuard (5 bytes)
Event: 40.654 Thread 0x00000163cb1c61b0 nmethod 11928 0x00000163bca8af90 code [0x00000163bca8b120, 0x00000163bca8b1f8]

GC Heap History (20 events):
Event: 31.477 GC heap after
{Heap after GC invocations=32 (full 0):
 garbage-first heap   total 201728K, used 100083K [0x0000000080000000, 0x0000000100000000)
  region size 1024K, 4 young (4096K), 4 survivors (4096K)
 Metaspace       used 78542K, committed 79360K, reserved 557056K
  class space    used 11000K, committed 11392K, reserved 425984K
}
Event: 32.348 GC heap before
{Heap before GC invocations=32 (full 0):
 garbage-first heap   total 201728K, used 162547K [0x0000000080000000, 0x0000000100000000)
  region size 1024K, 65 young (66560K), 4 survivors (4096K)
 Metaspace       used 83001K, committed 83840K, reserved 557056K
  class space    used 11626K, committed 12032K, reserved 425984K
}
Event: 32.358 GC heap after
{Heap after GC invocations=33 (full 0):
 garbage-first heap   total 201728K, used 102727K [0x0000000080000000, 0x0000000100000000)
  region size 1024K, 7 young (7168K), 7 survivors (7168K)
 Metaspace       used 83001K, committed 83840K, reserved 557056K
  class space    used 11626K, committed 12032K, reserved 425984K
}
Event: 35.722 GC heap before
{Heap before GC invocations=34 (full 0):
 garbage-first heap   total 201728K, used 161095K [0x0000000080000000, 0x0000000100000000)
  region size 1024K, 67 young (68608K), 7 survivors (7168K)
 Metaspace       used 84493K, committed 85312K, reserved 557056K
  class space    used 11837K, committed 12224K, reserved 425984K
}
Event: 35.744 GC heap after
{Heap after GC invocations=35 (full 0):
 garbage-first heap   total 201728K, used 102902K [0x0000000080000000, 0x0000000100000000)
  region size 1024K, 7 young (7168K), 7 survivors (7168K)
 Metaspace       used 84493K, committed 85312K, reserved 557056K
  class space    used 11837K, committed 12224K, reserved 425984K
}
Event: 35.789 GC heap before
{Heap before GC invocations=35 (full 0):
 garbage-first heap   total 201728K, used 104950K [0x0000000080000000, 0x0000000100000000)
  region size 1024K, 9 young (9216K), 7 survivors (7168K)
 Metaspace       used 84635K, committed 85504K, reserved 557056K
  class space    used 11858K, committed 12288K, reserved 425984K
}
Event: 35.810 GC heap after
{Heap after GC invocations=36 (full 0):
 garbage-first heap   total 201728K, used 102364K [0x0000000080000000, 0x0000000100000000)
  region size 1024K, 1 young (1024K), 1 survivors (1024K)
 Metaspace       used 84635K, committed 85504K, reserved 557056K
  class space    used 11858K, committed 12288K, reserved 425984K
}
Event: 35.999 GC heap before
{Heap before GC invocations=36 (full 0):
 garbage-first heap   total 201728K, used 112604K [0x0000000080000000, 0x0000000100000000)
  region size 1024K, 12 young (12288K), 1 survivors (1024K)
 Metaspace       used 85286K, committed 86080K, reserved 557056K
  class space    used 11952K, committed 12352K, reserved 425984K
}
Event: 36.002 GC heap after
{Heap after GC invocations=37 (full 0):
 garbage-first heap   total 201728K, used 102400K [0x0000000080000000, 0x0000000100000000)
  region size 1024K, 1 young (1024K), 1 survivors (1024K)
 Metaspace       used 85286K, committed 86080K, reserved 557056K
  class space    used 11952K, committed 12352K, reserved 425984K
}
Event: 37.042 GC heap before
{Heap before GC invocations=38 (full 0):
 garbage-first heap   total 201728K, used 166912K [0x0000000080000000, 0x0000000100000000)
  region size 1024K, 63 young (64512K), 1 survivors (1024K)
 Metaspace       used 89598K, committed 90496K, reserved 557056K
  class space    used 12710K, committed 13120K, reserved 425984K
}
Event: 37.048 GC heap after
{Heap after GC invocations=39 (full 0):
 garbage-first heap   total 201728K, used 104024K [0x0000000080000000, 0x0000000100000000)
  region size 1024K, 3 young (3072K), 3 survivors (3072K)
 Metaspace       used 89598K, committed 90496K, reserved 557056K
  class space    used 12710K, committed 13120K, reserved 425984K
}
Event: 37.149 GC heap before
{Heap before GC invocations=39 (full 0):
 garbage-first heap   total 201728K, used 110168K [0x0000000080000000, 0x0000000100000000)
  region size 1024K, 9 young (9216K), 3 survivors (3072K)
 Metaspace       used 89959K, committed 90752K, reserved 557056K
  class space    used 12760K, committed 13120K, reserved 425984K
}
Event: 37.163 GC heap after
{Heap after GC invocations=40 (full 0):
 garbage-first heap   total 201728K, used 103312K [0x0000000080000000, 0x0000000100000000)
  region size 1024K, 1 young (1024K), 1 survivors (1024K)
 Metaspace       used 89959K, committed 90752K, reserved 557056K
  class space    used 12760K, committed 13120K, reserved 425984K
}
Event: 38.763 GC heap before
{Heap before GC invocations=40 (full 0):
 garbage-first heap   total 201728K, used 166800K [0x0000000080000000, 0x0000000100000000)
  region size 1024K, 63 young (64512K), 1 survivors (1024K)
 Metaspace       used 92385K, committed 93184K, reserved 557056K
  class space    used 13067K, committed 13440K, reserved 425984K
}
Event: 38.774 GC heap after
{Heap after GC invocations=41 (full 0):
 garbage-first heap   total 201728K, used 109159K [0x0000000080000000, 0x0000000100000000)
  region size 1024K, 7 young (7168K), 7 survivors (7168K)
 Metaspace       used 92385K, committed 93184K, reserved 557056K
  class space    used 13067K, committed 13440K, reserved 425984K
}
Event: 40.434 GC heap before
{Heap before GC invocations=42 (full 0):
 garbage-first heap   total 201728K, used 170599K [0x0000000080000000, 0x0000000100000000)
  region size 1024K, 63 young (64512K), 7 survivors (7168K)
 Metaspace       used 94947K, committed 95872K, reserved 557056K
  class space    used 13387K, committed 13824K, reserved 425984K
}
Event: 40.454 GC heap after
{Heap after GC invocations=43 (full 0):
 garbage-first heap   total 201728K, used 123986K [0x0000000080000000, 0x0000000100000000)
  region size 1024K, 8 young (8192K), 8 survivors (8192K)
 Metaspace       used 94947K, committed 95872K, reserved 557056K
  class space    used 13387K, committed 13824K, reserved 425984K
}
Event: 40.471 GC heap before
{Heap before GC invocations=43 (full 0):
 garbage-first heap   total 201728K, used 125010K [0x0000000080000000, 0x0000000100000000)
  region size 1024K, 9 young (9216K), 8 survivors (8192K)
 Metaspace       used 94950K, committed 95872K, reserved 557056K
  class space    used 13387K, committed 13824K, reserved 425984K
}
Event: 40.482 GC heap after
{Heap after GC invocations=44 (full 0):
 garbage-first heap   total 201728K, used 124451K [0x0000000080000000, 0x0000000100000000)
  region size 1024K, 1 young (1024K), 1 survivors (1024K)
 Metaspace       used 94950K, committed 95872K, reserved 557056K
  class space    used 13387K, committed 13824K, reserved 425984K
}
Event: 40.657 GC heap before
{Heap before GC invocations=44 (full 0):
 garbage-first heap   total 201728K, used 134691K [0x0000000080000000, 0x0000000100000000)
  region size 1024K, 12 young (12288K), 1 survivors (1024K)
 Metaspace       used 95022K, committed 95936K, reserved 557056K
  class space    used 13391K, committed 13824K, reserved 425984K
}

Dll operation events (14 events):
Event: 0.018 Loaded shared library C:\Program Files\Microsoft\jdk-17.0.8.7-hotspot\bin\java.dll
Event: 0.052 Loaded shared library C:\Program Files\Microsoft\jdk-17.0.8.7-hotspot\bin\jsvml.dll
Event: 0.206 Loaded shared library C:\Program Files\Microsoft\jdk-17.0.8.7-hotspot\bin\zip.dll
Event: 0.212 Loaded shared library C:\Program Files\Microsoft\jdk-17.0.8.7-hotspot\bin\instrument.dll
Event: 0.220 Loaded shared library C:\Program Files\Microsoft\jdk-17.0.8.7-hotspot\bin\net.dll
Event: 0.222 Loaded shared library C:\Program Files\Microsoft\jdk-17.0.8.7-hotspot\bin\nio.dll
Event: 0.226 Loaded shared library C:\Program Files\Microsoft\jdk-17.0.8.7-hotspot\bin\zip.dll
Event: 0.688 Loaded shared library C:\Program Files\Microsoft\jdk-17.0.8.7-hotspot\bin\jimage.dll
Event: 0.949 Loaded shared library C:\Program Files\Microsoft\jdk-17.0.8.7-hotspot\bin\verify.dll
Event: 1.442 Loaded shared library C:\Users\Lenovo\.gradle\native\c067742578af261105cb4f569cf0c3c89f3d7b1fecec35dd04571415982c5e48\windows-amd64\native-platform.dll
Event: 1.450 Loaded shared library C:\Users\Lenovo\.gradle\native\38dada09dfb8b06ba9b0570ebf7e218e3eb74d4ef43ca46872605cf95ebc2f47\windows-amd64\native-platform-file-events.dll
Event: 4.225 Loaded shared library C:\Program Files\Microsoft\jdk-17.0.8.7-hotspot\bin\management.dll
Event: 4.258 Loaded shared library C:\Program Files\Microsoft\jdk-17.0.8.7-hotspot\bin\management_ext.dll
Event: 5.489 Loaded shared library C:\Program Files\Microsoft\jdk-17.0.8.7-hotspot\bin\sunmscapi.dll

Deoptimization events (20 events):
Event: 40.529 Thread 0x00000163ee94a5d0 Uncommon trap: trap_request=0xffffffd6 fr.pc=0x00000163bca7e9f4 relative=0x0000000000000e34
Event: 40.529 Thread 0x00000163ee94a5d0 Uncommon trap: reason=array_check action=maybe_recompile pc=0x00000163bca7e9f4 method=com.google.common.collect.RegularImmutableMap.fromEntryArrayCheckingBucketOverflow(I[Ljava/util/Map$Entry;Z)Lcom/google/common/collect/ImmutableMap; @ 220 c2
Event: 40.529 Thread 0x00000163ee94a5d0 DEOPT PACKING pc=0x00000163bca7e9f4 sp=0x000000063c7fd860
Event: 40.529 Thread 0x00000163ee94a5d0 DEOPT UNPACKING pc=0x00000163bbf069a3 sp=0x000000063c7fd720 mode 2
Event: 40.530 Thread 0x00000163ee948770 Uncommon trap: trap_request=0xffffffd6 fr.pc=0x00000163bca7e9f4 relative=0x0000000000000e34
Event: 40.530 Thread 0x00000163ee948770 Uncommon trap: reason=array_check action=maybe_recompile pc=0x00000163bca7e9f4 method=com.google.common.collect.RegularImmutableMap.fromEntryArrayCheckingBucketOverflow(I[Ljava/util/Map$Entry;Z)Lcom/google/common/collect/ImmutableMap; @ 220 c2
Event: 40.530 Thread 0x00000163ee948770 DEOPT PACKING pc=0x00000163bca7e9f4 sp=0x000000063c6fddd0
Event: 40.530 Thread 0x00000163ee948770 DEOPT UNPACKING pc=0x00000163bbf069a3 sp=0x000000063c6fdc90 mode 2
Event: 40.530 Thread 0x00000163ee94a5d0 Uncommon trap: trap_request=0xffffffd6 fr.pc=0x00000163bca7e9f4 relative=0x0000000000000e34
Event: 40.530 Thread 0x00000163ee94a5d0 Uncommon trap: reason=array_check action=maybe_recompile pc=0x00000163bca7e9f4 method=com.google.common.collect.RegularImmutableMap.fromEntryArrayCheckingBucketOverflow(I[Ljava/util/Map$Entry;Z)Lcom/google/common/collect/ImmutableMap; @ 220 c2
Event: 40.530 Thread 0x00000163ee94a5d0 DEOPT PACKING pc=0x00000163bca7e9f4 sp=0x000000063c7fd910
Event: 40.530 Thread 0x00000163ee94a5d0 DEOPT UNPACKING pc=0x00000163bbf069a3 sp=0x000000063c7fd7d0 mode 2
Event: 40.605 Thread 0x00000163eb324830 Uncommon trap: trap_request=0xffffff45 fr.pc=0x00000163bc9a850c relative=0x00000000000002ac
Event: 40.605 Thread 0x00000163eb324830 Uncommon trap: reason=unstable_if action=reinterpret pc=0x00000163bc9a850c method=org.gradle.internal.reflect.PropertyAccessorType.of(Ljava/lang/reflect/Method;)Lorg/gradle/internal/reflect/PropertyAccessorType; @ 74 c2
Event: 40.605 Thread 0x00000163eb324830 DEOPT PACKING pc=0x00000163bc9a850c sp=0x0000000638ff93d0
Event: 40.605 Thread 0x00000163eb324830 DEOPT UNPACKING pc=0x00000163bbf069a3 sp=0x0000000638ff9390 mode 2
Event: 40.610 Thread 0x00000163eb324830 Uncommon trap: trap_request=0xffffff45 fr.pc=0x00000163bc48eca0 relative=0x0000000000001140
Event: 40.610 Thread 0x00000163eb324830 Uncommon trap: reason=unstable_if action=reinterpret pc=0x00000163bc48eca0 method=groovy.lang.MetaClassImpl.filterPropertyMethod(Ljava/lang/Object;ZZ)Ljava/lang/Object; @ 80 c2
Event: 40.610 Thread 0x00000163eb324830 DEOPT PACKING pc=0x00000163bc48eca0 sp=0x0000000638ff87b0
Event: 40.610 Thread 0x00000163eb324830 DEOPT UNPACKING pc=0x00000163bbf069a3 sp=0x0000000638ff87a0 mode 2

Classes unloaded (0 events):
No events

Classes redefined (0 events):
No events

Internal exceptions (20 events):
Event: 39.286 Thread 0x00000163eb324830 Exception <a 'java/lang/ClassNotFoundException'{0x000000008bbc8910}: build_2wu1auuap70rlmwjx11xpou5pBeanInfo> (0x000000008bbc8910) 
thrown [s\src\hotspot\share\classfile\systemDictionary.cpp, line 256]
Event: 39.287 Thread 0x00000163eb324830 Exception <a 'java/lang/ClassNotFoundException'{0x000000008bbcf210}: build_2wu1auuap70rlmwjx11xpou5pCustomizer> (0x000000008bbcf210) 
thrown [s\src\hotspot\share\classfile\systemDictionary.cpp, line 256]
Event: 39.532 Thread 0x00000163eb324830 Exception <a 'java/lang/ClassNotFoundException'{0x000000008ae48158}: com/android/build/gradle/LibraryExtension_DecoratedBeanInfo> (0x000000008ae48158) 
thrown [s\src\hotspot\share\classfile\systemDictionary.cpp, line 256]
Event: 39.533 Thread 0x00000163eb324830 Exception <a 'java/lang/ClassNotFoundException'{0x000000008ae549a0}: com/android/build/gradle/LibraryExtensionBeanInfo> (0x000000008ae549a0) 
thrown [s\src\hotspot\share\classfile\systemDictionary.cpp, line 256]
Event: 39.534 Thread 0x00000163eb324830 Exception <a 'java/lang/ClassNotFoundException'{0x000000008ae611c0}: com/android/build/gradle/LibraryExtensionCustomizer> (0x000000008ae611c0) 
thrown [s\src\hotspot\share\classfile\systemDictionary.cpp, line 256]
Event: 39.539 Thread 0x00000163eb324830 Exception <a 'java/lang/ClassNotFoundException'{0x000000008ad3b880}: com/android/build/gradle/LibraryExtension_DecoratedCustomizer> (0x000000008ad3b880) 
thrown [s\src\hotspot\share\classfile\systemDictionary.cpp, line 256]
Event: 39.550 Thread 0x00000163eb324830 Exception <a 'java/lang/ClassNotFoundException'{0x000000008ac41ad8}: build_2wu1auuap70rlmwjx11xpou5p$_run_closure1BeanInfo> (0x000000008ac41ad8) 
thrown [s\src\hotspot\share\classfile\systemDictionary.cpp, line 256]
Event: 39.551 Thread 0x00000163eb324830 Exception <a 'java/lang/ClassNotFoundException'{0x000000008ac4d108}: build_2wu1auuap70rlmwjx11xpou5p$_run_closure1Customizer> (0x000000008ac4d108) 
thrown [s\src\hotspot\share\classfile\systemDictionary.cpp, line 256]
Event: 39.564 Thread 0x00000163eb324830 Exception <a 'java/lang/ClassNotFoundException'{0x000000008ab5a878}: com/android/build/gradle/internal/dsl/LintOptions_DecoratedBeanInfo> (0x000000008ab5a878) 
thrown [s\src\hotspot\share\classfile\systemDictionary.cpp, line 256]
Event: 39.564 Thread 0x00000163eb324830 Exception <a 'java/lang/ClassNotFoundException'{0x000000008ab68888}: com/android/build/gradle/internal/dsl/LintOptionsBeanInfo> (0x000000008ab68888) 
thrown [s\src\hotspot\share\classfile\systemDictionary.cpp, line 256]
Event: 39.565 Thread 0x00000163eb324830 Exception <a 'java/lang/ClassNotFoundException'{0x000000008ab76880}: com/android/build/gradle/internal/dsl/LintOptionsCustomizer> (0x000000008ab76880) 
thrown [s\src\hotspot\share\classfile\systemDictionary.cpp, line 256]
Event: 39.567 Thread 0x00000163eb324830 Exception <a 'java/lang/ClassNotFoundException'{0x000000008abc1168}: com/android/build/gradle/internal/dsl/LintOptions_DecoratedCustomizer> (0x000000008abc1168) 
thrown [s\src\hotspot\share\classfile\systemDictionary.cpp, line 256]
Event: 39.899 Thread 0x00000163eb324830 Exception <a 'java/lang/ClassNotFoundException'{0x0000000089fa3130}: com/android/build/gradle/internal/api/LibraryVariantOutputImpl_DecoratedBeanInfo> (0x0000000089fa3130) 
thrown [s\src\hotspot\share\classfile\systemDictionary.cpp, line 256]
Event: 39.900 Thread 0x00000163eb324830 Exception <a 'java/lang/ClassNotFoundException'{0x0000000089faff18}: com/android/build/gradle/internal/api/LibraryVariantOutputImplBeanInfo> (0x0000000089faff18) 
thrown [s\src\hotspot\share\classfile\systemDictionary.cpp, line 256]
Event: 39.901 Thread 0x00000163eb324830 Exception <a 'java/lang/ClassNotFoundException'{0x0000000089fbcfd0}: com/android/build/gradle/internal/api/LibraryVariantOutputImplCustomizer> (0x0000000089fbcfd0) 
thrown [s\src\hotspot\share\classfile\systemDictionary.cpp, line 256]
Event: 39.902 Thread 0x00000163eb324830 Exception <a 'java/lang/ClassNotFoundException'{0x0000000089fd1dd8}: com/android/build/gradle/internal/api/LibraryVariantOutputImpl_DecoratedCustomizer> (0x0000000089fd1dd8) 
thrown [s\src\hotspot\share\classfile\systemDictionary.cpp, line 256]
Event: 39.942 Thread 0x00000163eb324830 Exception <a 'java/lang/ClassNotFoundException'{0x0000000089ef9cf8}: build_bwzjb3fluvdfxzbi2ymg81mmBeanInfo> (0x0000000089ef9cf8) 
thrown [s\src\hotspot\share\classfile\systemDictionary.cpp, line 256]
Event: 39.943 Thread 0x00000163eb324830 Exception <a 'java/lang/ClassNotFoundException'{0x0000000089d00c08}: build_bwzjb3fluvdfxzbi2ymg81mmCustomizer> (0x0000000089d00c08) 
thrown [s\src\hotspot\share\classfile\systemDictionary.cpp, line 256]
Event: 40.609 Thread 0x00000163eb324830 Exception <a 'java/lang/ClassNotFoundException'{0x000000008ba042f0}: build_bwzjb3fluvdfxzbi2ymg81mmBeanInfo> (0x000000008ba042f0) 
thrown [s\src\hotspot\share\classfile\systemDictionary.cpp, line 256]
Event: 40.609 Thread 0x00000163eb324830 Exception <a 'java/lang/ClassNotFoundException'{0x000000008ba0abd0}: build_bwzjb3fluvdfxzbi2ymg81mmCustomizer> (0x000000008ba0abd0) 
thrown [s\src\hotspot\share\classfile\systemDictionary.cpp, line 256]

VM Operations (20 events):
Event: 37.049 Executing VM operation: G1CollectForAllocation done
Event: 37.149 Executing VM operation: G1CollectForAllocation
Event: 37.163 Executing VM operation: G1CollectForAllocation done
Event: 38.082 Executing VM operation: ICBufferFull
Event: 38.082 Executing VM operation: ICBufferFull done
Event: 38.763 Executing VM operation: G1CollectForAllocation
Event: 38.781 Executing VM operation: G1CollectForAllocation done
Event: 39.039 Executing VM operation: G1PauseRemark
Event: 39.049 Executing VM operation: G1PauseRemark done
Event: 39.169 Executing VM operation: G1PauseCleanup
Event: 39.169 Executing VM operation: G1PauseCleanup done
Event: 39.590 Executing VM operation: HandshakeAllThreads
Event: 39.590 Executing VM operation: HandshakeAllThreads done
Event: 39.964 Executing VM operation: ICBufferFull
Event: 39.964 Executing VM operation: ICBufferFull done
Event: 40.434 Executing VM operation: G1CollectForAllocation
Event: 40.455 Executing VM operation: G1CollectForAllocation done
Event: 40.471 Executing VM operation: G1CollectForAllocation
Event: 40.482 Executing VM operation: G1CollectForAllocation done
Event: 40.656 Executing VM operation: G1TryInitiateConcMark

Events (20 events):
Event: 39.627 loading class com/sun/org/apache/xerces/internal/impl/Constants$ArrayEnumeration done
Event: 39.627 loading class com/sun/org/apache/xerces/internal/impl/io/MalformedByteSequenceException
Event: 39.628 loading class java/io/CharConversionException
Event: 39.628 loading class java/io/CharConversionException done
Event: 39.628 loading class com/sun/org/apache/xerces/internal/impl/io/MalformedByteSequenceException done
Event: 39.628 loading class com/sun/org/apache/xerces/internal/dom/DeepNodeListImpl
Event: 39.628 loading class com/sun/org/apache/xerces/internal/dom/DeepNodeListImpl done
Event: 39.628 loading class com/sun/org/apache/xerces/internal/dom/DeferredElementImpl
Event: 39.628 loading class com/sun/org/apache/xerces/internal/dom/DeferredElementImpl done
Event: 39.629 loading class com/sun/org/apache/xerces/internal/dom/AttributeMap
Event: 39.629 loading class com/sun/org/apache/xerces/internal/dom/NamedNodeMapImpl
Event: 39.629 loading class com/sun/org/apache/xerces/internal/dom/NamedNodeMapImpl done
Event: 39.629 loading class com/sun/org/apache/xerces/internal/dom/AttributeMap done
Event: 39.630 loading class com/sun/org/apache/xerces/internal/dom/DeferredAttrImpl
Event: 39.630 loading class com/sun/org/apache/xerces/internal/dom/AttrImpl
Event: 39.630 loading class com/sun/org/apache/xerces/internal/dom/AttrImpl done
Event: 39.630 loading class com/sun/org/apache/xerces/internal/dom/DeferredAttrImpl done
Event: 40.266 Thread 0x00000163ee948770 Thread added: 0x00000163ee948770
Event: 40.266 Thread 0x00000163ee94a5d0 Thread added: 0x00000163ee94a5d0
Event: 40.267 Thread 0x00000163ee943670 Thread added: 0x00000163ee943670


Dynamic libraries:
0x00007ff6d57c0000 - 0x00007ff6d57ce000 	C:\Program Files\Microsoft\jdk-17.0.8.7-hotspot\bin\java.exe
0x00007fff8b630000 - 0x00007fff8b828000 	C:\Windows\SYSTEM32\ntdll.dll
0x00007fff8ade0000 - 0x00007fff8ae9d000 	C:\Windows\System32\KERNEL32.DLL
0x00007fff88d30000 - 0x00007fff89026000 	C:\Windows\System32\KERNELBASE.dll
0x00007fff89030000 - 0x00007fff89130000 	C:\Windows\System32\ucrtbase.dll
0x00007fff0ece0000 - 0x00007fff0ecf7000 	C:\Program Files\Microsoft\jdk-17.0.8.7-hotspot\bin\jli.dll
0x00007fff89890000 - 0x00007fff89a2f000 	C:\Windows\System32\USER32.dll
0x00007fff89130000 - 0x00007fff89152000 	C:\Windows\System32\win32u.dll
0x00007fff8adb0000 - 0x00007fff8addb000 	C:\Windows\System32\GDI32.dll
0x00007fff89160000 - 0x00007fff89277000 	C:\Windows\System32\gdi32full.dll
0x00007fff89310000 - 0x00007fff893ad000 	C:\Windows\System32\msvcp_win.dll
0x00007fff0e9f0000 - 0x00007fff0ea0b000 	C:\Program Files\Microsoft\jdk-17.0.8.7-hotspot\bin\VCRUNTIME140.dll
0x00007fff701e0000 - 0x00007fff7047a000 	C:\Windows\WinSxS\amd64_microsoft.windows.common-controls_6595b64144ccf1df_6.0.19041.4355_none_60b8b9eb71f62e16\COMCTL32.dll
0x00007fff8b070000 - 0x00007fff8b10e000 	C:\Windows\System32\msvcrt.dll
0x00007fff8af00000 - 0x00007fff8af32000 	C:\Windows\System32\IMM32.DLL
0x00007fff85a10000 - 0x00007fff85a1c000 	C:\Program Files\Microsoft\jdk-17.0.8.7-hotspot\bin\vcruntime140_1.dll
0x00007ffef3b60000 - 0x00007ffef3bed000 	C:\Program Files\Microsoft\jdk-17.0.8.7-hotspot\bin\msvcp140.dll
0x00007ffef2ef0000 - 0x00007ffef3b55000 	C:\Program Files\Microsoft\jdk-17.0.8.7-hotspot\bin\server\jvm.dll
0x00007fff897e0000 - 0x00007fff89890000 	C:\Windows\System32\ADVAPI32.dll
0x00007fff89660000 - 0x00007fff89700000 	C:\Windows\System32\sechost.dll
0x00007fff8af40000 - 0x00007fff8b063000 	C:\Windows\System32\RPCRT4.dll
0x00007fff895c0000 - 0x00007fff895e7000 	C:\Windows\System32\bcrypt.dll
0x00007fff7c050000 - 0x00007fff7c059000 	C:\Windows\SYSTEM32\WSOCK32.dll
0x00007fff8a0a0000 - 0x00007fff8a10b000 	C:\Windows\System32\WS2_32.dll
0x00007fff70640000 - 0x00007fff70667000 	C:\Windows\SYSTEM32\WINMM.dll
0x00007fff815e0000 - 0x00007fff815ea000 	C:\Windows\SYSTEM32\VERSION.dll
0x00007fff881d0000 - 0x00007fff8821b000 	C:\Windows\SYSTEM32\POWRPROF.dll
0x00007fff88090000 - 0x00007fff880a2000 	C:\Windows\SYSTEM32\UMPDC.dll
0x00007fff87720000 - 0x00007fff87732000 	C:\Windows\SYSTEM32\kernel.appcore.dll
0x00007fff705f0000 - 0x00007fff705fa000 	C:\Program Files\Microsoft\jdk-17.0.8.7-hotspot\bin\jimage.dll
0x00007fff7ebf0000 - 0x00007fff7edd4000 	C:\Windows\SYSTEM32\DBGHELP.DLL
0x00007fff7ebb0000 - 0x00007fff7ebe4000 	C:\Windows\SYSTEM32\dbgcore.DLL
0x00007fff89280000 - 0x00007fff89302000 	C:\Windows\System32\bcryptPrimitives.dll
0x00007fff811b0000 - 0x00007fff811be000 	C:\Program Files\Microsoft\jdk-17.0.8.7-hotspot\bin\instrument.dll
0x00007ffef3df0000 - 0x00007ffef3e15000 	C:\Program Files\Microsoft\jdk-17.0.8.7-hotspot\bin\java.dll
0x00007ffef3d10000 - 0x00007ffef3de7000 	C:\Program Files\Microsoft\jdk-17.0.8.7-hotspot\bin\jsvml.dll
0x00007fff8a250000 - 0x00007fff8a9bb000 	C:\Windows\System32\SHELL32.dll
0x00007fff86cd0000 - 0x00007fff8746d000 	C:\Windows\SYSTEM32\windows.storage.dll
0x00007fff8a9c0000 - 0x00007fff8ad13000 	C:\Windows\System32\combase.dll
0x00007fff88620000 - 0x00007fff8864e000 	C:\Windows\SYSTEM32\Wldp.dll
0x00007fff89ae0000 - 0x00007fff89bad000 	C:\Windows\System32\OLEAUT32.dll
0x00007fff8a110000 - 0x00007fff8a1bd000 	C:\Windows\System32\SHCORE.dll
0x00007fff8b580000 - 0x00007fff8b5d5000 	C:\Windows\System32\shlwapi.dll
0x00007fff88c10000 - 0x00007fff88c34000 	C:\Windows\SYSTEM32\profapi.dll
0x00007ffef3cf0000 - 0x00007ffef3d08000 	C:\Program Files\Microsoft\jdk-17.0.8.7-hotspot\bin\zip.dll
0x00007ffef2dc0000 - 0x00007ffef2dd9000 	C:\Program Files\Microsoft\jdk-17.0.8.7-hotspot\bin\net.dll
0x00007fff86b70000 - 0x00007fff86c7a000 	C:\Windows\SYSTEM32\WINHTTP.dll
0x00007fff88400000 - 0x00007fff8846a000 	C:\Windows\system32\mswsock.dll
0x00007ffef7a50000 - 0x00007ffef7a66000 	C:\Program Files\Microsoft\jdk-17.0.8.7-hotspot\bin\nio.dll
0x00007fff82a60000 - 0x00007fff82a70000 	C:\Program Files\Microsoft\jdk-17.0.8.7-hotspot\bin\verify.dll
0x00007fff7d970000 - 0x00007fff7d997000 	C:\Users\Lenovo\.gradle\native\c067742578af261105cb4f569cf0c3c89f3d7b1fecec35dd04571415982c5e48\windows-amd64\native-platform.dll
0x00007fff3efe0000 - 0x00007fff3f124000 	C:\Users\Lenovo\.gradle\native\38dada09dfb8b06ba9b0570ebf7e218e3eb74d4ef43ca46872605cf95ebc2f47\windows-amd64\native-platform-file-events.dll
0x00007fff533c0000 - 0x00007fff533c9000 	C:\Program Files\Microsoft\jdk-17.0.8.7-hotspot\bin\management.dll
0x00007fff53390000 - 0x00007fff5339b000 	C:\Program Files\Microsoft\jdk-17.0.8.7-hotspot\bin\management_ext.dll
0x00007fff8b5e0000 - 0x00007fff8b5e8000 	C:\Windows\System32\PSAPI.DLL
0x00007fff88660000 - 0x00007fff88678000 	C:\Windows\SYSTEM32\CRYPTSP.dll
0x00007fff87cd0000 - 0x00007fff87d04000 	C:\Windows\system32\rsaenh.dll
0x00007fff88b80000 - 0x00007fff88bae000 	C:\Windows\SYSTEM32\USERENV.dll
0x00007fff88590000 - 0x00007fff8859c000 	C:\Windows\SYSTEM32\CRYPTBASE.dll
0x00007fff880b0000 - 0x00007fff880eb000 	C:\Windows\SYSTEM32\IPHLPAPI.DLL
0x00007fff89f00000 - 0x00007fff89f08000 	C:\Windows\System32\NSI.dll
0x00007fff80d40000 - 0x00007fff80d57000 	C:\Windows\SYSTEM32\dhcpcsvc6.DLL
0x00007fff80d10000 - 0x00007fff80d2d000 	C:\Windows\SYSTEM32\dhcpcsvc.DLL
0x00007fff880f0000 - 0x00007fff881bb000 	C:\Windows\SYSTEM32\DNSAPI.dll
0x00007fff4e590000 - 0x00007fff4e59e000 	C:\Program Files\Microsoft\jdk-17.0.8.7-hotspot\bin\sunmscapi.dll
0x00007fff89460000 - 0x00007fff895be000 	C:\Windows\System32\CRYPT32.dll
0x00007fff88770000 - 0x00007fff88799000 	C:\Windows\SYSTEM32\ncrypt.dll
0x00007fff88730000 - 0x00007fff8876b000 	C:\Windows\SYSTEM32\NTASN1.dll
0x00007fff82a30000 - 0x00007fff82a37000 	C:\Windows\system32\wshunix.dll
0x00007fff718e0000 - 0x00007fff718f7000 	C:\Windows\system32\napinsp.dll
0x00007fff714f0000 - 0x00007fff7150b000 	C:\Windows\system32\pnrpnsp.dll
0x00007fff84cc0000 - 0x00007fff84cd5000 	C:\Windows\system32\wshbth.dll
0x00007fff810d0000 - 0x00007fff810ed000 	C:\Windows\system32\NLAapi.dll
0x00007fff714d0000 - 0x00007fff714e2000 	C:\Windows\System32\winrnr.dll
0x00007fff815f0000 - 0x00007fff815fa000 	C:\Windows\System32\rasadhlp.dll
0x00007fff7f810000 - 0x00007fff7f890000 	C:\Windows\System32\fwpuclnt.dll

dbghelp: loaded successfully - version: 4.0.5 - missing functions: none
symbol engine: initialized successfully - sym options: 0x614 - pdb path: .;C:\Program Files\Microsoft\jdk-17.0.8.7-hotspot\bin;C:\Windows\SYSTEM32;C:\Windows\WinSxS\amd64_microsoft.windows.common-controls_6595b64144ccf1df_6.0.19041.4355_none_60b8b9eb71f62e16;C:\Program Files\Microsoft\jdk-17.0.8.7-hotspot\bin\server;C:\Users\Lenovo\.gradle\native\c067742578af261105cb4f569cf0c3c89f3d7b1fecec35dd04571415982c5e48\windows-amd64;C:\Users\Lenovo\.gradle\native\38dada09dfb8b06ba9b0570ebf7e218e3eb74d4ef43ca46872605cf95ebc2f47\windows-amd64

VM Arguments:
jvm_args: -XX:MaxMetaspaceSize=512m --add-opens=java.base/java.util=ALL-UNNAMED --add-opens=java.base/java.lang=ALL-UNNAMED --add-opens=java.base/java.lang.invoke=ALL-UNNAMED --add-opens=java.prefs/java.util.prefs=ALL-UNNAMED --add-opens=java.base/java.nio.charset=ALL-UNNAMED --add-opens=java.base/java.net=ALL-UNNAMED --add-opens=java.base/java.util.concurrent.atomic=ALL-UNNAMED -Xmx2048m -Dfile.encoding=windows-1252 -Duser.country=US -Duser.language=en -Duser.variant -javaagent:C:\Users\Lenovo\.gradle\wrapper\dists\gradle-8.6-all\3mbtmo166bl6vumsh5k2lkq5h\gradle-8.6\lib\agents\gradle-instrumentation-agent-8.6.jar 
java_command: org.gradle.launcher.daemon.bootstrap.GradleDaemon 8.6
java_class_path (initial): C:\Users\Lenovo\.gradle\wrapper\dists\gradle-8.6-all\3mbtmo166bl6vumsh5k2lkq5h\gradle-8.6\lib\gradle-launcher-8.6.jar
Launcher Type: SUN_STANDARD

[Global flags]
     intx CICompilerCount                          = 3                                         {product} {ergonomic}
   size_t CompressedClassSpaceSize                 = 436207616                                 {product} {ergonomic}
     uint ConcGCThreads                            = 1                                         {product} {ergonomic}
     uint G1ConcRefinementThreads                  = 4                                         {product} {ergonomic}
   size_t G1HeapRegionSize                         = 1048576                                   {product} {ergonomic}
    uintx GCDrainStackTargetSize                   = 64                                        {product} {ergonomic}
   size_t InitialHeapSize                          = 266338304                                 {product} {ergonomic}
   size_t MarkStackSize                            = 4194304                                   {product} {ergonomic}
   size_t MaxHeapSize                              = 2147483648                                {product} {command line}
   size_t MaxMetaspaceSize                         = 536870912                                 {product} {command line}
   size_t MaxNewSize                               = 1287651328                                {product} {ergonomic}
   size_t MinHeapDeltaBytes                        = 1048576                                   {product} {ergonomic}
   size_t MinHeapSize                              = 8388608                                   {product} {ergonomic}
    uintx NonNMethodCodeHeapSize                   = 5832780                                {pd product} {ergonomic}
    uintx NonProfiledCodeHeapSize                  = 122912730                              {pd product} {ergonomic}
    uintx ProfiledCodeHeapSize                     = 122912730                              {pd product} {ergonomic}
    uintx ReservedCodeCacheSize                    = 251658240                              {pd product} {ergonomic}
     bool SegmentedCodeCache                       = true                                      {product} {ergonomic}
   size_t SoftMaxHeapSize                          = 2147483648                             {manageable} {ergonomic}
     bool UseCompressedClassPointers               = true                           {product lp64_product} {ergonomic}
     bool UseCompressedOops                        = true                           {product lp64_product} {ergonomic}
     bool UseG1GC                                  = true                                      {product} {ergonomic}
     bool UseLargePagesIndividualAllocation        = false                                  {pd product} {ergonomic}

Logging:
Log output configuration:
 #0: stdout all=warning uptime,level,tags
 #1: stderr all=off uptime,level,tags

Environment Variables:
JAVA_HOME=C:\Program Files\Microsoft\jdk-17.0.8.7-hotspot\
CLASSPATH=C:\Users\Lenovo\ReactApp\ReactApp\android\\gradle\wrapper\gradle-wrapper.jar
PATH=C:\Users\Lenovo\ReactApp\ReactApp\node_modules\.bin;C:\Users\Lenovo\ReactApp\node_modules\.bin;C:\Users\Lenovo\node_modules\.bin;C:\Users\node_modules\.bin;C:\node_modules\.bin;C:\Users\Lenovo\AppData\Roaming\npm\node_modules\npm\node_modules\@npmcli\run-script\lib\node-gyp-bin;C:\Python312\Scripts\;C:\Python312\;C:\Program Files\Microsoft\jdk-17.0.8.7-hotspot\bin;C:\Program Files (x86)\Common Files\Oracle\Java\javapath;C:\Windows\system32;C:\Windows;C:\Windows\System32\Wbem;C:\Windows\System32\WindowsPowerShell\v1.0\;C:\Windows\System32\OpenSSH\;C:\Program Files\Microsoft SQL Server\150\Tools\Binn\;C:\Program Files\Microsoft SQL Server\Client SDK\ODBC\170\Tools\Binn\;C:\Program Files\dotnet\;C:\Program Files (x86)\Microsoft SQL Server\160\Tools\Binn\;C:\Program Files\Microsoft SQL Server\160\Tools\Binn\;C:\Program Files\Microsoft SQL Server\160\DTS\Binn\;C:\Program Files\Azure Data Studio\bin;C:\Program Files\Git\cmd;C:\ProgramData\chocolatey\bin;C:\Users\Lenovo\AppData\Local\Android\Sdk\platform-tools;C:\Program Files (x86)\Microsoft SQL Server\150\DTS\Binn\;C:\Program Files (x86)\Microsoft SQL Server\160\DTS\Binn\;C:\Program Files\nodejs\;C:\Program Files\Java\jdk-17\bin;C:\Users\Lenovo\AppData\Local\Android\Sdk;C:\Users\Lenovo\gradle-8.6\bin;C:\Users\Lenovo\AppData\Local\Microsoft\WindowsApps;C:\Users\Lenovo\AppData\Local\Programs\Microsoft VS Code\bin;C:\Users\Lenovo\.dotnet\tools;C:\Program Files\Azure Data Studio\bin;C:\Users\Lenovo\AppData\Local\GitHubDesktop\bin;C:\Users\Lenovo\AppData\Roaming\npm;C:\Program Files\Java\jdk-17\bin;C:\Users\Lenovo\AppData\Local\Android\Sdk;C:\Users\Lenovo\AppData\Local\Android\Sdk\platform-tools;
USERNAME=Lenovo
LANG=en_US.UTF-8
OS=Windows_NT
PROCESSOR_IDENTIFIER=Intel64 Family 6 Model 142 Stepping 9, GenuineIntel
TMP=C:\Users\Lenovo\AppData\Local\Temp
TEMP=C:\Users\Lenovo\AppData\Local\Temp



---------------  S Y S T E M  ---------------

OS:
 Windows 10 , 64 bit Build 19041 (10.0.19041.3636)
OS uptime: 1 days 7:54 hours
Hyper-V role detected

CPU: total 4 (initial active 4) (2 cores per cpu, 2 threads per core) family 6 model 142 stepping 9 microcode 0xb4, cx8, cmov, fxsr, ht, mmx, 3dnowpref, sse, sse2, sse3, ssse3, sse4.1, sse4.2, popcnt, lzcnt, tsc, tscinvbit, avx, avx2, aes, erms, clmul, bmi1, bmi2, rtm, adx, fma, vzeroupper, clflush, clflushopt, hv
Processor Information for all 4 processors :
  Max Mhz: 2904, Current Mhz: 2803, Mhz Limit: 2787

Memory: 4k page, system-wide physical 16222M (996M free)
TotalPageFile size 16222M (AvailPageFile size 20M)
current process WorkingSet (physical memory assigned to process): 474M, peak: 484M
current process commit charge ("private bytes"): 567M, peak: 809M

vm_info: OpenJDK 64-Bit Server VM (17.0.8+7-LTS) for windows-amd64 JRE (17.0.8+7-LTS), built on Jul  7 2023 17:21:55 by "MicrosoftCorporation" with MS VC++ 16.10 / 16.11 (VS2019)

END.
