#
# There is insufficient memory for the Java Runtime Environment to continue.
# Native memory allocation (malloc) failed to allocate 2054256 bytes for Chunk::new
# Possible reasons:
#   The system is out of physical RAM or swap space
#   The process is running with CompressedOops enabled, and the Java Heap may be blocking the growth of the native heap
# Possible solutions:
#   Reduce memory load on the system
#   Increase physical memory or swap space
#   Check if swap backing store is full
#   Decrease Java heap size (-Xmx/-Xms)
#   Decrease number of Java threads
#   Decrease Java thread stack sizes (-Xss)
#   Set larger code cache with -XX:ReservedCodeCacheSize=
#   JVM is running with Unscaled Compressed Oops mode in which the Java heap is
#     placed in the first 4GB address space. The Java Heap base address is the
#     maximum limit for the native heap growth. Please use -XX:HeapBaseMinAddress
#     to set the Java Heap base and to place the Java Heap above 4GB virtual address.
# This output file may be truncated or incomplete.
#
#  Out of Memory Error (arena.cpp:189), pid=12388, tid=13708
#
# JRE version: OpenJDK Runtime Environment Microsoft-8035246 (17.0.8+7) (build 17.0.8+7-LTS)
# Java VM: OpenJDK 64-Bit Server VM Microsoft-8035246 (17.0.8+7-LTS, mixed mode, sharing, tiered, compressed oops, compressed class ptrs, g1 gc, windows-amd64)
# No core dump will be written. Minidumps are not enabled by default on client versions of Windows
#

---------------  S U M M A R Y ------------

Command Line: -XX:MaxMetaspaceSize=512m --add-opens=java.base/java.util=ALL-UNNAMED --add-opens=java.base/java.lang=ALL-UNNAMED --add-opens=java.base/java.lang.invoke=ALL-UNNAMED --add-opens=java.prefs/java.util.prefs=ALL-UNNAMED --add-opens=java.base/java.nio.charset=ALL-UNNAMED --add-opens=java.base/java.net=ALL-UNNAMED --add-opens=java.base/java.util.concurrent.atomic=ALL-UNNAMED -Xmx2048m -Dfile.encoding=windows-1252 -Duser.country=US -Duser.language=en -Duser.variant -javaagent:C:\Users\Lenovo\.gradle\wrapper\dists\gradle-8.6-all\3mbtmo166bl6vumsh5k2lkq5h\gradle-8.6\lib\agents\gradle-instrumentation-agent-8.6.jar org.gradle.launcher.daemon.bootstrap.GradleDaemon 8.6

Host: Intel(R) Core(TM) i7-7600U CPU @ 2.80GHz, 4 cores, 15G,  Windows 10 , 64 bit Build 19041 (10.0.19041.3636)
Time: Sun Jun  9 06:48:30 2024 Pakistan Standard Time elapsed time: 16.189169 seconds (0d 0h 0m 16s)

---------------  T H R E A D  ---------------

Current thread (0x000002ae2fe5f080):  JavaThread "C2 CompilerThread0" daemon [_thread_in_native, id=13708, stack(0x000000bf21300000,0x000000bf21400000)]


Current CompileTask:
C2:  16189 4676       4       jdk.internal.org.objectweb.asm.Frame::execute (2305 bytes)

Stack: [0x000000bf21300000,0x000000bf21400000]
Native frames: (J=compiled Java code, j=interpreted, Vv=VM code, C=native code)
V  [jvm.dll+0x67bf3a]
V  [jvm.dll+0x83a024]
V  [jvm.dll+0x83b7ce]
V  [jvm.dll+0x83be33]
V  [jvm.dll+0x24785f]
V  [jvm.dll+0xac3bc]
V  [jvm.dll+0xac98c]
V  [jvm.dll+0x3680b2]
V  [jvm.dll+0x332451]
V  [jvm.dll+0x3318fa]
V  [jvm.dll+0x21a131]
V  [jvm.dll+0x219551]
V  [jvm.dll+0x1a56b6]
V  [jvm.dll+0x2291ea]
V  [jvm.dll+0x22724c]
V  [jvm.dll+0x7efd0c]
V  [jvm.dll+0x7ea13a]
V  [jvm.dll+0x67ad85]
C  [ucrtbase.dll+0x21bb2]
C  [KERNEL32.DLL+0x17344]
C  [ntdll.dll+0x526b1]


---------------  P R O C E S S  ---------------

Threads class SMR info:
_java_thread_list=0x000002ae50eb0c80, length=42, elements={
0x000002ae103129b0, 0x000002ae2fe3dfb0, 0x000002ae2fe3ed40, 0x000002ae2fe55dc0,
0x000002ae2fe58a60, 0x000002ae2fe5a4a0, 0x000002ae2fe5ad70, 0x000002ae2fe5f080,
0x000002ae2fe68060, 0x000002ae2fe6bb90, 0x000002ae4f0f4890, 0x000002ae4f0f2f40,
0x000002ae4f0f2a30, 0x000002ae4f0f2010, 0x000002ae4f0f2520, 0x000002ae4f0f3960,
0x000002ae4f0f4380, 0x000002ae4f0f3450, 0x000002ae4f0f3e70, 0x000002ae4f0f4da0,
0x000002ae4f0f15f0, 0x000002ae513bc680, 0x000002ae513c1270, 0x000002ae513bd5b0,
0x000002ae513bcb90, 0x000002ae513bc170, 0x000002ae513bd0a0, 0x000002ae513bad30,
0x000002ae513c1780, 0x000002ae513bdac0, 0x000002ae513be4e0, 0x000002ae513bb240,
0x000002ae513bf920, 0x000002ae513bfe30, 0x000002ae513ba820, 0x000002ae528591c0,
0x000002ae5285c460, 0x000002ae52856940, 0x000002ae52858290, 0x000002ae512322a0,
0x000002ae5285ba40, 0x000002ae52855f20
}

Java Threads: ( => current thread )
  0x000002ae103129b0 JavaThread "main" [_thread_blocked, id=13252, stack(0x000000bf20600000,0x000000bf20700000)]
  0x000002ae2fe3dfb0 JavaThread "Reference Handler" daemon [_thread_blocked, id=2024, stack(0x000000bf20d00000,0x000000bf20e00000)]
  0x000002ae2fe3ed40 JavaThread "Finalizer" daemon [_thread_blocked, id=260, stack(0x000000bf20e00000,0x000000bf20f00000)]
  0x000002ae2fe55dc0 JavaThread "Signal Dispatcher" daemon [_thread_blocked, id=1400, stack(0x000000bf20f00000,0x000000bf21000000)]
  0x000002ae2fe58a60 JavaThread "Attach Listener" daemon [_thread_blocked, id=12028, stack(0x000000bf21000000,0x000000bf21100000)]
  0x000002ae2fe5a4a0 JavaThread "Service Thread" daemon [_thread_blocked, id=15860, stack(0x000000bf21100000,0x000000bf21200000)]
  0x000002ae2fe5ad70 JavaThread "Monitor Deflation Thread" daemon [_thread_blocked, id=2884, stack(0x000000bf21200000,0x000000bf21300000)]
=>0x000002ae2fe5f080 JavaThread "C2 CompilerThread0" daemon [_thread_in_native, id=13708, stack(0x000000bf21300000,0x000000bf21400000)]
  0x000002ae2fe68060 JavaThread "C1 CompilerThread0" daemon [_thread_blocked, id=5424, stack(0x000000bf21400000,0x000000bf21500000)]
  0x000002ae2fe6bb90 JavaThread "Sweeper thread" daemon [_thread_blocked, id=13968, stack(0x000000bf21500000,0x000000bf21600000)]
  0x000002ae4f0f4890 JavaThread "Common-Cleaner" daemon [_thread_blocked, id=11872, stack(0x000000bf21600000,0x000000bf21700000)]
  0x000002ae4f0f2f40 JavaThread "Notification Thread" daemon [_thread_blocked, id=15780, stack(0x000000bf21700000,0x000000bf21800000)]
  0x000002ae4f0f2a30 JavaThread "Daemon health stats" [_thread_blocked, id=13992, stack(0x000000bf21d00000,0x000000bf21e00000)]
  0x000002ae4f0f2010 JavaThread "Incoming local TCP Connector on port 57956" [_thread_in_native, id=4988, stack(0x000000bf21900000,0x000000bf21a00000)]
  0x000002ae4f0f2520 JavaThread "Daemon periodic checks" [_thread_blocked, id=9972, stack(0x000000bf21f00000,0x000000bf22000000)]
  0x000002ae4f0f3960 JavaThread "Daemon" [_thread_blocked, id=11976, stack(0x000000bf22000000,0x000000bf22100000)]
  0x000002ae4f0f4380 JavaThread "Handler for socket connection from /127.0.0.1:57956 to /127.0.0.1:57957" [_thread_in_native, id=3624, stack(0x000000bf22100000,0x000000bf22200000)]
  0x000002ae4f0f3450 JavaThread "Cancel handler" [_thread_blocked, id=6464, stack(0x000000bf22200000,0x000000bf22300000)]
  0x000002ae4f0f3e70 JavaThread "Daemon worker" [_thread_in_native, id=12640, stack(0x000000bf22300000,0x000000bf22400000)]
  0x000002ae4f0f4da0 JavaThread "Asynchronous log dispatcher for DefaultDaemonConnection: socket connection from /127.0.0.1:57956 to /127.0.0.1:57957" [_thread_blocked, id=15764, stack(0x000000bf22400000,0x000000bf22500000)]
  0x000002ae4f0f15f0 JavaThread "Stdin handler" [_thread_blocked, id=9656, stack(0x000000bf22500000,0x000000bf22600000)]
  0x000002ae513bc680 JavaThread "Daemon client event forwarder" [_thread_blocked, id=9824, stack(0x000000bf22600000,0x000000bf22700000)]
  0x000002ae513c1270 JavaThread "Cache worker for journal cache (C:\Users\Lenovo\.gradle\caches\journal-1)" [_thread_blocked, id=15320, stack(0x000000bf22700000,0x000000bf22800000)]
  0x000002ae513bd5b0 JavaThread "File lock request listener" [_thread_in_native, id=12816, stack(0x000000bf22800000,0x000000bf22900000)]
  0x000002ae513bcb90 JavaThread "Cache worker for file hash cache (C:\Users\Lenovo\.gradle\caches\8.6\fileHashes)" [_thread_blocked, id=13564, stack(0x000000bf22900000,0x000000bf22a00000)]
  0x000002ae513bc170 JavaThread "File watcher server" daemon [_thread_in_native, id=13912, stack(0x000000bf22a00000,0x000000bf22b00000)]
  0x000002ae513bd0a0 JavaThread "File watcher consumer" daemon [_thread_blocked, id=10440, stack(0x000000bf22b00000,0x000000bf22c00000)]
  0x000002ae513bad30 JavaThread "Cache worker for checksums cache (C:\Users\Lenovo\Electralysis\ReactApp\android\.gradle\8.6\checksums)" [_thread_blocked, id=15240, stack(0x000000bf22c00000,0x000000bf22d00000)]
  0x000002ae513c1780 JavaThread "Cache worker for file hash cache (C:\Users\Lenovo\Electralysis\ReactApp\android\.gradle\8.6\fileHashes)" [_thread_blocked, id=15296, stack(0x000000bf21e00000,0x000000bf21f00000)]
  0x000002ae513bdac0 JavaThread "Cache worker for cache directory md-supplier (C:\Users\Lenovo\.gradle\caches\8.6\md-supplier)" [_thread_blocked, id=4932, stack(0x000000bf22d00000,0x000000bf22e00000)]
  0x000002ae513be4e0 JavaThread "Cache worker for cache directory md-rule (C:\Users\Lenovo\.gradle\caches\8.6\md-rule)" [_thread_blocked, id=8512, stack(0x000000bf22e00000,0x000000bf22f00000)]
  0x000002ae513bb240 JavaThread "Cache worker for file content cache (C:\Users\Lenovo\.gradle\caches\8.6\fileContent)" [_thread_blocked, id=10184, stack(0x000000bf22f00000,0x000000bf23000000)]
  0x000002ae513bf920 JavaThread "jar transforms" [_thread_blocked, id=16032, stack(0x000000bf23200000,0x000000bf23300000)]
  0x000002ae513bfe30 JavaThread "jar transforms Thread 2" [_thread_blocked, id=13204, stack(0x000000bf23300000,0x000000bf23400000)]
  0x000002ae513ba820 JavaThread "jar transforms Thread 3" [_thread_blocked, id=9404, stack(0x000000bf23400000,0x000000bf23500000)]
  0x000002ae528591c0 JavaThread "jar transforms Thread 4" [_thread_blocked, id=10056, stack(0x000000bf23500000,0x000000bf23600000)]
  0x000002ae5285c460 JavaThread "Exec process" [_thread_blocked, id=13216, stack(0x000000bf23600000,0x000000bf23700000)]
  0x000002ae52856940 JavaThread "Exec process Thread 2" [_thread_blocked, id=12784, stack(0x000000bf23700000,0x000000bf23800000)]
  0x000002ae52858290 JavaThread "Exec process Thread 3" [_thread_blocked, id=2720, stack(0x000000bf23800000,0x000000bf23900000)]
  0x000002ae512322a0 JavaThread "C2 CompilerThread1" daemon [_thread_in_native, id=9968, stack(0x000000bf23000000,0x000000bf23100000)]
  0x000002ae5285ba40 JavaThread "Unconstrained build operations" [_thread_blocked, id=8148, stack(0x000000bf23900000,0x000000bf23a00000)]
  0x000002ae52855f20 JavaThread "Unconstrained build operations Thread 2" [_thread_blocked, id=13476, stack(0x000000bf23a00000,0x000000bf23b00000)]

Other Threads:
  0x000002ae2fe3a490 VMThread "VM Thread" [stack: 0x000000bf20c00000,0x000000bf20d00000] [id=8868]
  0x000002ae10395b10 WatcherThread [stack: 0x000000bf21800000,0x000000bf21900000] [id=13176]
  0x000002ae10371580 GCTaskThread "GC Thread#0" [stack: 0x000000bf20700000,0x000000bf20800000] [id=10540]
  0x000002ae4f7a1270 GCTaskThread "GC Thread#1" [stack: 0x000000bf21a00000,0x000000bf21b00000] [id=16340]
  0x000002ae4f7a1530 GCTaskThread "GC Thread#2" [stack: 0x000000bf21b00000,0x000000bf21c00000] [id=6156]
  0x000002ae4f6b3610 GCTaskThread "GC Thread#3" [stack: 0x000000bf21c00000,0x000000bf21d00000] [id=12384]
  0x000002ae103823e0 ConcurrentGCThread "G1 Main Marker" [stack: 0x000000bf20800000,0x000000bf20900000] [id=8552]
  0x000002ae103834a0 ConcurrentGCThread "G1 Conc#0" [stack: 0x000000bf20900000,0x000000bf20a00000] [id=8068]
  0x000002ae103cdff0 ConcurrentGCThread "G1 Refine#0" [stack: 0x000000bf20a00000,0x000000bf20b00000] [id=8536]
  0x000002ae513a7380 ConcurrentGCThread "G1 Refine#1" [stack: 0x000000bf23100000,0x000000bf23200000] [id=8448]
  0x000002ae103ce930 ConcurrentGCThread "G1 Service" [stack: 0x000000bf20b00000,0x000000bf20c00000] [id=7512]

Threads with active compile tasks:
C2 CompilerThread0    16241 4676       4       jdk.internal.org.objectweb.asm.Frame::execute (2305 bytes)
C2 CompilerThread1    16241 4732       4       org.objectweb.asm.Frame::execute (2318 bytes)

VM state: not at safepoint (normal execution)

VM Mutex/Monitor currently owned by a thread: None

Heap address: 0x0000000080000000, size: 2048 MB, Compressed Oops mode: 32-bit

CDS archive(s) mapped at: [0x000002ae30000000-0x000002ae30bd0000-0x000002ae30bd0000), size 12386304, SharedBaseAddress: 0x000002ae30000000, ArchiveRelocationMode: 1.
Compressed class space mapped at: 0x000002ae31000000-0x000002ae4b000000, reserved size: 436207616
Narrow klass base: 0x000002ae30000000, Narrow klass shift: 0, Narrow klass range: 0x100000000

GC Precious Log:
 CPUs: 4 total, 4 available
 Memory: 16222M
 Large Page Support: Disabled
 NUMA Support: Disabled
 Compressed Oops: Enabled (32-bit)
 Heap Region Size: 1M
 Heap Min Capacity: 8M
 Heap Initial Capacity: 254M
 Heap Max Capacity: 2G
 Pre-touch: Disabled
 Parallel Workers: 4
 Concurrent Workers: 1
 Concurrent Refinement Workers: 4
 Periodic GC: Disabled

Heap:
 garbage-first heap   total 86016K, used 45588K [0x0000000080000000, 0x0000000100000000)
  region size 1024K, 13 young (13312K), 3 survivors (3072K)
 Metaspace       used 42212K, committed 42752K, reserved 491520K
  class space    used 5995K, committed 6208K, reserved 425984K

Heap Regions: E=young(eden), S=young(survivor), O=old, HS=humongous(starts), HC=humongous(continues), CS=collection set, F=free, OA=open archive, CA=closed archive, TAMS=top-at-mark-start (previous, next)
|   0|0x0000000080000000, 0x0000000080100000, 0x0000000080100000|100%| O|  |TAMS 0x0000000080100000, 0x0000000080000000| Untracked 
|   1|0x0000000080100000, 0x0000000080200000, 0x0000000080200000|100%| O|  |TAMS 0x0000000080200000, 0x0000000080100000| Untracked 
|   2|0x0000000080200000, 0x0000000080300000, 0x0000000080300000|100%|HS|  |TAMS 0x0000000080300000, 0x0000000080200000| Complete 
|   3|0x0000000080300000, 0x0000000080400000, 0x0000000080400000|100%|HC|  |TAMS 0x0000000080400000, 0x0000000080300000| Complete 
|   4|0x0000000080400000, 0x0000000080500000, 0x0000000080500000|100%|HC|  |TAMS 0x0000000080500000, 0x0000000080400000| Complete 
|   5|0x0000000080500000, 0x0000000080600000, 0x0000000080600000|100%|HC|  |TAMS 0x0000000080600000, 0x0000000080500000| Complete 
|   6|0x0000000080600000, 0x0000000080700000, 0x0000000080700000|100%| O|  |TAMS 0x0000000080700000, 0x0000000080600000| Untracked 
|   7|0x0000000080700000, 0x0000000080800000, 0x0000000080800000|100%| O|  |TAMS 0x0000000080800000, 0x0000000080700000| Untracked 
|   8|0x0000000080800000, 0x0000000080900000, 0x0000000080900000|100%| O|  |TAMS 0x0000000080900000, 0x0000000080800000| Untracked 
|   9|0x0000000080900000, 0x0000000080a00000, 0x0000000080a00000|100%| O|  |TAMS 0x0000000080a00000, 0x0000000080900000| Untracked 
|  10|0x0000000080a00000, 0x0000000080add000, 0x0000000080b00000| 86%| O|  |TAMS 0x0000000080add000, 0x0000000080a00000| Untracked 
|  11|0x0000000080b00000, 0x0000000080c00000, 0x0000000080c00000|100%| O|  |TAMS 0x0000000080c00000, 0x0000000080b00000| Untracked 
|  12|0x0000000080c00000, 0x0000000080d00000, 0x0000000080d00000|100%| O|  |TAMS 0x0000000080d00000, 0x0000000080c00000| Untracked 
|  13|0x0000000080d00000, 0x0000000080e00000, 0x0000000080e00000|100%| O|  |TAMS 0x0000000080e00000, 0x0000000080d00000| Untracked 
|  14|0x0000000080e00000, 0x0000000080f00000, 0x0000000080f00000|100%| O|  |TAMS 0x0000000080f00000, 0x0000000080e00000| Untracked 
|  15|0x0000000080f00000, 0x0000000081000000, 0x0000000081000000|100%| O|  |TAMS 0x0000000081000000, 0x0000000080f00000| Untracked 
|  16|0x0000000081000000, 0x0000000081100000, 0x0000000081100000|100%| O|  |TAMS 0x0000000081100000, 0x0000000081000000| Untracked 
|  17|0x0000000081100000, 0x0000000081200000, 0x0000000081200000|100%| O|  |TAMS 0x0000000081200000, 0x0000000081100000| Untracked 
|  18|0x0000000081200000, 0x0000000081300000, 0x0000000081300000|100%| O|  |TAMS 0x0000000081300000, 0x0000000081200000| Untracked 
|  19|0x0000000081300000, 0x0000000081400000, 0x0000000081400000|100%| O|  |TAMS 0x0000000081400000, 0x0000000081300000| Untracked 
|  20|0x0000000081400000, 0x0000000081500000, 0x0000000081500000|100%| O|  |TAMS 0x0000000081500000, 0x0000000081400000| Untracked 
|  21|0x0000000081500000, 0x0000000081600000, 0x0000000081600000|100%| O|  |TAMS 0x0000000081600000, 0x0000000081500000| Untracked 
|  22|0x0000000081600000, 0x0000000081700000, 0x0000000081700000|100%| O|  |TAMS 0x0000000081700000, 0x0000000081600000| Untracked 
|  23|0x0000000081700000, 0x0000000081800000, 0x0000000081800000|100%| O|  |TAMS 0x0000000081700000, 0x0000000081700000| Untracked 
|  24|0x0000000081800000, 0x0000000081900000, 0x0000000081900000|100%| O|  |TAMS 0x0000000081800000, 0x0000000081800000| Untracked 
|  25|0x0000000081900000, 0x0000000081a00000, 0x0000000081a00000|100%| O|  |TAMS 0x0000000081900000, 0x0000000081900000| Untracked 
|  26|0x0000000081a00000, 0x0000000081b00000, 0x0000000081b00000|100%| O|  |TAMS 0x0000000081a00000, 0x0000000081a00000| Untracked 
|  27|0x0000000081b00000, 0x0000000081bb5c00, 0x0000000081c00000| 70%| O|  |TAMS 0x0000000081b00000, 0x0000000081b00000| Untracked 
|  28|0x0000000081c00000, 0x0000000081d00000, 0x0000000081d00000|100%| O|  |TAMS 0x0000000081d00000, 0x0000000081c00000| Untracked 
|  29|0x0000000081d00000, 0x0000000081e00000, 0x0000000081e00000|100%| O|  |TAMS 0x0000000081e00000, 0x0000000081d00000| Untracked 
|  30|0x0000000081e00000, 0x0000000081f00000, 0x0000000081f00000|100%| O|  |TAMS 0x0000000081f00000, 0x0000000081e00000| Untracked 
|  31|0x0000000081f00000, 0x0000000082000000, 0x0000000082000000|100%| O|  |TAMS 0x0000000082000000, 0x0000000081f00000| Untracked 
|  32|0x0000000082000000, 0x0000000082100000, 0x0000000082100000|100%| O|  |TAMS 0x0000000082100000, 0x0000000082000000| Untracked 
|  33|0x0000000082100000, 0x0000000082100000, 0x0000000082200000|  0%| F|  |TAMS 0x0000000082100000, 0x0000000082100000| Untracked 
|  34|0x0000000082200000, 0x0000000082200000, 0x0000000082300000|  0%| F|  |TAMS 0x0000000082200000, 0x0000000082200000| Untracked 
|  35|0x0000000082300000, 0x0000000082300000, 0x0000000082400000|  0%| F|  |TAMS 0x0000000082300000, 0x0000000082300000| Untracked 
|  36|0x0000000082400000, 0x0000000082400000, 0x0000000082500000|  0%| F|  |TAMS 0x0000000082400000, 0x0000000082400000| Untracked 
|  37|0x0000000082500000, 0x0000000082500000, 0x0000000082600000|  0%| F|  |TAMS 0x0000000082500000, 0x0000000082500000| Untracked 
|  38|0x0000000082600000, 0x0000000082600000, 0x0000000082700000|  0%| F|  |TAMS 0x0000000082600000, 0x0000000082600000| Untracked 
|  39|0x0000000082700000, 0x0000000082700000, 0x0000000082800000|  0%| F|  |TAMS 0x0000000082700000, 0x0000000082700000| Untracked 
|  40|0x0000000082800000, 0x0000000082800000, 0x0000000082900000|  0%| F|  |TAMS 0x0000000082800000, 0x0000000082800000| Untracked 
|  41|0x0000000082900000, 0x0000000082900000, 0x0000000082a00000|  0%| F|  |TAMS 0x0000000082900000, 0x0000000082900000| Untracked 
|  42|0x0000000082a00000, 0x0000000082a00000, 0x0000000082b00000|  0%| F|  |TAMS 0x0000000082a00000, 0x0000000082a00000| Untracked 
|  43|0x0000000082b00000, 0x0000000082b00000, 0x0000000082c00000|  0%| F|  |TAMS 0x0000000082b00000, 0x0000000082b00000| Untracked 
|  44|0x0000000082c00000, 0x0000000082c00000, 0x0000000082d00000|  0%| F|  |TAMS 0x0000000082c00000, 0x0000000082c00000| Untracked 
|  45|0x0000000082d00000, 0x0000000082d00000, 0x0000000082e00000|  0%| F|  |TAMS 0x0000000082d00000, 0x0000000082d00000| Untracked 
|  46|0x0000000082e00000, 0x0000000082ef2480, 0x0000000082f00000| 94%| S|CS|TAMS 0x0000000082e00000, 0x0000000082e00000| Complete 
|  47|0x0000000082f00000, 0x0000000082f00000, 0x0000000083000000|  0%| F|  |TAMS 0x0000000082f00000, 0x0000000082f00000| Untracked 
|  48|0x0000000083000000, 0x0000000083000000, 0x0000000083100000|  0%| F|  |TAMS 0x0000000083000000, 0x0000000083000000| Untracked 
|  49|0x0000000083100000, 0x0000000083100000, 0x0000000083200000|  0%| F|  |TAMS 0x0000000083100000, 0x0000000083100000| Untracked 
|  50|0x0000000083200000, 0x0000000083300000, 0x0000000083300000|100%| S|CS|TAMS 0x0000000083200000, 0x0000000083200000| Complete 
|  51|0x0000000083300000, 0x0000000083400000, 0x0000000083400000|100%| S|CS|TAMS 0x0000000083300000, 0x0000000083300000| Complete 
|  52|0x0000000083400000, 0x0000000083400000, 0x0000000083500000|  0%| F|  |TAMS 0x0000000083400000, 0x0000000083400000| Untracked 
|  53|0x0000000083500000, 0x0000000083500000, 0x0000000083600000|  0%| F|  |TAMS 0x0000000083500000, 0x0000000083500000| Untracked 
|  54|0x0000000083600000, 0x0000000083600000, 0x0000000083700000|  0%| F|  |TAMS 0x0000000083600000, 0x0000000083600000| Untracked 
|  55|0x0000000083700000, 0x0000000083700000, 0x0000000083800000|  0%| F|  |TAMS 0x0000000083700000, 0x0000000083700000| Untracked 
|  56|0x0000000083800000, 0x0000000083800000, 0x0000000083900000|  0%| F|  |TAMS 0x0000000083800000, 0x0000000083800000| Untracked 
|  57|0x0000000083900000, 0x0000000083900000, 0x0000000083a00000|  0%| F|  |TAMS 0x0000000083900000, 0x0000000083900000| Untracked 
|  58|0x0000000083a00000, 0x0000000083a00000, 0x0000000083b00000|  0%| F|  |TAMS 0x0000000083a00000, 0x0000000083a00000| Untracked 
|  59|0x0000000083b00000, 0x0000000083b00000, 0x0000000083c00000|  0%| F|  |TAMS 0x0000000083b00000, 0x0000000083b00000| Untracked 
|  60|0x0000000083c00000, 0x0000000083c00000, 0x0000000083d00000|  0%| F|  |TAMS 0x0000000083c00000, 0x0000000083c00000| Untracked 
|  61|0x0000000083d00000, 0x0000000083d00000, 0x0000000083e00000|  0%| F|  |TAMS 0x0000000083d00000, 0x0000000083d00000| Untracked 
|  62|0x0000000083e00000, 0x0000000083e00000, 0x0000000083f00000|  0%| F|  |TAMS 0x0000000083e00000, 0x0000000083e00000| Untracked 
|  63|0x0000000083f00000, 0x0000000083f00000, 0x0000000084000000|  0%| F|  |TAMS 0x0000000083f00000, 0x0000000083f00000| Untracked 
|  64|0x0000000084000000, 0x0000000084000000, 0x0000000084100000|  0%| F|  |TAMS 0x0000000084000000, 0x0000000084000000| Untracked 
|  65|0x0000000084100000, 0x0000000084100000, 0x0000000084200000|  0%| F|  |TAMS 0x0000000084100000, 0x0000000084100000| Untracked 
|  66|0x0000000084200000, 0x0000000084200000, 0x0000000084300000|  0%| F|  |TAMS 0x0000000084200000, 0x0000000084200000| Untracked 
|  67|0x0000000084300000, 0x0000000084300000, 0x0000000084400000|  0%| F|  |TAMS 0x0000000084300000, 0x0000000084300000| Untracked 
|  68|0x0000000084400000, 0x0000000084400000, 0x0000000084500000|  0%| F|  |TAMS 0x0000000084400000, 0x0000000084400000| Untracked 
|  69|0x0000000084500000, 0x0000000084500000, 0x0000000084600000|  0%| F|  |TAMS 0x0000000084500000, 0x0000000084500000| Untracked 
| 123|0x0000000087b00000, 0x0000000087b00000, 0x0000000087c00000|  0%| F|  |TAMS 0x0000000087b00000, 0x0000000087b00000| Untracked 
| 124|0x0000000087c00000, 0x0000000087c00000, 0x0000000087d00000|  0%| F|  |TAMS 0x0000000087c00000, 0x0000000087c00000| Untracked 
| 125|0x0000000087d00000, 0x0000000087d00000, 0x0000000087e00000|  0%| F|  |TAMS 0x0000000087d00000, 0x0000000087d00000| Untracked 
| 126|0x0000000087e00000, 0x0000000087e00000, 0x0000000087f00000|  0%| F|  |TAMS 0x0000000087e00000, 0x0000000087e00000| Untracked 
| 127|0x0000000087f00000, 0x0000000087fb76e8, 0x0000000088000000| 71%| E|  |TAMS 0x0000000087f00000, 0x0000000087f00000| Complete 
| 128|0x0000000088000000, 0x0000000088100000, 0x0000000088100000|100%| E|CS|TAMS 0x0000000088000000, 0x0000000088000000| Complete 
| 129|0x0000000088100000, 0x0000000088200000, 0x0000000088200000|100%| E|CS|TAMS 0x0000000088100000, 0x0000000088100000| Complete 
| 130|0x0000000088200000, 0x0000000088300000, 0x0000000088300000|100%| E|CS|TAMS 0x0000000088200000, 0x0000000088200000| Complete 
| 131|0x0000000088300000, 0x0000000088400000, 0x0000000088400000|100%| E|CS|TAMS 0x0000000088300000, 0x0000000088300000| Complete 
| 132|0x0000000088400000, 0x0000000088500000, 0x0000000088500000|100%| E|CS|TAMS 0x0000000088400000, 0x0000000088400000| Complete 
| 133|0x0000000088500000, 0x0000000088600000, 0x0000000088600000|100%| E|CS|TAMS 0x0000000088500000, 0x0000000088500000| Complete 
| 134|0x0000000088600000, 0x0000000088700000, 0x0000000088700000|100%| E|CS|TAMS 0x0000000088600000, 0x0000000088600000| Complete 
| 252|0x000000008fc00000, 0x000000008fd00000, 0x000000008fd00000|100%| E|CS|TAMS 0x000000008fc00000, 0x000000008fc00000| Complete 
| 253|0x000000008fd00000, 0x000000008fe00000, 0x000000008fe00000|100%| E|CS|TAMS 0x000000008fd00000, 0x000000008fd00000| Complete 

Card table byte_map: [0x000002ae29030000,0x000002ae29430000] _byte_map_base: 0x000002ae28c30000

Marking Bits (Prev, Next): (CMBitMap*) 0x000002ae10371ab0, (CMBitMap*) 0x000002ae10371af0
 Prev Bits: [0x000002ae29830000, 0x000002ae2b830000)
 Next Bits: [0x000002ae2b830000, 0x000002ae2d830000)

Polling page: 0x000002ae10160000

Metaspace:

Usage:
  Non-class:     35.37 MB used.
      Class:      5.86 MB used.
       Both:     41.22 MB used.

Virtual space:
  Non-class space:       64.00 MB reserved,      35.69 MB ( 56%) committed,  1 nodes.
      Class space:      416.00 MB reserved,       6.06 MB (  1%) committed,  1 nodes.
             Both:      480.00 MB reserved,      41.75 MB (  9%) committed. 

Chunk freelists:
   Non-Class:  11.61 MB
       Class:  9.90 MB
        Both:  21.51 MB

MaxMetaspaceSize: 512.00 MB
CompressedClassSpaceSize: 416.00 MB
Initial GC threshold: 21.00 MB
Current GC threshold: 58.88 MB
CDS: on
MetaspaceReclaimPolicy: balanced
 - commit_granule_bytes: 65536.
 - commit_granule_words: 8192.
 - virtual_space_node_default_size: 8388608.
 - enlarge_chunks_in_place: 1.
 - new_chunks_are_fully_committed: 0.
 - uncommit_free_chunks: 1.
 - use_allocation_guard: 0.
 - handle_deallocations: 1.


Internal statistics:

num_allocs_failed_limit: 6.
num_arena_births: 548.
num_arena_deaths: 0.
num_vsnodes_births: 2.
num_vsnodes_deaths: 0.
num_space_committed: 668.
num_space_uncommitted: 0.
num_chunks_returned_to_freelist: 6.
num_chunks_taken_from_freelist: 2172.
num_chunk_merges: 6.
num_chunk_splits: 1443.
num_chunks_enlarged: 1010.
num_inconsistent_stats: 0.

CodeHeap 'non-profiled nmethods': size=120000Kb used=3042Kb max_used=3042Kb free=116957Kb
 bounds [0x000002ae210e0000, 0x000002ae213e0000, 0x000002ae28610000]
CodeHeap 'profiled nmethods': size=120000Kb used=9792Kb max_used=9792Kb free=110208Kb
 bounds [0x000002ae19610000, 0x000002ae19fa0000, 0x000002ae20b40000]
CodeHeap 'non-nmethods': size=5760Kb used=2318Kb max_used=2399Kb free=3442Kb
 bounds [0x000002ae20b40000, 0x000002ae20db0000, 0x000002ae210e0000]
 total_blobs=5599 nmethods=4769 adapters=741
 compilation: enabled
              stopped_count=0, restarted_count=0
 full_count=0

Compilation events (20 events):
Event: 16.176 Thread 0x000002ae2fe68060 nmethod 4772 0x000002ae19f95790 code [0x000002ae19f959a0, 0x000002ae19f95f68]
Event: 16.176 Thread 0x000002ae2fe68060 4771       3       com.google.common.collect.ObjectArrays::checkElementsNotNull (7 bytes)
Event: 16.176 Thread 0x000002ae2fe68060 nmethod 4771 0x000002ae19f96290 code [0x000002ae19f96440, 0x000002ae19f96688]
Event: 16.176 Thread 0x000002ae2fe68060 4773       3       org.gradle.internal.hash.HashCode$HashCode128::<init> (16 bytes)
Event: 16.177 Thread 0x000002ae2fe68060 nmethod 4773 0x000002ae19f96790 code [0x000002ae19f96940, 0x000002ae19f96b78]
Event: 16.177 Thread 0x000002ae2fe68060 4774       3       java.nio.HeapByteBuffer::<init> (21 bytes)
Event: 16.177 Thread 0x000002ae2fe68060 nmethod 4774 0x000002ae19f96c90 code [0x000002ae19f96e40, 0x000002ae19f97068]
Event: 16.177 Thread 0x000002ae2fe68060 4775       3       org.gradle.internal.file.FileHierarchySet$Node::contains (101 bytes)
Event: 16.178 Thread 0x000002ae2fe68060 nmethod 4775 0x000002ae19f97190 code [0x000002ae19f973e0, 0x000002ae19f97db8]
Event: 16.178 Thread 0x000002ae2fe68060 4776       3       com.google.common.cache.LocalCache::get (21 bytes)
Event: 16.179 Thread 0x000002ae2fe68060 nmethod 4776 0x000002ae19f98090 code [0x000002ae19f982a0, 0x000002ae19f98838]
Event: 16.179 Thread 0x000002ae2fe68060 4777   !   3       com.google.common.cache.LocalCache$Segment::get (210 bytes)
Event: 16.181 Thread 0x000002ae2fe68060 nmethod 4777 0x000002ae19f98b10 code [0x000002ae19f98f00, 0x000002ae19f9a8d8]
Event: 16.181 Thread 0x000002ae2fe68060 4778       3       sun.misc.Unsafe::getAndSetObject (11 bytes)
Event: 16.182 Thread 0x000002ae2fe68060 nmethod 4778 0x000002ae19f9b610 code [0x000002ae19f9b7a0, 0x000002ae19f9b8f8]
Event: 16.182 Thread 0x000002ae2fe68060 4779       3       jdk.internal.misc.Unsafe::getAndSetReference (24 bytes)
Event: 16.182 Thread 0x000002ae2fe68060 nmethod 4779 0x000002ae19f9b990 code [0x000002ae19f9bb40, 0x000002ae19f9bde8]
Event: 16.187 Thread 0x000002ae2fe68060 4780       3       java.util.function.Predicate$$Lambda$183/0x000002ae31172888::test (15 bytes)
Event: 16.187 Thread 0x000002ae2fe68060 nmethod 4780 0x000002ae19f9bf10 code [0x000002ae19f9c0e0, 0x000002ae19f9c578]
Event: 16.187 Thread 0x000002ae2fe68060 4781       3       java.util.function.Predicate$$Lambda$178/0x000002ae311720a8::test (15 bytes)

GC Heap History (20 events):
Event: 0.471 GC heap before
{Heap before GC invocations=0 (full 0):
 garbage-first heap   total 260096K, used 13312K [0x0000000080000000, 0x0000000100000000)
  region size 1024K, 13 young (13312K), 0 survivors (0K)
 Metaspace       used 1013K, committed 1152K, reserved 491520K
  class space    used 75K, committed 128K, reserved 425984K
}
Event: 0.474 GC heap after
{Heap after GC invocations=1 (full 0):
 garbage-first heap   total 260096K, used 3530K [0x0000000080000000, 0x0000000100000000)
  region size 1024K, 2 young (2048K), 2 survivors (2048K)
 Metaspace       used 1013K, committed 1152K, reserved 491520K
  class space    used 75K, committed 128K, reserved 425984K
}
Event: 1.040 GC heap before
{Heap before GC invocations=1 (full 0):
 garbage-first heap   total 260096K, used 21962K [0x0000000080000000, 0x0000000100000000)
  region size 1024K, 17 young (17408K), 2 survivors (2048K)
 Metaspace       used 3774K, committed 3968K, reserved 491520K
  class space    used 478K, committed 576K, reserved 425984K
}
Event: 1.044 GC heap after
{Heap after GC invocations=2 (full 0):
 garbage-first heap   total 260096K, used 10966K [0x0000000080000000, 0x0000000100000000)
  region size 1024K, 3 young (3072K), 3 survivors (3072K)
 Metaspace       used 3774K, committed 3968K, reserved 491520K
  class space    used 478K, committed 576K, reserved 425984K
}
Event: 1.473 GC heap before
{Heap before GC invocations=2 (full 0):
 garbage-first heap   total 260096K, used 33494K [0x0000000080000000, 0x0000000100000000)
  region size 1024K, 25 young (25600K), 3 survivors (3072K)
 Metaspace       used 3988K, committed 4160K, reserved 491520K
  class space    used 490K, committed 576K, reserved 425984K
}
Event: 1.476 GC heap after
{Heap after GC invocations=3 (full 0):
 garbage-first heap   total 260096K, used 11672K [0x0000000080000000, 0x0000000100000000)
  region size 1024K, 1 young (1024K), 1 survivors (1024K)
 Metaspace       used 3988K, committed 4160K, reserved 491520K
  class space    used 490K, committed 576K, reserved 425984K
}
Event: 5.223 GC heap before
{Heap before GC invocations=3 (full 0):
 garbage-first heap   total 260096K, used 131480K [0x0000000080000000, 0x0000000100000000)
  region size 1024K, 119 young (121856K), 1 survivors (1024K)
 Metaspace       used 21209K, committed 21504K, reserved 491520K
  class space    used 3112K, committed 3264K, reserved 425984K
}
Event: 5.237 GC heap after
{Heap after GC invocations=4 (full 0):
 garbage-first heap   total 260096K, used 22811K [0x0000000080000000, 0x0000000100000000)
  region size 1024K, 12 young (12288K), 12 survivors (12288K)
 Metaspace       used 21209K, committed 21504K, reserved 491520K
  class space    used 3112K, committed 3264K, reserved 425984K
}
Event: 6.067 GC heap before
{Heap before GC invocations=5 (full 0):
 garbage-first heap   total 86016K, used 61723K [0x0000000080000000, 0x0000000100000000)
  region size 1024K, 50 young (51200K), 12 survivors (12288K)
 Metaspace       used 26550K, committed 26880K, reserved 491520K
  class space    used 3863K, committed 4032K, reserved 425984K
}
Event: 6.081 GC heap after
{Heap after GC invocations=6 (full 0):
 garbage-first heap   total 86016K, used 26127K [0x0000000080000000, 0x0000000100000000)
  region size 1024K, 3 young (3072K), 3 survivors (3072K)
 Metaspace       used 26550K, committed 26880K, reserved 491520K
  class space    used 3863K, committed 4032K, reserved 425984K
}
Event: 7.026 GC heap before
{Heap before GC invocations=6 (full 0):
 garbage-first heap   total 86016K, used 64015K [0x0000000080000000, 0x0000000100000000)
  region size 1024K, 41 young (41984K), 3 survivors (3072K)
 Metaspace       used 31741K, committed 32064K, reserved 491520K
  class space    used 4495K, committed 4672K, reserved 425984K
}
Event: 7.034 GC heap after
{Heap after GC invocations=7 (full 0):
 garbage-first heap   total 86016K, used 29204K [0x0000000080000000, 0x0000000100000000)
  region size 1024K, 6 young (6144K), 6 survivors (6144K)
 Metaspace       used 31741K, committed 32064K, reserved 491520K
  class space    used 4495K, committed 4672K, reserved 425984K
}
Event: 8.382 GC heap before
{Heap before GC invocations=7 (full 0):
 garbage-first heap   total 86016K, used 69140K [0x0000000080000000, 0x0000000100000000)
  region size 1024K, 41 young (41984K), 6 survivors (6144K)
 Metaspace       used 34524K, committed 34944K, reserved 491520K
  class space    used 4795K, committed 4992K, reserved 425984K
}
Event: 8.394 GC heap after
{Heap after GC invocations=8 (full 0):
 garbage-first heap   total 86016K, used 32568K [0x0000000080000000, 0x0000000100000000)
  region size 1024K, 4 young (4096K), 4 survivors (4096K)
 Metaspace       used 34524K, committed 34944K, reserved 491520K
  class space    used 4795K, committed 4992K, reserved 425984K
}
Event: 14.320 GC heap before
{Heap before GC invocations=8 (full 0):
 garbage-first heap   total 86016K, used 48952K [0x0000000080000000, 0x0000000100000000)
  region size 1024K, 21 young (21504K), 4 survivors (4096K)
 Metaspace       used 35551K, committed 35968K, reserved 491520K
  class space    used 4928K, committed 5120K, reserved 425984K
}
Event: 14.328 GC heap after
{Heap after GC invocations=9 (full 0):
 garbage-first heap   total 86016K, used 33487K [0x0000000080000000, 0x0000000100000000)
  region size 1024K, 2 young (2048K), 2 survivors (2048K)
 Metaspace       used 35551K, committed 35968K, reserved 491520K
  class space    used 4928K, committed 5120K, reserved 425984K
}
Event: 15.075 GC heap before
{Heap before GC invocations=10 (full 0):
 garbage-first heap   total 86016K, used 66255K [0x0000000080000000, 0x0000000100000000)
  region size 1024K, 34 young (34816K), 2 survivors (2048K)
 Metaspace       used 37866K, committed 38336K, reserved 491520K
  class space    used 5292K, committed 5504K, reserved 425984K
}
Event: 15.082 GC heap after
{Heap after GC invocations=11 (full 0):
 garbage-first heap   total 86016K, used 35017K [0x0000000080000000, 0x0000000100000000)
  region size 1024K, 3 young (3072K), 3 survivors (3072K)
 Metaspace       used 37866K, committed 38336K, reserved 491520K
  class space    used 5292K, committed 5504K, reserved 425984K
}
Event: 15.938 GC heap before
{Heap before GC invocations=11 (full 0):
 garbage-first heap   total 86016K, used 67785K [0x0000000080000000, 0x0000000100000000)
  region size 1024K, 35 young (35840K), 3 survivors (3072K)
 Metaspace       used 41431K, committed 41920K, reserved 491520K
  class space    used 5855K, committed 6080K, reserved 425984K
}
Event: 15.944 GC heap after
{Heap after GC invocations=12 (full 0):
 garbage-first heap   total 86016K, used 36372K [0x0000000080000000, 0x0000000100000000)
  region size 1024K, 3 young (3072K), 3 survivors (3072K)
 Metaspace       used 41431K, committed 41920K, reserved 491520K
  class space    used 5855K, committed 6080K, reserved 425984K
}

Dll operation events (14 events):
Event: 0.008 Loaded shared library C:\Program Files\Microsoft\jdk-17.0.8.7-hotspot\bin\java.dll
Event: 0.026 Loaded shared library C:\Program Files\Microsoft\jdk-17.0.8.7-hotspot\bin\jsvml.dll
Event: 0.081 Loaded shared library C:\Program Files\Microsoft\jdk-17.0.8.7-hotspot\bin\zip.dll
Event: 0.084 Loaded shared library C:\Program Files\Microsoft\jdk-17.0.8.7-hotspot\bin\instrument.dll
Event: 0.088 Loaded shared library C:\Program Files\Microsoft\jdk-17.0.8.7-hotspot\bin\net.dll
Event: 0.091 Loaded shared library C:\Program Files\Microsoft\jdk-17.0.8.7-hotspot\bin\nio.dll
Event: 0.095 Loaded shared library C:\Program Files\Microsoft\jdk-17.0.8.7-hotspot\bin\zip.dll
Event: 0.371 Loaded shared library C:\Program Files\Microsoft\jdk-17.0.8.7-hotspot\bin\jimage.dll
Event: 0.485 Loaded shared library C:\Program Files\Microsoft\jdk-17.0.8.7-hotspot\bin\verify.dll
Event: 0.708 Loaded shared library C:\Users\Lenovo\.gradle\native\c067742578af261105cb4f569cf0c3c89f3d7b1fecec35dd04571415982c5e48\windows-amd64\native-platform.dll
Event: 0.717 Loaded shared library C:\Users\Lenovo\.gradle\native\38dada09dfb8b06ba9b0570ebf7e218e3eb74d4ef43ca46872605cf95ebc2f47\windows-amd64\native-platform-file-events.dll
Event: 2.033 Loaded shared library C:\Program Files\Microsoft\jdk-17.0.8.7-hotspot\bin\management.dll
Event: 2.037 Loaded shared library C:\Program Files\Microsoft\jdk-17.0.8.7-hotspot\bin\management_ext.dll
Event: 3.039 Loaded shared library C:\Program Files\Microsoft\jdk-17.0.8.7-hotspot\bin\sunmscapi.dll

Deoptimization events (20 events):
Event: 15.928 Thread 0x000002ae4f0f3e70 Uncommon trap: trap_request=0xffffffde fr.pc=0x000002ae211fd954 relative=0x00000000000002b4
Event: 15.928 Thread 0x000002ae4f0f3e70 Uncommon trap: reason=class_check action=maybe_recompile pc=0x000002ae211fd954 method=java.util.Collections$SetFromMap.remove(Ljava/lang/Object;)Z @ 5 c2
Event: 15.928 Thread 0x000002ae4f0f3e70 DEOPT PACKING pc=0x000002ae211fd954 sp=0x000000bf223f78b0
Event: 15.928 Thread 0x000002ae4f0f3e70 DEOPT UNPACKING pc=0x000002ae20b969a3 sp=0x000000bf223f7898 mode 2
Event: 16.007 Thread 0x000002ae5285ba40 Uncommon trap: trap_request=0xffffffde fr.pc=0x000002ae212036d4 relative=0x0000000000001334
Event: 16.007 Thread 0x000002ae5285ba40 Uncommon trap: reason=class_check action=maybe_recompile pc=0x000002ae212036d4 method=java.util.concurrent.ConcurrentHashMap.putVal(Ljava/lang/Object;Ljava/lang/Object;Z)Ljava/lang/Object; @ 242 c2
Event: 16.007 Thread 0x000002ae5285ba40 DEOPT PACKING pc=0x000002ae212036d4 sp=0x000000bf239fd9e0
Event: 16.007 Thread 0x000002ae5285ba40 DEOPT UNPACKING pc=0x000002ae20b969a3 sp=0x000000bf239fd950 mode 2
Event: 16.007 Thread 0x000002ae5285ba40 Uncommon trap: trap_request=0xffffffde fr.pc=0x000002ae212036d4 relative=0x0000000000001334
Event: 16.007 Thread 0x000002ae5285ba40 Uncommon trap: reason=class_check action=maybe_recompile pc=0x000002ae212036d4 method=java.util.concurrent.ConcurrentHashMap.putVal(Ljava/lang/Object;Ljava/lang/Object;Z)Ljava/lang/Object; @ 242 c2
Event: 16.007 Thread 0x000002ae5285ba40 DEOPT PACKING pc=0x000002ae212036d4 sp=0x000000bf239fd5f0
Event: 16.007 Thread 0x000002ae5285ba40 DEOPT UNPACKING pc=0x000002ae20b969a3 sp=0x000000bf239fd560 mode 2
Event: 16.070 Thread 0x000002ae4f0f3e70 Uncommon trap: trap_request=0xffffff3d fr.pc=0x000002ae212869fc relative=0x0000000000000d5c
Event: 16.070 Thread 0x000002ae4f0f3e70 Uncommon trap: reason=unstable_fused_if action=reinterpret pc=0x000002ae212869fc method=org.objectweb.asm.ByteVector.putUTF8(Ljava/lang/String;)Lorg/objectweb/asm/ByteVector; @ 93 c2
Event: 16.070 Thread 0x000002ae4f0f3e70 DEOPT PACKING pc=0x000002ae212869fc sp=0x000000bf223f74a0
Event: 16.071 Thread 0x000002ae4f0f3e70 DEOPT UNPACKING pc=0x000002ae20b969a3 sp=0x000000bf223f73f8 mode 2
Event: 16.077 Thread 0x000002ae4f0f3e70 Uncommon trap: trap_request=0xffffff3d fr.pc=0x000002ae2124a250 relative=0x0000000000000210
Event: 16.077 Thread 0x000002ae4f0f3e70 Uncommon trap: reason=unstable_fused_if action=reinterpret pc=0x000002ae2124a250 method=org.objectweb.asm.ByteVector.putUTF8(Ljava/lang/String;)Lorg/objectweb/asm/ByteVector; @ 93 c2
Event: 16.077 Thread 0x000002ae4f0f3e70 DEOPT PACKING pc=0x000002ae2124a250 sp=0x000000bf223f6a20
Event: 16.077 Thread 0x000002ae4f0f3e70 DEOPT UNPACKING pc=0x000002ae20b969a3 sp=0x000000bf223f69a0 mode 2

Classes unloaded (0 events):
No events

Classes redefined (0 events):
No events

Internal exceptions (20 events):
Event: 14.489 Thread 0x000002ae4f0f3e70 Exception <a 'java/lang/NoSuchMethodError'{0x00000000885fa720}: 'java.lang.Object java.lang.invoke.DirectMethodHandle$Holder.invokeStatic(java.lang.Object, java.lang.Object, java.lang.Object, java.lang.Object, java.lang.Object, java.lang.Object, java.lang.Object, java.lang.Object, java.lang.Object, java.lang.Object, java.lang.Object, java.lang.Object, java.lang.Object, java.lang.Object, java.lang.Object, java.lang.Object, java.lang.Object, java.lang.Object)'> (0x00000000885fa720) 
thrown [s\src\hotspot\sha
Event: 14.492 Thread 0x000002ae4f0f3e70 Exception <a 'java/lang/NoSuchMethodError'{0x00000000884253d0}: 'java.lang.Object java.lang.invoke.DirectMethodHandle$Holder.invokeStatic(java.lang.Object, java.lang.Object, java.lang.Object, java.lang.Object, java.lang.Object, java.lang.Object, java.lang.Object, java.lang.Object, java.lang.Object, java.lang.Object, java.lang.Object, java.lang.Object, java.lang.Object, java.lang.Object, java.lang.Object, java.lang.Object, java.lang.Object, java.lang.Object, java.lang.Object)'> (0x00000000884253d0) 
thrown 
Event: 14.497 Thread 0x000002ae4f0f3e70 Exception <a 'java/lang/NoSuchMethodError'{0x0000000088450680}: 'java.lang.Object java.lang.invoke.DirectMethodHandle$Holder.invokeStatic(java.lang.Object, java.lang.Object, java.lang.Object, java.lang.Object, java.lang.Object, java.lang.Object, java.lang.Object, java.lang.Object, java.lang.Object, java.lang.Object, java.lang.Object, java.lang.Object, java.lang.Object, java.lang.Object, java.lang.Object, java.lang.Object, java.lang.Object, java.lang.Object, java.lang.Object, java.lang.Object)'> (0x00000000
Event: 14.503 Thread 0x000002ae4f0f3e70 Exception <a 'java/lang/NoSuchMethodError'{0x000000008847ca60}: 'java.lang.Object java.lang.invoke.DirectMethodHandle$Holder.invokeStatic(java.lang.Object, java.lang.Object, java.lang.Object, java.lang.Object, java.lang.Object, java.lang.Object, java.lang.Object, java.lang.Object, java.lang.Object, java.lang.Object, java.lang.Object, java.lang.Object, java.lang.Object, java.lang.Object, java.lang.Object, java.lang.Object, java.lang.Object, java.lang.Object, java.lang.Object, java.lang.Object, java.lang.Obj
Event: 14.506 Thread 0x000002ae4f0f3e70 Exception <a 'java/lang/NoSuchMethodError'{0x00000000884aa658}: 'java.lang.Object java.lang.invoke.DirectMethodHandle$Holder.invokeStatic(java.lang.Object, java.lang.Object, java.lang.Object, java.lang.Object, java.lang.Object, java.lang.Object, java.lang.Object, java.lang.Object, java.lang.Object, java.lang.Object, java.lang.Object, java.lang.Object, java.lang.Object, java.lang.Object, java.lang.Object, java.lang.Object, java.lang.Object, java.lang.Object, java.lang.Object, java.lang.Object, java.lang.Obj
Event: 14.509 Thread 0x000002ae4f0f3e70 Exception <a 'java/lang/NoSuchMethodError'{0x00000000884d8538}: 'java.lang.Object java.lang.invoke.DirectMethodHandle$Holder.invokeStatic(java.lang.Object, java.lang.Object, java.lang.Object, java.lang.Object, java.lang.Object, java.lang.Object, java.lang.Object, java.lang.Object, java.lang.Object, java.lang.Object, java.lang.Object, java.lang.Object, java.lang.Object, java.lang.Object, java.lang.Object, java.lang.Object, java.lang.Object, java.lang.Object, java.lang.Object, java.lang.Object, java.lang.Obj
Event: 14.513 Thread 0x000002ae4f0f3e70 Exception <a 'java/lang/NoSuchMethodError'{0x00000000883095b8}: 'java.lang.Object java.lang.invoke.DirectMethodHandle$Holder.invokeStatic(java.lang.Object, java.lang.Object, java.lang.Object, java.lang.Object, java.lang.Object, java.lang.Object, java.lang.Object, java.lang.Object, java.lang.Object, java.lang.Object, java.lang.Object, java.lang.Object, java.lang.Object, java.lang.Object, java.lang.Object, java.lang.Object, java.lang.Object, java.lang.Object, java.lang.Object, java.lang.Object, java.lang.Obj
Event: 14.517 Thread 0x000002ae4f0f3e70 Exception <a 'java/lang/NoSuchMethodError'{0x000000008833adc0}: 'java.lang.Object java.lang.invoke.DirectMethodHandle$Holder.invokeStatic(java.lang.Object, java.lang.Object, java.lang.Object, java.lang.Object, java.lang.Object, java.lang.Object, java.lang.Object, java.lang.Object, java.lang.Object, java.lang.Object, java.lang.Object, java.lang.Object, java.lang.Object, java.lang.Object, java.lang.Object, java.lang.Object, java.lang.Object, java.lang.Object, java.lang.Object, java.lang.Object, java.lang.Obj
Event: 14.756 Thread 0x000002ae4f0f3e70 Exception <a 'java/lang/IncompatibleClassChangeError'{0x0000000083dac710}: Found class java.lang.Object, but interface was expected> (0x0000000083dac710) 
thrown [s\src\hotspot\share\interpreter\linkResolver.cpp, line 826]
Event: 14.844 Thread 0x000002ae4f0f3e70 Exception <a 'java/lang/NoSuchMethodError'{0x0000000083bdfdf0}: 'java.lang.Object java.lang.invoke.DirectMethodHandle$Holder.invokeVirtual(java.lang.Object, java.lang.Object, int)'> (0x0000000083bdfdf0) 
thrown [s\src\hotspot\share\interpreter\linkResolver.cpp, line 759]
Event: 14.961 Thread 0x000002ae4f0f3e70 Exception <a 'java/lang/NoSuchMethodError'{0x00000000836103c0}: 'int java.lang.invoke.DirectMethodHandle$Holder.invokeInterface(java.lang.Object, java.lang.Object, java.lang.Object, java.lang.Object)'> (0x00000000836103c0) 
thrown [s\src\hotspot\share\interpreter\linkResolver.cpp, line 759]
Event: 15.404 Thread 0x000002ae4f0f3e70 Exception <a 'java/lang/NoSuchMethodError'{0x0000000087c81930}: 'java.lang.Object java.lang.invoke.DirectMethodHandle$Holder.newInvokeSpecial(java.lang.Object, int, java.lang.Object)'> (0x0000000087c81930) 
thrown [s\src\hotspot\share\interpreter\linkResolver.cpp, line 759]
Event: 15.668 Thread 0x000002ae4f0f3e70 Exception <a 'java/lang/NoSuchMethodError'{0x0000000083d96420}: 'int java.lang.invoke.DirectMethodHandle$Holder.invokeSpecialIFC(java.lang.Object, java.lang.Object, java.lang.Object)'> (0x0000000083d96420) 
thrown [s\src\hotspot\share\interpreter\linkResolver.cpp, line 759]
Event: 15.770 Thread 0x000002ae4f0f3e70 Exception <a 'java/lang/NoSuchMethodError'{0x000000008395d3c0}: 'java.lang.Object java.lang.invoke.DirectMethodHandle$Holder.newInvokeSpecial(java.lang.Object, java.lang.Object, java.lang.Object, java.lang.Object, java.lang.Object, int)'> (0x000000008395d3c0) 
thrown [s\src\hotspot\share\interpreter\linkResolver.cpp, line 759]
Event: 15.771 Thread 0x000002ae4f0f3e70 Exception <a 'java/lang/NoSuchMethodError'{0x0000000083962ac0}: 'java.lang.Object java.lang.invoke.DirectMethodHandle$Holder.invokeSpecial(java.lang.Object, java.lang.Object, java.lang.Object, java.lang.Object, java.lang.Object, java.lang.Object, int)'> (0x0000000083962ac0) 
thrown [s\src\hotspot\share\interpreter\linkResolver.cpp, line 759]
Event: 15.771 Thread 0x000002ae4f0f3e70 Exception <a 'java/lang/NoSuchMethodError'{0x0000000083967b48}: 'java.lang.Object java.lang.invoke.Invokers$Holder.linkToTargetMethod(java.lang.Object, java.lang.Object, java.lang.Object, java.lang.Object, int, java.lang.Object)'> (0x0000000083967b48) 
thrown [s\src\hotspot\share\interpreter\linkResolver.cpp, line 759]
Event: 15.783 Thread 0x000002ae4f0f3e70 Exception <a 'java/lang/NoSuchMethodError'{0x00000000839c1800}: 'java.lang.Object java.lang.invoke.DirectMethodHandle$Holder.invokeSpecial(java.lang.Object, java.lang.Object, java.lang.Object, java.lang.Object, java.lang.Object, long)'> (0x00000000839c1800) 
thrown [s\src\hotspot\share\interpreter\linkResolver.cpp, line 759]
Event: 15.788 Thread 0x000002ae4f0f3e70 Exception <a 'java/lang/NoSuchMethodError'{0x00000000839f2788}: 'void java.lang.invoke.DirectMethodHandle$Holder.invokeStatic(java.lang.Object, java.lang.Object, java.lang.Object, int, java.lang.Object)'> (0x00000000839f2788) 
thrown [s\src\hotspot\share\interpreter\linkResolver.cpp, line 759]
Event: 15.968 Thread 0x000002ae4f0f3e70 Exception <a 'java/lang/NoSuchMethodError'{0x000000008fddd218}: 'java.lang.Object java.lang.invoke.DirectMethodHandle$Holder.newInvokeSpecial(java.lang.Object, java.lang.Object, java.lang.Object, java.lang.Object, int, java.lang.Object)'> (0x000000008fddd218) 
thrown [s\src\hotspot\share\interpreter\linkResolver.cpp, line 759]
Event: 15.968 Thread 0x000002ae4f0f3e70 Exception <a 'java/lang/NoSuchMethodError'{0x000000008fde2528}: 'java.lang.Object java.lang.invoke.Invokers$Holder.linkToTargetMethod(java.lang.Object, java.lang.Object, java.lang.Object, int, java.lang.Object, java.lang.Object)'> (0x000000008fde2528) 
thrown [s\src\hotspot\share\interpreter\linkResolver.cpp, line 759]

VM Operations (20 events):
Event: 14.319 Executing VM operation: CollectForMetadataAllocation
Event: 14.328 Executing VM operation: CollectForMetadataAllocation done
Event: 14.388 Executing VM operation: G1PauseRemark
Event: 14.393 Executing VM operation: G1PauseRemark done
Event: 14.425 Executing VM operation: G1PauseCleanup
Event: 14.426 Executing VM operation: G1PauseCleanup done
Event: 14.759 Executing VM operation: HandshakeAllThreads
Event: 14.759 Executing VM operation: HandshakeAllThreads done
Event: 14.945 Executing VM operation: HandshakeAllThreads
Event: 14.945 Executing VM operation: HandshakeAllThreads done
Event: 14.951 Executing VM operation: HandshakeAllThreads
Event: 14.951 Executing VM operation: HandshakeAllThreads done
Event: 14.960 Executing VM operation: HandshakeAllThreads
Event: 14.960 Executing VM operation: HandshakeAllThreads done
Event: 15.061 Executing VM operation: HandshakeAllThreads
Event: 15.061 Executing VM operation: HandshakeAllThreads done
Event: 15.074 Executing VM operation: G1CollectForAllocation
Event: 15.082 Executing VM operation: G1CollectForAllocation done
Event: 15.938 Executing VM operation: G1CollectForAllocation
Event: 15.944 Executing VM operation: G1CollectForAllocation done

Events (20 events):
Event: 15.167 loading class java/util/concurrent/atomic/AtomicReferenceFieldUpdater
Event: 15.168 loading class java/util/concurrent/atomic/AtomicReferenceFieldUpdater done
Event: 15.168 loading class java/util/concurrent/atomic/AtomicReferenceFieldUpdater$AtomicReferenceFieldUpdaterImpl
Event: 15.168 loading class java/util/concurrent/atomic/AtomicReferenceFieldUpdater$AtomicReferenceFieldUpdaterImpl done
Event: 15.168 loading class java/util/concurrent/atomic/AtomicReferenceFieldUpdater$AtomicReferenceFieldUpdaterImpl$1
Event: 15.168 loading class java/util/concurrent/atomic/AtomicReferenceFieldUpdater$AtomicReferenceFieldUpdaterImpl$1 done
Event: 15.261 loading class java/util/DualPivotQuicksort
Event: 15.262 loading class java/util/DualPivotQuicksort done
Event: 15.342 loading class java/io/DeleteOnExitHook
Event: 15.343 loading class java/io/DeleteOnExitHook done
Event: 15.343 loading class java/io/DeleteOnExitHook$1
Event: 15.343 loading class java/io/DeleteOnExitHook$1 done
Event: 15.844 loading class java/util/LinkedList$LLSpliterator
Event: 15.844 loading class java/util/LinkedList$LLSpliterator done
Event: 15.984 Thread 0x000002ae5285ba40 Thread added: 0x000002ae5285ba40
Event: 15.984 Thread 0x000002ae52855f20 Thread added: 0x000002ae52855f20
Event: 16.022 loading class java/nio/channels/Channels
Event: 16.022 loading class java/nio/channels/Channels done
Event: 16.023 loading class sun/nio/ch/ChannelInputStream
Event: 16.023 loading class sun/nio/ch/ChannelInputStream done


Dynamic libraries:
0x00007ff75f0e0000 - 0x00007ff75f0ee000 	C:\Program Files\Microsoft\jdk-17.0.8.7-hotspot\bin\java.exe
0x00007ffca5cb0000 - 0x00007ffca5ea8000 	C:\Windows\SYSTEM32\ntdll.dll
0x00007ffca4840000 - 0x00007ffca48fd000 	C:\Windows\System32\KERNEL32.DLL
0x00007ffca3880000 - 0x00007ffca3b76000 	C:\Windows\System32\KERNELBASE.dll
0x00007ffca34f0000 - 0x00007ffca35f0000 	C:\Windows\System32\ucrtbase.dll
0x00007ffc873f0000 - 0x00007ffc87407000 	C:\Program Files\Microsoft\jdk-17.0.8.7-hotspot\bin\jli.dll
0x00007ffc873d0000 - 0x00007ffc873eb000 	C:\Program Files\Microsoft\jdk-17.0.8.7-hotspot\bin\VCRUNTIME140.dll
0x00007ffca52b0000 - 0x00007ffca544f000 	C:\Windows\System32\USER32.dll
0x00007ffca3730000 - 0x00007ffca3752000 	C:\Windows\System32\win32u.dll
0x00007ffca5b10000 - 0x00007ffca5b3b000 	C:\Windows\System32\GDI32.dll
0x00007ffc8f0e0000 - 0x00007ffc8f37a000 	C:\Windows\WinSxS\amd64_microsoft.windows.common-controls_6595b64144ccf1df_6.0.19041.4355_none_60b8b9eb71f62e16\COMCTL32.dll
0x00007ffca3760000 - 0x00007ffca3877000 	C:\Windows\System32\gdi32full.dll
0x00007ffca5620000 - 0x00007ffca56be000 	C:\Windows\System32\msvcrt.dll
0x00007ffca3390000 - 0x00007ffca342d000 	C:\Windows\System32\msvcp_win.dll
0x00007ffca5770000 - 0x00007ffca57a2000 	C:\Windows\System32\IMM32.DLL
0x00007ffc873c0000 - 0x00007ffc873cc000 	C:\Program Files\Microsoft\jdk-17.0.8.7-hotspot\bin\vcruntime140_1.dll
0x00007ffc3eff0000 - 0x00007ffc3f07d000 	C:\Program Files\Microsoft\jdk-17.0.8.7-hotspot\bin\msvcp140.dll
0x00007ffc3c900000 - 0x00007ffc3d565000 	C:\Program Files\Microsoft\jdk-17.0.8.7-hotspot\bin\server\jvm.dll
0x00007ffca56c0000 - 0x00007ffca5770000 	C:\Windows\System32\ADVAPI32.dll
0x00007ffca50c0000 - 0x00007ffca5160000 	C:\Windows\System32\sechost.dll
0x00007ffca3ce0000 - 0x00007ffca3e03000 	C:\Windows\System32\RPCRT4.dll
0x00007ffca3360000 - 0x00007ffca3387000 	C:\Windows\System32\bcrypt.dll
0x00007ffc873b0000 - 0x00007ffc873b9000 	C:\Windows\SYSTEM32\WSOCK32.dll
0x00007ffca2850000 - 0x00007ffca289b000 	C:\Windows\SYSTEM32\POWRPROF.dll
0x00007ffc899c0000 - 0x00007ffc899e7000 	C:\Windows\SYSTEM32\WINMM.dll
0x00007ffca4ab0000 - 0x00007ffca4b1b000 	C:\Windows\System32\WS2_32.dll
0x00007ffc9c110000 - 0x00007ffc9c11a000 	C:\Windows\SYSTEM32\VERSION.dll
0x00007ffca2710000 - 0x00007ffca2722000 	C:\Windows\SYSTEM32\UMPDC.dll
0x00007ffca1b30000 - 0x00007ffca1b42000 	C:\Windows\SYSTEM32\kernel.appcore.dll
0x00007ffc40620000 - 0x00007ffc4062a000 	C:\Program Files\Microsoft\jdk-17.0.8.7-hotspot\bin\jimage.dll
0x00007ffc89a40000 - 0x00007ffc89c24000 	C:\Windows\SYSTEM32\DBGHELP.DLL
0x00007ffc898d0000 - 0x00007ffc89904000 	C:\Windows\SYSTEM32\dbgcore.DLL
0x00007ffca36a0000 - 0x00007ffca3722000 	C:\Windows\System32\bcryptPrimitives.dll
0x00007ffc8e2d0000 - 0x00007ffc8e2de000 	C:\Program Files\Microsoft\jdk-17.0.8.7-hotspot\bin\instrument.dll
0x00007ffc3c8d0000 - 0x00007ffc3c8f5000 	C:\Program Files\Microsoft\jdk-17.0.8.7-hotspot\bin\java.dll
0x00007ffc3c5c0000 - 0x00007ffc3c697000 	C:\Program Files\Microsoft\jdk-17.0.8.7-hotspot\bin\jsvml.dll
0x00007ffca3f40000 - 0x00007ffca46ab000 	C:\Windows\System32\SHELL32.dll
0x00007ffca1370000 - 0x00007ffca1b0d000 	C:\Windows\SYSTEM32\windows.storage.dll
0x00007ffca57b0000 - 0x00007ffca5b03000 	C:\Windows\System32\combase.dll
0x00007ffca2ca0000 - 0x00007ffca2cce000 	C:\Windows\SYSTEM32\Wldp.dll
0x00007ffca4710000 - 0x00007ffca47dd000 	C:\Windows\System32\OLEAUT32.dll
0x00007ffca5450000 - 0x00007ffca54fd000 	C:\Windows\System32\SHCORE.dll
0x00007ffca47e0000 - 0x00007ffca4835000 	C:\Windows\System32\shlwapi.dll
0x00007ffca3290000 - 0x00007ffca32b4000 	C:\Windows\SYSTEM32\profapi.dll
0x00007ffc3c6c0000 - 0x00007ffc3c6d8000 	C:\Program Files\Microsoft\jdk-17.0.8.7-hotspot\bin\zip.dll
0x00007ffc3c700000 - 0x00007ffc3c719000 	C:\Program Files\Microsoft\jdk-17.0.8.7-hotspot\bin\net.dll
0x00007ffca0c10000 - 0x00007ffca0d1a000 	C:\Windows\SYSTEM32\WINHTTP.dll
0x00007ffca2a80000 - 0x00007ffca2aea000 	C:\Windows\system32\mswsock.dll
0x00007ffc3c6e0000 - 0x00007ffc3c6f6000 	C:\Program Files\Microsoft\jdk-17.0.8.7-hotspot\bin\nio.dll
0x00007ffc9e520000 - 0x00007ffc9e530000 	C:\Program Files\Microsoft\jdk-17.0.8.7-hotspot\bin\verify.dll
0x00007ffc51460000 - 0x00007ffc51487000 	C:\Users\Lenovo\.gradle\native\c067742578af261105cb4f569cf0c3c89f3d7b1fecec35dd04571415982c5e48\windows-amd64\native-platform.dll
0x00007ffc6b0c0000 - 0x00007ffc6b204000 	C:\Users\Lenovo\.gradle\native\38dada09dfb8b06ba9b0570ebf7e218e3eb74d4ef43ca46872605cf95ebc2f47\windows-amd64\native-platform-file-events.dll
0x00007ffc8e300000 - 0x00007ffc8e309000 	C:\Program Files\Microsoft\jdk-17.0.8.7-hotspot\bin\management.dll
0x00007ffc8e2f0000 - 0x00007ffc8e2fb000 	C:\Program Files\Microsoft\jdk-17.0.8.7-hotspot\bin\management_ext.dll
0x00007ffca5000000 - 0x00007ffca5008000 	C:\Windows\System32\PSAPI.DLL
0x00007ffca2ce0000 - 0x00007ffca2cf8000 	C:\Windows\SYSTEM32\CRYPTSP.dll
0x00007ffca2350000 - 0x00007ffca2384000 	C:\Windows\system32\rsaenh.dll
0x00007ffca3200000 - 0x00007ffca322e000 	C:\Windows\SYSTEM32\USERENV.dll
0x00007ffca2c10000 - 0x00007ffca2c1c000 	C:\Windows\SYSTEM32\CRYPTBASE.dll
0x00007ffca2730000 - 0x00007ffca276b000 	C:\Windows\SYSTEM32\IPHLPAPI.DLL
0x00007ffca4f90000 - 0x00007ffca4f98000 	C:\Windows\System32\NSI.dll
0x00007ffc99f70000 - 0x00007ffc99f87000 	C:\Windows\SYSTEM32\dhcpcsvc6.DLL
0x00007ffc99ed0000 - 0x00007ffc99eed000 	C:\Windows\SYSTEM32\dhcpcsvc.DLL
0x00007ffca2780000 - 0x00007ffca284b000 	C:\Windows\SYSTEM32\DNSAPI.dll
0x00007ffc8e2e0000 - 0x00007ffc8e2ee000 	C:\Program Files\Microsoft\jdk-17.0.8.7-hotspot\bin\sunmscapi.dll
0x00007ffca3b80000 - 0x00007ffca3cde000 	C:\Windows\System32\CRYPT32.dll
0x00007ffca2df0000 - 0x00007ffca2e19000 	C:\Windows\SYSTEM32\ncrypt.dll
0x00007ffca2db0000 - 0x00007ffca2deb000 	C:\Windows\SYSTEM32\NTASN1.dll
0x00007ffc8e610000 - 0x00007ffc8e617000 	C:\Windows\system32\wshunix.dll

dbghelp: loaded successfully - version: 4.0.5 - missing functions: none
symbol engine: initialized successfully - sym options: 0x614 - pdb path: .;C:\Program Files\Microsoft\jdk-17.0.8.7-hotspot\bin;C:\Windows\SYSTEM32;C:\Windows\WinSxS\amd64_microsoft.windows.common-controls_6595b64144ccf1df_6.0.19041.4355_none_60b8b9eb71f62e16;C:\Program Files\Microsoft\jdk-17.0.8.7-hotspot\bin\server;C:\Users\Lenovo\.gradle\native\c067742578af261105cb4f569cf0c3c89f3d7b1fecec35dd04571415982c5e48\windows-amd64;C:\Users\Lenovo\.gradle\native\38dada09dfb8b06ba9b0570ebf7e218e3eb74d4ef43ca46872605cf95ebc2f47\windows-amd64

VM Arguments:
jvm_args: -XX:MaxMetaspaceSize=512m --add-opens=java.base/java.util=ALL-UNNAMED --add-opens=java.base/java.lang=ALL-UNNAMED --add-opens=java.base/java.lang.invoke=ALL-UNNAMED --add-opens=java.prefs/java.util.prefs=ALL-UNNAMED --add-opens=java.base/java.nio.charset=ALL-UNNAMED --add-opens=java.base/java.net=ALL-UNNAMED --add-opens=java.base/java.util.concurrent.atomic=ALL-UNNAMED -Xmx2048m -Dfile.encoding=windows-1252 -Duser.country=US -Duser.language=en -Duser.variant -javaagent:C:\Users\Lenovo\.gradle\wrapper\dists\gradle-8.6-all\3mbtmo166bl6vumsh5k2lkq5h\gradle-8.6\lib\agents\gradle-instrumentation-agent-8.6.jar 
java_command: org.gradle.launcher.daemon.bootstrap.GradleDaemon 8.6
java_class_path (initial): C:\Users\Lenovo\.gradle\wrapper\dists\gradle-8.6-all\3mbtmo166bl6vumsh5k2lkq5h\gradle-8.6\lib\gradle-launcher-8.6.jar
Launcher Type: SUN_STANDARD

[Global flags]
     intx CICompilerCount                          = 3                                         {product} {ergonomic}
   size_t CompressedClassSpaceSize                 = 436207616                                 {product} {ergonomic}
     uint ConcGCThreads                            = 1                                         {product} {ergonomic}
     uint G1ConcRefinementThreads                  = 4                                         {product} {ergonomic}
   size_t G1HeapRegionSize                         = 1048576                                   {product} {ergonomic}
    uintx GCDrainStackTargetSize                   = 64                                        {product} {ergonomic}
   size_t InitialHeapSize                          = 266338304                                 {product} {ergonomic}
   size_t MarkStackSize                            = 4194304                                   {product} {ergonomic}
   size_t MaxHeapSize                              = 2147483648                                {product} {command line}
   size_t MaxMetaspaceSize                         = 536870912                                 {product} {command line}
   size_t MaxNewSize                               = 1287651328                                {product} {ergonomic}
   size_t MinHeapDeltaBytes                        = 1048576                                   {product} {ergonomic}
   size_t MinHeapSize                              = 8388608                                   {product} {ergonomic}
    uintx NonNMethodCodeHeapSize                   = 5832780                                {pd product} {ergonomic}
    uintx NonProfiledCodeHeapSize                  = 122912730                              {pd product} {ergonomic}
    uintx ProfiledCodeHeapSize                     = 122912730                              {pd product} {ergonomic}
    uintx ReservedCodeCacheSize                    = 251658240                              {pd product} {ergonomic}
     bool SegmentedCodeCache                       = true                                      {product} {ergonomic}
   size_t SoftMaxHeapSize                          = 2147483648                             {manageable} {ergonomic}
     bool UseCompressedClassPointers               = true                           {product lp64_product} {ergonomic}
     bool UseCompressedOops                        = true                           {product lp64_product} {ergonomic}
     bool UseG1GC                                  = true                                      {product} {ergonomic}
     bool UseLargePagesIndividualAllocation        = false                                  {pd product} {ergonomic}

Logging:
Log output configuration:
 #0: stdout all=warning uptime,level,tags
 #1: stderr all=off uptime,level,tags

Environment Variables:
JAVA_HOME=C:\Program Files\Microsoft\jdk-17.0.8.7-hotspot\
CLASSPATH=C:\Users\Lenovo\Electralysis\ReactApp\android\\gradle\wrapper\gradle-wrapper.jar
PATH=C:\Users\Lenovo\Electralysis\ReactApp\node_modules\.bin;C:\Users\Lenovo\Electralysis\ReactApp\node_modules\.bin;C:\Users\Lenovo\Electralysis\node_modules\.bin;C:\Users\Lenovo\node_modules\.bin;C:\Users\node_modules\.bin;C:\node_modules\.bin;C:\Users\Lenovo\AppData\Roaming\npm\node_modules\npm\node_modules\@npmcli\run-script\lib\node-gyp-bin;C:\Users\Lenovo\Electralysis\ReactApp\node_modules\.bin;C:\Users\Lenovo\Electralysis\node_modules\.bin;C:\Users\Lenovo\node_modules\.bin;C:\Users\node_modules\.bin;C:\node_modules\.bin;C:\Users\Lenovo\AppData\Roaming\npm\node_modules\npm\node_modules\@npmcli\run-script\lib\node-gyp-bin;C:\Python312\Scripts\;C:\Python312\;C:\Program Files\Microsoft\jdk-17.0.8.7-hotspot\bin;C:\Program Files (x86)\Common Files\Oracle\Java\javapath;C:\Windows\system32;C:\Windows;C:\Windows\System32\Wbem;C:\Windows\System32\WindowsPowerShell\v1.0\;C:\Windows\System32\OpenSSH\;C:\Program Files\Microsoft SQL Server\150\Tools\Binn\;C:\Program Files\Microsoft SQL Server\Client SDK\ODBC\170\Tools\Binn\;C:\Program Files\dotnet\;C:\Program Files (x86)\Microsoft SQL Server\160\Tools\Binn\;C:\Program Files\Microsoft SQL Server\160\Tools\Binn\;C:\Program Files\Microsoft SQL Server\160\DTS\Binn\;C:\Program Files\Azure Data Studio\bin;C:\Program Files\Git\cmd;C:\ProgramData\chocolatey\bin;C:\Users\Lenovo\AppData\Local\Android\Sdk\platform-tools;C:\Program Files (x86)\Microsoft SQL Server\150\DTS\Binn\;C:\Program Files (x86)\Microsoft SQL Server\160\DTS\Binn\;C:\Program Files\nodejs\;C:\Program Files\Java\jdk-17\bin;C:\Users\Lenovo\AppData\Local\Android\Sdk;C:\Users\Lenovo\gradle-8.6\bin;C:\Users\Lenovo\AppData\Local\Microsoft\WindowsApps;C:\Users\Lenovo\AppData\Local\Programs\Microsoft VS Code\bin;C:\Users\Lenovo\.dotnet\tools;C:\Program Files\Azure Data Studio\bin;C:\Users\Lenovo\AppData\Local\GitHubDesktop\bin;C:\Users\Lenovo\AppData\Roaming\npm;C:\Program Files\Java\jdk-17\bin;C:\Users\Lenovo\AppData\Local\Android\Sdk;C:\Users\Lenovo\AppData\Local\Android\Sd
USERNAME=Lenovo
LANG=en_US.UTF-8
OS=Windows_NT
PROCESSOR_IDENTIFIER=Intel64 Family 6 Model 142 Stepping 9, GenuineIntel
TMP=C:\Users\Lenovo\AppData\Local\Temp
TEMP=C:\Users\Lenovo\AppData\Local\Temp



---------------  S Y S T E M  ---------------

OS:
 Windows 10 , 64 bit Build 19041 (10.0.19041.3636)
OS uptime: 0 days 3:01 hours
Hyper-V role detected

CPU: total 4 (initial active 4) (2 cores per cpu, 2 threads per core) family 6 model 142 stepping 9 microcode 0xb4, cx8, cmov, fxsr, ht, mmx, 3dnowpref, sse, sse2, sse3, ssse3, sse4.1, sse4.2, popcnt, lzcnt, tsc, tscinvbit, avx, avx2, aes, erms, clmul, bmi1, bmi2, rtm, adx, fma, vzeroupper, clflush, clflushopt, hv
Processor Information for all 4 processors :
  Max Mhz: 2904, Current Mhz: 2803, Mhz Limit: 2787

Memory: 4k page, system-wide physical 16222M (581M free)
TotalPageFile size 16222M (AvailPageFile size 1M)
current process WorkingSet (physical memory assigned to process): 251M, peak: 257M
current process commit charge ("private bytes"): 284M, peak: 432M

vm_info: OpenJDK 64-Bit Server VM (17.0.8+7-LTS) for windows-amd64 JRE (17.0.8+7-LTS), built on Jul  7 2023 17:21:55 by "MicrosoftCorporation" with MS VC++ 16.10 / 16.11 (VS2019)

END.
