#
# There is insufficient memory for the Java Runtime Environment to continue.
# Native memory allocation (mmap) failed to map 33554432 bytes for G1 virtual space
# Possible reasons:
#   The system is out of physical RAM or swap space
#   The process is running with CompressedOops enabled, and the Java Heap may be blocking the growth of the native heap
# Possible solutions:
#   Reduce memory load on the system
#   Increase physical memory or swap space
#   Check if swap backing store is full
#   Decrease Java heap size (-Xmx/-Xms)
#   Decrease number of Java threads
#   Decrease Java thread stack sizes (-Xss)
#   Set larger code cache with -XX:ReservedCodeCacheSize=
#   JVM is running with Unscaled Compressed Oops mode in which the Java heap is
#     placed in the first 4GB address space. The Java Heap base address is the
#     maximum limit for the native heap growth. Please use -XX:HeapBaseMinAddress
#     to set the Java Heap base and to place the Java Heap above 4GB virtual address.
# This output file may be truncated or incomplete.
#
#  Out of Memory Error (os_windows.cpp:3617), pid=12180, tid=18148
#
# JRE version: OpenJDK Runtime Environment Microsoft-8035246 (17.0.8+7) (build 17.0.8+7-LTS)
# Java VM: OpenJDK 64-Bit Server VM Microsoft-8035246 (17.0.8+7-LTS, mixed mode, sharing, tiered, compressed oops, compressed class ptrs, g1 gc, windows-amd64)
# No core dump will be written. Minidumps are not enabled by default on client versions of Windows
#

---------------  S U M M A R Y ------------

Command Line: -XX:MaxMetaspaceSize=512m --add-opens=java.base/java.util=ALL-UNNAMED --add-opens=java.base/java.lang=ALL-UNNAMED --add-opens=java.base/java.lang.invoke=ALL-UNNAMED --add-opens=java.prefs/java.util.prefs=ALL-UNNAMED --add-opens=java.base/java.nio.charset=ALL-UNNAMED --add-opens=java.base/java.net=ALL-UNNAMED --add-opens=java.base/java.util.concurrent.atomic=ALL-UNNAMED -Xmx2048m -Dfile.encoding=windows-1252 -Duser.country=US -Duser.language=en -Duser.variant -javaagent:C:\Users\Lenovo\.gradle\wrapper\dists\gradle-8.6-all\3mbtmo166bl6vumsh5k2lkq5h\gradle-8.6\lib\agents\gradle-instrumentation-agent-8.6.jar org.gradle.launcher.daemon.bootstrap.GradleDaemon 8.6

Host: Intel(R) Core(TM) i7-7600U CPU @ 2.80GHz, 4 cores, 15G,  Windows 10 , 64 bit Build 19041 (10.0.19041.3636)
Time: Sat May 18 18:54:00 2024 Pakistan Standard Time elapsed time: 70.535211 seconds (0d 0h 1m 10s)

---------------  T H R E A D  ---------------

Current thread (0x0000019a70c119b0):  VMThread "VM Thread" [stack: 0x0000008d3f700000,0x0000008d3f800000] [id=18148]

Stack: [0x0000008d3f700000,0x0000008d3f800000]
Native frames: (J=compiled Java code, j=interpreted, Vv=VM code, C=native code)
V  [jvm.dll+0x67bf3a]
V  [jvm.dll+0x83a024]
V  [jvm.dll+0x83b7ce]
V  [jvm.dll+0x83be33]
V  [jvm.dll+0x24785f]
V  [jvm.dll+0x678cb9]
V  [jvm.dll+0x66d54a]
V  [jvm.dll+0x308feb]
V  [jvm.dll+0x310496]
V  [jvm.dll+0x36019e]
V  [jvm.dll+0x3603cf]
V  [jvm.dll+0x2dff38]
V  [jvm.dll+0x2de114]
V  [jvm.dll+0x2dd71c]
V  [jvm.dll+0x32143b]
V  [jvm.dll+0x84032b]
V  [jvm.dll+0x841064]
V  [jvm.dll+0x84157d]
V  [jvm.dll+0x841954]
V  [jvm.dll+0x841a20]
V  [jvm.dll+0x7ea13a]
V  [jvm.dll+0x67ad85]
C  [ucrtbase.dll+0x21bb2]
C  [KERNEL32.DLL+0x17344]
C  [ntdll.dll+0x526b1]

VM_Operation (0x0000008d40df70e0): G1CollectForAllocation, mode: safepoint, requested by thread 0x0000019a7692a650


---------------  P R O C E S S  ---------------

Threads class SMR info:
_java_thread_list=0x0000019a1fa98810, length=77, elements={
0x0000019a53022560, 0x0000019a70c18950, 0x0000019a70c196e0, 0x0000019a70c2d420,
0x0000019a70c2ffc0, 0x0000019a70c318a0, 0x0000019a70c32170, 0x0000019a70c32e20,
0x0000019a70c33df0, 0x0000019a75040000, 0x0000019a70bffd70, 0x0000019a7520a5b0,
0x0000019a784389f0, 0x0000019a767024d0, 0x0000019a76845750, 0x0000019a766eeba0,
0x0000019a7838f090, 0x0000019a7692b580, 0x0000019a7692a650, 0x0000019a7692c9c0,
0x0000019a7692ced0, 0x0000019a76929720, 0x0000019a7692c4b0, 0x0000019a7692a140,
0x0000019a7692b070, 0x0000019a7692ba90, 0x0000019a7692ab60, 0x0000019a7692bfa0,
0x0000019a789daba0, 0x0000019a789d73f0, 0x0000019a789d5590, 0x0000019a789d8320,
0x0000019a789d5aa0, 0x0000019a789d5fb0, 0x0000019a789d3730, 0x0000019a789d69d0,
0x0000019a789d8830, 0x0000019a789d8d40, 0x0000019a789db0b0, 0x0000019a789d7e10,
0x0000019a789d9250, 0x0000019a789d7900, 0x0000019a789d9c70, 0x0000019a789d4660,
0x0000019a789da180, 0x0000019a789d9760, 0x0000019a789da690, 0x0000019a789d4150,
0x0000019a789d4b70, 0x0000019a7a15dd50, 0x0000019a7a160ae0, 0x0000019a7a15e260,
0x0000019a7a15afc0, 0x0000019a7a15e770, 0x0000019a7a161500, 0x0000019a7a15b9e0,
0x0000019a7a160ff0, 0x0000019a7a15b4d0, 0x0000019a7a15d330, 0x0000019a7a15fbb0,
0x0000019a7a1600c0, 0x0000019a7a15bef0, 0x0000019a7a15c400, 0x0000019a7a15ce20,
0x0000019a7a15d840, 0x0000019a7a15ec80, 0x0000019a7a15a090, 0x0000019a7a15aab0,
0x0000019a7a161a10, 0x0000019a7a1605d0, 0x0000019a795bbec0, 0x0000019a795bd300,
0x0000019a795ba570, 0x0000019a795bd810, 0x0000019a795ba060, 0x0000019a795bb9b0,
0x0000019a777ee060
}

Java Threads: ( => current thread )
  0x0000019a53022560 JavaThread "main" [_thread_blocked, id=18340, stack(0x0000008d3f000000,0x0000008d3f100000)]
  0x0000019a70c18950 JavaThread "Reference Handler" daemon [_thread_blocked, id=19960, stack(0x0000008d3f800000,0x0000008d3f900000)]
  0x0000019a70c196e0 JavaThread "Finalizer" daemon [_thread_blocked, id=5576, stack(0x0000008d3f900000,0x0000008d3fa00000)]
  0x0000019a70c2d420 JavaThread "Signal Dispatcher" daemon [_thread_blocked, id=4300, stack(0x0000008d3fa00000,0x0000008d3fb00000)]
  0x0000019a70c2ffc0 JavaThread "Attach Listener" daemon [_thread_blocked, id=9400, stack(0x0000008d3fb00000,0x0000008d3fc00000)]
  0x0000019a70c318a0 JavaThread "Service Thread" daemon [_thread_blocked, id=18464, stack(0x0000008d3fc00000,0x0000008d3fd00000)]
  0x0000019a70c32170 JavaThread "Monitor Deflation Thread" daemon [_thread_blocked, id=15312, stack(0x0000008d3fd00000,0x0000008d3fe00000)]
  0x0000019a70c32e20 JavaThread "C2 CompilerThread0" daemon [_thread_blocked, id=18424, stack(0x0000008d3fe00000,0x0000008d3ff00000)]
  0x0000019a70c33df0 JavaThread "C1 CompilerThread0" daemon [_thread_blocked, id=16804, stack(0x0000008d3ff00000,0x0000008d40000000)]
  0x0000019a75040000 JavaThread "Sweeper thread" daemon [_thread_blocked, id=12628, stack(0x0000008d40000000,0x0000008d40100000)]
  0x0000019a70bffd70 JavaThread "Common-Cleaner" daemon [_thread_blocked, id=10272, stack(0x0000008d40100000,0x0000008d40200000)]
  0x0000019a7520a5b0 JavaThread "Notification Thread" daemon [_thread_blocked, id=12872, stack(0x0000008d40200000,0x0000008d40300000)]
  0x0000019a784389f0 JavaThread "Daemon health stats" [_thread_blocked, id=8892, stack(0x0000008d40800000,0x0000008d40900000)]
  0x0000019a767024d0 JavaThread "Incoming local TCP Connector on port 52297" [_thread_in_native, id=19032, stack(0x0000008d40400000,0x0000008d40500000)]
  0x0000019a76845750 JavaThread "Daemon periodic checks" [_thread_blocked, id=16924, stack(0x0000008d40900000,0x0000008d40a00000)]
  0x0000019a766eeba0 JavaThread "Daemon" [_thread_blocked, id=6728, stack(0x0000008d40a00000,0x0000008d40b00000)]
  0x0000019a7838f090 JavaThread "Handler for socket connection from /127.0.0.1:52297 to /127.0.0.1:52299" [_thread_in_native, id=15952, stack(0x0000008d40b00000,0x0000008d40c00000)]
  0x0000019a7692b580 JavaThread "Cancel handler" [_thread_blocked, id=8092, stack(0x0000008d40c00000,0x0000008d40d00000)]
  0x0000019a7692a650 JavaThread "Daemon worker" [_thread_blocked, id=5924, stack(0x0000008d40d00000,0x0000008d40e00000)]
  0x0000019a7692c9c0 JavaThread "Asynchronous log dispatcher for DefaultDaemonConnection: socket connection from /127.0.0.1:52297 to /127.0.0.1:52299" [_thread_blocked, id=14808, stack(0x0000008d40e00000,0x0000008d40f00000)]
  0x0000019a7692ced0 JavaThread "Stdin handler" [_thread_blocked, id=19656, stack(0x0000008d40f00000,0x0000008d41000000)]
  0x0000019a76929720 JavaThread "Daemon client event forwarder" [_thread_blocked, id=8652, stack(0x0000008d41000000,0x0000008d41100000)]
  0x0000019a7692c4b0 JavaThread "Cache worker for journal cache (C:\Users\Lenovo\.gradle\caches\journal-1)" [_thread_blocked, id=11100, stack(0x0000008d41100000,0x0000008d41200000)]
  0x0000019a7692a140 JavaThread "File lock request listener" [_thread_in_native, id=9512, stack(0x0000008d41200000,0x0000008d41300000)]
  0x0000019a7692b070 JavaThread "Cache worker for file hash cache (C:\Users\Lenovo\.gradle\caches\8.6\fileHashes)" [_thread_blocked, id=11112, stack(0x0000008d41300000,0x0000008d41400000)]
  0x0000019a7692ba90 JavaThread "File watcher server" daemon [_thread_blocked, id=7364, stack(0x0000008d41500000,0x0000008d41600000)]
  0x0000019a7692ab60 JavaThread "File watcher consumer" daemon [_thread_blocked, id=8948, stack(0x0000008d41600000,0x0000008d41700000)]
  0x0000019a7692bfa0 JavaThread "Cache worker for checksums cache (C:\Users\Lenovo\ReactApp\ReactApp\android\.gradle\8.6\checksums)" [_thread_blocked, id=16540, stack(0x0000008d41400000,0x0000008d41500000)]
  0x0000019a789daba0 JavaThread "Cache worker for file hash cache (C:\Users\Lenovo\ReactApp\ReactApp\android\.gradle\8.6\fileHashes)" [_thread_blocked, id=16476, stack(0x0000008d41700000,0x0000008d41800000)]
  0x0000019a789d73f0 JavaThread "Cache worker for cache directory md-supplier (C:\Users\Lenovo\.gradle\caches\8.6\md-supplier)" [_thread_blocked, id=3048, stack(0x0000008d41800000,0x0000008d41900000)]
  0x0000019a789d5590 JavaThread "Cache worker for cache directory md-rule (C:\Users\Lenovo\.gradle\caches\8.6\md-rule)" [_thread_blocked, id=18904, stack(0x0000008d41900000,0x0000008d41a00000)]
  0x0000019a789d8320 JavaThread "Cache worker for file content cache (C:\Users\Lenovo\.gradle\caches\8.6\fileContent)" [_thread_blocked, id=18192, stack(0x0000008d41a00000,0x0000008d41b00000)]
  0x0000019a789d5aa0 JavaThread "jar transforms" [_thread_blocked, id=20224, stack(0x0000008d41c00000,0x0000008d41d00000)]
  0x0000019a789d5fb0 JavaThread "jar transforms Thread 2" [_thread_blocked, id=16828, stack(0x0000008d41d00000,0x0000008d41e00000)]
  0x0000019a789d3730 JavaThread "jar transforms Thread 3" [_thread_blocked, id=19796, stack(0x0000008d41e00000,0x0000008d41f00000)]
  0x0000019a789d69d0 JavaThread "jar transforms Thread 4" [_thread_blocked, id=16144, stack(0x0000008d41f00000,0x0000008d42000000)]
  0x0000019a789d8830 JavaThread "File lock release action executor" [_thread_blocked, id=5828, stack(0x0000008d42000000,0x0000008d42100000)]
  0x0000019a789d8d40 JavaThread "Exec process" [_thread_blocked, id=16240, stack(0x0000008d42100000,0x0000008d42200000)]
  0x0000019a789db0b0 JavaThread "Exec process Thread 2" [_thread_blocked, id=13680, stack(0x0000008d41b00000,0x0000008d41c00000)]
  0x0000019a789d7e10 JavaThread "Exec process Thread 3" [_thread_blocked, id=16064, stack(0x0000008d42200000,0x0000008d42300000)]
  0x0000019a789d9250 JavaThread "Unconstrained build operations" [_thread_blocked, id=10264, stack(0x0000008d42400000,0x0000008d42500000)]
  0x0000019a789d7900 JavaThread "Unconstrained build operations Thread 2" [_thread_blocked, id=16344, stack(0x0000008d42500000,0x0000008d42600000)]
  0x0000019a789d9c70 JavaThread "Cache worker for Build Output Cleanup Cache (C:\Users\Lenovo\ReactApp\ReactApp\node_modules\@react-native\gradle-plugin\.gradle\buildOutputCleanup)" [_thread_blocked, id=16040, stack(0x0000008d42600000,0x0000008d42700000)]
  0x0000019a789d4660 JavaThread "File lock release action executor Thread 2" [_thread_blocked, id=10952, stack(0x0000008d42700000,0x0000008d42800000)]
  0x0000019a789da180 JavaThread "Unconstrained build operations Thread 3" [_thread_blocked, id=20460, stack(0x0000008d42800000,0x0000008d42900000)]
  0x0000019a789d9760 JavaThread "Unconstrained build operations Thread 4" [_thread_blocked, id=9524, stack(0x0000008d42900000,0x0000008d42a00000)]
  0x0000019a789da690 JavaThread "Unconstrained build operations Thread 5" [_thread_blocked, id=16068, stack(0x0000008d42a00000,0x0000008d42b00000)]
  0x0000019a789d4150 JavaThread "build event listener" [_thread_blocked, id=10468, stack(0x0000008d42300000,0x0000008d42400000)]
  0x0000019a789d4b70 JavaThread "Memory manager" [_thread_blocked, id=17160, stack(0x0000008d42b00000,0x0000008d42c00000)]
  0x0000019a7a15dd50 JavaThread "Cache worker for Build Output Cleanup Cache (C:\Users\Lenovo\ReactApp\ReactApp\android\.gradle\buildOutputCleanup)" [_thread_blocked, id=19412, stack(0x0000008d42f00000,0x0000008d43000000)]
  0x0000019a7a160ae0 JavaThread "ForkJoinPool.commonPool-worker-1" daemon [_thread_blocked, id=13580, stack(0x0000008d42e00000,0x0000008d42f00000)]
  0x0000019a7a15e260 JavaThread "ForkJoinPool.commonPool-worker-2" daemon [_thread_blocked, id=1560, stack(0x0000008d43000000,0x0000008d43100000)]
  0x0000019a7a15afc0 JavaThread "ForkJoinPool.commonPool-worker-3" daemon [_thread_blocked, id=1408, stack(0x0000008d43100000,0x0000008d43200000)]
  0x0000019a7a15e770 JavaThread "included builds" [_thread_blocked, id=18544, stack(0x0000008d43200000,0x0000008d43300000)]
  0x0000019a7a161500 JavaThread "Execution worker" [_thread_blocked, id=19472, stack(0x0000008d43300000,0x0000008d43400000)]
  0x0000019a7a15b9e0 JavaThread "Execution worker Thread 2" [_thread_blocked, id=10252, stack(0x0000008d43400000,0x0000008d43500000)]
  0x0000019a7a160ff0 JavaThread "Execution worker Thread 3" [_thread_blocked, id=5928, stack(0x0000008d43500000,0x0000008d43600000)]
  0x0000019a7a15b4d0 JavaThread "Cache worker for execution history cache (C:\Users\Lenovo\ReactApp\ReactApp\node_modules\@react-native\gradle-plugin\.gradle\8.6\executionHistory)" [_thread_blocked, id=20332, stack(0x0000008d43600000,0x0000008d43700000)]
  0x0000019a7a15d330 JavaThread "Unconstrained build operations Thread 6" [_thread_blocked, id=18332, stack(0x0000008d43700000,0x0000008d43800000)]
  0x0000019a7a15fbb0 JavaThread "Unconstrained build operations Thread 7" [_thread_blocked, id=9864, stack(0x0000008d43800000,0x0000008d43900000)]
  0x0000019a7a1600c0 JavaThread "Unconstrained build operations Thread 8" [_thread_blocked, id=17372, stack(0x0000008d43900000,0x0000008d43a00000)]
  0x0000019a7a15bef0 JavaThread "Unconstrained build operations Thread 9" [_thread_blocked, id=12952, stack(0x0000008d43a00000,0x0000008d43b00000)]
  0x0000019a7a15c400 JavaThread "Unconstrained build operations Thread 10" [_thread_blocked, id=7624, stack(0x0000008d43b00000,0x0000008d43c00000)]
  0x0000019a7a15ce20 JavaThread "Unconstrained build operations Thread 11" [_thread_blocked, id=5556, stack(0x0000008d43c00000,0x0000008d43d00000)]
  0x0000019a7a15d840 JavaThread "Unconstrained build operations Thread 12" [_thread_blocked, id=10820, stack(0x0000008d43d00000,0x0000008d43e00000)]
  0x0000019a7a15ec80 JavaThread "Unconstrained build operations Thread 13" [_thread_blocked, id=16268, stack(0x0000008d43e00000,0x0000008d43f00000)]
  0x0000019a7a15a090 JavaThread "Unconstrained build operations Thread 14" [_thread_blocked, id=10872, stack(0x0000008d43f00000,0x0000008d44000000)]
  0x0000019a7a15aab0 JavaThread "Unconstrained build operations Thread 15" [_thread_blocked, id=19096, stack(0x0000008d44000000,0x0000008d44100000)]
  0x0000019a7a161a10 JavaThread "Unconstrained build operations Thread 16" [_thread_blocked, id=17936, stack(0x0000008d44100000,0x0000008d44200000)]
  0x0000019a7a1605d0 JavaThread "build event listener" [_thread_blocked, id=11128, stack(0x0000008d44200000,0x0000008d44300000)]
  0x0000019a795bbec0 JavaThread "Unconstrained build operations Thread 17" [_thread_blocked, id=5992, stack(0x0000008d3f100000,0x0000008d3f200000)]
  0x0000019a795bd300 JavaThread "Unconstrained build operations Thread 18" [_thread_blocked, id=14392, stack(0x0000008d44300000,0x0000008d44400000)]
  0x0000019a795ba570 JavaThread "Unconstrained build operations Thread 19" [_thread_blocked, id=11160, stack(0x0000008d44400000,0x0000008d44500000)]
  0x0000019a795bd810 JavaThread "Unconstrained build operations Thread 20" [_thread_blocked, id=18972, stack(0x0000008d44500000,0x0000008d44600000)]
  0x0000019a795ba060 JavaThread "Unconstrained build operations Thread 21" [_thread_blocked, id=15960, stack(0x0000008d44600000,0x0000008d44700000)]
  0x0000019a795bb9b0 JavaThread "Unconstrained build operations Thread 22" [_thread_blocked, id=20064, stack(0x0000008d44700000,0x0000008d44800000)]
  0x0000019a777ee060 JavaThread "C2 CompilerThread1" daemon [_thread_blocked, id=15776, stack(0x0000008d3ef00000,0x0000008d3f000000)]

Other Threads:
=>0x0000019a70c119b0 VMThread "VM Thread" [stack: 0x0000008d3f700000,0x0000008d3f800000] [id=18148]
  0x0000019a7525cf00 WatcherThread [stack: 0x0000008d40300000,0x0000008d40400000] [id=18928]
  0x0000019a5307f9b0 GCTaskThread "GC Thread#0" [stack: 0x0000008d3f200000,0x0000008d3f300000] [id=3936]
  0x0000019a75281060 GCTaskThread "GC Thread#1" [stack: 0x0000008d40500000,0x0000008d40600000] [id=20248]
  0x0000019a75549bc0 GCTaskThread "GC Thread#2" [stack: 0x0000008d40600000,0x0000008d40700000] [id=8608]
  0x0000019a75549e80 GCTaskThread "GC Thread#3" [stack: 0x0000008d40700000,0x0000008d40800000] [id=15956]
  0x0000019a53090810 ConcurrentGCThread "G1 Main Marker" [stack: 0x0000008d3f300000,0x0000008d3f400000] [id=18600]
  0x0000019a53091130 ConcurrentGCThread "G1 Conc#0" [stack: 0x0000008d3f400000,0x0000008d3f500000] [id=10556]
  0x0000019a530de620 ConcurrentGCThread "G1 Refine#0" [stack: 0x0000008d3f500000,0x0000008d3f600000] [id=14812]
  0x0000019a70acc1b0 ConcurrentGCThread "G1 Service" [stack: 0x0000008d3f600000,0x0000008d3f700000] [id=19492]

Threads with active compile tasks:
C2 CompilerThread0    70594 12975       4       org.gradle.internal.instantiation.generator.AbstractClassGenerator::inspectType (560 bytes)
C2 CompilerThread1    70594 12927       4       org.gradle.internal.component.model.DefaultAttributeMatcher$CachedQuery::from (64 bytes)

VM state: at safepoint (normal execution)

VM Mutex/Monitor currently owned by a thread:  ([mutex/lock_event])
[0x0000019a5301dd80] Threads_lock - owner thread: 0x0000019a70c119b0
[0x0000019a5301e0e0] Heap_lock - owner thread: 0x0000019a7692a650

Heap address: 0x0000000080000000, size: 2048 MB, Compressed Oops mode: 32-bit

CDS archive(s) mapped at: [0x0000019a00000000-0x0000019a00bd0000-0x0000019a00bd0000), size 12386304, SharedBaseAddress: 0x0000019a00000000, ArchiveRelocationMode: 1.
Compressed class space mapped at: 0x0000019a01000000-0x0000019a1b000000, reserved size: 436207616
Narrow klass base: 0x0000019a00000000, Narrow klass shift: 0, Narrow klass range: 0x100000000

GC Precious Log:
 CPUs: 4 total, 4 available
 Memory: 16222M
 Large Page Support: Disabled
 NUMA Support: Disabled
 Compressed Oops: Enabled (32-bit)
 Heap Region Size: 1M
 Heap Min Capacity: 8M
 Heap Initial Capacity: 254M
 Heap Max Capacity: 2G
 Pre-touch: Disabled
 Parallel Workers: 4
 Concurrent Workers: 1
 Concurrent Refinement Workers: 4
 Periodic GC: Disabled

Heap:
 garbage-first heap   total 227328K, used 139865K [0x0000000080000000, 0x0000000100000000)
  region size 1024K, 4 young (4096K), 4 survivors (4096K)
 Metaspace       used 100588K, committed 101504K, reserved 557056K
  class space    used 14154K, committed 14592K, reserved 425984K

Heap Regions: E=young(eden), S=young(survivor), O=old, HS=humongous(starts), HC=humongous(continues), CS=collection set, F=free, OA=open archive, CA=closed archive, TAMS=top-at-mark-start (previous, next)
|   0|0x0000000080000000, 0x0000000080100000, 0x0000000080100000|100%| O|  |TAMS 0x0000000080100000, 0x0000000080000000| Untracked 
|   1|0x0000000080100000, 0x0000000080200000, 0x0000000080200000|100%| O|  |TAMS 0x0000000080200000, 0x0000000080100000| Untracked 
|   2|0x0000000080200000, 0x0000000080300000, 0x0000000080300000|100%|HS|  |TAMS 0x0000000080300000, 0x0000000080200000| Complete 
|   3|0x0000000080300000, 0x0000000080400000, 0x0000000080400000|100%|HC|  |TAMS 0x0000000080400000, 0x0000000080300000| Complete 
|   4|0x0000000080400000, 0x0000000080500000, 0x0000000080500000|100%|HC|  |TAMS 0x0000000080500000, 0x0000000080400000| Complete 
|   5|0x0000000080500000, 0x0000000080600000, 0x0000000080600000|100%|HC|  |TAMS 0x0000000080600000, 0x0000000080500000| Complete 
|   6|0x0000000080600000, 0x0000000080700000, 0x0000000080700000|100%| O|  |TAMS 0x0000000080700000, 0x0000000080600000| Untracked 
|   7|0x0000000080700000, 0x0000000080800000, 0x0000000080800000|100%| O|  |TAMS 0x0000000080800000, 0x0000000080700000| Untracked 
|   8|0x0000000080800000, 0x0000000080900000, 0x0000000080900000|100%| O|  |TAMS 0x0000000080900000, 0x0000000080800000| Untracked 
|   9|0x0000000080900000, 0x0000000080a00000, 0x0000000080a00000|100%| O|  |TAMS 0x0000000080a00000, 0x0000000080900000| Untracked 
|  10|0x0000000080a00000, 0x0000000080ad0000, 0x0000000080b00000| 81%| O|  |TAMS 0x0000000080ad0000, 0x0000000080a00000| Untracked 
|  11|0x0000000080b00000, 0x0000000080c00000, 0x0000000080c00000|100%| O|  |TAMS 0x0000000080c00000, 0x0000000080b00000| Untracked 
|  12|0x0000000080c00000, 0x0000000080d00000, 0x0000000080d00000|100%| O|  |TAMS 0x0000000080d00000, 0x0000000080c00000| Untracked 
|  13|0x0000000080d00000, 0x0000000080e00000, 0x0000000080e00000|100%| O|  |TAMS 0x0000000080e00000, 0x0000000080d00000| Untracked 
|  14|0x0000000080e00000, 0x0000000080f00000, 0x0000000080f00000|100%| O|  |TAMS 0x0000000080f00000, 0x0000000080e00000| Untracked 
|  15|0x0000000080f00000, 0x0000000081000000, 0x0000000081000000|100%| O|  |TAMS 0x0000000081000000, 0x0000000080f00000| Untracked 
|  16|0x0000000081000000, 0x0000000081100000, 0x0000000081100000|100%| O|  |TAMS 0x0000000081100000, 0x0000000081000000| Untracked 
|  17|0x0000000081100000, 0x0000000081200000, 0x0000000081200000|100%| O|  |TAMS 0x0000000081200000, 0x0000000081100000| Untracked 
|  18|0x0000000081200000, 0x0000000081300000, 0x0000000081300000|100%| O|  |TAMS 0x0000000081300000, 0x0000000081200000| Untracked 
|  19|0x0000000081300000, 0x0000000081400000, 0x0000000081400000|100%| O|  |TAMS 0x0000000081400000, 0x0000000081300000| Untracked 
|  20|0x0000000081400000, 0x0000000081500000, 0x0000000081500000|100%| O|  |TAMS 0x0000000081500000, 0x0000000081400000| Untracked 
|  21|0x0000000081500000, 0x0000000081600000, 0x0000000081600000|100%| O|  |TAMS 0x0000000081600000, 0x0000000081500000| Untracked 
|  22|0x0000000081600000, 0x0000000081700000, 0x0000000081700000|100%| O|  |TAMS 0x0000000081700000, 0x0000000081600000| Untracked 
|  23|0x0000000081700000, 0x0000000081800000, 0x0000000081800000|100%| O|  |TAMS 0x0000000081800000, 0x0000000081700000| Untracked 
|  24|0x0000000081800000, 0x0000000081900000, 0x0000000081900000|100%| O|  |TAMS 0x0000000081900000, 0x0000000081800000| Untracked 
|  25|0x0000000081900000, 0x0000000081a00000, 0x0000000081a00000|100%| O|  |TAMS 0x0000000081a00000, 0x0000000081900000| Untracked 
|  26|0x0000000081a00000, 0x0000000081b00000, 0x0000000081b00000|100%| O|  |TAMS 0x0000000081b00000, 0x0000000081a00000| Untracked 
|  27|0x0000000081b00000, 0x0000000081c00000, 0x0000000081c00000|100%| O|  |TAMS 0x0000000081c00000, 0x0000000081b00000| Untracked 
|  28|0x0000000081c00000, 0x0000000081d00000, 0x0000000081d00000|100%| O|  |TAMS 0x0000000081d00000, 0x0000000081c00000| Untracked 
|  29|0x0000000081d00000, 0x0000000081e00000, 0x0000000081e00000|100%| O|  |TAMS 0x0000000081e00000, 0x0000000081d00000| Untracked 
|  30|0x0000000081e00000, 0x0000000081f00000, 0x0000000081f00000|100%| O|  |TAMS 0x0000000081f00000, 0x0000000081e00000| Untracked 
|  31|0x0000000081f00000, 0x0000000082000000, 0x0000000082000000|100%| O|  |TAMS 0x0000000082000000, 0x0000000081f00000| Untracked 
|  32|0x0000000082000000, 0x0000000082100000, 0x0000000082100000|100%| O|  |TAMS 0x0000000082100000, 0x0000000082000000| Untracked 
|  33|0x0000000082100000, 0x0000000082200000, 0x0000000082200000|100%| O|  |TAMS 0x0000000082200000, 0x0000000082100000| Untracked 
|  34|0x0000000082200000, 0x0000000082300000, 0x0000000082300000|100%| O|  |TAMS 0x0000000082300000, 0x0000000082200000| Untracked 
|  35|0x0000000082300000, 0x0000000082300000, 0x0000000082400000|  0%| F|  |TAMS 0x0000000082300000, 0x0000000082300000| Untracked 
|  36|0x0000000082400000, 0x0000000082500000, 0x0000000082500000|100%| O|  |TAMS 0x0000000082500000, 0x0000000082400000| Untracked 
|  37|0x0000000082500000, 0x0000000082600000, 0x0000000082600000|100%| O|  |TAMS 0x0000000082600000, 0x0000000082500000| Untracked 
|  38|0x0000000082600000, 0x0000000082700000, 0x0000000082700000|100%|HS|  |TAMS 0x0000000082700000, 0x0000000082600000| Complete 
|  39|0x0000000082700000, 0x0000000082800000, 0x0000000082800000|100%|HC|  |TAMS 0x0000000082800000, 0x0000000082700000| Complete 
|  40|0x0000000082800000, 0x0000000082900000, 0x0000000082900000|100%|HS|  |TAMS 0x0000000082900000, 0x0000000082800000| Complete 
|  41|0x0000000082900000, 0x0000000082a00000, 0x0000000082a00000|100%|HC|  |TAMS 0x0000000082a00000, 0x0000000082900000| Complete 
|  42|0x0000000082a00000, 0x0000000082b00000, 0x0000000082b00000|100%| O|  |TAMS 0x0000000082b00000, 0x0000000082a00000| Untracked 
|  43|0x0000000082b00000, 0x0000000082c00000, 0x0000000082c00000|100%| O|  |TAMS 0x0000000082c00000, 0x0000000082b00000| Untracked 
|  44|0x0000000082c00000, 0x0000000082d00000, 0x0000000082d00000|100%| O|  |TAMS 0x0000000082d00000, 0x0000000082c00000| Untracked 
|  45|0x0000000082d00000, 0x0000000082e00000, 0x0000000082e00000|100%| O|  |TAMS 0x0000000082e00000, 0x0000000082d00000| Untracked 
|  46|0x0000000082e00000, 0x0000000082f00000, 0x0000000082f00000|100%|HS|  |TAMS 0x0000000082f00000, 0x0000000082e00000| Complete 
|  47|0x0000000082f00000, 0x0000000083000000, 0x0000000083000000|100%|HC|  |TAMS 0x0000000083000000, 0x0000000082f00000| Complete 
|  48|0x0000000083000000, 0x0000000083100000, 0x0000000083100000|100%|HC|  |TAMS 0x0000000083100000, 0x0000000083000000| Complete 
|  49|0x0000000083100000, 0x0000000083200000, 0x0000000083200000|100%|HC|  |TAMS 0x0000000083200000, 0x0000000083100000| Complete 
|  50|0x0000000083200000, 0x0000000083300000, 0x0000000083300000|100%|HS|  |TAMS 0x0000000083300000, 0x0000000083200000| Complete 
|  51|0x0000000083300000, 0x0000000083400000, 0x0000000083400000|100%|HC|  |TAMS 0x0000000083400000, 0x0000000083300000| Complete 
|  52|0x0000000083400000, 0x0000000083500000, 0x0000000083500000|100%|HC|  |TAMS 0x0000000083500000, 0x0000000083400000| Complete 
|  53|0x0000000083500000, 0x0000000083600000, 0x0000000083600000|100%|HC|  |TAMS 0x0000000083600000, 0x0000000083500000| Complete 
|  54|0x0000000083600000, 0x0000000083700000, 0x0000000083700000|100%| O|  |TAMS 0x0000000083700000, 0x0000000083600000| Untracked 
|  55|0x0000000083700000, 0x0000000083800000, 0x0000000083800000|100%| O|  |TAMS 0x0000000083800000, 0x0000000083700000| Untracked 
|  56|0x0000000083800000, 0x0000000083900000, 0x0000000083900000|100%| O|  |TAMS 0x0000000083900000, 0x0000000083800000| Untracked 
|  57|0x0000000083900000, 0x0000000083a00000, 0x0000000083a00000|100%| O|  |TAMS 0x0000000083a00000, 0x0000000083900000| Untracked 
|  58|0x0000000083a00000, 0x0000000083b00000, 0x0000000083b00000|100%|HS|  |TAMS 0x0000000083b00000, 0x0000000083a00000| Complete 
|  59|0x0000000083b00000, 0x0000000083c00000, 0x0000000083c00000|100%| O|  |TAMS 0x0000000083c00000, 0x0000000083b00000| Untracked 
|  60|0x0000000083c00000, 0x0000000083d00000, 0x0000000083d00000|100%| O|  |TAMS 0x0000000083d00000, 0x0000000083c00000| Untracked 
|  61|0x0000000083d00000, 0x0000000083e00000, 0x0000000083e00000|100%| O|  |TAMS 0x0000000083e00000, 0x0000000083d00000| Untracked 
|  62|0x0000000083e00000, 0x0000000083f00000, 0x0000000083f00000|100%| O|  |TAMS 0x0000000083f00000, 0x0000000083e00000| Untracked 
|  63|0x0000000083f00000, 0x0000000084000000, 0x0000000084000000|100%| O|  |TAMS 0x0000000084000000, 0x0000000083f00000| Untracked 
|  64|0x0000000084000000, 0x0000000084100000, 0x0000000084100000|100%| O|  |TAMS 0x0000000084100000, 0x0000000084000000| Untracked 
|  65|0x0000000084100000, 0x0000000084100000, 0x0000000084200000|  0%| F|  |TAMS 0x0000000084100000, 0x0000000084100000| Untracked 
|  66|0x0000000084200000, 0x0000000084300000, 0x0000000084300000|100%| O|  |TAMS 0x0000000084300000, 0x0000000084200000| Untracked 
|  67|0x0000000084300000, 0x0000000084400000, 0x0000000084400000|100%| O|  |TAMS 0x0000000084400000, 0x0000000084300000| Untracked 
|  68|0x0000000084400000, 0x0000000084500000, 0x0000000084500000|100%|HS|  |TAMS 0x0000000084500000, 0x0000000084400000| Complete 
|  69|0x0000000084500000, 0x0000000084600000, 0x0000000084600000|100%|HS|  |TAMS 0x0000000084600000, 0x0000000084500000| Complete 
|  70|0x0000000084600000, 0x0000000084700000, 0x0000000084700000|100%| O|  |TAMS 0x0000000084700000, 0x0000000084600000| Untracked 
|  71|0x0000000084700000, 0x0000000084800000, 0x0000000084800000|100%|HS|  |TAMS 0x0000000084800000, 0x0000000084700000| Complete 
|  72|0x0000000084800000, 0x0000000084900000, 0x0000000084900000|100%|HS|  |TAMS 0x0000000084900000, 0x0000000084800000| Complete 
|  73|0x0000000084900000, 0x0000000084a00000, 0x0000000084a00000|100%| O|  |TAMS 0x0000000084a00000, 0x0000000084900000| Untracked 
|  74|0x0000000084a00000, 0x0000000084b00000, 0x0000000084b00000|100%| O|  |TAMS 0x0000000084b00000, 0x0000000084a00000| Untracked 
|  75|0x0000000084b00000, 0x0000000084c00000, 0x0000000084c00000|100%| O|  |TAMS 0x0000000084c00000, 0x0000000084b00000| Untracked 
|  76|0x0000000084c00000, 0x0000000084d00000, 0x0000000084d00000|100%| O|  |TAMS 0x0000000084d00000, 0x0000000084c00000| Untracked 
|  77|0x0000000084d00000, 0x0000000084e00000, 0x0000000084e00000|100%| O|  |TAMS 0x0000000084e00000, 0x0000000084d00000| Untracked 
|  78|0x0000000084e00000, 0x0000000084f00000, 0x0000000084f00000|100%| O|  |TAMS 0x0000000084f00000, 0x0000000084e00000| Untracked 
|  79|0x0000000084f00000, 0x0000000085000000, 0x0000000085000000|100%| O|  |TAMS 0x0000000085000000, 0x0000000084f00000| Untracked 
|  80|0x0000000085000000, 0x0000000085100000, 0x0000000085100000|100%| O|  |TAMS 0x0000000085100000, 0x0000000085000000| Untracked 
|  81|0x0000000085100000, 0x0000000085200000, 0x0000000085200000|100%| O|  |TAMS 0x0000000085200000, 0x0000000085100000| Untracked 
|  82|0x0000000085200000, 0x0000000085300000, 0x0000000085300000|100%| O|  |TAMS 0x0000000085300000, 0x0000000085200000| Untracked 
|  83|0x0000000085300000, 0x0000000085400000, 0x0000000085400000|100%| O|  |TAMS 0x0000000085400000, 0x0000000085300000| Untracked 
|  84|0x0000000085400000, 0x0000000085400000, 0x0000000085500000|  0%| F|  |TAMS 0x0000000085400000, 0x0000000085400000| Untracked 
|  85|0x0000000085500000, 0x0000000085600000, 0x0000000085600000|100%| O|  |TAMS 0x0000000085600000, 0x0000000085500000| Untracked 
|  86|0x0000000085600000, 0x0000000085700000, 0x0000000085700000|100%| O|  |TAMS 0x0000000085700000, 0x0000000085600000| Untracked 
|  87|0x0000000085700000, 0x0000000085800000, 0x0000000085800000|100%| O|  |TAMS 0x0000000085800000, 0x0000000085700000| Untracked 
|  88|0x0000000085800000, 0x0000000085900000, 0x0000000085900000|100%| O|  |TAMS 0x0000000085900000, 0x0000000085800000| Untracked 
|  89|0x0000000085900000, 0x0000000085a00000, 0x0000000085a00000|100%| O|  |TAMS 0x0000000085a00000, 0x0000000085900000| Untracked 
|  90|0x0000000085a00000, 0x0000000085b00000, 0x0000000085b00000|100%| O|  |TAMS 0x0000000085b00000, 0x0000000085a00000| Untracked 
|  91|0x0000000085b00000, 0x0000000085c00000, 0x0000000085c00000|100%| O|  |TAMS 0x0000000085c00000, 0x0000000085b00000| Untracked 
|  92|0x0000000085c00000, 0x0000000085d00000, 0x0000000085d00000|100%| O|  |TAMS 0x0000000085d00000, 0x0000000085c00000| Untracked 
|  93|0x0000000085d00000, 0x0000000085e00000, 0x0000000085e00000|100%| O|  |TAMS 0x0000000085e00000, 0x0000000085d00000| Untracked 
|  94|0x0000000085e00000, 0x0000000085f00000, 0x0000000085f00000|100%| O|  |TAMS 0x0000000085f00000, 0x0000000085e00000| Untracked 
|  95|0x0000000085f00000, 0x0000000086000000, 0x0000000086000000|100%| O|  |TAMS 0x0000000086000000, 0x0000000085f00000| Untracked 
|  96|0x0000000086000000, 0x0000000086100000, 0x0000000086100000|100%| O|  |TAMS 0x0000000086100000, 0x0000000086000000| Untracked 
|  97|0x0000000086100000, 0x0000000086200000, 0x0000000086200000|100%| O|  |TAMS 0x0000000086200000, 0x0000000086100000| Untracked 
|  98|0x0000000086200000, 0x0000000086300000, 0x0000000086300000|100%| O|  |TAMS 0x0000000086300000, 0x0000000086200000| Untracked 
|  99|0x0000000086300000, 0x0000000086400000, 0x0000000086400000|100%| O|  |TAMS 0x0000000086400000, 0x0000000086300000| Untracked 
| 100|0x0000000086400000, 0x0000000086500000, 0x0000000086500000|100%| O|  |TAMS 0x0000000086500000, 0x0000000086400000| Untracked 
| 101|0x0000000086500000, 0x0000000086600000, 0x0000000086600000|100%| O|  |TAMS 0x0000000086600000, 0x0000000086500000| Untracked 
| 102|0x0000000086600000, 0x0000000086700000, 0x0000000086700000|100%|HS|  |TAMS 0x0000000086700000, 0x0000000086600000| Complete 
| 103|0x0000000086700000, 0x0000000086800000, 0x0000000086800000|100%|HC|  |TAMS 0x0000000086800000, 0x0000000086700000| Complete 
| 104|0x0000000086800000, 0x0000000086900000, 0x0000000086900000|100%|HC|  |TAMS 0x0000000086900000, 0x0000000086800000| Complete 
| 105|0x0000000086900000, 0x0000000086a00000, 0x0000000086a00000|100%|HS|  |TAMS 0x0000000086a00000, 0x0000000086900000| Complete 
| 106|0x0000000086a00000, 0x0000000086b00000, 0x0000000086b00000|100%|HC|  |TAMS 0x0000000086b00000, 0x0000000086a00000| Complete 
| 107|0x0000000086b00000, 0x0000000086c00000, 0x0000000086c00000|100%| O|  |TAMS 0x0000000086c00000, 0x0000000086b00000| Untracked 
| 108|0x0000000086c00000, 0x0000000086d00000, 0x0000000086d00000|100%| O|  |TAMS 0x0000000086d00000, 0x0000000086c00000| Untracked 
| 109|0x0000000086d00000, 0x0000000086e00000, 0x0000000086e00000|100%| O|  |TAMS 0x0000000086e00000, 0x0000000086d00000| Untracked 
| 110|0x0000000086e00000, 0x0000000086f00000, 0x0000000086f00000|100%| O|  |TAMS 0x0000000086f00000, 0x0000000086e00000| Untracked 
| 111|0x0000000086f00000, 0x0000000087000000, 0x0000000087000000|100%| O|  |TAMS 0x0000000087000000, 0x0000000086f00000| Untracked 
| 112|0x0000000087000000, 0x0000000087100000, 0x0000000087100000|100%| O|  |TAMS 0x0000000087100000, 0x0000000087000000| Untracked 
| 113|0x0000000087100000, 0x0000000087200000, 0x0000000087200000|100%| O|  |TAMS 0x0000000087197000, 0x0000000087100000| Untracked 
| 114|0x0000000087200000, 0x0000000087300000, 0x0000000087300000|100%| O|  |TAMS 0x0000000087200000, 0x0000000087200000| Untracked 
| 115|0x0000000087300000, 0x0000000087400000, 0x0000000087400000|100%| O|  |TAMS 0x0000000087300000, 0x0000000087300000| Untracked 
| 116|0x0000000087400000, 0x0000000087500000, 0x0000000087500000|100%| O|  |TAMS 0x0000000087400000, 0x0000000087400000| Untracked 
| 117|0x0000000087500000, 0x0000000087600000, 0x0000000087600000|100%| O|  |TAMS 0x0000000087500000, 0x0000000087500000| Untracked 
| 118|0x0000000087600000, 0x0000000087700000, 0x0000000087700000|100%| O|  |TAMS 0x0000000087600000, 0x0000000087600000| Untracked 
| 119|0x0000000087700000, 0x0000000087800000, 0x0000000087800000|100%| O|  |TAMS 0x0000000087700000, 0x0000000087700000| Untracked 
| 120|0x0000000087800000, 0x0000000087900000, 0x0000000087900000|100%| O|  |TAMS 0x0000000087800000, 0x0000000087800000| Untracked 
| 121|0x0000000087900000, 0x0000000087a00000, 0x0000000087a00000|100%| O|  |TAMS 0x0000000087900000, 0x0000000087900000| Untracked 
| 122|0x0000000087a00000, 0x0000000087b00000, 0x0000000087b00000|100%|HS|  |TAMS 0x0000000087a00000, 0x0000000087a00000| Complete 
| 123|0x0000000087b00000, 0x0000000087c00000, 0x0000000087c00000|100%|HS|  |TAMS 0x0000000087b00000, 0x0000000087b00000| Complete 
| 124|0x0000000087c00000, 0x0000000087d00000, 0x0000000087d00000|100%|HS|  |TAMS 0x0000000087c00000, 0x0000000087c00000| Complete 
| 125|0x0000000087d00000, 0x0000000087e00000, 0x0000000087e00000|100%|HC|  |TAMS 0x0000000087d00000, 0x0000000087d00000| Complete 
| 126|0x0000000087e00000, 0x0000000087f00000, 0x0000000087f00000|100%| O|  |TAMS 0x0000000087e00000, 0x0000000087e00000| Untracked 
| 127|0x0000000087f00000, 0x0000000088000000, 0x0000000088000000|100%| O|  |TAMS 0x0000000087f00000, 0x0000000087f00000| Untracked 
| 128|0x0000000088000000, 0x0000000088100000, 0x0000000088100000|100%| O|  |TAMS 0x0000000088000000, 0x0000000088000000| Untracked 
| 129|0x0000000088100000, 0x0000000088200000, 0x0000000088200000|100%| O|  |TAMS 0x0000000088100000, 0x0000000088100000| Untracked 
| 130|0x0000000088200000, 0x0000000088300000, 0x0000000088300000|100%| O|  |TAMS 0x0000000088200000, 0x0000000088200000| Untracked 
| 131|0x0000000088300000, 0x0000000088400000, 0x0000000088400000|100%| O|  |TAMS 0x0000000088300000, 0x0000000088300000| Untracked 
| 132|0x0000000088400000, 0x0000000088500000, 0x0000000088500000|100%| O|  |TAMS 0x0000000088400000, 0x0000000088400000| Untracked 
| 133|0x0000000088500000, 0x0000000088600000, 0x0000000088600000|100%| O|  |TAMS 0x0000000088500000, 0x0000000088500000| Untracked 
| 134|0x0000000088600000, 0x0000000088700000, 0x0000000088700000|100%| O|  |TAMS 0x0000000088600000, 0x0000000088600000| Untracked 
| 135|0x0000000088700000, 0x0000000088800000, 0x0000000088800000|100%| O|  |TAMS 0x0000000088700000, 0x0000000088700000| Untracked 
| 136|0x0000000088800000, 0x00000000888b4e00, 0x0000000088900000| 70%| O|  |TAMS 0x0000000088800000, 0x0000000088800000| Untracked 
| 137|0x0000000088900000, 0x0000000088900000, 0x0000000088a00000|  0%| F|  |TAMS 0x0000000088900000, 0x0000000088900000| Untracked 
| 138|0x0000000088a00000, 0x0000000088a00000, 0x0000000088b00000|  0%| F|  |TAMS 0x0000000088a00000, 0x0000000088a00000| Untracked 
| 139|0x0000000088b00000, 0x0000000088b00000, 0x0000000088c00000|  0%| F|  |TAMS 0x0000000088b00000, 0x0000000088b00000| Untracked 
| 140|0x0000000088c00000, 0x0000000088c00000, 0x0000000088d00000|  0%| F|  |TAMS 0x0000000088c00000, 0x0000000088c00000| Untracked 
| 141|0x0000000088d00000, 0x0000000088d00000, 0x0000000088e00000|  0%| F|  |TAMS 0x0000000088d00000, 0x0000000088d00000| Untracked 
| 142|0x0000000088e00000, 0x0000000088e00000, 0x0000000088f00000|  0%| F|  |TAMS 0x0000000088e00000, 0x0000000088e00000| Untracked 
| 143|0x0000000088f00000, 0x0000000088f00000, 0x0000000089000000|  0%| F|  |TAMS 0x0000000088f00000, 0x0000000088f00000| Untracked 
| 144|0x0000000089000000, 0x0000000089000000, 0x0000000089100000|  0%| F|  |TAMS 0x0000000089000000, 0x0000000089000000| Untracked 
| 145|0x0000000089100000, 0x0000000089100000, 0x0000000089200000|  0%| F|  |TAMS 0x0000000089100000, 0x0000000089100000| Untracked 
| 146|0x0000000089200000, 0x0000000089200000, 0x0000000089300000|  0%| F|  |TAMS 0x0000000089200000, 0x0000000089200000| Untracked 
| 147|0x0000000089300000, 0x0000000089300000, 0x0000000089400000|  0%| F|  |TAMS 0x0000000089300000, 0x0000000089300000| Untracked 
| 148|0x0000000089400000, 0x0000000089400000, 0x0000000089500000|  0%| F|  |TAMS 0x0000000089400000, 0x0000000089400000| Untracked 
| 149|0x0000000089500000, 0x0000000089500000, 0x0000000089600000|  0%| F|  |TAMS 0x0000000089500000, 0x0000000089500000| Untracked 
| 150|0x0000000089600000, 0x0000000089600000, 0x0000000089700000|  0%| F|  |TAMS 0x0000000089600000, 0x0000000089600000| Untracked 
| 151|0x0000000089700000, 0x0000000089700000, 0x0000000089800000|  0%| F|  |TAMS 0x0000000089700000, 0x0000000089700000| Untracked 
| 152|0x0000000089800000, 0x0000000089800000, 0x0000000089900000|  0%| F|  |TAMS 0x0000000089800000, 0x0000000089800000| Untracked 
| 153|0x0000000089900000, 0x0000000089900000, 0x0000000089a00000|  0%| F|  |TAMS 0x0000000089900000, 0x0000000089900000| Untracked 
| 154|0x0000000089a00000, 0x0000000089a00000, 0x0000000089b00000|  0%| F|  |TAMS 0x0000000089a00000, 0x0000000089a00000| Untracked 
| 155|0x0000000089b00000, 0x0000000089b00000, 0x0000000089c00000|  0%| F|  |TAMS 0x0000000089b00000, 0x0000000089b00000| Untracked 
| 156|0x0000000089c00000, 0x0000000089c00000, 0x0000000089d00000|  0%| F|  |TAMS 0x0000000089c00000, 0x0000000089c00000| Untracked 
| 157|0x0000000089d00000, 0x0000000089d00000, 0x0000000089e00000|  0%| F|  |TAMS 0x0000000089d00000, 0x0000000089d00000| Untracked 
| 158|0x0000000089e00000, 0x0000000089e00000, 0x0000000089f00000|  0%| F|  |TAMS 0x0000000089e00000, 0x0000000089e00000| Untracked 
| 159|0x0000000089f00000, 0x0000000089f00000, 0x000000008a000000|  0%| F|  |TAMS 0x0000000089f00000, 0x0000000089f00000| Untracked 
| 160|0x000000008a000000, 0x000000008a000000, 0x000000008a100000|  0%| F|  |TAMS 0x000000008a000000, 0x000000008a000000| Untracked 
| 161|0x000000008a100000, 0x000000008a100000, 0x000000008a200000|  0%| F|  |TAMS 0x000000008a100000, 0x000000008a100000| Untracked 
| 162|0x000000008a200000, 0x000000008a200000, 0x000000008a300000|  0%| F|  |TAMS 0x000000008a200000, 0x000000008a200000| Untracked 
| 163|0x000000008a300000, 0x000000008a300000, 0x000000008a400000|  0%| F|  |TAMS 0x000000008a300000, 0x000000008a300000| Untracked 
| 164|0x000000008a400000, 0x000000008a400000, 0x000000008a500000|  0%| F|  |TAMS 0x000000008a400000, 0x000000008a400000| Untracked 
| 165|0x000000008a500000, 0x000000008a500000, 0x000000008a600000|  0%| F|  |TAMS 0x000000008a500000, 0x000000008a500000| Untracked 
| 166|0x000000008a600000, 0x000000008a600000, 0x000000008a700000|  0%| F|  |TAMS 0x000000008a600000, 0x000000008a600000| Untracked 
| 167|0x000000008a700000, 0x000000008a700000, 0x000000008a800000|  0%| F|  |TAMS 0x000000008a700000, 0x000000008a700000| Untracked 
| 168|0x000000008a800000, 0x000000008a800000, 0x000000008a900000|  0%| F|  |TAMS 0x000000008a800000, 0x000000008a800000| Untracked 
| 169|0x000000008a900000, 0x000000008a900000, 0x000000008aa00000|  0%| F|  |TAMS 0x000000008a900000, 0x000000008a900000| Untracked 
| 170|0x000000008aa00000, 0x000000008aa00000, 0x000000008ab00000|  0%| F|  |TAMS 0x000000008aa00000, 0x000000008aa00000| Untracked 
| 171|0x000000008ab00000, 0x000000008ab00000, 0x000000008ac00000|  0%| F|  |TAMS 0x000000008ab00000, 0x000000008ab00000| Untracked 
| 172|0x000000008ac00000, 0x000000008ac11978, 0x000000008ad00000|  6%| S|CS|TAMS 0x000000008ac00000, 0x000000008ac00000| Complete 
| 173|0x000000008ad00000, 0x000000008ae00000, 0x000000008ae00000|100%| S|CS|TAMS 0x000000008ad00000, 0x000000008ad00000| Complete 
| 174|0x000000008ae00000, 0x000000008af00000, 0x000000008af00000|100%| S|CS|TAMS 0x000000008ae00000, 0x000000008ae00000| Complete 
| 175|0x000000008af00000, 0x000000008b000000, 0x000000008b000000|100%| S|CS|TAMS 0x000000008af00000, 0x000000008af00000| Complete 
| 176|0x000000008b000000, 0x000000008b000000, 0x000000008b100000|  0%| F|  |TAMS 0x000000008b000000, 0x000000008b000000| Untracked 
| 177|0x000000008b100000, 0x000000008b100000, 0x000000008b200000|  0%| F|  |TAMS 0x000000008b100000, 0x000000008b100000| Untracked 
| 178|0x000000008b200000, 0x000000008b200000, 0x000000008b300000|  0%| F|  |TAMS 0x000000008b200000, 0x000000008b200000| Untracked 
| 179|0x000000008b300000, 0x000000008b300000, 0x000000008b400000|  0%| F|  |TAMS 0x000000008b300000, 0x000000008b300000| Untracked 
| 180|0x000000008b400000, 0x000000008b400000, 0x000000008b500000|  0%| F|  |TAMS 0x000000008b400000, 0x000000008b400000| Untracked 
| 181|0x000000008b500000, 0x000000008b500000, 0x000000008b600000|  0%| F|  |TAMS 0x000000008b500000, 0x000000008b500000| Untracked 
| 182|0x000000008b600000, 0x000000008b600000, 0x000000008b700000|  0%| F|  |TAMS 0x000000008b600000, 0x000000008b600000| Untracked 
| 183|0x000000008b700000, 0x000000008b700000, 0x000000008b800000|  0%| F|  |TAMS 0x000000008b700000, 0x000000008b700000| Untracked 
| 184|0x000000008b800000, 0x000000008b800000, 0x000000008b900000|  0%| F|  |TAMS 0x000000008b800000, 0x000000008b800000| Untracked 
| 185|0x000000008b900000, 0x000000008b900000, 0x000000008ba00000|  0%| F|  |TAMS 0x000000008b900000, 0x000000008b900000| Untracked 
| 186|0x000000008ba00000, 0x000000008ba00000, 0x000000008bb00000|  0%| F|  |TAMS 0x000000008ba00000, 0x000000008ba00000| Untracked 
| 187|0x000000008bb00000, 0x000000008bb00000, 0x000000008bc00000|  0%| F|  |TAMS 0x000000008bb00000, 0x000000008bb00000| Untracked 
| 188|0x000000008bc00000, 0x000000008bc00000, 0x000000008bd00000|  0%| F|  |TAMS 0x000000008bc00000, 0x000000008bc00000| Untracked 
| 189|0x000000008bd00000, 0x000000008bd00000, 0x000000008be00000|  0%| F|  |TAMS 0x000000008bd00000, 0x000000008bd00000| Untracked 
| 190|0x000000008be00000, 0x000000008be00000, 0x000000008bf00000|  0%| F|  |TAMS 0x000000008be00000, 0x000000008be00000| Untracked 
| 191|0x000000008bf00000, 0x000000008bf00000, 0x000000008c000000|  0%| F|  |TAMS 0x000000008bf00000, 0x000000008bf00000| Untracked 
| 192|0x000000008c000000, 0x000000008c000000, 0x000000008c100000|  0%| F|  |TAMS 0x000000008c000000, 0x000000008c000000| Untracked 
| 193|0x000000008c100000, 0x000000008c100000, 0x000000008c200000|  0%| F|  |TAMS 0x000000008c100000, 0x000000008c100000| Untracked 
| 194|0x000000008c200000, 0x000000008c200000, 0x000000008c300000|  0%| F|  |TAMS 0x000000008c200000, 0x000000008c200000| Untracked 
| 195|0x000000008c300000, 0x000000008c300000, 0x000000008c400000|  0%| F|  |TAMS 0x000000008c300000, 0x000000008c300000| Untracked 
| 196|0x000000008c400000, 0x000000008c400000, 0x000000008c500000|  0%| F|  |TAMS 0x000000008c400000, 0x000000008c400000| Untracked 
| 197|0x000000008c500000, 0x000000008c500000, 0x000000008c600000|  0%| F|  |TAMS 0x000000008c500000, 0x000000008c500000| Untracked 
| 198|0x000000008c600000, 0x000000008c600000, 0x000000008c700000|  0%| F|  |TAMS 0x000000008c600000, 0x000000008c600000| Untracked 
| 199|0x000000008c700000, 0x000000008c700000, 0x000000008c800000|  0%| F|  |TAMS 0x000000008c700000, 0x000000008c700000| Untracked 
| 200|0x000000008c800000, 0x000000008c800000, 0x000000008c900000|  0%| F|  |TAMS 0x000000008c800000, 0x000000008c800000| Untracked 
| 201|0x000000008c900000, 0x000000008c900000, 0x000000008ca00000|  0%| F|  |TAMS 0x000000008c900000, 0x000000008c900000| Untracked 
| 202|0x000000008ca00000, 0x000000008ca00000, 0x000000008cb00000|  0%| F|  |TAMS 0x000000008ca00000, 0x000000008ca00000| Untracked 
| 203|0x000000008cb00000, 0x000000008cb00000, 0x000000008cc00000|  0%| F|  |TAMS 0x000000008cb00000, 0x000000008cb00000| Untracked 
| 204|0x000000008cc00000, 0x000000008cc00000, 0x000000008cd00000|  0%| F|  |TAMS 0x000000008cc00000, 0x000000008cc00000| Untracked 
| 205|0x000000008cd00000, 0x000000008cd00000, 0x000000008ce00000|  0%| F|  |TAMS 0x000000008cd00000, 0x000000008cd00000| Untracked 
| 206|0x000000008ce00000, 0x000000008ce00000, 0x000000008cf00000|  0%| F|  |TAMS 0x000000008ce00000, 0x000000008ce00000| Untracked 
| 207|0x000000008cf00000, 0x000000008cf00000, 0x000000008d000000|  0%| F|  |TAMS 0x000000008cf00000, 0x000000008cf00000| Untracked 
| 208|0x000000008d000000, 0x000000008d000000, 0x000000008d100000|  0%| F|  |TAMS 0x000000008d000000, 0x000000008d000000| Untracked 
| 209|0x000000008d100000, 0x000000008d100000, 0x000000008d200000|  0%| F|  |TAMS 0x000000008d100000, 0x000000008d100000| Untracked 
| 210|0x000000008d200000, 0x000000008d200000, 0x000000008d300000|  0%| F|  |TAMS 0x000000008d200000, 0x000000008d200000| Untracked 
| 211|0x000000008d300000, 0x000000008d300000, 0x000000008d400000|  0%| F|  |TAMS 0x000000008d300000, 0x000000008d300000| Untracked 
| 212|0x000000008d400000, 0x000000008d400000, 0x000000008d500000|  0%| F|  |TAMS 0x000000008d400000, 0x000000008d400000| Untracked 
| 213|0x000000008d500000, 0x000000008d500000, 0x000000008d600000|  0%| F|  |TAMS 0x000000008d500000, 0x000000008d500000| Untracked 
| 214|0x000000008d600000, 0x000000008d600000, 0x000000008d700000|  0%| F|  |TAMS 0x000000008d600000, 0x000000008d600000| Untracked 
| 215|0x000000008d700000, 0x000000008d700000, 0x000000008d800000|  0%| F|  |TAMS 0x000000008d700000, 0x000000008d700000| Untracked 
| 216|0x000000008d800000, 0x000000008d800000, 0x000000008d900000|  0%| F|  |TAMS 0x000000008d800000, 0x000000008d800000| Untracked 
| 217|0x000000008d900000, 0x000000008d900000, 0x000000008da00000|  0%| F|  |TAMS 0x000000008d900000, 0x000000008d900000| Untracked 
| 218|0x000000008da00000, 0x000000008da00000, 0x000000008db00000|  0%| F|  |TAMS 0x000000008da00000, 0x000000008da00000| Untracked 
| 219|0x000000008db00000, 0x000000008db00000, 0x000000008dc00000|  0%| F|  |TAMS 0x000000008db00000, 0x000000008db00000| Untracked 
| 220|0x000000008dc00000, 0x000000008dc00000, 0x000000008dd00000|  0%| F|  |TAMS 0x000000008dc00000, 0x000000008dc00000| Untracked 
| 253|0x000000008fd00000, 0x000000008fd00000, 0x000000008fe00000|  0%| F|  |TAMS 0x000000008fd00000, 0x000000008fd00000| Untracked 

Card table byte_map: [0x0000019a69f20000,0x0000019a6a320000] _byte_map_base: 0x0000019a69b20000

Marking Bits (Prev, Next): (CMBitMap*) 0x0000019a5307ff20, (CMBitMap*) 0x0000019a5307fee0
 Prev Bits: [0x0000019a6c720000, 0x0000019a6e720000)
 Next Bits: [0x0000019a6a720000, 0x0000019a6c720000)

Polling page: 0x0000019a50f80000

Metaspace:

Usage:
  Non-class:     84.41 MB used.
      Class:     13.82 MB used.
       Both:     98.23 MB used.

Virtual space:
  Non-class space:      128.00 MB reserved,      84.88 MB ( 66%) committed,  2 nodes.
      Class space:      416.00 MB reserved,      14.25 MB (  3%) committed,  1 nodes.
             Both:      544.00 MB reserved,      99.12 MB ( 18%) committed. 

Chunk freelists:
   Non-Class:  11.16 MB
       Class:  1.72 MB
        Both:  12.88 MB

MaxMetaspaceSize: 512.00 MB
CompressedClassSpaceSize: 416.00 MB
Initial GC threshold: 21.00 MB
Current GC threshold: 156.06 MB
CDS: on
MetaspaceReclaimPolicy: balanced
 - commit_granule_bytes: 65536.
 - commit_granule_words: 8192.
 - virtual_space_node_default_size: 8388608.
 - enlarge_chunks_in_place: 1.
 - new_chunks_are_fully_committed: 0.
 - uncommit_free_chunks: 1.
 - use_allocation_guard: 0.
 - handle_deallocations: 1.


Internal statistics:

num_allocs_failed_limit: 6.
num_arena_births: 1196.
num_arena_deaths: 0.
num_vsnodes_births: 3.
num_vsnodes_deaths: 0.
num_space_committed: 1586.
num_space_uncommitted: 0.
num_chunks_returned_to_freelist: 6.
num_chunks_taken_from_freelist: 5533.
num_chunk_merges: 6.
num_chunk_splits: 3600.
num_chunks_enlarged: 2348.
num_inconsistent_stats: 0.

CodeHeap 'non-profiled nmethods': size=120000Kb used=7392Kb max_used=7392Kb free=112608Kb
 bounds [0x0000019a625f0000, 0x0000019a62d30000, 0x0000019a69b20000]
CodeHeap 'profiled nmethods': size=120000Kb used=22876Kb max_used=22876Kb free=97124Kb
 bounds [0x0000019a5ab20000, 0x0000019a5c180000, 0x0000019a62050000]
CodeHeap 'non-nmethods': size=5760Kb used=2408Kb max_used=2484Kb free=3351Kb
 bounds [0x0000019a62050000, 0x0000019a622d0000, 0x0000019a625f0000]
 total_blobs=12366 nmethods=11422 adapters=854
 compilation: enabled
              stopped_count=0, restarted_count=0
 full_count=0

Compilation events (20 events):
Event: 70.486 Thread 0x0000019a70c33df0 nmethod 12965 0x0000019a5c172d90 code [0x0000019a5c1730c0, 0x0000019a5c1747e8]
Event: 70.487 Thread 0x0000019a70c33df0 12966       3       org.gradle.internal.snapshot.impl.IntegerValueSnapshot::equals (6 bytes)
Event: 70.487 Thread 0x0000019a70c33df0 nmethod 12966 0x0000019a5c174e90 code [0x0000019a5c175020, 0x0000019a5c175168]
Event: 70.487 Thread 0x0000019a70c33df0 12967       3       org.gradle.api.internal.artifacts.transform.DefaultTransformUpstreamDependenciesResolverFactory$$Lambda$819/0x0000019a015e0ee8::dependenciesFor (5 bytes)
Event: 70.487 Thread 0x0000019a70c33df0 nmethod 12967 0x0000019a5c175210 code [0x0000019a5c1753a0, 0x0000019a5c175518]
Event: 70.488 Thread 0x0000019a70c33df0 12968       3       org.gradle.api.internal.artifacts.transform.DefaultTransformUpstreamDependenciesResolverFactory::lambda$static$0 (4 bytes)
Event: 70.488 Thread 0x0000019a70c33df0 nmethod 12968 0x0000019a5b68fd90 code [0x0000019a5b68ff20, 0x0000019a5b690018]
Event: 70.488 Thread 0x0000019a70c33df0 12969       3       org.gradle.api.internal.artifacts.transform.TransformChain::visitTransformSteps (26 bytes)
Event: 70.488 Thread 0x0000019a70c33df0 nmethod 12969 0x0000019a5c175610 code [0x0000019a5c1757e0, 0x0000019a5c175be8]
Event: 70.488 Thread 0x0000019a70c33df0 12970       3       org.gradle.api.internal.artifacts.transform.AbstractTransformedArtifactSet$$Lambda$861/0x0000019a015f5748::execute (16 bytes)
Event: 70.488 Thread 0x0000019a70c33df0 nmethod 12970 0x0000019a5c175d90 code [0x0000019a5c175f40, 0x0000019a5c176188]
Event: 70.488 Thread 0x0000019a70c33df0 12971       3       org.gradle.api.internal.artifacts.transform.AbstractTransformedArtifactSet::lambda$new$0 (21 bytes)
Event: 70.489 Thread 0x0000019a70c33df0 nmethod 12971 0x0000019a5c176290 code [0x0000019a5c176460, 0x0000019a5c176858]
Event: 70.489 Thread 0x0000019a70c33df0 12972       3       org.gradle.api.internal.artifacts.transform.BoundTransformStep::<init> (15 bytes)
Event: 70.489 Thread 0x0000019a70c33df0 nmethod 12972 0x0000019a5c176a10 code [0x0000019a5c176bc0, 0x0000019a5c176dd8]
Event: 70.489 Thread 0x0000019a70c33df0 12973       3       org.gradle.internal.component.external.model.UrlBackedArtifactMetadata::getId (5 bytes)
Event: 70.489 Thread 0x0000019a70c33df0 nmethod 12973 0x0000019a5c176e90 code [0x0000019a5c177020, 0x0000019a5c177158]
Event: 70.489 Thread 0x0000019a70c33df0 12974       3       org.gradle.internal.collections.ImmutableFilteredList::size (8 bytes)
Event: 70.489 Thread 0x0000019a70c33df0 nmethod 12974 0x0000019a5c177210 code [0x0000019a5c1773c0, 0x0000019a5c177528]
Event: 70.492 Thread 0x0000019a70c32e20 12975       4       org.gradle.internal.instantiation.generator.AbstractClassGenerator::inspectType (560 bytes)

GC Heap History (20 events):
Event: 63.062 GC heap after
{Heap after GC invocations=38 (full 0):
 garbage-first heap   total 162816K, used 101525K [0x0000000080000000, 0x0000000100000000)
  region size 1024K, 6 young (6144K), 6 survivors (6144K)
 Metaspace       used 84848K, committed 85696K, reserved 557056K
  class space    used 11861K, committed 12288K, reserved 425984K
}
Event: 63.709 GC heap before
{Heap before GC invocations=38 (full 0):
 garbage-first heap   total 162816K, used 136341K [0x0000000080000000, 0x0000000100000000)
  region size 1024K, 40 young (40960K), 6 survivors (6144K)
 Metaspace       used 87157K, committed 88000K, reserved 557056K
  class space    used 12251K, committed 12672K, reserved 425984K
}
Event: 63.717 GC heap after
{Heap after GC invocations=39 (full 0):
 garbage-first heap   total 162816K, used 102596K [0x0000000080000000, 0x0000000100000000)
  region size 1024K, 2 young (2048K), 2 survivors (2048K)
 Metaspace       used 87157K, committed 88000K, reserved 557056K
  class space    used 12251K, committed 12672K, reserved 425984K
}
Event: 64.878 GC heap before
{Heap before GC invocations=39 (full 0):
 garbage-first heap   total 162816K, used 138436K [0x0000000080000000, 0x0000000100000000)
  region size 1024K, 37 young (37888K), 2 survivors (2048K)
 Metaspace       used 89638K, committed 90496K, reserved 557056K
  class space    used 12684K, committed 13120K, reserved 425984K
}
Event: 64.884 GC heap after
{Heap after GC invocations=40 (full 0):
 garbage-first heap   total 162816K, used 103385K [0x0000000080000000, 0x0000000100000000)
  region size 1024K, 3 young (3072K), 3 survivors (3072K)
 Metaspace       used 89638K, committed 90496K, reserved 557056K
  class space    used 12684K, committed 13120K, reserved 425984K
}
Event: 65.632 GC heap before
{Heap before GC invocations=40 (full 0):
 garbage-first heap   total 162816K, used 138201K [0x0000000080000000, 0x0000000100000000)
  region size 1024K, 37 young (37888K), 3 survivors (3072K)
 Metaspace       used 91585K, committed 92416K, reserved 557056K
  class space    used 12968K, committed 13376K, reserved 425984K
}
Event: 65.641 GC heap after
{Heap after GC invocations=41 (full 0):
 garbage-first heap   total 162816K, used 105560K [0x0000000080000000, 0x0000000100000000)
  region size 1024K, 5 young (5120K), 5 survivors (5120K)
 Metaspace       used 91585K, committed 92416K, reserved 557056K
  class space    used 12968K, committed 13376K, reserved 425984K
}
Event: 66.476 GC heap before
{Heap before GC invocations=41 (full 0):
 garbage-first heap   total 162816K, used 138328K [0x0000000080000000, 0x0000000100000000)
  region size 1024K, 37 young (37888K), 5 survivors (5120K)
 Metaspace       used 92525K, committed 93376K, reserved 557056K
  class space    used 13072K, committed 13504K, reserved 425984K
}
Event: 66.494 GC heap after
{Heap after GC invocations=42 (full 0):
 garbage-first heap   total 162816K, used 108894K [0x0000000080000000, 0x0000000100000000)
  region size 1024K, 5 young (5120K), 5 survivors (5120K)
 Metaspace       used 92525K, committed 93376K, reserved 557056K
  class space    used 13072K, committed 13504K, reserved 425984K
}
Event: 67.006 GC heap before
{Heap before GC invocations=42 (full 0):
 garbage-first heap   total 162816K, used 142686K [0x0000000080000000, 0x0000000100000000)
  region size 1024K, 34 young (34816K), 5 survivors (5120K)
 Metaspace       used 93703K, committed 94592K, reserved 557056K
  class space    used 13186K, committed 13632K, reserved 425984K
}
Event: 67.019 GC heap after
{Heap after GC invocations=43 (full 0):
 garbage-first heap   total 162816K, used 121244K [0x0000000080000000, 0x0000000100000000)
  region size 1024K, 5 young (5120K), 5 survivors (5120K)
 Metaspace       used 93703K, committed 94592K, reserved 557056K
  class space    used 13186K, committed 13632K, reserved 425984K
}
Event: 67.486 GC heap before
{Heap before GC invocations=43 (full 0):
 garbage-first heap   total 162816K, used 137628K [0x0000000080000000, 0x0000000100000000)
  region size 1024K, 21 young (21504K), 5 survivors (5120K)
 Metaspace       used 94990K, committed 95808K, reserved 557056K
  class space    used 13391K, committed 13760K, reserved 425984K
}
Event: 67.495 GC heap after
{Heap after GC invocations=44 (full 0):
 garbage-first heap   total 162816K, used 124536K [0x0000000080000000, 0x0000000100000000)
  region size 1024K, 3 young (3072K), 3 survivors (3072K)
 Metaspace       used 94990K, committed 95808K, reserved 557056K
  class space    used 13391K, committed 13760K, reserved 425984K
}
Event: 67.892 GC heap before
{Heap before GC invocations=44 (full 0):
 garbage-first heap   total 227328K, used 136824K [0x0000000080000000, 0x0000000100000000)
  region size 1024K, 16 young (16384K), 3 survivors (3072K)
 Metaspace       used 95120K, committed 95872K, reserved 557056K
  class space    used 13393K, committed 13760K, reserved 425984K
}
Event: 67.901 GC heap after
{Heap after GC invocations=45 (full 0):
 garbage-first heap   total 227328K, used 126505K [0x0000000080000000, 0x0000000100000000)
  region size 1024K, 2 young (2048K), 2 survivors (2048K)
 Metaspace       used 95120K, committed 95872K, reserved 557056K
  class space    used 13393K, committed 13760K, reserved 425984K
}
Event: 69.101 GC heap before
{Heap before GC invocations=46 (full 0):
 garbage-first heap   total 227328K, used 186921K [0x0000000080000000, 0x0000000100000000)
  region size 1024K, 58 young (59392K), 2 survivors (2048K)
 Metaspace       used 97186K, committed 98048K, reserved 557056K
  class space    used 13687K, committed 14144K, reserved 425984K
}
Event: 69.117 GC heap after
{Heap after GC invocations=47 (full 0):
 garbage-first heap   total 227328K, used 138947K [0x0000000080000000, 0x0000000100000000)
  region size 1024K, 8 young (8192K), 8 survivors (8192K)
 Metaspace       used 97186K, committed 98048K, reserved 557056K
  class space    used 13687K, committed 14144K, reserved 425984K
}
Event: 69.174 GC heap before
{Heap before GC invocations=47 (full 0):
 garbage-first heap   total 227328K, used 140995K [0x0000000080000000, 0x0000000100000000)
  region size 1024K, 11 young (11264K), 8 survivors (8192K)
 Metaspace       used 97416K, committed 98368K, reserved 557056K
  class space    used 13717K, committed 14208K, reserved 425984K
}
Event: 69.189 GC heap after
{Heap after GC invocations=48 (full 0):
 garbage-first heap   total 227328K, used 137504K [0x0000000080000000, 0x0000000100000000)
  region size 1024K, 1 young (1024K), 1 survivors (1024K)
 Metaspace       used 97416K, committed 98368K, reserved 557056K
  class space    used 13717K, committed 14208K, reserved 425984K
}
Event: 70.524 GC heap before
{Heap before GC invocations=48 (full 0):
 garbage-first heap   total 227328K, used 183584K [0x0000000080000000, 0x0000000100000000)
  region size 1024K, 46 young (47104K), 1 survivors (1024K)
 Metaspace       used 100588K, committed 101504K, reserved 557056K
  class space    used 14154K, committed 14592K, reserved 425984K
}

Dll operation events (14 events):
Event: 0.030 Loaded shared library C:\Program Files\Microsoft\jdk-17.0.8.7-hotspot\bin\java.dll
Event: 0.314 Loaded shared library C:\Program Files\Microsoft\jdk-17.0.8.7-hotspot\bin\jsvml.dll
Event: 0.541 Loaded shared library C:\Program Files\Microsoft\jdk-17.0.8.7-hotspot\bin\zip.dll
Event: 0.544 Loaded shared library C:\Program Files\Microsoft\jdk-17.0.8.7-hotspot\bin\instrument.dll
Event: 0.588 Loaded shared library C:\Program Files\Microsoft\jdk-17.0.8.7-hotspot\bin\net.dll
Event: 0.592 Loaded shared library C:\Program Files\Microsoft\jdk-17.0.8.7-hotspot\bin\nio.dll
Event: 0.603 Loaded shared library C:\Program Files\Microsoft\jdk-17.0.8.7-hotspot\bin\zip.dll
Event: 1.965 Loaded shared library C:\Program Files\Microsoft\jdk-17.0.8.7-hotspot\bin\jimage.dll
Event: 2.454 Loaded shared library C:\Program Files\Microsoft\jdk-17.0.8.7-hotspot\bin\verify.dll
Event: 3.080 Loaded shared library C:\Users\Lenovo\.gradle\native\c067742578af261105cb4f569cf0c3c89f3d7b1fecec35dd04571415982c5e48\windows-amd64\native-platform.dll
Event: 3.112 Loaded shared library C:\Users\Lenovo\.gradle\native\38dada09dfb8b06ba9b0570ebf7e218e3eb74d4ef43ca46872605cf95ebc2f47\windows-amd64\native-platform-file-events.dll
Event: 7.062 Loaded shared library C:\Program Files\Microsoft\jdk-17.0.8.7-hotspot\bin\management.dll
Event: 7.067 Loaded shared library C:\Program Files\Microsoft\jdk-17.0.8.7-hotspot\bin\management_ext.dll
Event: 8.520 Loaded shared library C:\Program Files\Microsoft\jdk-17.0.8.7-hotspot\bin\sunmscapi.dll

Deoptimization events (20 events):
Event: 69.875 Thread 0x0000019a7692a650 DEOPT PACKING pc=0x0000019a626f217c sp=0x0000008d40df8540
Event: 69.875 Thread 0x0000019a7692a650 DEOPT UNPACKING pc=0x0000019a620a69a3 sp=0x0000008d40df8360 mode 2
Event: 69.906 Thread 0x0000019a7692a650 Uncommon trap: trap_request=0xffffff45 fr.pc=0x0000019a626f0648 relative=0x00000000000000a8
Event: 69.906 Thread 0x0000019a7692a650 Uncommon trap: reason=unstable_if action=reinterpret pc=0x0000019a626f0648 method=java.lang.CharacterDataLatin1.digit(II)I @ 12 c2
Event: 69.906 Thread 0x0000019a7692a650 DEOPT PACKING pc=0x0000019a626f0648 sp=0x0000008d40df8400
Event: 69.907 Thread 0x0000019a7692a650 DEOPT UNPACKING pc=0x0000019a620a69a3 sp=0x0000008d40df8378 mode 2
Event: 70.057 Thread 0x0000019a7692a650 Uncommon trap: trap_request=0xffffffc6 fr.pc=0x0000019a62c976a0 relative=0x0000000000000f00
Event: 70.057 Thread 0x0000019a7692a650 Uncommon trap: reason=bimorphic_or_optimized_type_check action=maybe_recompile pc=0x0000019a62c976a0 method=org.gradle.internal.ImmutableActionSet.add(Lorg/gradle/api/Action;)Lorg/gradle/internal/ImmutableActionSet; @ 83 c2
Event: 70.057 Thread 0x0000019a7692a650 DEOPT PACKING pc=0x0000019a62c976a0 sp=0x0000008d40df86d0
Event: 70.057 Thread 0x0000019a7692a650 DEOPT UNPACKING pc=0x0000019a620a69a3 sp=0x0000008d40df86d0 mode 2
Event: 70.104 Thread 0x0000019a7692a650 Uncommon trap: trap_request=0xffffff45 fr.pc=0x0000019a62ba3768 relative=0x0000000000001508
Event: 70.104 Thread 0x0000019a7692a650 Uncommon trap: reason=unstable_if action=reinterpret pc=0x0000019a62ba3768 method=java.util.regex.Pattern.qtype()Ljava/util/regex/Pattern$Qtype; @ 8 c2
Event: 70.104 Thread 0x0000019a7692a650 DEOPT PACKING pc=0x0000019a62ba3768 sp=0x0000008d40df2480
Event: 70.104 Thread 0x0000019a7692a650 DEOPT UNPACKING pc=0x0000019a620a69a3 sp=0x0000008d40df2348 mode 2
Event: 70.381 Thread 0x0000019a7692a650 Uncommon trap: trap_request=0xffffffc6 fr.pc=0x0000019a62c976a0 relative=0x0000000000000f00
Event: 70.381 Thread 0x0000019a7692a650 Uncommon trap: reason=bimorphic_or_optimized_type_check action=maybe_recompile pc=0x0000019a62c976a0 method=org.gradle.internal.ImmutableActionSet.add(Lorg/gradle/api/Action;)Lorg/gradle/internal/ImmutableActionSet; @ 83 c2
Event: 70.381 Thread 0x0000019a7692a650 DEOPT PACKING pc=0x0000019a62c976a0 sp=0x0000008d40df9820
Event: 70.381 Thread 0x0000019a7692a650 DEOPT UNPACKING pc=0x0000019a620a69a3 sp=0x0000008d40df9820 mode 2
Event: 70.492 Thread 0x0000019a7692a650 DEOPT PACKING pc=0x0000019a5bd33144 sp=0x0000008d40df7c90
Event: 70.492 Thread 0x0000019a7692a650 DEOPT UNPACKING pc=0x0000019a620a7143 sp=0x0000008d40df7258 mode 0

Classes unloaded (0 events):
No events

Classes redefined (0 events):
No events

Internal exceptions (20 events):
Event: 68.204 Thread 0x0000019a7692a650 Exception <a 'java/lang/ClassNotFoundException'{0x000000008ca87258}: java/lang/BooleanBeanInfo> (0x000000008ca87258) 
thrown [s\src\hotspot\share\classfile\systemDictionary.cpp, line 256]
Event: 68.204 Thread 0x0000019a7692a650 Exception <a 'java/lang/ClassNotFoundException'{0x000000008ca91748}: java/lang/BooleanCustomizer> (0x000000008ca91748) 
thrown [s\src\hotspot\share\classfile\systemDictionary.cpp, line 256]
Event: 68.222 Thread 0x0000019a7692a650 Exception <a 'java/lang/ClassNotFoundException'{0x000000008c9699d8}: org/gradle/api/internal/artifacts/repositories/DefaultMavenArtifactRepository_DecoratedBeanInfo> (0x000000008c9699d8) 
thrown [s\src\hotspot\share\classfile\systemDictionary.cpp, line 256]
Event: 68.235 Thread 0x0000019a7692a650 Exception <a 'java/lang/ClassNotFoundException'{0x000000008c985a58}: org/gradle/api/internal/artifacts/repositories/DefaultMavenArtifactRepositoryBeanInfo> (0x000000008c985a58) 
thrown [s\src\hotspot\share\classfile\systemDictionary.cpp, line 256]
Event: 68.237 Thread 0x0000019a7692a650 Exception <a 'java/lang/ClassNotFoundException'{0x000000008c9a1d10}: org/gradle/api/internal/artifacts/repositories/AbstractAuthenticationSupportedRepositoryBeanInfo> (0x000000008c9a1d10) 
thrown [s\src\hotspot\share\classfile\systemDictionary.cpp, line 256]
Event: 68.239 Thread 0x0000019a7692a650 Exception <a 'java/lang/ClassNotFoundException'{0x000000008c9bea80}: org/gradle/api/internal/artifacts/repositories/AbstractResolutionAwareArtifactRepositoryBeanInfo> (0x000000008c9bea80) 
thrown [s\src\hotspot\share\classfile\systemDictionary.cpp, line 256]
Event: 68.240 Thread 0x0000019a7692a650 Exception <a 'java/lang/ClassNotFoundException'{0x000000008c9dbac8}: org/gradle/api/internal/artifacts/repositories/AbstractArtifactRepositoryBeanInfo> (0x000000008c9dbac8) 
thrown [s\src\hotspot\share\classfile\systemDictionary.cpp, line 256]
Event: 68.241 Thread 0x0000019a7692a650 Exception <a 'java/lang/ClassNotFoundException'{0x000000008c9f8860}: org/gradle/api/internal/artifacts/repositories/AbstractArtifactRepositoryCustomizer> (0x000000008c9f8860) 
thrown [s\src\hotspot\share\classfile\systemDictionary.cpp, line 256]
Event: 68.244 Thread 0x0000019a7692a650 Exception <a 'java/lang/ClassNotFoundException'{0x000000008c8309d0}: org/gradle/api/internal/artifacts/repositories/AbstractResolutionAwareArtifactRepositoryCustomizer> (0x000000008c8309d0) 
thrown [s\src\hotspot\share\classfile\systemDictionary.cpp, line 256]
Event: 68.247 Thread 0x0000019a7692a650 Exception <a 'java/lang/ClassNotFoundException'{0x000000008c855cd8}: org/gradle/api/internal/artifacts/repositories/AbstractAuthenticationSupportedRepositoryCustomizer> (0x000000008c855cd8) 
thrown [s\src\hotspot\share\classfile\systemDictionary.cpp, line 256]
Event: 68.249 Thread 0x0000019a7692a650 Exception <a 'java/lang/ClassNotFoundException'{0x000000008c884a50}: org/gradle/api/internal/artifacts/repositories/DefaultMavenArtifactRepositoryCustomizer> (0x000000008c884a50) 
thrown [s\src\hotspot\share\classfile\systemDictionary.cpp, line 256]
Event: 68.252 Thread 0x0000019a7692a650 Exception <a 'java/lang/ClassNotFoundException'{0x000000008c8b9418}: org/gradle/api/internal/artifacts/repositories/DefaultMavenArtifactRepository_DecoratedCustomizer> (0x000000008c8b9418) 
thrown [s\src\hotspot\share\classfile\systemDictionary.cpp, line 256]
Event: 68.823 Thread 0x0000019a7692a650 Implicit null exception at 0x0000019a62cc7e68 to 0x0000019a62cc8db4
Event: 68.939 Thread 0x0000019a7692a650 Exception <a 'sun/nio/fs/WindowsException'{0x000000008ab77388}> (0x000000008ab77388) 
thrown [s\src\hotspot\share\prims\jni.cpp, line 516]
Event: 69.243 Thread 0x0000019a7692a650 Exception <a 'java/lang/NullPointerException'{0x000000008db40e38}> (0x000000008db40e38) 
thrown [s\src\hotspot\share\interpreter\linkResolver.cpp, line 1433]
Event: 69.634 Thread 0x0000019a7692a650 Implicit null exception at 0x0000019a6277fed5 to 0x0000019a6278142c
Event: 69.889 Thread 0x0000019a7692a650 Exception <a 'sun/nio/fs/WindowsException'{0x000000008c664ba0}> (0x000000008c664ba0) 
thrown [s\src\hotspot\share\prims\jni.cpp, line 516]
Event: 69.889 Thread 0x0000019a7692a650 Exception <a 'sun/nio/fs/WindowsException'{0x000000008c6661f0}> (0x000000008c6661f0) 
thrown [s\src\hotspot\share\prims\jni.cpp, line 516]
Event: 69.889 Thread 0x0000019a7692a650 Exception <a 'sun/nio/fs/WindowsException'{0x000000008c667890}> (0x000000008c667890) 
thrown [s\src\hotspot\share\prims\jni.cpp, line 516]
Event: 69.890 Thread 0x0000019a7692a650 Exception <a 'sun/nio/fs/WindowsException'{0x000000008c668f30}> (0x000000008c668f30) 
thrown [s\src\hotspot\share\prims\jni.cpp, line 516]

VM Operations (20 events):
Event: 67.789 Executing VM operation: G1PauseRemark done
Event: 67.892 Executing VM operation: G1CollectForAllocation
Event: 67.901 Executing VM operation: G1CollectForAllocation done
Event: 67.925 Executing VM operation: G1PauseCleanup
Event: 67.925 Executing VM operation: G1PauseCleanup done
Event: 68.478 Executing VM operation: ICBufferFull
Event: 68.478 Executing VM operation: ICBufferFull done
Event: 69.101 Executing VM operation: G1CollectForAllocation
Event: 69.118 Executing VM operation: G1CollectForAllocation done
Event: 69.135 Executing VM operation: HandshakeAllThreads
Event: 69.136 Executing VM operation: HandshakeAllThreads done
Event: 69.136 Executing VM operation: HandshakeAllThreads
Event: 69.136 Executing VM operation: HandshakeAllThreads done
Event: 69.174 Executing VM operation: G1CollectForAllocation
Event: 69.189 Executing VM operation: G1CollectForAllocation done
Event: 69.913 Executing VM operation: HandshakeAllThreads
Event: 69.913 Executing VM operation: HandshakeAllThreads done
Event: 70.234 Executing VM operation: ICBufferFull
Event: 70.234 Executing VM operation: ICBufferFull done
Event: 70.524 Executing VM operation: G1CollectForAllocation

Events (20 events):
Event: 69.859 loading class java/util/regex/Pattern$Behind done
Event: 69.859 loading class java/util/regex/Pattern$Neg
Event: 69.860 loading class java/util/regex/Pattern$Neg done
Event: 69.866 Thread 0x0000019a777ee060 Thread added: 0x0000019a777ee060
Event: 69.874 loading class javax/xml/datatype/DatatypeConfigurationException
Event: 69.874 loading class javax/xml/datatype/DatatypeConfigurationException done
Event: 69.876 loading class jdk/internal/reflect/UnsafeIntegerFieldAccessorImpl
Event: 69.876 loading class jdk/internal/reflect/UnsafeIntegerFieldAccessorImpl done
Event: 69.890 loading class java/util/EnumMap$EntrySet
Event: 69.890 loading class java/util/EnumMap$EntrySet done
Event: 69.890 loading class java/util/EnumMap$EntryIterator
Event: 69.890 loading class java/util/EnumMap$EnumMapIterator
Event: 69.890 loading class java/util/EnumMap$EnumMapIterator done
Event: 69.890 loading class java/util/EnumMap$EntryIterator done
Event: 69.891 loading class java/util/EnumMap$EntryIterator$Entry
Event: 69.891 loading class java/util/EnumMap$EntryIterator$Entry done
Event: 69.907 loading class jdk/internal/reflect/UnsafeBooleanFieldAccessorImpl
Event: 69.907 loading class jdk/internal/reflect/UnsafeBooleanFieldAccessorImpl done
Event: 70.100 loading class java/io/SequenceInputStream
Event: 70.100 loading class java/io/SequenceInputStream done


Dynamic libraries:
0x00007ff6d57c0000 - 0x00007ff6d57ce000 	C:\Program Files\Microsoft\jdk-17.0.8.7-hotspot\bin\java.exe
0x00007fff8b630000 - 0x00007fff8b828000 	C:\Windows\SYSTEM32\ntdll.dll
0x00007fff8ade0000 - 0x00007fff8ae9d000 	C:\Windows\System32\KERNEL32.DLL
0x00007fff88d30000 - 0x00007fff89026000 	C:\Windows\System32\KERNELBASE.dll
0x00007fff89030000 - 0x00007fff89130000 	C:\Windows\System32\ucrtbase.dll
0x00007fff0ece0000 - 0x00007fff0ecf7000 	C:\Program Files\Microsoft\jdk-17.0.8.7-hotspot\bin\jli.dll
0x00007fff89890000 - 0x00007fff89a2f000 	C:\Windows\System32\USER32.dll
0x00007fff89130000 - 0x00007fff89152000 	C:\Windows\System32\win32u.dll
0x00007fff8adb0000 - 0x00007fff8addb000 	C:\Windows\System32\GDI32.dll
0x00007fff89160000 - 0x00007fff89277000 	C:\Windows\System32\gdi32full.dll
0x00007fff89310000 - 0x00007fff893ad000 	C:\Windows\System32\msvcp_win.dll
0x00007fff0e9f0000 - 0x00007fff0ea0b000 	C:\Program Files\Microsoft\jdk-17.0.8.7-hotspot\bin\VCRUNTIME140.dll
0x00007fff701e0000 - 0x00007fff7047a000 	C:\Windows\WinSxS\amd64_microsoft.windows.common-controls_6595b64144ccf1df_6.0.19041.4355_none_60b8b9eb71f62e16\COMCTL32.dll
0x00007fff8b070000 - 0x00007fff8b10e000 	C:\Windows\System32\msvcrt.dll
0x00007fff8af00000 - 0x00007fff8af32000 	C:\Windows\System32\IMM32.DLL
0x00007fff85a10000 - 0x00007fff85a1c000 	C:\Program Files\Microsoft\jdk-17.0.8.7-hotspot\bin\vcruntime140_1.dll
0x00007ffef3b60000 - 0x00007ffef3bed000 	C:\Program Files\Microsoft\jdk-17.0.8.7-hotspot\bin\msvcp140.dll
0x00007ffef2ef0000 - 0x00007ffef3b55000 	C:\Program Files\Microsoft\jdk-17.0.8.7-hotspot\bin\server\jvm.dll
0x00007fff897e0000 - 0x00007fff89890000 	C:\Windows\System32\ADVAPI32.dll
0x00007fff89660000 - 0x00007fff89700000 	C:\Windows\System32\sechost.dll
0x00007fff8af40000 - 0x00007fff8b063000 	C:\Windows\System32\RPCRT4.dll
0x00007fff895c0000 - 0x00007fff895e7000 	C:\Windows\System32\bcrypt.dll
0x00007fff881d0000 - 0x00007fff8821b000 	C:\Windows\SYSTEM32\POWRPROF.dll
0x00007fff7c050000 - 0x00007fff7c059000 	C:\Windows\SYSTEM32\WSOCK32.dll
0x00007fff8a0a0000 - 0x00007fff8a10b000 	C:\Windows\System32\WS2_32.dll
0x00007fff70640000 - 0x00007fff70667000 	C:\Windows\SYSTEM32\WINMM.dll
0x00007fff815e0000 - 0x00007fff815ea000 	C:\Windows\SYSTEM32\VERSION.dll
0x00007fff88090000 - 0x00007fff880a2000 	C:\Windows\SYSTEM32\UMPDC.dll
0x00007fff87720000 - 0x00007fff87732000 	C:\Windows\SYSTEM32\kernel.appcore.dll
0x00007fff705f0000 - 0x00007fff705fa000 	C:\Program Files\Microsoft\jdk-17.0.8.7-hotspot\bin\jimage.dll
0x00007fff7ebf0000 - 0x00007fff7edd4000 	C:\Windows\SYSTEM32\DBGHELP.DLL
0x00007fff7ebb0000 - 0x00007fff7ebe4000 	C:\Windows\SYSTEM32\dbgcore.DLL
0x00007fff89280000 - 0x00007fff89302000 	C:\Windows\System32\bcryptPrimitives.dll
0x00007fff811b0000 - 0x00007fff811be000 	C:\Program Files\Microsoft\jdk-17.0.8.7-hotspot\bin\instrument.dll
0x00007ffef3df0000 - 0x00007ffef3e15000 	C:\Program Files\Microsoft\jdk-17.0.8.7-hotspot\bin\java.dll
0x00007ffef3d10000 - 0x00007ffef3de7000 	C:\Program Files\Microsoft\jdk-17.0.8.7-hotspot\bin\jsvml.dll
0x00007fff8a250000 - 0x00007fff8a9bb000 	C:\Windows\System32\SHELL32.dll
0x00007fff86cd0000 - 0x00007fff8746d000 	C:\Windows\SYSTEM32\windows.storage.dll
0x00007fff8a9c0000 - 0x00007fff8ad13000 	C:\Windows\System32\combase.dll
0x00007fff88620000 - 0x00007fff8864e000 	C:\Windows\SYSTEM32\Wldp.dll
0x00007fff89ae0000 - 0x00007fff89bad000 	C:\Windows\System32\OLEAUT32.dll
0x00007fff8a110000 - 0x00007fff8a1bd000 	C:\Windows\System32\SHCORE.dll
0x00007fff8b580000 - 0x00007fff8b5d5000 	C:\Windows\System32\shlwapi.dll
0x00007fff88c10000 - 0x00007fff88c34000 	C:\Windows\SYSTEM32\profapi.dll
0x00007ffef3cf0000 - 0x00007ffef3d08000 	C:\Program Files\Microsoft\jdk-17.0.8.7-hotspot\bin\zip.dll
0x00007ffef2dc0000 - 0x00007ffef2dd9000 	C:\Program Files\Microsoft\jdk-17.0.8.7-hotspot\bin\net.dll
0x00007fff86b70000 - 0x00007fff86c7a000 	C:\Windows\SYSTEM32\WINHTTP.dll
0x00007fff88400000 - 0x00007fff8846a000 	C:\Windows\system32\mswsock.dll
0x00007ffef7a50000 - 0x00007ffef7a66000 	C:\Program Files\Microsoft\jdk-17.0.8.7-hotspot\bin\nio.dll
0x00007fff82a60000 - 0x00007fff82a70000 	C:\Program Files\Microsoft\jdk-17.0.8.7-hotspot\bin\verify.dll
0x00007fff7d970000 - 0x00007fff7d997000 	C:\Users\Lenovo\.gradle\native\c067742578af261105cb4f569cf0c3c89f3d7b1fecec35dd04571415982c5e48\windows-amd64\native-platform.dll
0x00007fff3efe0000 - 0x00007fff3f124000 	C:\Users\Lenovo\.gradle\native\38dada09dfb8b06ba9b0570ebf7e218e3eb74d4ef43ca46872605cf95ebc2f47\windows-amd64\native-platform-file-events.dll
0x00007fff533c0000 - 0x00007fff533c9000 	C:\Program Files\Microsoft\jdk-17.0.8.7-hotspot\bin\management.dll
0x00007fff53390000 - 0x00007fff5339b000 	C:\Program Files\Microsoft\jdk-17.0.8.7-hotspot\bin\management_ext.dll
0x00007fff8b5e0000 - 0x00007fff8b5e8000 	C:\Windows\System32\PSAPI.DLL
0x00007fff88660000 - 0x00007fff88678000 	C:\Windows\SYSTEM32\CRYPTSP.dll
0x00007fff87cd0000 - 0x00007fff87d04000 	C:\Windows\system32\rsaenh.dll
0x00007fff88b80000 - 0x00007fff88bae000 	C:\Windows\SYSTEM32\USERENV.dll
0x00007fff88590000 - 0x00007fff8859c000 	C:\Windows\SYSTEM32\CRYPTBASE.dll
0x00007fff880b0000 - 0x00007fff880eb000 	C:\Windows\SYSTEM32\IPHLPAPI.DLL
0x00007fff89f00000 - 0x00007fff89f08000 	C:\Windows\System32\NSI.dll
0x00007fff80d40000 - 0x00007fff80d57000 	C:\Windows\SYSTEM32\dhcpcsvc6.DLL
0x00007fff80d10000 - 0x00007fff80d2d000 	C:\Windows\SYSTEM32\dhcpcsvc.DLL
0x00007fff880f0000 - 0x00007fff881bb000 	C:\Windows\SYSTEM32\DNSAPI.dll
0x00007fff4e590000 - 0x00007fff4e59e000 	C:\Program Files\Microsoft\jdk-17.0.8.7-hotspot\bin\sunmscapi.dll
0x00007fff89460000 - 0x00007fff895be000 	C:\Windows\System32\CRYPT32.dll
0x00007fff88770000 - 0x00007fff88799000 	C:\Windows\SYSTEM32\ncrypt.dll
0x00007fff88730000 - 0x00007fff8876b000 	C:\Windows\SYSTEM32\NTASN1.dll
0x00007fff82a30000 - 0x00007fff82a37000 	C:\Windows\system32\wshunix.dll
0x00007fff718e0000 - 0x00007fff718f7000 	C:\Windows\system32\napinsp.dll
0x00007fff714f0000 - 0x00007fff7150b000 	C:\Windows\system32\pnrpnsp.dll
0x00007fff84cc0000 - 0x00007fff84cd5000 	C:\Windows\system32\wshbth.dll
0x00007fff810d0000 - 0x00007fff810ed000 	C:\Windows\system32\NLAapi.dll
0x00007fff714d0000 - 0x00007fff714e2000 	C:\Windows\System32\winrnr.dll
0x00007fff815f0000 - 0x00007fff815fa000 	C:\Windows\System32\rasadhlp.dll
0x00007fff7f810000 - 0x00007fff7f890000 	C:\Windows\System32\fwpuclnt.dll

dbghelp: loaded successfully - version: 4.0.5 - missing functions: none
symbol engine: initialized successfully - sym options: 0x614 - pdb path: .;C:\Program Files\Microsoft\jdk-17.0.8.7-hotspot\bin;C:\Windows\SYSTEM32;C:\Windows\WinSxS\amd64_microsoft.windows.common-controls_6595b64144ccf1df_6.0.19041.4355_none_60b8b9eb71f62e16;C:\Program Files\Microsoft\jdk-17.0.8.7-hotspot\bin\server;C:\Users\Lenovo\.gradle\native\c067742578af261105cb4f569cf0c3c89f3d7b1fecec35dd04571415982c5e48\windows-amd64;C:\Users\Lenovo\.gradle\native\38dada09dfb8b06ba9b0570ebf7e218e3eb74d4ef43ca46872605cf95ebc2f47\windows-amd64

VM Arguments:
jvm_args: -XX:MaxMetaspaceSize=512m --add-opens=java.base/java.util=ALL-UNNAMED --add-opens=java.base/java.lang=ALL-UNNAMED --add-opens=java.base/java.lang.invoke=ALL-UNNAMED --add-opens=java.prefs/java.util.prefs=ALL-UNNAMED --add-opens=java.base/java.nio.charset=ALL-UNNAMED --add-opens=java.base/java.net=ALL-UNNAMED --add-opens=java.base/java.util.concurrent.atomic=ALL-UNNAMED -Xmx2048m -Dfile.encoding=windows-1252 -Duser.country=US -Duser.language=en -Duser.variant -javaagent:C:\Users\Lenovo\.gradle\wrapper\dists\gradle-8.6-all\3mbtmo166bl6vumsh5k2lkq5h\gradle-8.6\lib\agents\gradle-instrumentation-agent-8.6.jar 
java_command: org.gradle.launcher.daemon.bootstrap.GradleDaemon 8.6
java_class_path (initial): C:\Users\Lenovo\.gradle\wrapper\dists\gradle-8.6-all\3mbtmo166bl6vumsh5k2lkq5h\gradle-8.6\lib\gradle-launcher-8.6.jar
Launcher Type: SUN_STANDARD

[Global flags]
     intx CICompilerCount                          = 3                                         {product} {ergonomic}
   size_t CompressedClassSpaceSize                 = 436207616                                 {product} {ergonomic}
     uint ConcGCThreads                            = 1                                         {product} {ergonomic}
     uint G1ConcRefinementThreads                  = 4                                         {product} {ergonomic}
   size_t G1HeapRegionSize                         = 1048576                                   {product} {ergonomic}
    uintx GCDrainStackTargetSize                   = 64                                        {product} {ergonomic}
   size_t InitialHeapSize                          = 266338304                                 {product} {ergonomic}
   size_t MarkStackSize                            = 4194304                                   {product} {ergonomic}
   size_t MaxHeapSize                              = 2147483648                                {product} {command line}
   size_t MaxMetaspaceSize                         = 536870912                                 {product} {command line}
   size_t MaxNewSize                               = 1287651328                                {product} {ergonomic}
   size_t MinHeapDeltaBytes                        = 1048576                                   {product} {ergonomic}
   size_t MinHeapSize                              = 8388608                                   {product} {ergonomic}
    uintx NonNMethodCodeHeapSize                   = 5832780                                {pd product} {ergonomic}
    uintx NonProfiledCodeHeapSize                  = 122912730                              {pd product} {ergonomic}
    uintx ProfiledCodeHeapSize                     = 122912730                              {pd product} {ergonomic}
    uintx ReservedCodeCacheSize                    = 251658240                              {pd product} {ergonomic}
     bool SegmentedCodeCache                       = true                                      {product} {ergonomic}
   size_t SoftMaxHeapSize                          = 2147483648                             {manageable} {ergonomic}
     bool UseCompressedClassPointers               = true                           {product lp64_product} {ergonomic}
     bool UseCompressedOops                        = true                           {product lp64_product} {ergonomic}
     bool UseG1GC                                  = true                                      {product} {ergonomic}
     bool UseLargePagesIndividualAllocation        = false                                  {pd product} {ergonomic}

Logging:
Log output configuration:
 #0: stdout all=warning uptime,level,tags
 #1: stderr all=off uptime,level,tags

Environment Variables:
JAVA_HOME=C:\Program Files\Microsoft\jdk-17.0.8.7-hotspot\
CLASSPATH=C:\Users\Lenovo\ReactApp\ReactApp\android\\gradle\wrapper\gradle-wrapper.jar
PATH=C:\Users\Lenovo\ReactApp\ReactApp\node_modules\.bin;C:\Users\Lenovo\ReactApp\node_modules\.bin;C:\Users\Lenovo\node_modules\.bin;C:\Users\node_modules\.bin;C:\node_modules\.bin;C:\Users\Lenovo\AppData\Roaming\npm\node_modules\npm\node_modules\@npmcli\run-script\lib\node-gyp-bin;C:\Python312\Scripts\;C:\Python312\;C:\Program Files\Microsoft\jdk-17.0.8.7-hotspot\bin;C:\Program Files (x86)\Common Files\Oracle\Java\javapath;C:\Windows\system32;C:\Windows;C:\Windows\System32\Wbem;C:\Windows\System32\WindowsPowerShell\v1.0\;C:\Windows\System32\OpenSSH\;C:\Program Files\Microsoft SQL Server\150\Tools\Binn\;C:\Program Files\Microsoft SQL Server\Client SDK\ODBC\170\Tools\Binn\;C:\Program Files\dotnet\;C:\Program Files (x86)\Microsoft SQL Server\160\Tools\Binn\;C:\Program Files\Microsoft SQL Server\160\Tools\Binn\;C:\Program Files\Microsoft SQL Server\160\DTS\Binn\;C:\Program Files\Azure Data Studio\bin;C:\Program Files\Git\cmd;C:\ProgramData\chocolatey\bin;C:\Users\Lenovo\AppData\Local\Android\Sdk\platform-tools;C:\Program Files (x86)\Microsoft SQL Server\150\DTS\Binn\;C:\Program Files (x86)\Microsoft SQL Server\160\DTS\Binn\;C:\Program Files\nodejs\;C:\Program Files\Java\jdk-17\bin;C:\Users\Lenovo\AppData\Local\Android\Sdk;C:\Users\Lenovo\gradle-8.6\bin;C:\Users\Lenovo\AppData\Local\Microsoft\WindowsApps;C:\Users\Lenovo\AppData\Local\Programs\Microsoft VS Code\bin;C:\Users\Lenovo\.dotnet\tools;C:\Program Files\Azure Data Studio\bin;C:\Users\Lenovo\AppData\Local\GitHubDesktop\bin;C:\Users\Lenovo\AppData\Roaming\npm;C:\Program Files\Java\jdk-17\bin;C:\Users\Lenovo\AppData\Local\Android\Sdk;C:\Users\Lenovo\AppData\Local\Android\Sdk\platform-tools;
USERNAME=Lenovo
LANG=en_US.UTF-8
OS=Windows_NT
PROCESSOR_IDENTIFIER=Intel64 Family 6 Model 142 Stepping 9, GenuineIntel
TMP=C:\Users\Lenovo\AppData\Local\Temp
TEMP=C:\Users\Lenovo\AppData\Local\Temp



---------------  S Y S T E M  ---------------

OS:
 Windows 10 , 64 bit Build 19041 (10.0.19041.3636)
OS uptime: 1 days 7:59 hours
Hyper-V role detected

CPU: total 4 (initial active 4) (2 cores per cpu, 2 threads per core) family 6 model 142 stepping 9 microcode 0xb4, cx8, cmov, fxsr, ht, mmx, 3dnowpref, sse, sse2, sse3, ssse3, sse4.1, sse4.2, popcnt, lzcnt, tsc, tscinvbit, avx, avx2, aes, erms, clmul, bmi1, bmi2, rtm, adx, fma, vzeroupper, clflush, clflushopt, hv
Processor Information for all 4 processors :
  Max Mhz: 2904, Current Mhz: 2803, Mhz Limit: 2787

Memory: 4k page, system-wide physical 16222M (1067M free)
TotalPageFile size 16222M (AvailPageFile size 6M)
current process WorkingSet (physical memory assigned to process): 491M, peak: 491M
current process commit charge ("private bytes"): 526M, peak: 558M

vm_info: OpenJDK 64-Bit Server VM (17.0.8+7-LTS) for windows-amd64 JRE (17.0.8+7-LTS), built on Jul  7 2023 17:21:55 by "MicrosoftCorporation" with MS VC++ 16.10 / 16.11 (VS2019)

END.
